[ 2017-04-27T19:33:30+08:00 ] ::1 /speed/index.php/Public/vendors/bootstrap/dist/css/bootstrap.min.css
INFO: [ app_init ] --START--
INFO: Run Behavior\BuildLiteBehavior [ RunTime:0.000076s ]
INFO: [ app_init ] --END-- [ RunTime:0.001467s ]
ERR: 无法加载模块:Public

[ 2017-04-27T19:33:30+08:00 ] ::1 /speed/index.php/Public/vendors/bootstrap-daterangepicker/daterangepicker.css
INFO: [ app_init ] --START--
INFO: Run Behavior\BuildLiteBehavior [ RunTime:0.000076s ]
INFO: [ app_init ] --END-- [ RunTime:0.001925s ]
ERR: 无法加载模块:Public

[ 2017-04-27T19:33:30+08:00 ] ::1 /speed/index.php/Public/vendors/jquery/dist/jquery.min.js
INFO: [ app_init ] --START--
INFO: Run Behavior\BuildLiteBehavior [ RunTime:0.000076s ]
INFO: [ app_init ] --END-- [ RunTime:0.018182s ]
ERR: 无法加载模块:Public

[ 2017-04-27T19:33:30+08:00 ] ::1 /speed/index.php/Public/vendors/nprogress/nprogress.css
INFO: [ app_init ] --START--
INFO: Run Behavior\BuildLiteBehavior [ RunTime:0.000075s ]
INFO: [ app_init ] --END-- [ RunTime:0.001538s ]
ERR: 无法加载模块:Public

[ 2017-04-27T19:33:30+08:00 ] ::1 /speed/index.php/Public/vendors/jqvmap/dist/jqvmap.min.css
INFO: [ app_init ] --START--
INFO: Run Behavior\BuildLiteBehavior [ RunTime:0.000076s ]
INFO: [ app_init ] --END-- [ RunTime:0.001598s ]
ERR: 无法加载模块:Public

[ 2017-04-27T19:33:30+08:00 ] ::1 /speed/index.php/Public/css/custom.min.css
INFO: [ app_init ] --START--
INFO: Run Behavior\BuildLiteBehavior [ RunTime:0.000080s ]
INFO: [ app_init ] --END-- [ RunTime:0.024049s ]
ERR: 无法加载模块:Public

[ 2017-04-27T19:33:30+08:00 ] ::1 /speed/index.php/Public/vendors/iCheck/skins/flat/green.css
INFO: [ app_init ] --START--
INFO: Run Behavior\BuildLiteBehavior [ RunTime:0.000073s ]
INFO: [ app_init ] --END-- [ RunTime:0.001664s ]
ERR: 无法加载模块:Public

[ 2017-04-27T19:33:30+08:00 ] ::1 /speed/index.php/Public/vendors/font-awesome/css/font-awesome.min.css
INFO: [ app_init ] --START--
INFO: Run Behavior\BuildLiteBehavior [ RunTime:0.000078s ]
INFO: [ app_init ] --END-- [ RunTime:0.001958s ]
ERR: 无法加载模块:Public

[ 2017-04-27T19:33:30+08:00 ] ::1 /speed/index.php/Public/vendors/fastclick/lib/fastclick.js
INFO: [ app_init ] --START--
INFO: Run Behavior\BuildLiteBehavior [ RunTime:0.000072s ]
INFO: [ app_init ] --END-- [ RunTime:0.001446s ]
ERR: 无法加载模块:Public

[ 2017-04-27T19:33:30+08:00 ] ::1 /speed/index.php/Public/vendors/bootstrap-progressbar/css/bootstrap-progressbar-3.3.4.min.css
INFO: [ app_init ] --START--
INFO: Run Behavior\BuildLiteBehavior [ RunTime:0.000075s ]
INFO: [ app_init ] --END-- [ RunTime:0.001551s ]
ERR: 无法加载模块:Public

[ 2017-04-27T19:33:30+08:00 ] ::1 /speed/index.php/Public/vendors/bootstrap/dist/js/bootstrap.min.js
INFO: [ app_init ] --START--
INFO: Run Behavior\BuildLiteBehavior [ RunTime:0.000127s ]
INFO: [ app_init ] --END-- [ RunTime:0.002884s ]
ERR: 无法加载模块:Public

[ 2017-04-27T19:33:30+08:00 ] ::1 /speed/index.php/Public/vendors/nprogress/nprogress.js
INFO: [ app_init ] --START--
INFO: Run Behavior\BuildLiteBehavior [ RunTime:0.000083s ]
INFO: [ app_init ] --END-- [ RunTime:0.001545s ]
ERR: 无法加载模块:Public

[ 2017-04-27T19:33:30+08:00 ] ::1 /speed/index.php/Public/vendors/Chart.js/dist/Chart.min.js
INFO: [ app_init ] --START--
INFO: Run Behavior\BuildLiteBehavior [ RunTime:0.000074s ]
INFO: [ app_init ] --END-- [ RunTime:0.001396s ]
ERR: 无法加载模块:Public

[ 2017-04-27T19:33:30+08:00 ] ::1 /speed/index.php/Public/vendors/gauge.js/dist/gauge.min.js
INFO: [ app_init ] --START--
INFO: Run Behavior\BuildLiteBehavior [ RunTime:0.000133s ]
INFO: [ app_init ] --END-- [ RunTime:0.082192s ]
ERR: 无法加载模块:Public

[ 2017-04-27T19:33:30+08:00 ] ::1 /speed/index.php/Public/vendors/iCheck/icheck.min.js
INFO: [ app_init ] --START--
INFO: Run Behavior\BuildLiteBehavior [ RunTime:0.000077s ]
INFO: [ app_init ] --END-- [ RunTime:0.001432s ]
ERR: 无法加载模块:Public

[ 2017-04-27T19:33:30+08:00 ] ::1 /speed/index.php/Public/vendors/bootstrap-progressbar/bootstrap-progressbar.min.js
INFO: [ app_init ] --START--
INFO: Run Behavior\BuildLiteBehavior [ RunTime:0.000072s ]
INFO: [ app_init ] --END-- [ RunTime:0.001463s ]
ERR: 无法加载模块:Public

[ 2017-04-27T19:33:30+08:00 ] ::1 /speed/index.php/Public/vendors/Flot/jquery.flot.time.js
INFO: [ app_init ] --START--
INFO: Run Behavior\BuildLiteBehavior [ RunTime:0.000074s ]
INFO: [ app_init ] --END-- [ RunTime:0.001437s ]
ERR: 无法加载模块:Public

[ 2017-04-27T19:33:30+08:00 ] ::1 /speed/index.php/Public/vendors/Flot/jquery.flot.pie.js
INFO: [ app_init ] --START--
INFO: Run Behavior\BuildLiteBehavior [ RunTime:0.000075s ]
INFO: [ app_init ] --END-- [ RunTime:0.001428s ]
ERR: 无法加载模块:Public

[ 2017-04-27T19:33:30+08:00 ] ::1 /speed/index.php/Public/vendors/Flot/jquery.flot.resize.js
INFO: [ app_init ] --START--
INFO: Run Behavior\BuildLiteBehavior [ RunTime:0.000145s ]
INFO: [ app_init ] --END-- [ RunTime:0.001655s ]
ERR: 无法加载模块:Public

[ 2017-04-27T19:33:30+08:00 ] ::1 /speed/index.php/Public/vendors/skycons/skycons.js
INFO: [ app_init ] --START--
INFO: Run Behavior\BuildLiteBehavior [ RunTime:0.000077s ]
INFO: [ app_init ] --END-- [ RunTime:0.014595s ]
ERR: 无法加载模块:Public

[ 2017-04-27T19:33:30+08:00 ] ::1 /speed/index.php/Public/vendors/flot.curvedlines/curvedLines.js
INFO: [ app_init ] --START--
INFO: Run Behavior\BuildLiteBehavior [ RunTime:0.000074s ]
INFO: [ app_init ] --END-- [ RunTime:0.001461s ]
ERR: 无法加载模块:Public

[ 2017-04-27T19:33:30+08:00 ] ::1 /speed/index.php/Public/vendors/jqvmap/dist/maps/jquery.vmap.world.js
INFO: [ app_init ] --START--
INFO: Run Behavior\BuildLiteBehavior [ RunTime:0.000081s ]
INFO: [ app_init ] --END-- [ RunTime:0.001743s ]
ERR: 无法加载模块:Public

[ 2017-04-27T19:33:30+08:00 ] ::1 /speed/index.php/Public/vendors/Flot/jquery.flot.js
INFO: [ app_init ] --START--
INFO: Run Behavior\BuildLiteBehavior [ RunTime:0.000080s ]
INFO: [ app_init ] --END-- [ RunTime:0.001540s ]
ERR: 无法加载模块:Public

[ 2017-04-27T19:33:30+08:00 ] ::1 /speed/index.php/Public/vendors/flot.orderbars/js/jquery.flot.orderBars.js
INFO: [ app_init ] --START--
INFO: Run Behavior\BuildLiteBehavior [ RunTime:0.000068s ]
INFO: [ app_init ] --END-- [ RunTime:0.001356s ]
ERR: 无法加载模块:Public

[ 2017-04-27T19:33:30+08:00 ] ::1 /speed/index.php/Public/vendors/flot-spline/js/jquery.flot.spline.min.js
INFO: [ app_init ] --START--
INFO: Run Behavior\BuildLiteBehavior [ RunTime:0.000082s ]
INFO: [ app_init ] --END-- [ RunTime:0.001458s ]
ERR: 无法加载模块:Public

[ 2017-04-27T19:33:30+08:00 ] ::1 /speed/index.php/Public/vendors/jqvmap/dist/jquery.vmap.js
INFO: [ app_init ] --START--
INFO: Run Behavior\BuildLiteBehavior [ RunTime:0.000071s ]
INFO: [ app_init ] --END-- [ RunTime:0.001414s ]
ERR: 无法加载模块:Public

[ 2017-04-27T19:33:31+08:00 ] ::1 /speed/index.php/Public/vendors/Flot/jquery.flot.stack.js
INFO: [ app_init ] --START--
INFO: Run Behavior\BuildLiteBehavior [ RunTime:0.000068s ]
INFO: [ app_init ] --END-- [ RunTime:0.001200s ]
ERR: 无法加载模块:Public

[ 2017-04-27T19:33:31+08:00 ] ::1 /speed/index.php/Public/js/custom.min.js
INFO: [ app_init ] --START--
INFO: Run Behavior\BuildLiteBehavior [ RunTime:0.000059s ]
INFO: [ app_init ] --END-- [ RunTime:0.001183s ]
ERR: 无法加载模块:Public

[ 2017-04-27T19:33:31+08:00 ] ::1 /speed/index.php/Public/vendors/jqvmap/examples/js/jquery.vmap.sampledata.js
INFO: [ app_init ] --START--
INFO: Run Behavior\BuildLiteBehavior [ RunTime:0.000062s ]
INFO: [ app_init ] --END-- [ RunTime:0.001254s ]
ERR: 无法加载模块:Public

[ 2017-04-27T19:33:31+08:00 ] ::1 /speed/index.php/Public/vendors/moment/min/moment.min.js
INFO: [ app_init ] --START--
INFO: Run Behavior\BuildLiteBehavior [ RunTime:0.000066s ]
INFO: [ app_init ] --END-- [ RunTime:0.001280s ]
ERR: 无法加载模块:Public

[ 2017-04-27T19:33:31+08:00 ] ::1 /speed/index.php/Public/vendors/DateJS/build/date.js
INFO: [ app_init ] --START--
INFO: Run Behavior\BuildLiteBehavior [ RunTime:0.000085s ]
INFO: [ app_init ] --END-- [ RunTime:0.001280s ]
ERR: 无法加载模块:Public

[ 2017-04-27T19:33:31+08:00 ] ::1 /speed/index.php/Public/vendors/bootstrap-daterangepicker/daterangepicker.js
INFO: [ app_init ] --START--
INFO: Run Behavior\BuildLiteBehavior [ RunTime:0.000060s ]
INFO: [ app_init ] --END-- [ RunTime:0.001167s ]
ERR: 无法加载模块:Public

[ 2017-04-27T19:34:13+08:00 ] ::1 /speed/index.php/Public/css/custom.min.css
INFO: [ app_init ] --START--
INFO: Run Behavior\BuildLiteBehavior [ RunTime:0.000076s ]
INFO: [ app_init ] --END-- [ RunTime:0.001474s ]
ERR: 无法加载模块:Public

[ 2017-04-27T19:34:13+08:00 ] ::1 /speed/index.php/Public/vendors/jquery/dist/jquery.min.js
INFO: [ app_init ] --START--
INFO: Run Behavior\BuildLiteBehavior [ RunTime:0.000074s ]
INFO: [ app_init ] --END-- [ RunTime:0.001460s ]
ERR: 无法加载模块:Public

[ 2017-04-27T19:34:13+08:00 ] ::1 /speed/index.php/Public/vendors/bootstrap-progressbar/css/bootstrap-progressbar-3.3.4.min.css
INFO: [ app_init ] --START--
INFO: Run Behavior\BuildLiteBehavior [ RunTime:0.000092s ]
INFO: [ app_init ] --END-- [ RunTime:0.001965s ]
ERR: 无法加载模块:Public

[ 2017-04-27T19:34:13+08:00 ] ::1 /speed/index.php/Public/vendors/nprogress/nprogress.css
INFO: [ app_init ] --START--
INFO: Run Behavior\BuildLiteBehavior [ RunTime:0.000052s ]
INFO: [ app_init ] --END-- [ RunTime:0.001023s ]
ERR: 无法加载模块:Public

[ 2017-04-27T19:34:13+08:00 ] ::1 /speed/index.php/Public/vendors/bootstrap-daterangepicker/daterangepicker.css
INFO: [ app_init ] --START--
INFO: Run Behavior\BuildLiteBehavior [ RunTime:0.000048s ]
INFO: [ app_init ] --END-- [ RunTime:0.001018s ]
ERR: 无法加载模块:Public

[ 2017-04-27T19:34:13+08:00 ] ::1 /speed/index.php/Public/vendors/bootstrap/dist/js/bootstrap.min.js
INFO: [ app_init ] --START--
INFO: Run Behavior\BuildLiteBehavior [ RunTime:0.000074s ]
INFO: [ app_init ] --END-- [ RunTime:0.001477s ]
ERR: 无法加载模块:Public

[ 2017-04-27T19:34:13+08:00 ] ::1 /speed/index.php/Public/vendors/nprogress/nprogress.js
INFO: [ app_init ] --START--
INFO: Run Behavior\BuildLiteBehavior [ RunTime:0.000055s ]
INFO: [ app_init ] --END-- [ RunTime:0.001377s ]
ERR: 无法加载模块:Public

[ 2017-04-27T19:34:13+08:00 ] ::1 /speed/index.php/Public/vendors/gauge.js/dist/gauge.min.js
INFO: [ app_init ] --START--
INFO: Run Behavior\BuildLiteBehavior [ RunTime:0.000076s ]
INFO: [ app_init ] --END-- [ RunTime:0.001633s ]
ERR: 无法加载模块:Public

[ 2017-04-27T19:34:13+08:00 ] ::1 /speed/index.php/Public/vendors/bootstrap/dist/css/bootstrap.min.css
INFO: [ app_init ] --START--
INFO: Run Behavior\BuildLiteBehavior [ RunTime:0.000077s ]
INFO: [ app_init ] --END-- [ RunTime:0.001475s ]
ERR: 无法加载模块:Public

[ 2017-04-27T19:34:13+08:00 ] ::1 /speed/index.php/Public/vendors/bootstrap-progressbar/bootstrap-progressbar.min.js
INFO: [ app_init ] --START--
INFO: Run Behavior\BuildLiteBehavior [ RunTime:0.000084s ]
INFO: [ app_init ] --END-- [ RunTime:0.002018s ]
ERR: 无法加载模块:Public

[ 2017-04-27T19:34:13+08:00 ] ::1 /speed/index.php/Public/vendors/jqvmap/dist/jqvmap.min.css
INFO: [ app_init ] --START--
INFO: Run Behavior\BuildLiteBehavior [ RunTime:0.000075s ]
INFO: [ app_init ] --END-- [ RunTime:0.001614s ]
ERR: 无法加载模块:Public

[ 2017-04-27T19:34:13+08:00 ] ::1 /speed/index.php/Public/vendors/font-awesome/css/font-awesome.min.css
INFO: [ app_init ] --START--
INFO: Run Behavior\BuildLiteBehavior [ RunTime:0.000073s ]
INFO: [ app_init ] --END-- [ RunTime:0.001862s ]
ERR: 无法加载模块:Public

[ 2017-04-27T19:34:13+08:00 ] ::1 /speed/index.php/Public/vendors/fastclick/lib/fastclick.js
INFO: [ app_init ] --START--
INFO: Run Behavior\BuildLiteBehavior [ RunTime:0.000071s ]
INFO: [ app_init ] --END-- [ RunTime:0.001486s ]
ERR: 无法加载模块:Public

[ 2017-04-27T19:34:13+08:00 ] ::1 /speed/index.php/Public/vendors/iCheck/icheck.min.js
INFO: [ app_init ] --START--
INFO: Run Behavior\BuildLiteBehavior [ RunTime:0.000076s ]
INFO: [ app_init ] --END-- [ RunTime:0.001476s ]
ERR: 无法加载模块:Public

[ 2017-04-27T19:34:13+08:00 ] ::1 /speed/index.php/Public/vendors/iCheck/skins/flat/green.css
INFO: [ app_init ] --START--
INFO: Run Behavior\BuildLiteBehavior [ RunTime:0.000086s ]
INFO: [ app_init ] --END-- [ RunTime:0.001540s ]
ERR: 无法加载模块:Public

[ 2017-04-27T19:34:13+08:00 ] ::1 /speed/index.php/Public/vendors/skycons/skycons.js
INFO: [ app_init ] --START--
INFO: Run Behavior\BuildLiteBehavior [ RunTime:0.000073s ]
INFO: [ app_init ] --END-- [ RunTime:0.001448s ]
ERR: 无法加载模块:Public

[ 2017-04-27T19:34:13+08:00 ] ::1 /speed/index.php/Public/vendors/Flot/jquery.flot.js
INFO: [ app_init ] --START--
INFO: Run Behavior\BuildLiteBehavior [ RunTime:0.000084s ]
INFO: [ app_init ] --END-- [ RunTime:0.001478s ]
ERR: 无法加载模块:Public

[ 2017-04-27T19:34:13+08:00 ] ::1 /speed/index.php/Public/vendors/Flot/jquery.flot.pie.js
INFO: [ app_init ] --START--
INFO: Run Behavior\BuildLiteBehavior [ RunTime:0.000075s ]
INFO: [ app_init ] --END-- [ RunTime:0.001437s ]
ERR: 无法加载模块:Public

[ 2017-04-27T19:34:13+08:00 ] ::1 /speed/index.php/Public/vendors/Flot/jquery.flot.time.js
INFO: [ app_init ] --START--
INFO: Run Behavior\BuildLiteBehavior [ RunTime:0.000076s ]
INFO: [ app_init ] --END-- [ RunTime:0.001454s ]
ERR: 无法加载模块:Public

[ 2017-04-27T19:34:13+08:00 ] ::1 /speed/index.php/Public/vendors/flot.curvedlines/curvedLines.js
INFO: [ app_init ] --START--
INFO: Run Behavior\BuildLiteBehavior [ RunTime:0.000073s ]
INFO: [ app_init ] --END-- [ RunTime:0.001542s ]
ERR: 无法加载模块:Public

[ 2017-04-27T19:34:13+08:00 ] ::1 /speed/index.php/Public/vendors/flot.orderbars/js/jquery.flot.orderBars.js
INFO: [ app_init ] --START--
INFO: Run Behavior\BuildLiteBehavior [ RunTime:0.000074s ]
INFO: [ app_init ] --END-- [ RunTime:0.001441s ]
ERR: 无法加载模块:Public

[ 2017-04-27T19:34:13+08:00 ] ::1 /speed/index.php/Public/vendors/Flot/jquery.flot.resize.js
INFO: [ app_init ] --START--
INFO: Run Behavior\BuildLiteBehavior [ RunTime:0.000073s ]
INFO: [ app_init ] --END-- [ RunTime:0.001532s ]
ERR: 无法加载模块:Public

[ 2017-04-27T19:34:13+08:00 ] ::1 /speed/index.php/Public/vendors/jqvmap/dist/maps/jquery.vmap.world.js
INFO: [ app_init ] --START--
INFO: Run Behavior\BuildLiteBehavior [ RunTime:0.000074s ]
INFO: [ app_init ] --END-- [ RunTime:0.001530s ]
ERR: 无法加载模块:Public

[ 2017-04-27T19:34:13+08:00 ] ::1 /speed/index.php/Public/vendors/flot-spline/js/jquery.flot.spline.min.js
INFO: [ app_init ] --START--
INFO: Run Behavior\BuildLiteBehavior [ RunTime:0.000075s ]
INFO: [ app_init ] --END-- [ RunTime:0.002542s ]
ERR: 无法加载模块:Public

[ 2017-04-27T19:34:13+08:00 ] ::1 /speed/index.php/Public/vendors/jqvmap/dist/jquery.vmap.js
INFO: [ app_init ] --START--
INFO: Run Behavior\BuildLiteBehavior [ RunTime:0.000097s ]
INFO: [ app_init ] --END-- [ RunTime:0.001663s ]
ERR: 无法加载模块:Public

[ 2017-04-27T19:34:13+08:00 ] ::1 /speed/index.php/Public/vendors/Chart.js/dist/Chart.min.js
INFO: [ app_init ] --START--
INFO: Run Behavior\BuildLiteBehavior [ RunTime:0.000084s ]
INFO: [ app_init ] --END-- [ RunTime:0.001607s ]
ERR: 无法加载模块:Public

[ 2017-04-27T19:34:13+08:00 ] ::1 /speed/index.php/Public/vendors/Flot/jquery.flot.stack.js
INFO: [ app_init ] --START--
INFO: Run Behavior\BuildLiteBehavior [ RunTime:0.000090s ]
INFO: [ app_init ] --END-- [ RunTime:0.026635s ]
ERR: 无法加载模块:Public

[ 2017-04-27T19:34:13+08:00 ] ::1 /speed/index.php/Public/vendors/DateJS/build/date.js
INFO: [ app_init ] --START--
INFO: Run Behavior\BuildLiteBehavior [ RunTime:0.000079s ]
INFO: [ app_init ] --END-- [ RunTime:0.001460s ]
ERR: 无法加载模块:Public

[ 2017-04-27T19:34:13+08:00 ] ::1 /speed/index.php/Public/vendors/moment/min/moment.min.js
INFO: [ app_init ] --START--
INFO: Run Behavior\BuildLiteBehavior [ RunTime:0.000076s ]
INFO: [ app_init ] --END-- [ RunTime:0.001714s ]
ERR: 无法加载模块:Public

[ 2017-04-27T19:34:13+08:00 ] ::1 /speed/index.php/Public/vendors/bootstrap-daterangepicker/daterangepicker.js
INFO: [ app_init ] --START--
INFO: Run Behavior\BuildLiteBehavior [ RunTime:0.000073s ]
INFO: [ app_init ] --END-- [ RunTime:0.001760s ]
ERR: 无法加载模块:Public

[ 2017-04-27T19:34:13+08:00 ] ::1 /speed/index.php/Public/vendors/jqvmap/examples/js/jquery.vmap.sampledata.js
INFO: [ app_init ] --START--
INFO: Run Behavior\BuildLiteBehavior [ RunTime:0.000073s ]
INFO: [ app_init ] --END-- [ RunTime:0.001420s ]
ERR: 无法加载模块:Public

[ 2017-04-27T19:34:13+08:00 ] ::1 /speed/index.php/Public/js/custom.min.js
INFO: [ app_init ] --START--
INFO: Run Behavior\BuildLiteBehavior [ RunTime:0.000080s ]
INFO: [ app_init ] --END-- [ RunTime:0.002430s ]
ERR: 无法加载模块:Public

[ 2017-04-27T19:36:05+08:00 ] ::1 /speed/index.php/Public/vendors/bootstrap/dist/css/bootstrap.min.css
INFO: [ app_init ] --START--
INFO: Run Behavior\BuildLiteBehavior [ RunTime:0.000056s ]
INFO: [ app_init ] --END-- [ RunTime:0.001399s ]
ERR: 无法加载模块:Public

[ 2017-04-27T19:36:05+08:00 ] ::1 /speed/index.php/Public/vendors/bootstrap-progressbar/css/bootstrap-progressbar-3.3.4.min.css
INFO: [ app_init ] --START--
INFO: Run Behavior\BuildLiteBehavior [ RunTime:0.000053s ]
INFO: [ app_init ] --END-- [ RunTime:0.001086s ]
ERR: 无法加载模块:Public

[ 2017-04-27T19:36:05+08:00 ] ::1 /speed/index.php/Public/vendors/jqvmap/dist/jqvmap.min.css
INFO: [ app_init ] --START--
INFO: Run Behavior\BuildLiteBehavior [ RunTime:0.000056s ]
INFO: [ app_init ] --END-- [ RunTime:0.001276s ]
ERR: 无法加载模块:Public

[ 2017-04-27T19:36:05+08:00 ] ::1 /speed/index.php/Public/vendors/font-awesome/css/font-awesome.min.css
INFO: [ app_init ] --START--
INFO: Run Behavior\BuildLiteBehavior [ RunTime:0.000226s ]
INFO: [ app_init ] --END-- [ RunTime:0.001775s ]
ERR: 无法加载模块:Public

[ 2017-04-27T19:36:05+08:00 ] ::1 /speed/index.php/Public/vendors/bootstrap/dist/js/bootstrap.min.js
INFO: [ app_init ] --START--
INFO: Run Behavior\BuildLiteBehavior [ RunTime:0.000256s ]
INFO: [ app_init ] --END-- [ RunTime:0.001900s ]
ERR: 无法加载模块:Public

[ 2017-04-27T19:36:05+08:00 ] ::1 /speed/index.php/Public/vendors/fastclick/lib/fastclick.js
INFO: [ app_init ] --START--
INFO: Run Behavior\BuildLiteBehavior [ RunTime:0.000190s ]
INFO: [ app_init ] --END-- [ RunTime:0.001710s ]
ERR: 无法加载模块:Public

[ 2017-04-27T19:36:05+08:00 ] ::1 /speed/index.php/Public/vendors/nprogress/nprogress.css
INFO: [ app_init ] --START--
INFO: Run Behavior\BuildLiteBehavior [ RunTime:0.000088s ]
INFO: [ app_init ] --END-- [ RunTime:0.001829s ]
ERR: 无法加载模块:Public

[ 2017-04-27T19:36:05+08:00 ] ::1 /speed/index.php/Public/vendors/bootstrap-daterangepicker/daterangepicker.css
INFO: [ app_init ] --START--
INFO: Run Behavior\BuildLiteBehavior [ RunTime:0.000106s ]
INFO: [ app_init ] --END-- [ RunTime:0.002622s ]
ERR: 无法加载模块:Public

[ 2017-04-27T19:36:05+08:00 ] ::1 /speed/index.php/Public/css/custom.min.css
INFO: [ app_init ] --START--
INFO: Run Behavior\BuildLiteBehavior [ RunTime:0.000056s ]
INFO: [ app_init ] --END-- [ RunTime:0.001282s ]
ERR: 无法加载模块:Public

[ 2017-04-27T19:36:05+08:00 ] ::1 /speed/index.php/Public/vendors/iCheck/skins/flat/green.css
INFO: [ app_init ] --START--
INFO: Run Behavior\BuildLiteBehavior [ RunTime:0.000093s ]
INFO: [ app_init ] --END-- [ RunTime:0.001881s ]
ERR: 无法加载模块:Public

[ 2017-04-27T19:36:05+08:00 ] ::1 /speed/index.php/Public/vendors/jquery/dist/jquery.min.js
INFO: [ app_init ] --START--
INFO: Run Behavior\BuildLiteBehavior [ RunTime:0.000092s ]
INFO: [ app_init ] --END-- [ RunTime:0.001241s ]
ERR: 无法加载模块:Public

[ 2017-04-27T19:36:05+08:00 ] ::1 /speed/index.php/Public/vendors/gauge.js/dist/gauge.min.js
INFO: [ app_init ] --START--
INFO: Run Behavior\BuildLiteBehavior [ RunTime:0.000082s ]
INFO: [ app_init ] --END-- [ RunTime:0.001628s ]
ERR: 无法加载模块:Public

[ 2017-04-27T19:36:05+08:00 ] ::1 /speed/index.php/Public/vendors/nprogress/nprogress.js
INFO: [ app_init ] --START--
INFO: Run Behavior\BuildLiteBehavior [ RunTime:0.000054s ]
INFO: [ app_init ] --END-- [ RunTime:0.001157s ]
ERR: 无法加载模块:Public

[ 2017-04-27T19:36:05+08:00 ] ::1 /speed/index.php/Public/vendors/bootstrap-progressbar/bootstrap-progressbar.min.js
INFO: [ app_init ] --START--
INFO: Run Behavior\BuildLiteBehavior [ RunTime:0.000053s ]
INFO: [ app_init ] --END-- [ RunTime:0.001089s ]
ERR: 无法加载模块:Public

[ 2017-04-27T19:36:05+08:00 ] ::1 /speed/index.php/Public/vendors/skycons/skycons.js
INFO: [ app_init ] --START--
INFO: Run Behavior\BuildLiteBehavior [ RunTime:0.000264s ]
INFO: [ app_init ] --END-- [ RunTime:0.002490s ]
ERR: 无法加载模块:Public

[ 2017-04-27T19:36:05+08:00 ] ::1 /speed/index.php/Public/vendors/iCheck/icheck.min.js
INFO: [ app_init ] --START--
INFO: Run Behavior\BuildLiteBehavior [ RunTime:0.000080s ]
INFO: [ app_init ] --END-- [ RunTime:0.001559s ]
ERR: 无法加载模块:Public

[ 2017-04-27T19:36:05+08:00 ] ::1 /speed/index.php/Public/vendors/Flot/jquery.flot.time.js
INFO: [ app_init ] --START--
INFO: Run Behavior\BuildLiteBehavior [ RunTime:0.000054s ]
INFO: [ app_init ] --END-- [ RunTime:0.001091s ]
ERR: 无法加载模块:Public

[ 2017-04-27T19:36:05+08:00 ] ::1 /speed/index.php/Public/vendors/Chart.js/dist/Chart.min.js
INFO: [ app_init ] --START--
INFO: Run Behavior\BuildLiteBehavior [ RunTime:0.000082s ]
INFO: [ app_init ] --END-- [ RunTime:0.001628s ]
ERR: 无法加载模块:Public

[ 2017-04-27T19:36:05+08:00 ] ::1 /speed/index.php/Public/vendors/Flot/jquery.flot.pie.js
INFO: [ app_init ] --START--
INFO: Run Behavior\BuildLiteBehavior [ RunTime:0.000075s ]
INFO: [ app_init ] --END-- [ RunTime:0.001535s ]
ERR: 无法加载模块:Public

[ 2017-04-27T19:36:05+08:00 ] ::1 /speed/index.php/Public/vendors/Flot/jquery.flot.js
INFO: [ app_init ] --START--
INFO: Run Behavior\BuildLiteBehavior [ RunTime:0.000079s ]
INFO: [ app_init ] --END-- [ RunTime:0.009626s ]
ERR: 无法加载模块:Public

[ 2017-04-27T19:36:05+08:00 ] ::1 /speed/index.php/Public/vendors/Flot/jquery.flot.stack.js
INFO: [ app_init ] --START--
INFO: Run Behavior\BuildLiteBehavior [ RunTime:0.000222s ]
INFO: [ app_init ] --END-- [ RunTime:0.001648s ]
ERR: 无法加载模块:Public

[ 2017-04-27T19:36:05+08:00 ] ::1 /speed/index.php/Public/vendors/Flot/jquery.flot.resize.js
INFO: [ app_init ] --START--
INFO: Run Behavior\BuildLiteBehavior [ RunTime:0.000076s ]
INFO: [ app_init ] --END-- [ RunTime:0.002177s ]
ERR: 无法加载模块:Public

[ 2017-04-27T19:36:05+08:00 ] ::1 /speed/index.php/Public/vendors/flot.orderbars/js/jquery.flot.orderBars.js
INFO: [ app_init ] --START--
INFO: Run Behavior\BuildLiteBehavior [ RunTime:0.000089s ]
INFO: [ app_init ] --END-- [ RunTime:0.001432s ]
ERR: 无法加载模块:Public

[ 2017-04-27T19:36:05+08:00 ] ::1 /speed/index.php/Public/vendors/flot.curvedlines/curvedLines.js
INFO: [ app_init ] --START--
INFO: Run Behavior\BuildLiteBehavior [ RunTime:0.000084s ]
INFO: [ app_init ] --END-- [ RunTime:0.001496s ]
ERR: 无法加载模块:Public

[ 2017-04-27T19:36:06+08:00 ] ::1 /speed/index.php/Public/vendors/DateJS/build/date.js
INFO: [ app_init ] --START--
INFO: Run Behavior\BuildLiteBehavior [ RunTime:0.000076s ]
INFO: [ app_init ] --END-- [ RunTime:0.001601s ]
ERR: 无法加载模块:Public

[ 2017-04-27T19:36:06+08:00 ] ::1 /speed/index.php/Public/vendors/flot-spline/js/jquery.flot.spline.min.js
INFO: [ app_init ] --START--
INFO: Run Behavior\BuildLiteBehavior [ RunTime:0.000051s ]
INFO: [ app_init ] --END-- [ RunTime:0.001128s ]
ERR: 无法加载模块:Public

[ 2017-04-27T19:36:06+08:00 ] ::1 /speed/index.php/Public/vendors/jqvmap/dist/jquery.vmap.js
INFO: [ app_init ] --START--
INFO: Run Behavior\BuildLiteBehavior [ RunTime:0.000050s ]
INFO: [ app_init ] --END-- [ RunTime:0.001024s ]
ERR: 无法加载模块:Public

[ 2017-04-27T19:36:06+08:00 ] ::1 /speed/index.php/Public/vendors/jqvmap/examples/js/jquery.vmap.sampledata.js
INFO: [ app_init ] --START--
INFO: Run Behavior\BuildLiteBehavior [ RunTime:0.000073s ]
INFO: [ app_init ] --END-- [ RunTime:0.001447s ]
ERR: 无法加载模块:Public

[ 2017-04-27T19:36:06+08:00 ] ::1 /speed/index.php/Public/vendors/jqvmap/dist/maps/jquery.vmap.world.js
INFO: [ app_init ] --START--
INFO: Run Behavior\BuildLiteBehavior [ RunTime:0.000078s ]
INFO: [ app_init ] --END-- [ RunTime:0.001493s ]
ERR: 无法加载模块:Public

[ 2017-04-27T19:36:06+08:00 ] ::1 /speed/index.php/Public/vendors/moment/min/moment.min.js
INFO: [ app_init ] --START--
INFO: Run Behavior\BuildLiteBehavior [ RunTime:0.000074s ]
INFO: [ app_init ] --END-- [ RunTime:0.009378s ]
ERR: 无法加载模块:Public

[ 2017-04-27T19:36:06+08:00 ] ::1 /speed/index.php/Public/vendors/bootstrap-daterangepicker/daterangepicker.js
INFO: [ app_init ] --START--
INFO: Run Behavior\BuildLiteBehavior [ RunTime:0.000090s ]
INFO: [ app_init ] --END-- [ RunTime:0.001392s ]
ERR: 无法加载模块:Public

[ 2017-04-27T19:36:06+08:00 ] ::1 /speed/index.php/Public/js/custom.min.js
INFO: [ app_init ] --START--
INFO: Run Behavior\BuildLiteBehavior [ RunTime:0.000062s ]
INFO: [ app_init ] --END-- [ RunTime:0.001495s ]
ERR: 无法加载模块:Public

[ 2017-04-27T19:44:49+08:00 ] ::1 /speed/index.php/Public/vendors/bootstrap-progressbar/css/bootstrap-progressbar-3.3.4.min.css
INFO: [ app_init ] --START--
INFO: Run Behavior\BuildLiteBehavior [ RunTime:0.000083s ]
INFO: [ app_init ] --END-- [ RunTime:0.001859s ]
ERR: 无法加载模块:Public

[ 2017-04-27T19:44:49+08:00 ] ::1 /speed/index.php/Public/vendors/font-awesome/css/font-awesome.min.css
INFO: [ app_init ] --START--
INFO: Run Behavior\BuildLiteBehavior [ RunTime:0.000083s ]
INFO: [ app_init ] --END-- [ RunTime:0.001826s ]
ERR: 无法加载模块:Public

[ 2017-04-27T19:44:49+08:00 ] ::1 /speed/index.php/Public/vendors/bootstrap/dist/css/bootstrap.min.css
INFO: [ app_init ] --START--
INFO: Run Behavior\BuildLiteBehavior [ RunTime:0.000088s ]
INFO: [ app_init ] --END-- [ RunTime:0.002595s ]
ERR: 无法加载模块:Public

[ 2017-04-27T19:44:49+08:00 ] ::1 /speed/index.php/Public/css/custom.min.css
INFO: [ app_init ] --START--
INFO: Run Behavior\BuildLiteBehavior [ RunTime:0.000147s ]
INFO: [ app_init ] --END-- [ RunTime:0.002508s ]
ERR: 无法加载模块:Public

[ 2017-04-27T19:44:49+08:00 ] ::1 /speed/index.php/Public/vendors/bootstrap-daterangepicker/daterangepicker.css
INFO: [ app_init ] --START--
INFO: Run Behavior\BuildLiteBehavior [ RunTime:0.000100s ]
INFO: [ app_init ] --END-- [ RunTime:0.001810s ]
ERR: 无法加载模块:Public

[ 2017-04-27T19:44:49+08:00 ] ::1 /speed/index.php/Public/vendors/iCheck/skins/flat/green.css
INFO: [ app_init ] --START--
INFO: Run Behavior\BuildLiteBehavior [ RunTime:0.000083s ]
INFO: [ app_init ] --END-- [ RunTime:0.002058s ]
ERR: 无法加载模块:Public

[ 2017-04-27T19:44:49+08:00 ] ::1 /speed/index.php/Public/vendors/nprogress/nprogress.css
INFO: [ app_init ] --START--
INFO: Run Behavior\BuildLiteBehavior [ RunTime:0.000088s ]
INFO: [ app_init ] --END-- [ RunTime:0.012281s ]
ERR: 无法加载模块:Public

[ 2017-04-27T19:44:49+08:00 ] ::1 /speed/index.php/Public/vendors/jqvmap/dist/jqvmap.min.css
INFO: [ app_init ] --START--
INFO: Run Behavior\BuildLiteBehavior [ RunTime:0.000096s ]
INFO: [ app_init ] --END-- [ RunTime:0.045949s ]
ERR: 无法加载模块:Public

[ 2017-04-27T19:44:49+08:00 ] ::1 /speed/index.php/Public/vendors/jquery/dist/jquery.min.js
INFO: [ app_init ] --START--
INFO: Run Behavior\BuildLiteBehavior [ RunTime:0.000084s ]
INFO: [ app_init ] --END-- [ RunTime:0.002843s ]
ERR: 无法加载模块:Public

[ 2017-04-27T19:44:49+08:00 ] ::1 /speed/index.php/Public/vendors/bootstrap/dist/js/bootstrap.min.js
INFO: [ app_init ] --START--
INFO: Run Behavior\BuildLiteBehavior [ RunTime:0.000082s ]
INFO: [ app_init ] --END-- [ RunTime:0.001638s ]
ERR: 无法加载模块:Public

[ 2017-04-27T19:44:49+08:00 ] ::1 /speed/index.php/Public/vendors/Chart.js/dist/Chart.min.js
INFO: [ app_init ] --START--
INFO: Run Behavior\BuildLiteBehavior [ RunTime:0.000084s ]
INFO: [ app_init ] --END-- [ RunTime:0.001805s ]
ERR: 无法加载模块:Public

[ 2017-04-27T19:44:49+08:00 ] ::1 /speed/index.php/Public/vendors/nprogress/nprogress.js
INFO: [ app_init ] --START--
INFO: Run Behavior\BuildLiteBehavior [ RunTime:0.000085s ]
INFO: [ app_init ] --END-- [ RunTime:0.001682s ]
ERR: 无法加载模块:Public

[ 2017-04-27T19:44:49+08:00 ] ::1 /speed/index.php/Public/vendors/iCheck/icheck.min.js
INFO: [ app_init ] --START--
INFO: Run Behavior\BuildLiteBehavior [ RunTime:0.000080s ]
INFO: [ app_init ] --END-- [ RunTime:0.001543s ]
ERR: 无法加载模块:Public

[ 2017-04-27T19:44:49+08:00 ] ::1 /speed/index.php/Public/vendors/gauge.js/dist/gauge.min.js
INFO: [ app_init ] --START--
INFO: Run Behavior\BuildLiteBehavior [ RunTime:0.000091s ]
INFO: [ app_init ] --END-- [ RunTime:0.002018s ]
ERR: 无法加载模块:Public

[ 2017-04-27T19:44:49+08:00 ] ::1 /speed/index.php/Public/vendors/bootstrap-progressbar/bootstrap-progressbar.min.js
INFO: [ app_init ] --START--
INFO: Run Behavior\BuildLiteBehavior [ RunTime:0.000053s ]
INFO: [ app_init ] --END-- [ RunTime:0.001281s ]
ERR: 无法加载模块:Public

[ 2017-04-27T19:44:50+08:00 ] ::1 /speed/index.php/Public/vendors/Flot/jquery.flot.pie.js
INFO: [ app_init ] --START--
INFO: Run Behavior\BuildLiteBehavior [ RunTime:0.000058s ]
INFO: [ app_init ] --END-- [ RunTime:0.001254s ]
ERR: 无法加载模块:Public

[ 2017-04-27T19:44:50+08:00 ] ::1 /speed/index.php/Public/vendors/Flot/jquery.flot.js
INFO: [ app_init ] --START--
INFO: Run Behavior\BuildLiteBehavior [ RunTime:0.000062s ]
INFO: [ app_init ] --END-- [ RunTime:0.001470s ]
ERR: 无法加载模块:Public

[ 2017-04-27T19:44:50+08:00 ] ::1 /speed/index.php/Public/vendors/skycons/skycons.js
INFO: [ app_init ] --START--
INFO: Run Behavior\BuildLiteBehavior [ RunTime:0.000061s ]
INFO: [ app_init ] --END-- [ RunTime:0.001626s ]
ERR: 无法加载模块:Public

[ 2017-04-27T19:44:50+08:00 ] ::1 /speed/index.php/Public/vendors/Flot/jquery.flot.time.js
INFO: [ app_init ] --START--
INFO: Run Behavior\BuildLiteBehavior [ RunTime:0.000061s ]
INFO: [ app_init ] --END-- [ RunTime:0.001269s ]
ERR: 无法加载模块:Public

[ 2017-04-27T19:44:50+08:00 ] ::1 /speed/index.php/Public/vendors/Flot/jquery.flot.stack.js
INFO: [ app_init ] --START--
INFO: Run Behavior\BuildLiteBehavior [ RunTime:0.000061s ]
INFO: [ app_init ] --END-- [ RunTime:0.001254s ]
ERR: 无法加载模块:Public

[ 2017-04-27T19:44:50+08:00 ] ::1 /speed/index.php/Public/vendors/flot-spline/js/jquery.flot.spline.min.js
INFO: [ app_init ] --START--
INFO: Run Behavior\BuildLiteBehavior [ RunTime:0.000067s ]
INFO: [ app_init ] --END-- [ RunTime:0.001417s ]
ERR: 无法加载模块:Public

[ 2017-04-27T19:44:50+08:00 ] ::1 /speed/index.php/Public/vendors/Flot/jquery.flot.resize.js
INFO: [ app_init ] --START--
INFO: Run Behavior\BuildLiteBehavior [ RunTime:0.000063s ]
INFO: [ app_init ] --END-- [ RunTime:0.001244s ]
ERR: 无法加载模块:Public

[ 2017-04-27T19:44:50+08:00 ] ::1 /speed/index.php/Public/vendors/flot.curvedlines/curvedLines.js
INFO: [ app_init ] --START--
INFO: Run Behavior\BuildLiteBehavior [ RunTime:0.000057s ]
INFO: [ app_init ] --END-- [ RunTime:0.001103s ]
ERR: 无法加载模块:Public

[ 2017-04-27T19:44:50+08:00 ] ::1 /speed/index.php/Public/vendors/flot.orderbars/js/jquery.flot.orderBars.js
INFO: [ app_init ] --START--
INFO: Run Behavior\BuildLiteBehavior [ RunTime:0.000051s ]
INFO: [ app_init ] --END-- [ RunTime:0.001105s ]
ERR: 无法加载模块:Public

[ 2017-04-27T19:44:50+08:00 ] ::1 /speed/index.php/Public/vendors/moment/min/moment.min.js
INFO: [ app_init ] --START--
INFO: Run Behavior\BuildLiteBehavior [ RunTime:0.000074s ]
INFO: [ app_init ] --END-- [ RunTime:0.001454s ]
ERR: 无法加载模块:Public

[ 2017-04-27T19:44:50+08:00 ] ::1 /speed/index.php/Public/vendors/bootstrap-daterangepicker/daterangepicker.js
INFO: [ app_init ] --START--
INFO: Run Behavior\BuildLiteBehavior [ RunTime:0.000053s ]
INFO: [ app_init ] --END-- [ RunTime:0.001051s ]
ERR: 无法加载模块:Public

[ 2017-04-27T19:44:50+08:00 ] ::1 /speed/index.php/Public/vendors/jqvmap/examples/js/jquery.vmap.sampledata.js
INFO: [ app_init ] --START--
INFO: Run Behavior\BuildLiteBehavior [ RunTime:0.000049s ]
INFO: [ app_init ] --END-- [ RunTime:0.001008s ]
ERR: 无法加载模块:Public

[ 2017-04-27T19:44:50+08:00 ] ::1 /speed/index.php/Public/js/custom.min.js
INFO: [ app_init ] --START--
INFO: Run Behavior\BuildLiteBehavior [ RunTime:0.000076s ]
INFO: [ app_init ] --END-- [ RunTime:0.001458s ]
ERR: 无法加载模块:Public

[ 2017-04-27T19:44:50+08:00 ] ::1 /speed/index.php/Public/vendors/DateJS/build/date.js
INFO: [ app_init ] --START--
INFO: Run Behavior\BuildLiteBehavior [ RunTime:0.000047s ]
INFO: [ app_init ] --END-- [ RunTime:0.000955s ]
ERR: 无法加载模块:Public

[ 2017-04-27T19:44:50+08:00 ] ::1 /speed/index.php/Public/vendors/jqvmap/dist/jquery.vmap.js
INFO: [ app_init ] --START--
INFO: Run Behavior\BuildLiteBehavior [ RunTime:0.000078s ]
INFO: [ app_init ] --END-- [ RunTime:0.001515s ]
ERR: 无法加载模块:Public

[ 2017-04-27T19:44:50+08:00 ] ::1 /speed/index.php/Public/vendors/jqvmap/dist/maps/jquery.vmap.world.js
INFO: [ app_init ] --START--
INFO: Run Behavior\BuildLiteBehavior [ RunTime:0.000053s ]
INFO: [ app_init ] --END-- [ RunTime:0.001357s ]
ERR: 无法加载模块:Public

