[ 2017-05-07T13:53:17+08:00 ] ::1 /speed/Home/index
INFO: [ app_init ] --START--
INFO: Run Behavior\BuildLiteBehavior [ RunTime:0.000058s ]
INFO: [ app_init ] --END-- [ RunTime:0.001530s ]
INFO: [ app_begin ] --START--
INFO: Run Behavior\ReadHtmlCacheBehavior [ RunTime:0.002248s ]
INFO: [ app_begin ] --END-- [ RunTime:0.002509s ]
SQL: SHOW COLUMNS FROM `think_administrators` [ RunTime:0.0396s ]
SQL: SELECT * FROM `think_administrators`  [ RunTime:0.0009s ]
INFO: [ view_parse ] --START--
INFO: [ template_filter ] --START--
INFO: Run Behavior\ContentReplaceBehavior [ RunTime:0.000313s ]
INFO: [ template_filter ] --END-- [ RunTime:0.000583s ]
INFO: Run Behavior\ParseTemplateBehavior [ RunTime:0.041144s ]
INFO: [ view_parse ] --END-- [ RunTime:0.041437s ]
INFO: [ view_filter ] --START--
INFO: Run Behavior\WriteHtmlCacheBehavior [ RunTime:0.001346s ]
INFO: [ view_filter ] --END-- [ RunTime:0.001571s ]
INFO: [ app_end ] --START--
INFO: Run Behavior\ShowPageTraceBehavior [ RunTime:0.002297s ]
INFO: [ app_end ] --END-- [ RunTime:0.002525s ]

[ 2017-05-07T13:53:19+08:00 ] ::1 /speed/Home/images/img.jpg
INFO: [ app_init ] --START--
INFO: Run Behavior\BuildLiteBehavior [ RunTime:0.000079s ]
INFO: [ app_init ] --END-- [ RunTime:0.001778s ]

[ 2017-05-07T13:53:23+08:00 ] ::1 /speed/Home/admin
INFO: [ app_init ] --START--
INFO: Run Behavior\BuildLiteBehavior [ RunTime:0.000059s ]
INFO: [ app_init ] --END-- [ RunTime:0.001205s ]
INFO: [ app_begin ] --START--
INFO: Run Behavior\ReadHtmlCacheBehavior [ RunTime:0.002202s ]
INFO: [ app_begin ] --END-- [ RunTime:0.002468s ]
SQL: SHOW COLUMNS FROM `think_administrators` [ RunTime:0.0086s ]
SQL: SELECT * FROM `think_administrators`  [ RunTime:0.0008s ]
INFO: [ view_parse ] --START--
INFO: [ template_filter ] --START--
INFO: Run Behavior\ContentReplaceBehavior [ RunTime:0.000331s ]
INFO: [ template_filter ] --END-- [ RunTime:0.000670s ]
INFO: Run Behavior\ParseTemplateBehavior [ RunTime:0.046964s ]
INFO: [ view_parse ] --END-- [ RunTime:0.047229s ]
INFO: [ view_filter ] --START--
INFO: Run Behavior\WriteHtmlCacheBehavior [ RunTime:0.001105s ]
INFO: [ view_filter ] --END-- [ RunTime:0.001316s ]
INFO: [ app_end ] --START--
INFO: Run Behavior\ShowPageTraceBehavior [ RunTime:0.002047s ]
INFO: [ app_end ] --END-- [ RunTime:0.002276s ]

[ 2017-05-07T13:53:23+08:00 ] ::1 /speed/Home/images/img.jpg
INFO: [ app_init ] --START--
INFO: Run Behavior\BuildLiteBehavior [ RunTime:0.000095s ]
INFO: [ app_init ] --END-- [ RunTime:0.001097s ]

[ 2017-05-07T13:53:25+08:00 ] ::1 /speed/Home/images/img.jpg
INFO: [ app_init ] --START--
INFO: Run Behavior\BuildLiteBehavior [ RunTime:0.000088s ]
INFO: [ app_init ] --END-- [ RunTime:0.001772s ]

[ 2017-05-07T13:54:54+08:00 ] ::1 /speed/Home/admin
INFO: [ app_init ] --START--
INFO: Run Behavior\BuildLiteBehavior [ RunTime:0.000059s ]
INFO: [ app_init ] --END-- [ RunTime:0.001283s ]
INFO: [ app_begin ] --START--
INFO: Run Behavior\ReadHtmlCacheBehavior [ RunTime:0.004042s ]
INFO: [ app_begin ] --END-- [ RunTime:0.004378s ]
SQL: SHOW COLUMNS FROM `think_administrators` [ RunTime:0.0088s ]
SQL: SELECT * FROM `think_administrators`  [ RunTime:0.0007s ]
INFO: [ view_parse ] --START--
INFO: [ template_filter ] --START--
INFO: Run Behavior\ContentReplaceBehavior [ RunTime:0.000300s ]
INFO: [ template_filter ] --END-- [ RunTime:0.000583s ]
INFO: Run Behavior\ParseTemplateBehavior [ RunTime:0.038589s ]
INFO: [ view_parse ] --END-- [ RunTime:0.038842s ]
INFO: [ view_filter ] --START--
INFO: Run Behavior\WriteHtmlCacheBehavior [ RunTime:0.000780s ]
INFO: [ view_filter ] --END-- [ RunTime:0.000976s ]
INFO: [ app_end ] --START--
INFO: Run Behavior\ShowPageTraceBehavior [ RunTime:0.002008s ]
INFO: [ app_end ] --END-- [ RunTime:0.002228s ]

[ 2017-05-07T13:54:54+08:00 ] ::1 /speed/Home/images/img.jpg
INFO: [ app_init ] --START--
INFO: Run Behavior\BuildLiteBehavior [ RunTime:0.000083s ]
INFO: [ app_init ] --END-- [ RunTime:0.001477s ]

[ 2017-05-07T13:56:21+08:00 ] ::1 /speed/Home/admin
INFO: [ app_init ] --START--
INFO: Run Behavior\BuildLiteBehavior [ RunTime:0.000058s ]
INFO: [ app_init ] --END-- [ RunTime:0.002708s ]
INFO: [ app_begin ] --START--
INFO: Run Behavior\ReadHtmlCacheBehavior [ RunTime:0.002018s ]
INFO: [ app_begin ] --END-- [ RunTime:0.002263s ]
SQL: SHOW COLUMNS FROM `think_administrators` [ RunTime:0.0085s ]
SQL: SELECT * FROM `think_administrators`  [ RunTime:0.0012s ]
INFO: [ view_parse ] --START--
INFO: [ template_filter ] --START--
INFO: Run Behavior\ContentReplaceBehavior [ RunTime:0.000336s ]
INFO: [ template_filter ] --END-- [ RunTime:0.000583s ]
INFO: Run Behavior\ParseTemplateBehavior [ RunTime:0.040632s ]
INFO: [ view_parse ] --END-- [ RunTime:0.040892s ]
INFO: [ view_filter ] --START--
INFO: Run Behavior\WriteHtmlCacheBehavior [ RunTime:0.001209s ]
INFO: [ view_filter ] --END-- [ RunTime:0.001510s ]
INFO: [ app_end ] --START--
INFO: Run Behavior\ShowPageTraceBehavior [ RunTime:0.002265s ]
INFO: [ app_end ] --END-- [ RunTime:0.002563s ]

[ 2017-05-07T13:56:21+08:00 ] ::1 /speed/Home/images/img.jpg
INFO: [ app_init ] --START--
INFO: Run Behavior\BuildLiteBehavior [ RunTime:0.000050s ]
INFO: [ app_init ] --END-- [ RunTime:0.001176s ]

[ 2017-05-07T13:56:22+08:00 ] ::1 /speed/Home/images/img.jpg
INFO: [ app_init ] --START--
INFO: Run Behavior\BuildLiteBehavior [ RunTime:0.000058s ]
INFO: [ app_init ] --END-- [ RunTime:0.001196s ]

[ 2017-05-07T13:58:02+08:00 ] ::1 /speed/Home/admin
INFO: [ app_init ] --START--
INFO: Run Behavior\BuildLiteBehavior [ RunTime:0.000053s ]
INFO: [ app_init ] --END-- [ RunTime:0.001255s ]
INFO: [ app_begin ] --START--
INFO: Run Behavior\ReadHtmlCacheBehavior [ RunTime:0.002002s ]
INFO: [ app_begin ] --END-- [ RunTime:0.002246s ]
SQL: SHOW COLUMNS FROM `think_administrators` [ RunTime:0.0088s ]
SQL: SELECT * FROM `think_administrators`  [ RunTime:0.0008s ]
INFO: [ view_parse ] --START--
INFO: [ template_filter ] --START--
INFO: Run Behavior\ContentReplaceBehavior [ RunTime:0.000354s ]
INFO: [ template_filter ] --END-- [ RunTime:0.000606s ]
INFO: Run Behavior\ParseTemplateBehavior [ RunTime:0.043511s ]
INFO: [ view_parse ] --END-- [ RunTime:0.043774s ]
INFO: [ view_filter ] --START--
INFO: Run Behavior\WriteHtmlCacheBehavior [ RunTime:0.001287s ]
INFO: [ view_filter ] --END-- [ RunTime:0.001511s ]
INFO: [ app_end ] --START--
INFO: Run Behavior\ShowPageTraceBehavior [ RunTime:0.002155s ]
INFO: [ app_end ] --END-- [ RunTime:0.002483s ]

[ 2017-05-07T13:58:02+08:00 ] ::1 /speed/Home/images/img.jpg
INFO: [ app_init ] --START--
INFO: Run Behavior\BuildLiteBehavior [ RunTime:0.000077s ]
INFO: [ app_init ] --END-- [ RunTime:0.001725s ]

[ 2017-05-07T13:58:03+08:00 ] ::1 /speed/Home/images/img.jpg
INFO: [ app_init ] --START--
INFO: Run Behavior\BuildLiteBehavior [ RunTime:0.000049s ]
INFO: [ app_init ] --END-- [ RunTime:0.001216s ]

[ 2017-05-07T13:58:47+08:00 ] ::1 /speed/Home/admin
INFO: [ app_init ] --START--
INFO: Run Behavior\BuildLiteBehavior [ RunTime:0.000060s ]
INFO: [ app_init ] --END-- [ RunTime:0.001270s ]
INFO: [ app_begin ] --START--
INFO: Run Behavior\ReadHtmlCacheBehavior [ RunTime:0.002225s ]
INFO: [ app_begin ] --END-- [ RunTime:0.002489s ]
SQL: SHOW COLUMNS FROM `think_administrators` [ RunTime:0.0091s ]
SQL: SELECT * FROM `think_administrators`  [ RunTime:0.0009s ]
INFO: [ view_parse ] --START--
INFO: [ template_filter ] --START--
INFO: Run Behavior\ContentReplaceBehavior [ RunTime:0.000415s ]
INFO: [ template_filter ] --END-- [ RunTime:0.000679s ]
INFO: Run Behavior\ParseTemplateBehavior [ RunTime:0.043537s ]
INFO: [ view_parse ] --END-- [ RunTime:0.043872s ]
INFO: [ view_filter ] --START--
INFO: Run Behavior\WriteHtmlCacheBehavior [ RunTime:0.001805s ]
INFO: [ view_filter ] --END-- [ RunTime:0.002032s ]
INFO: [ app_end ] --START--
INFO: Run Behavior\ShowPageTraceBehavior [ RunTime:0.002098s ]
INFO: [ app_end ] --END-- [ RunTime:0.002329s ]

[ 2017-05-07T13:58:47+08:00 ] ::1 /speed/Home/images/img.jpg
INFO: [ app_init ] --START--
INFO: Run Behavior\BuildLiteBehavior [ RunTime:0.000058s ]
INFO: [ app_init ] --END-- [ RunTime:0.001214s ]

[ 2017-05-07T13:59:04+08:00 ] ::1 /speed/Home/admin
INFO: [ app_init ] --START--
INFO: Run Behavior\BuildLiteBehavior [ RunTime:0.000157s ]
INFO: [ app_init ] --END-- [ RunTime:0.001963s ]
INFO: [ app_begin ] --START--
INFO: Run Behavior\ReadHtmlCacheBehavior [ RunTime:0.004833s ]
INFO: [ app_begin ] --END-- [ RunTime:0.006122s ]
SQL: SHOW COLUMNS FROM `think_administrators` [ RunTime:0.0089s ]
SQL: SELECT * FROM `think_administrators`  [ RunTime:0.0062s ]
INFO: [ view_parse ] --START--
INFO: [ template_filter ] --START--
INFO: Run Behavior\ContentReplaceBehavior [ RunTime:0.000339s ]
INFO: [ template_filter ] --END-- [ RunTime:0.000594s ]
INFO: Run Behavior\ParseTemplateBehavior [ RunTime:0.041895s ]
INFO: [ view_parse ] --END-- [ RunTime:0.042154s ]
INFO: [ view_filter ] --START--
INFO: Run Behavior\WriteHtmlCacheBehavior [ RunTime:0.001412s ]
INFO: [ view_filter ] --END-- [ RunTime:0.001634s ]
INFO: [ app_end ] --START--
INFO: Run Behavior\ShowPageTraceBehavior [ RunTime:0.003107s ]
INFO: [ app_end ] --END-- [ RunTime:0.003425s ]

[ 2017-05-07T13:59:05+08:00 ] ::1 /speed/Home/images/img.jpg
INFO: [ app_init ] --START--
INFO: Run Behavior\BuildLiteBehavior [ RunTime:0.000096s ]
INFO: [ app_init ] --END-- [ RunTime:0.003322s ]

[ 2017-05-07T13:59:05+08:00 ] ::1 /speed/Home/images/img.jpg
INFO: [ app_init ] --START--
INFO: Run Behavior\BuildLiteBehavior [ RunTime:0.000073s ]
INFO: [ app_init ] --END-- [ RunTime:0.001711s ]

[ 2017-05-07T14:00:05+08:00 ] ::1 /speed/Home/admin
INFO: [ app_init ] --START--
INFO: Run Behavior\BuildLiteBehavior [ RunTime:0.000056s ]
INFO: [ app_init ] --END-- [ RunTime:0.001146s ]
INFO: [ app_begin ] --START--
INFO: Run Behavior\ReadHtmlCacheBehavior [ RunTime:0.002039s ]
INFO: [ app_begin ] --END-- [ RunTime:0.002283s ]
SQL: SHOW COLUMNS FROM `think_administrators` [ RunTime:0.0086s ]
SQL: SELECT * FROM `think_administrators`  [ RunTime:0.0008s ]
INFO: [ view_parse ] --START--
INFO: [ template_filter ] --START--
INFO: Run Behavior\ContentReplaceBehavior [ RunTime:0.000348s ]
INFO: [ template_filter ] --END-- [ RunTime:0.000715s ]
INFO: Run Behavior\ParseTemplateBehavior [ RunTime:0.042292s ]
INFO: [ view_parse ] --END-- [ RunTime:0.042687s ]
INFO: [ view_filter ] --START--
INFO: Run Behavior\WriteHtmlCacheBehavior [ RunTime:0.001319s ]
INFO: [ view_filter ] --END-- [ RunTime:0.001548s ]
INFO: [ app_end ] --START--
INFO: Run Behavior\ShowPageTraceBehavior [ RunTime:0.002048s ]
INFO: [ app_end ] --END-- [ RunTime:0.002274s ]

[ 2017-05-07T14:00:06+08:00 ] ::1 /speed/Home/images/img.jpg
INFO: [ app_init ] --START--
INFO: Run Behavior\BuildLiteBehavior [ RunTime:0.000061s ]
INFO: [ app_init ] --END-- [ RunTime:0.001360s ]

[ 2017-05-07T14:00:31+08:00 ] ::1 /speed/Home/admin
INFO: [ app_init ] --START--
INFO: Run Behavior\BuildLiteBehavior [ RunTime:0.000061s ]
INFO: [ app_init ] --END-- [ RunTime:0.001341s ]
INFO: [ app_begin ] --START--
INFO: Run Behavior\ReadHtmlCacheBehavior [ RunTime:0.002489s ]
INFO: [ app_begin ] --END-- [ RunTime:0.002757s ]
SQL: SHOW COLUMNS FROM `think_administrators` [ RunTime:0.0081s ]
SQL: SELECT * FROM `think_administrators`  [ RunTime:0.0008s ]
INFO: [ view_parse ] --START--
INFO: [ template_filter ] --START--
INFO: Run Behavior\ContentReplaceBehavior [ RunTime:0.000342s ]
INFO: [ template_filter ] --END-- [ RunTime:0.000591s ]
INFO: Run Behavior\ParseTemplateBehavior [ RunTime:0.041060s ]
INFO: [ view_parse ] --END-- [ RunTime:0.041332s ]
INFO: [ view_filter ] --START--
INFO: Run Behavior\WriteHtmlCacheBehavior [ RunTime:0.001171s ]
INFO: [ view_filter ] --END-- [ RunTime:0.001417s ]
INFO: [ app_end ] --START--
INFO: Run Behavior\ShowPageTraceBehavior [ RunTime:0.002044s ]
INFO: [ app_end ] --END-- [ RunTime:0.002268s ]

[ 2017-05-07T14:00:32+08:00 ] ::1 /speed/Home/images/img.jpg
INFO: [ app_init ] --START--
INFO: Run Behavior\BuildLiteBehavior [ RunTime:0.000059s ]
INFO: [ app_init ] --END-- [ RunTime:0.001374s ]

[ 2017-05-07T14:00:32+08:00 ] ::1 /speed/Home/images/img.jpg
INFO: [ app_init ] --START--
INFO: Run Behavior\BuildLiteBehavior [ RunTime:0.000060s ]
INFO: [ app_init ] --END-- [ RunTime:0.001609s ]

[ 2017-05-07T14:01:09+08:00 ] ::1 /speed/Home/admin
INFO: [ app_init ] --START--
INFO: Run Behavior\BuildLiteBehavior [ RunTime:0.000054s ]
INFO: [ app_init ] --END-- [ RunTime:0.001138s ]
INFO: [ app_begin ] --START--
INFO: Run Behavior\ReadHtmlCacheBehavior [ RunTime:0.002508s ]
INFO: [ app_begin ] --END-- [ RunTime:0.002753s ]
SQL: SHOW COLUMNS FROM `think_administrators` [ RunTime:0.0086s ]
SQL: SELECT * FROM `think_administrators`  [ RunTime:0.0007s ]
INFO: [ view_parse ] --START--
INFO: [ template_filter ] --START--
INFO: Run Behavior\ContentReplaceBehavior [ RunTime:0.000415s ]
INFO: [ template_filter ] --END-- [ RunTime:0.000680s ]
INFO: Run Behavior\ParseTemplateBehavior [ RunTime:0.042037s ]
INFO: [ view_parse ] --END-- [ RunTime:0.042300s ]
INFO: [ view_filter ] --START--
INFO: Run Behavior\WriteHtmlCacheBehavior [ RunTime:0.001446s ]
INFO: [ view_filter ] --END-- [ RunTime:0.001666s ]
INFO: [ app_end ] --START--
INFO: Run Behavior\ShowPageTraceBehavior [ RunTime:0.002219s ]
INFO: [ app_end ] --END-- [ RunTime:0.002692s ]

[ 2017-05-07T14:01:10+08:00 ] ::1 /speed/Home/images/img.jpg
INFO: [ app_init ] --START--
INFO: Run Behavior\BuildLiteBehavior [ RunTime:0.000063s ]
INFO: [ app_init ] --END-- [ RunTime:0.001356s ]

[ 2017-05-07T14:01:10+08:00 ] ::1 /speed/Home/images/img.jpg
INFO: [ app_init ] --START--
INFO: Run Behavior\BuildLiteBehavior [ RunTime:0.000066s ]
INFO: [ app_init ] --END-- [ RunTime:0.001309s ]

[ 2017-05-07T14:02:17+08:00 ] ::1 /speed/Home/admin
INFO: [ app_init ] --START--
INFO: Run Behavior\BuildLiteBehavior [ RunTime:0.000061s ]
INFO: [ app_init ] --END-- [ RunTime:0.001598s ]
INFO: [ app_begin ] --START--
INFO: Run Behavior\ReadHtmlCacheBehavior [ RunTime:0.002100s ]
INFO: [ app_begin ] --END-- [ RunTime:0.002398s ]
SQL: SHOW COLUMNS FROM `think_administrators` [ RunTime:0.0090s ]
SQL: SELECT * FROM `think_administrators`  [ RunTime:0.0008s ]
INFO: [ view_parse ] --START--
INFO: [ template_filter ] --START--
INFO: Run Behavior\ContentReplaceBehavior [ RunTime:0.000347s ]
INFO: [ template_filter ] --END-- [ RunTime:0.000627s ]
INFO: Run Behavior\ParseTemplateBehavior [ RunTime:0.046020s ]
INFO: [ view_parse ] --END-- [ RunTime:0.052896s ]
INFO: [ view_filter ] --START--
INFO: Run Behavior\WriteHtmlCacheBehavior [ RunTime:0.001005s ]
INFO: [ view_filter ] --END-- [ RunTime:0.001284s ]
INFO: [ app_end ] --START--
INFO: Run Behavior\ShowPageTraceBehavior [ RunTime:0.001851s ]
INFO: [ app_end ] --END-- [ RunTime:0.002076s ]

[ 2017-05-07T14:02:18+08:00 ] ::1 /speed/Home/images/img.jpg
INFO: [ app_init ] --START--
INFO: Run Behavior\BuildLiteBehavior [ RunTime:0.000059s ]
INFO: [ app_init ] --END-- [ RunTime:0.001503s ]

[ 2017-05-07T14:02:18+08:00 ] ::1 /speed/Home/images/img.jpg
INFO: [ app_init ] --START--
INFO: Run Behavior\BuildLiteBehavior [ RunTime:0.000136s ]
INFO: [ app_init ] --END-- [ RunTime:0.002347s ]

[ 2017-05-07T14:02:37+08:00 ] ::1 /speed/Home/admin
INFO: [ app_init ] --START--
INFO: Run Behavior\BuildLiteBehavior [ RunTime:0.000080s ]
INFO: [ app_init ] --END-- [ RunTime:0.001303s ]
INFO: [ app_begin ] --START--
INFO: Run Behavior\ReadHtmlCacheBehavior [ RunTime:0.002251s ]
INFO: [ app_begin ] --END-- [ RunTime:0.002519s ]
SQL: SHOW COLUMNS FROM `think_administrators` [ RunTime:0.0081s ]
SQL: SELECT * FROM `think_administrators`  [ RunTime:0.0007s ]
INFO: [ view_parse ] --START--
INFO: [ template_filter ] --START--
INFO: Run Behavior\ContentReplaceBehavior [ RunTime:0.000341s ]
INFO: [ template_filter ] --END-- [ RunTime:0.000588s ]
INFO: Run Behavior\ParseTemplateBehavior [ RunTime:0.044876s ]
INFO: [ view_parse ] --END-- [ RunTime:0.045193s ]
INFO: [ view_filter ] --START--
INFO: Run Behavior\WriteHtmlCacheBehavior [ RunTime:0.001169s ]
INFO: [ view_filter ] --END-- [ RunTime:0.001382s ]
INFO: [ app_end ] --START--
INFO: Run Behavior\ShowPageTraceBehavior [ RunTime:0.002113s ]
INFO: [ app_end ] --END-- [ RunTime:0.002413s ]

[ 2017-05-07T14:02:37+08:00 ] ::1 /speed/Home/images/img.jpg
INFO: [ app_init ] --START--
INFO: Run Behavior\BuildLiteBehavior [ RunTime:0.000057s ]
INFO: [ app_init ] --END-- [ RunTime:0.001391s ]

[ 2017-05-07T14:02:38+08:00 ] ::1 /speed/Home/images/img.jpg
INFO: [ app_init ] --START--
INFO: Run Behavior\BuildLiteBehavior [ RunTime:0.000059s ]
INFO: [ app_init ] --END-- [ RunTime:0.001382s ]

[ 2017-05-07T14:04:40+08:00 ] ::1 /speed/Home/admin
INFO: [ app_init ] --START--
INFO: Run Behavior\BuildLiteBehavior [ RunTime:0.000060s ]
INFO: [ app_init ] --END-- [ RunTime:0.001461s ]
INFO: [ app_begin ] --START--
INFO: Run Behavior\ReadHtmlCacheBehavior [ RunTime:0.002297s ]
INFO: [ app_begin ] --END-- [ RunTime:0.002583s ]
SQL: SHOW COLUMNS FROM `think_administrators` [ RunTime:0.0095s ]
SQL: SELECT * FROM `think_administrators`  [ RunTime:0.0010s ]
INFO: [ view_parse ] --START--
INFO: [ template_filter ] --START--
INFO: Run Behavior\ContentReplaceBehavior [ RunTime:0.000342s ]
INFO: [ template_filter ] --END-- [ RunTime:0.000642s ]
INFO: Run Behavior\ParseTemplateBehavior [ RunTime:0.044422s ]
INFO: [ view_parse ] --END-- [ RunTime:0.044689s ]
INFO: [ view_filter ] --START--
INFO: Run Behavior\WriteHtmlCacheBehavior [ RunTime:0.001136s ]
INFO: [ view_filter ] --END-- [ RunTime:0.001405s ]
INFO: [ app_end ] --START--
INFO: Run Behavior\ShowPageTraceBehavior [ RunTime:0.002135s ]
INFO: [ app_end ] --END-- [ RunTime:0.002361s ]

[ 2017-05-07T14:04:41+08:00 ] ::1 /speed/Home/images/img.jpg
INFO: [ app_init ] --START--
INFO: Run Behavior\BuildLiteBehavior [ RunTime:0.000056s ]
INFO: [ app_init ] --END-- [ RunTime:0.001251s ]

[ 2017-05-07T14:04:41+08:00 ] ::1 /speed/Home/images/img.jpg
INFO: [ app_init ] --START--
INFO: Run Behavior\BuildLiteBehavior [ RunTime:0.000082s ]
INFO: [ app_init ] --END-- [ RunTime:0.002386s ]

[ 2017-05-07T14:05:23+08:00 ] ::1 /speed/Home/admin
INFO: [ app_init ] --START--
INFO: Run Behavior\BuildLiteBehavior [ RunTime:0.000060s ]
INFO: [ app_init ] --END-- [ RunTime:0.001380s ]
INFO: [ app_begin ] --START--
INFO: Run Behavior\ReadHtmlCacheBehavior [ RunTime:0.006936s ]
INFO: [ app_begin ] --END-- [ RunTime:0.007222s ]
SQL: SHOW COLUMNS FROM `think_administrators` [ RunTime:0.0083s ]
SQL: SELECT * FROM `think_administrators`  [ RunTime:0.0008s ]
INFO: [ view_parse ] --START--
INFO: [ template_filter ] --START--
INFO: Run Behavior\ContentReplaceBehavior [ RunTime:0.000341s ]
INFO: [ template_filter ] --END-- [ RunTime:0.000596s ]
INFO: Run Behavior\ParseTemplateBehavior [ RunTime:0.042660s ]
INFO: [ view_parse ] --END-- [ RunTime:0.042946s ]
INFO: [ view_filter ] --START--
INFO: Run Behavior\WriteHtmlCacheBehavior [ RunTime:0.001212s ]
INFO: [ view_filter ] --END-- [ RunTime:0.001442s ]
INFO: [ app_end ] --START--
INFO: Run Behavior\ShowPageTraceBehavior [ RunTime:0.002177s ]
INFO: [ app_end ] --END-- [ RunTime:0.002414s ]

[ 2017-05-07T14:05:23+08:00 ] ::1 /speed/Home/images/img.jpg
INFO: [ app_init ] --START--
INFO: Run Behavior\BuildLiteBehavior [ RunTime:0.000085s ]
INFO: [ app_init ] --END-- [ RunTime:0.001973s ]

[ 2017-05-07T14:05:23+08:00 ] ::1 /speed/Home/images/img.jpg
INFO: [ app_init ] --START--
INFO: Run Behavior\BuildLiteBehavior [ RunTime:0.000054s ]
INFO: [ app_init ] --END-- [ RunTime:0.001142s ]

[ 2017-05-07T14:06:06+08:00 ] ::1 /speed/Home/admin
INFO: [ app_init ] --START--
INFO: Run Behavior\BuildLiteBehavior [ RunTime:0.000104s ]
INFO: [ app_init ] --END-- [ RunTime:0.002085s ]
INFO: [ app_begin ] --START--
INFO: Run Behavior\ReadHtmlCacheBehavior [ RunTime:0.003620s ]
INFO: [ app_begin ] --END-- [ RunTime:0.004049s ]
SQL: SHOW COLUMNS FROM `think_administrators` [ RunTime:0.0086s ]
SQL: SELECT * FROM `think_administrators`  [ RunTime:0.0015s ]
INFO: [ view_parse ] --START--
INFO: [ template_filter ] --START--
INFO: Run Behavior\ContentReplaceBehavior [ RunTime:0.000426s ]
INFO: [ template_filter ] --END-- [ RunTime:0.000684s ]
INFO: Run Behavior\ParseTemplateBehavior [ RunTime:0.046203s ]
INFO: [ view_parse ] --END-- [ RunTime:0.046477s ]
INFO: [ view_filter ] --START--
INFO: Run Behavior\WriteHtmlCacheBehavior [ RunTime:0.001147s ]
INFO: [ view_filter ] --END-- [ RunTime:0.001362s ]
INFO: [ app_end ] --START--
INFO: Run Behavior\ShowPageTraceBehavior [ RunTime:0.002170s ]
INFO: [ app_end ] --END-- [ RunTime:0.002407s ]

[ 2017-05-07T14:06:06+08:00 ] ::1 /speed/Home/images/img.jpg
INFO: [ app_init ] --START--
INFO: Run Behavior\BuildLiteBehavior [ RunTime:0.000055s ]
INFO: [ app_init ] --END-- [ RunTime:0.002179s ]

[ 2017-05-07T14:06:06+08:00 ] ::1 /speed/Home/images/img.jpg
INFO: [ app_init ] --START--
INFO: Run Behavior\BuildLiteBehavior [ RunTime:0.000061s ]
INFO: [ app_init ] --END-- [ RunTime:0.002699s ]

[ 2017-05-07T14:06:23+08:00 ] ::1 /speed/Home/admin
INFO: [ app_init ] --START--
INFO: Run Behavior\BuildLiteBehavior [ RunTime:0.000107s ]
INFO: [ app_init ] --END-- [ RunTime:0.001368s ]
INFO: [ app_begin ] --START--
INFO: Run Behavior\ReadHtmlCacheBehavior [ RunTime:0.002170s ]
INFO: [ app_begin ] --END-- [ RunTime:0.002431s ]
SQL: SHOW COLUMNS FROM `think_administrators` [ RunTime:0.0083s ]
SQL: SELECT * FROM `think_administrators`  [ RunTime:0.0008s ]
INFO: [ view_parse ] --START--
INFO: [ template_filter ] --START--
INFO: Run Behavior\ContentReplaceBehavior [ RunTime:0.000376s ]
INFO: [ template_filter ] --END-- [ RunTime:0.000639s ]
INFO: Run Behavior\ParseTemplateBehavior [ RunTime:0.041941s ]
INFO: [ view_parse ] --END-- [ RunTime:0.042201s ]
INFO: [ view_filter ] --START--
INFO: Run Behavior\WriteHtmlCacheBehavior [ RunTime:0.001097s ]
INFO: [ view_filter ] --END-- [ RunTime:0.001308s ]
INFO: [ app_end ] --START--
INFO: Run Behavior\ShowPageTraceBehavior [ RunTime:0.002200s ]
INFO: [ app_end ] --END-- [ RunTime:0.002436s ]

[ 2017-05-07T14:06:23+08:00 ] ::1 /speed/Home/images/img.jpg
INFO: [ app_init ] --START--
INFO: Run Behavior\BuildLiteBehavior [ RunTime:0.000049s ]
INFO: [ app_init ] --END-- [ RunTime:0.001084s ]

[ 2017-05-07T14:06:23+08:00 ] ::1 /speed/Home/images/img.jpg
INFO: [ app_init ] --START--
INFO: Run Behavior\BuildLiteBehavior [ RunTime:0.000049s ]
INFO: [ app_init ] --END-- [ RunTime:0.001165s ]

[ 2017-05-07T14:06:49+08:00 ] ::1 /speed/Home/admin
INFO: [ app_init ] --START--
INFO: Run Behavior\BuildLiteBehavior [ RunTime:0.000059s ]
INFO: [ app_init ] --END-- [ RunTime:0.001225s ]
INFO: [ app_begin ] --START--
INFO: Run Behavior\ReadHtmlCacheBehavior [ RunTime:0.002261s ]
INFO: [ app_begin ] --END-- [ RunTime:0.002531s ]
SQL: SHOW COLUMNS FROM `think_administrators` [ RunTime:0.0113s ]
SQL: SELECT * FROM `think_administrators`  [ RunTime:0.0009s ]
INFO: [ view_parse ] --START--
INFO: [ template_filter ] --START--
INFO: Run Behavior\ContentReplaceBehavior [ RunTime:0.000351s ]
INFO: [ template_filter ] --END-- [ RunTime:0.000611s ]
INFO: Run Behavior\ParseTemplateBehavior [ RunTime:0.046430s ]
INFO: [ view_parse ] --END-- [ RunTime:0.046741s ]
INFO: [ view_filter ] --START--
INFO: Run Behavior\WriteHtmlCacheBehavior [ RunTime:0.000887s ]
INFO: [ view_filter ] --END-- [ RunTime:0.001100s ]
INFO: [ app_end ] --START--
INFO: Run Behavior\ShowPageTraceBehavior [ RunTime:0.001762s ]
INFO: [ app_end ] --END-- [ RunTime:0.001983s ]

[ 2017-05-07T14:06:49+08:00 ] ::1 /speed/Home/images/img.jpg
INFO: [ app_init ] --START--
INFO: Run Behavior\BuildLiteBehavior [ RunTime:0.000053s ]
INFO: [ app_init ] --END-- [ RunTime:0.001222s ]

[ 2017-05-07T14:06:50+08:00 ] ::1 /speed/Home/images/img.jpg
INFO: [ app_init ] --START--
INFO: Run Behavior\BuildLiteBehavior [ RunTime:0.000061s ]
INFO: [ app_init ] --END-- [ RunTime:0.001352s ]

[ 2017-05-07T14:07:06+08:00 ] ::1 /speed/Home/admin
INFO: [ app_init ] --START--
INFO: Run Behavior\BuildLiteBehavior [ RunTime:0.000060s ]
INFO: [ app_init ] --END-- [ RunTime:0.001257s ]
INFO: [ app_begin ] --START--
INFO: Run Behavior\ReadHtmlCacheBehavior [ RunTime:0.001829s ]
INFO: [ app_begin ] --END-- [ RunTime:0.002154s ]
SQL: SHOW COLUMNS FROM `think_administrators` [ RunTime:0.0093s ]
SQL: SELECT * FROM `think_administrators`  [ RunTime:0.0007s ]
INFO: [ view_parse ] --START--
INFO: [ template_filter ] --START--
INFO: Run Behavior\ContentReplaceBehavior [ RunTime:0.000422s ]
INFO: [ template_filter ] --END-- [ RunTime:0.000661s ]
INFO: Run Behavior\ParseTemplateBehavior [ RunTime:0.047583s ]
INFO: [ view_parse ] --END-- [ RunTime:0.047834s ]
INFO: [ view_filter ] --START--
INFO: Run Behavior\WriteHtmlCacheBehavior [ RunTime:0.000749s ]
INFO: [ view_filter ] --END-- [ RunTime:0.000936s ]
INFO: [ app_end ] --START--
INFO: Run Behavior\ShowPageTraceBehavior [ RunTime:0.001583s ]
INFO: [ app_end ] --END-- [ RunTime:0.001782s ]

[ 2017-05-07T14:07:06+08:00 ] ::1 /speed/Home/images/img.jpg
INFO: [ app_init ] --START--
INFO: Run Behavior\BuildLiteBehavior [ RunTime:0.000084s ]
INFO: [ app_init ] --END-- [ RunTime:0.001985s ]

[ 2017-05-07T14:07:06+08:00 ] ::1 /speed/Home/images/img.jpg
INFO: [ app_init ] --START--
INFO: Run Behavior\BuildLiteBehavior [ RunTime:0.000056s ]
INFO: [ app_init ] --END-- [ RunTime:0.001270s ]

[ 2017-05-07T14:07:48+08:00 ] ::1 /speed/Home/admin
INFO: [ app_init ] --START--
INFO: Run Behavior\BuildLiteBehavior [ RunTime:0.000055s ]
INFO: [ app_init ] --END-- [ RunTime:0.001134s ]
INFO: [ app_begin ] --START--
INFO: Run Behavior\ReadHtmlCacheBehavior [ RunTime:0.002005s ]
INFO: [ app_begin ] --END-- [ RunTime:0.002295s ]
SQL: SHOW COLUMNS FROM `think_administrators` [ RunTime:0.0105s ]
SQL: SELECT * FROM `think_administrators`  [ RunTime:0.0017s ]
INFO: [ view_parse ] --START--
INFO: [ template_filter ] --START--
INFO: Run Behavior\ContentReplaceBehavior [ RunTime:0.000350s ]
INFO: [ template_filter ] --END-- [ RunTime:0.000652s ]
INFO: Run Behavior\ParseTemplateBehavior [ RunTime:0.044483s ]
INFO: [ view_parse ] --END-- [ RunTime:0.044748s ]
INFO: [ view_filter ] --START--
INFO: Run Behavior\WriteHtmlCacheBehavior [ RunTime:0.001239s ]
INFO: [ view_filter ] --END-- [ RunTime:0.001508s ]
INFO: [ app_end ] --START--
INFO: Run Behavior\ShowPageTraceBehavior [ RunTime:0.002205s ]
INFO: [ app_end ] --END-- [ RunTime:0.002429s ]

[ 2017-05-07T14:07:48+08:00 ] ::1 /speed/Home/images/img.jpg
INFO: [ app_init ] --START--
INFO: Run Behavior\BuildLiteBehavior [ RunTime:0.000062s ]
INFO: [ app_init ] --END-- [ RunTime:0.001234s ]

[ 2017-05-07T14:07:49+08:00 ] ::1 /speed/Home/images/img.jpg
INFO: [ app_init ] --START--
INFO: Run Behavior\BuildLiteBehavior [ RunTime:0.000101s ]
INFO: [ app_init ] --END-- [ RunTime:0.002307s ]

[ 2017-05-07T14:09:08+08:00 ] ::1 /speed/Home/admin
INFO: [ app_init ] --START--
INFO: Run Behavior\BuildLiteBehavior [ RunTime:0.000062s ]
INFO: [ app_init ] --END-- [ RunTime:0.002249s ]
INFO: [ app_begin ] --START--
INFO: Run Behavior\ReadHtmlCacheBehavior [ RunTime:0.002347s ]
INFO: [ app_begin ] --END-- [ RunTime:0.002643s ]
SQL: SHOW COLUMNS FROM `think_administrators` [ RunTime:0.0085s ]
SQL: SELECT * FROM `think_administrators`  [ RunTime:0.0012s ]
INFO: [ view_parse ] --START--
INFO: [ template_filter ] --START--
INFO: Run Behavior\ContentReplaceBehavior [ RunTime:0.000346s ]
INFO: [ template_filter ] --END-- [ RunTime:0.000669s ]
INFO: Run Behavior\ParseTemplateBehavior [ RunTime:0.041166s ]
INFO: [ view_parse ] --END-- [ RunTime:0.041435s ]
INFO: [ view_filter ] --START--
INFO: Run Behavior\WriteHtmlCacheBehavior [ RunTime:0.001156s ]
INFO: [ view_filter ] --END-- [ RunTime:0.001370s ]
INFO: [ app_end ] --START--
INFO: Run Behavior\ShowPageTraceBehavior [ RunTime:0.002063s ]
INFO: [ app_end ] --END-- [ RunTime:0.002285s ]

[ 2017-05-07T14:09:09+08:00 ] ::1 /speed/Home/images/img.jpg
INFO: [ app_init ] --START--
INFO: Run Behavior\BuildLiteBehavior [ RunTime:0.000051s ]
INFO: [ app_init ] --END-- [ RunTime:0.001051s ]

[ 2017-05-07T14:09:09+08:00 ] ::1 /speed/Home/images/img.jpg
INFO: [ app_init ] --START--
INFO: Run Behavior\BuildLiteBehavior [ RunTime:0.000080s ]
INFO: [ app_init ] --END-- [ RunTime:0.001673s ]

[ 2017-05-07T14:09:28+08:00 ] ::1 /speed/Home/admin
INFO: [ app_init ] --START--
INFO: Run Behavior\BuildLiteBehavior [ RunTime:0.000053s ]
INFO: [ app_init ] --END-- [ RunTime:0.001088s ]
INFO: [ app_begin ] --START--
INFO: Run Behavior\ReadHtmlCacheBehavior [ RunTime:0.001660s ]
INFO: [ app_begin ] --END-- [ RunTime:0.001890s ]
SQL: SHOW COLUMNS FROM `think_administrators` [ RunTime:0.0082s ]
SQL: SELECT * FROM `think_administrators`  [ RunTime:0.0007s ]
INFO: [ view_parse ] --START--
INFO: [ template_filter ] --START--
INFO: Run Behavior\ContentReplaceBehavior [ RunTime:0.000343s ]
INFO: [ template_filter ] --END-- [ RunTime:0.000595s ]
INFO: Run Behavior\ParseTemplateBehavior [ RunTime:0.039776s ]
INFO: [ view_parse ] --END-- [ RunTime:0.040073s ]
INFO: [ view_filter ] --START--
INFO: Run Behavior\WriteHtmlCacheBehavior [ RunTime:0.000835s ]
INFO: [ view_filter ] --END-- [ RunTime:0.001042s ]
INFO: [ app_end ] --START--
INFO: Run Behavior\ShowPageTraceBehavior [ RunTime:0.001839s ]
INFO: [ app_end ] --END-- [ RunTime:0.002068s ]

[ 2017-05-07T14:09:29+08:00 ] ::1 /speed/Home/images/img.jpg
INFO: [ app_init ] --START--
INFO: Run Behavior\BuildLiteBehavior [ RunTime:0.000101s ]
INFO: [ app_init ] --END-- [ RunTime:0.002160s ]

[ 2017-05-07T14:09:29+08:00 ] ::1 /speed/Home/images/img.jpg
INFO: [ app_init ] --START--
INFO: Run Behavior\BuildLiteBehavior [ RunTime:0.000080s ]
INFO: [ app_init ] --END-- [ RunTime:0.001695s ]

[ 2017-05-07T14:09:41+08:00 ] ::1 /speed/Home/admin
INFO: [ app_init ] --START--
INFO: Run Behavior\BuildLiteBehavior [ RunTime:0.000047s ]
INFO: [ app_init ] --END-- [ RunTime:0.000972s ]
INFO: [ app_begin ] --START--
INFO: Run Behavior\ReadHtmlCacheBehavior [ RunTime:0.001746s ]
INFO: [ app_begin ] --END-- [ RunTime:0.001988s ]
SQL: SHOW COLUMNS FROM `think_administrators` [ RunTime:0.0091s ]
SQL: SELECT * FROM `think_administrators`  [ RunTime:0.0008s ]
INFO: [ view_parse ] --START--
INFO: [ template_filter ] --START--
INFO: Run Behavior\ContentReplaceBehavior [ RunTime:0.000340s ]
INFO: [ template_filter ] --END-- [ RunTime:0.000595s ]
INFO: Run Behavior\ParseTemplateBehavior [ RunTime:0.043393s ]
INFO: [ view_parse ] --END-- [ RunTime:0.043665s ]
INFO: [ view_filter ] --START--
INFO: Run Behavior\WriteHtmlCacheBehavior [ RunTime:0.001174s ]
INFO: [ view_filter ] --END-- [ RunTime:0.001386s ]
INFO: [ app_end ] --START--
INFO: Run Behavior\ShowPageTraceBehavior [ RunTime:0.002072s ]
INFO: [ app_end ] --END-- [ RunTime:0.002296s ]

[ 2017-05-07T14:09:41+08:00 ] ::1 /speed/Home/images/img.jpg
INFO: [ app_init ] --START--
INFO: Run Behavior\BuildLiteBehavior [ RunTime:0.000051s ]
INFO: [ app_init ] --END-- [ RunTime:0.001098s ]

[ 2017-05-07T14:09:41+08:00 ] ::1 /speed/Home/images/img.jpg
INFO: [ app_init ] --START--
INFO: Run Behavior\BuildLiteBehavior [ RunTime:0.000079s ]
INFO: [ app_init ] --END-- [ RunTime:0.001595s ]

[ 2017-05-07T14:09:59+08:00 ] ::1 /speed/Home/admin
INFO: [ app_init ] --START--
INFO: Run Behavior\BuildLiteBehavior [ RunTime:0.000057s ]
INFO: [ app_init ] --END-- [ RunTime:0.001215s ]
INFO: [ app_begin ] --START--
INFO: Run Behavior\ReadHtmlCacheBehavior [ RunTime:0.002368s ]
INFO: [ app_begin ] --END-- [ RunTime:0.002649s ]
SQL: SHOW COLUMNS FROM `think_administrators` [ RunTime:0.0093s ]
SQL: SELECT * FROM `think_administrators`  [ RunTime:0.0007s ]
INFO: [ view_parse ] --START--
INFO: [ template_filter ] --START--
INFO: Run Behavior\ContentReplaceBehavior [ RunTime:0.000344s ]
INFO: [ template_filter ] --END-- [ RunTime:0.000614s ]
INFO: Run Behavior\ParseTemplateBehavior [ RunTime:0.053148s ]
INFO: [ view_parse ] --END-- [ RunTime:0.053419s ]
INFO: [ view_filter ] --START--
INFO: Run Behavior\WriteHtmlCacheBehavior [ RunTime:0.001363s ]
INFO: [ view_filter ] --END-- [ RunTime:0.001699s ]
INFO: [ app_end ] --START--
INFO: Run Behavior\ShowPageTraceBehavior [ RunTime:0.002268s ]
INFO: [ app_end ] --END-- [ RunTime:0.002500s ]

[ 2017-05-07T14:09:59+08:00 ] ::1 /speed/Home/images/img.jpg
INFO: [ app_init ] --START--
INFO: Run Behavior\BuildLiteBehavior [ RunTime:0.000096s ]
INFO: [ app_init ] --END-- [ RunTime:0.002604s ]

[ 2017-05-07T14:10:00+08:00 ] ::1 /speed/Home/images/img.jpg
INFO: [ app_init ] --START--
INFO: Run Behavior\BuildLiteBehavior [ RunTime:0.000222s ]
INFO: [ app_init ] --END-- [ RunTime:0.002140s ]

[ 2017-05-07T14:11:29+08:00 ] ::1 /speed/Home/admin
INFO: [ app_init ] --START--
INFO: Run Behavior\BuildLiteBehavior [ RunTime:0.000059s ]
INFO: [ app_init ] --END-- [ RunTime:0.001288s ]
INFO: [ app_begin ] --START--
INFO: Run Behavior\ReadHtmlCacheBehavior [ RunTime:0.002212s ]
INFO: [ app_begin ] --END-- [ RunTime:0.002475s ]
SQL: SHOW COLUMNS FROM `think_administrators` [ RunTime:0.0094s ]
SQL: SELECT * FROM `think_administrators`  [ RunTime:0.0009s ]
INFO: [ view_parse ] --START--
INFO: [ template_filter ] --START--
INFO: Run Behavior\ContentReplaceBehavior [ RunTime:0.000393s ]
INFO: [ template_filter ] --END-- [ RunTime:0.000682s ]
INFO: Run Behavior\ParseTemplateBehavior [ RunTime:0.041443s ]
INFO: [ view_parse ] --END-- [ RunTime:0.041713s ]
INFO: [ view_filter ] --START--
INFO: Run Behavior\WriteHtmlCacheBehavior [ RunTime:0.001171s ]
INFO: [ view_filter ] --END-- [ RunTime:0.001384s ]
INFO: [ app_end ] --START--
INFO: Run Behavior\ShowPageTraceBehavior [ RunTime:0.002182s ]
INFO: [ app_end ] --END-- [ RunTime:0.002418s ]

[ 2017-05-07T14:11:29+08:00 ] ::1 /speed/Home/images/img.jpg
INFO: [ app_init ] --START--
INFO: Run Behavior\BuildLiteBehavior [ RunTime:0.000053s ]
INFO: [ app_init ] --END-- [ RunTime:0.001095s ]

[ 2017-05-07T14:11:30+08:00 ] ::1 /speed/Home/images/img.jpg
INFO: [ app_init ] --START--
INFO: Run Behavior\BuildLiteBehavior [ RunTime:0.000057s ]
INFO: [ app_init ] --END-- [ RunTime:0.001183s ]

[ 2017-05-07T14:11:48+08:00 ] ::1 /speed/Home/admin
INFO: [ app_init ] --START--
INFO: Run Behavior\BuildLiteBehavior [ RunTime:0.000090s ]
INFO: [ app_init ] --END-- [ RunTime:0.002060s ]
INFO: [ app_begin ] --START--
INFO: Run Behavior\ReadHtmlCacheBehavior [ RunTime:0.001970s ]
INFO: [ app_begin ] --END-- [ RunTime:0.002237s ]
SQL: SHOW COLUMNS FROM `think_administrators` [ RunTime:0.0105s ]
SQL: SELECT * FROM `think_administrators`  [ RunTime:0.0011s ]
INFO: [ view_parse ] --START--
INFO: [ template_filter ] --START--
INFO: Run Behavior\ContentReplaceBehavior [ RunTime:0.000345s ]
INFO: [ template_filter ] --END-- [ RunTime:0.000626s ]
INFO: Run Behavior\ParseTemplateBehavior [ RunTime:0.045420s ]
INFO: [ view_parse ] --END-- [ RunTime:0.045694s ]
INFO: [ view_filter ] --START--
INFO: Run Behavior\WriteHtmlCacheBehavior [ RunTime:0.000918s ]
INFO: [ view_filter ] --END-- [ RunTime:0.001135s ]
INFO: [ app_end ] --START--
INFO: Run Behavior\ShowPageTraceBehavior [ RunTime:0.001916s ]
INFO: [ app_end ] --END-- [ RunTime:0.002168s ]

[ 2017-05-07T14:11:48+08:00 ] ::1 /speed/Home/images/img.jpg
INFO: [ app_init ] --START--
INFO: Run Behavior\BuildLiteBehavior [ RunTime:0.000091s ]
INFO: [ app_init ] --END-- [ RunTime:0.002375s ]

[ 2017-05-07T14:11:48+08:00 ] ::1 /speed/Home/images/img.jpg
INFO: [ app_init ] --START--
INFO: Run Behavior\BuildLiteBehavior [ RunTime:0.000057s ]
INFO: [ app_init ] --END-- [ RunTime:0.001287s ]

[ 2017-05-07T14:12:00+08:00 ] ::1 /speed/Home/admin
INFO: [ app_init ] --START--
INFO: Run Behavior\BuildLiteBehavior [ RunTime:0.000062s ]
INFO: [ app_init ] --END-- [ RunTime:0.003929s ]
INFO: [ app_begin ] --START--
INFO: Run Behavior\ReadHtmlCacheBehavior [ RunTime:0.002175s ]
INFO: [ app_begin ] --END-- [ RunTime:0.002442s ]
SQL: SHOW COLUMNS FROM `think_administrators` [ RunTime:0.0083s ]
SQL: SELECT * FROM `think_administrators`  [ RunTime:0.0007s ]
INFO: [ view_parse ] --START--
INFO: [ template_filter ] --START--
INFO: Run Behavior\ContentReplaceBehavior [ RunTime:0.000348s ]
INFO: [ template_filter ] --END-- [ RunTime:0.000601s ]
INFO: Run Behavior\ParseTemplateBehavior [ RunTime:0.051436s ]
INFO: [ view_parse ] --END-- [ RunTime:0.051699s ]
INFO: [ view_filter ] --START--
INFO: Run Behavior\WriteHtmlCacheBehavior [ RunTime:0.001214s ]
INFO: [ view_filter ] --END-- [ RunTime:0.001432s ]
INFO: [ app_end ] --START--
INFO: Run Behavior\ShowPageTraceBehavior [ RunTime:0.004796s ]
INFO: [ app_end ] --END-- [ RunTime:0.005035s ]

[ 2017-05-07T14:12:00+08:00 ] ::1 /speed/Home/images/img.jpg
INFO: [ app_init ] --START--
INFO: Run Behavior\BuildLiteBehavior [ RunTime:0.000047s ]
INFO: [ app_init ] --END-- [ RunTime:0.001189s ]

[ 2017-05-07T14:12:00+08:00 ] ::1 /speed/Home/images/img.jpg
INFO: [ app_init ] --START--
INFO: Run Behavior\BuildLiteBehavior [ RunTime:0.000102s ]
INFO: [ app_init ] --END-- [ RunTime:0.002284s ]

[ 2017-05-07T14:12:52+08:00 ] ::1 /speed/Home/admin
INFO: [ app_init ] --START--
INFO: Run Behavior\BuildLiteBehavior [ RunTime:0.000059s ]
INFO: [ app_init ] --END-- [ RunTime:0.001216s ]
INFO: [ app_begin ] --START--
INFO: Run Behavior\ReadHtmlCacheBehavior [ RunTime:0.002141s ]
INFO: [ app_begin ] --END-- [ RunTime:0.002421s ]
SQL: SHOW COLUMNS FROM `think_administrators` [ RunTime:0.0093s ]
SQL: SELECT * FROM `think_administrators`  [ RunTime:0.0008s ]
INFO: [ view_parse ] --START--
INFO: [ template_filter ] --START--
INFO: Run Behavior\ContentReplaceBehavior [ RunTime:0.000371s ]
INFO: [ template_filter ] --END-- [ RunTime:0.000625s ]
INFO: Run Behavior\ParseTemplateBehavior [ RunTime:0.041206s ]
INFO: [ view_parse ] --END-- [ RunTime:0.041467s ]
INFO: [ view_filter ] --START--
INFO: Run Behavior\WriteHtmlCacheBehavior [ RunTime:0.001226s ]
INFO: [ view_filter ] --END-- [ RunTime:0.001450s ]
INFO: [ app_end ] --START--
INFO: Run Behavior\ShowPageTraceBehavior [ RunTime:0.002040s ]
INFO: [ app_end ] --END-- [ RunTime:0.002311s ]

[ 2017-05-07T14:12:52+08:00 ] ::1 /speed/Home/images/img.jpg
INFO: [ app_init ] --START--
INFO: Run Behavior\BuildLiteBehavior [ RunTime:0.000049s ]
INFO: [ app_init ] --END-- [ RunTime:0.001300s ]

[ 2017-05-07T14:12:52+08:00 ] ::1 /speed/Home/images/img.jpg
INFO: [ app_init ] --START--
INFO: Run Behavior\BuildLiteBehavior [ RunTime:0.000048s ]
INFO: [ app_init ] --END-- [ RunTime:0.000999s ]

[ 2017-05-07T15:22:44+08:00 ] ::1 /speed/Home/admin
INFO: [ app_init ] --START--
INFO: Run Behavior\BuildLiteBehavior [ RunTime:0.000057s ]
INFO: [ app_init ] --END-- [ RunTime:0.001346s ]
INFO: [ app_begin ] --START--
INFO: Run Behavior\ReadHtmlCacheBehavior [ RunTime:0.002351s ]
INFO: [ app_begin ] --END-- [ RunTime:0.002663s ]
SQL: SHOW COLUMNS FROM `think_administrators` [ RunTime:0.0084s ]
SQL: SELECT * FROM `think_administrators`  [ RunTime:0.0009s ]
INFO: [ view_parse ] --START--
INFO: [ template_filter ] --START--
INFO: Run Behavior\ContentReplaceBehavior [ RunTime:0.002639s ]
INFO: [ template_filter ] --END-- [ RunTime:0.002938s ]
INFO: Run Behavior\ParseTemplateBehavior [ RunTime:0.045483s ]
INFO: [ view_parse ] --END-- [ RunTime:0.045763s ]
INFO: [ view_filter ] --START--
INFO: Run Behavior\WriteHtmlCacheBehavior [ RunTime:0.002237s ]
INFO: [ view_filter ] --END-- [ RunTime:0.002666s ]
INFO: [ app_end ] --START--
INFO: Run Behavior\ShowPageTraceBehavior [ RunTime:0.006786s ]
INFO: [ app_end ] --END-- [ RunTime:0.007028s ]

[ 2017-05-07T15:22:44+08:00 ] ::1 /speed/Home/images/img.jpg
INFO: [ app_init ] --START--
INFO: Run Behavior\BuildLiteBehavior [ RunTime:0.000057s ]
INFO: [ app_init ] --END-- [ RunTime:0.001245s ]

[ 2017-05-07T15:22:45+08:00 ] ::1 /speed/Home/images/img.jpg
INFO: [ app_init ] --START--
INFO: Run Behavior\BuildLiteBehavior [ RunTime:0.000099s ]
INFO: [ app_init ] --END-- [ RunTime:0.001895s ]

