[ 2017-07-23T09:54:02+08:00 ] ::1 /speed/Home/index
INFO: [ app_init ] --START--
INFO: Run Behavior\BuildLiteBehavior [ RunTime:0.000040s ]
INFO: [ app_init ] --END-- [ RunTime:0.072844s ]
INFO: [ app_begin ] --START--
INFO: Run Behavior\ReadHtmlCacheBehavior [ RunTime:0.164743s ]
INFO: [ app_begin ] --END-- [ RunTime:0.165007s ]

[ 2017-07-23T09:54:21+08:00 ] ::1 /speed/index.php/Home/login
INFO: [ app_init ] --START--
INFO: Run Behavior\BuildLiteBehavior [ RunTime:0.000020s ]
INFO: [ app_init ] --END-- [ RunTime:0.000588s ]
INFO: [ app_begin ] --START--
INFO: Run Behavior\ReadHtmlCacheBehavior [ RunTime:0.000921s ]
INFO: [ app_begin ] --END-- [ RunTime:0.001004s ]
INFO: [ view_parse ] --START--
INFO: [ template_filter ] --START--
INFO: Run Behavior\ContentReplaceBehavior [ RunTime:0.000124s ]
INFO: [ template_filter ] --END-- [ RunTime:0.000286s ]
INFO: Run Behavior\ParseTemplateBehavior [ RunTime:0.410103s ]
INFO: [ view_parse ] --END-- [ RunTime:0.410288s ]
INFO: [ view_filter ] --START--
INFO: Run Behavior\WriteHtmlCacheBehavior [ RunTime:0.020670s ]
INFO: [ view_filter ] --END-- [ RunTime:0.020817s ]
INFO: [ app_end ] --START--
INFO: Run Behavior\ShowPageTraceBehavior [ RunTime:0.078709s ]
INFO: [ app_end ] --END-- [ RunTime:0.078918s ]

[ 2017-07-23T09:54:34+08:00 ] ::1 /speed/index.php/Home/Login/Logindo
INFO: [ app_init ] --START--
INFO: Run Behavior\BuildLiteBehavior [ RunTime:0.000031s ]
INFO: [ app_init ] --END-- [ RunTime:0.000778s ]
INFO: [ app_begin ] --START--
INFO: Run Behavior\ReadHtmlCacheBehavior [ RunTime:0.000937s ]
INFO: [ app_begin ] --END-- [ RunTime:0.001031s ]
SQL: SHOW COLUMNS FROM `think_administratorsregister` [ RunTime:0.1312s ]
SQL: SELECT * FROM `think_administratorsregister` WHERE `administrators_name` = 'admin' AND `administrators_password` = '123456' LIMIT 1   [ RunTime:0.0016s ]
NOTIC: [8] A session had already been started - ignoring session_start() C:\wamp\www\speed\Application\Home\Controller\LoginController.class.php 第 16 行.
INFO: [ app_end ] --START--
INFO: Run Behavior\ShowPageTraceBehavior [ RunTime:0.002548s ]
INFO: [ app_end ] --END-- [ RunTime:0.002755s ]

[ 2017-07-23T09:54:36+08:00 ] ::1 /speed/Home/index
INFO: [ app_init ] --START--
INFO: Run Behavior\BuildLiteBehavior [ RunTime:0.000035s ]
INFO: [ app_init ] --END-- [ RunTime:0.000811s ]
INFO: [ app_begin ] --START--
INFO: Run Behavior\ReadHtmlCacheBehavior [ RunTime:0.001503s ]
INFO: [ app_begin ] --END-- [ RunTime:0.001659s ]

[ 2017-07-23T09:55:43+08:00 ] ::1 /speed/index.php/Home/index
INFO: [ app_init ] --START--
INFO: Run Behavior\BuildLiteBehavior [ RunTime:0.000027s ]
INFO: [ app_init ] --END-- [ RunTime:0.000723s ]
INFO: [ app_begin ] --START--
INFO: Run Behavior\ReadHtmlCacheBehavior [ RunTime:0.001140s ]
INFO: [ app_begin ] --END-- [ RunTime:0.001254s ]

[ 2017-07-23T09:56:07+08:00 ] ::1 /speed/index.php/Home/driver
INFO: [ app_init ] --START--
INFO: Run Behavior\BuildLiteBehavior [ RunTime:0.000030s ]
INFO: [ app_init ] --END-- [ RunTime:0.000736s ]
INFO: [ app_begin ] --START--
INFO: Run Behavior\ReadHtmlCacheBehavior [ RunTime:0.001395s ]
INFO: [ app_begin ] --END-- [ RunTime:0.001526s ]
SQL: SHOW COLUMNS FROM `think_driverinfo` [ RunTime:0.2114s ]
SQL: SELECT * FROM `think_driverinfo`  [ RunTime:0.0012s ]
INFO: [ view_parse ] --START--
INFO: [ template_filter ] --START--
INFO: Run Behavior\ContentReplaceBehavior [ RunTime:0.000221s ]
INFO: [ template_filter ] --END-- [ RunTime:0.000320s ]
NOTIC: [8] A session had already been started - ignoring session_start() C:\wamp\www\speed\Application\Runtime\Cache\Home\811c9b113c1df53613cbc750f9e0c773.php 第 107 行.
NOTIC: [8] A session had already been started - ignoring session_start() C:\wamp\www\speed\Application\Runtime\Cache\Home\811c9b113c1df53613cbc750f9e0c773.php 第 266 行.
INFO: Run Behavior\ParseTemplateBehavior [ RunTime:0.938262s ]
INFO: [ view_parse ] --END-- [ RunTime:0.938469s ]
INFO: [ view_filter ] --START--
INFO: Run Behavior\WriteHtmlCacheBehavior [ RunTime:0.000689s ]
INFO: [ view_filter ] --END-- [ RunTime:0.000766s ]
INFO: [ app_end ] --START--
INFO: Run Behavior\ShowPageTraceBehavior [ RunTime:0.000982s ]
INFO: [ app_end ] --END-- [ RunTime:0.001069s ]

[ 2017-07-23T09:56:11+08:00 ] ::1 /speed/index.php/Home/images/img.jpg
INFO: [ app_init ] --START--
INFO: Run Behavior\BuildLiteBehavior [ RunTime:0.000055s ]
INFO: [ app_init ] --END-- [ RunTime:0.001173s ]

[ 2017-07-23T09:56:15+08:00 ] ::1 /speed/index.php/Home/index
INFO: [ app_init ] --START--
INFO: Run Behavior\BuildLiteBehavior [ RunTime:0.000020s ]
INFO: [ app_init ] --END-- [ RunTime:0.000508s ]
INFO: [ app_begin ] --START--
INFO: Run Behavior\ReadHtmlCacheBehavior [ RunTime:0.001088s ]
INFO: [ app_begin ] --END-- [ RunTime:0.001171s ]

[ 2017-07-23T09:56:19+08:00 ] ::1 /speed/index.php/Home/admin
INFO: [ app_init ] --START--
INFO: Run Behavior\BuildLiteBehavior [ RunTime:0.000020s ]
INFO: [ app_init ] --END-- [ RunTime:0.000603s ]
INFO: [ app_begin ] --START--
INFO: Run Behavior\ReadHtmlCacheBehavior [ RunTime:0.001115s ]
INFO: [ app_begin ] --END-- [ RunTime:0.001201s ]
NOTIC: [2] include(Home\Conf\config.php): failed to open stream: No such file or directory C:\wamp\www\speed\Application\Home\Controller\AdminController.class.php 第 4 行.
NOTIC: [2] include(): Failed opening 'Home\Conf\config.php' for inclusion (include_path='.;C:\php\pear') C:\wamp\www\speed\Application\Home\Controller\AdminController.class.php 第 4 行.
SQL: SHOW COLUMNS FROM `think_administrators` [ RunTime:0.0185s ]
SQL: SELECT * FROM `think_administrators`  [ RunTime:0.0011s ]
INFO: [ view_parse ] --START--
INFO: [ template_filter ] --START--
INFO: Run Behavior\ContentReplaceBehavior [ RunTime:0.000381s ]
INFO: [ template_filter ] --END-- [ RunTime:0.000604s ]
NOTIC: [8] A session had already been started - ignoring session_start() C:\wamp\www\speed\Application\Runtime\Cache\Home\c506a66e5fd5c20a850e05056283aa1e.php 第 114 行.
NOTIC: [8] A session had already been started - ignoring session_start() C:\wamp\www\speed\Application\Runtime\Cache\Home\c506a66e5fd5c20a850e05056283aa1e.php 第 273 行.
INFO: Run Behavior\ParseTemplateBehavior [ RunTime:0.127896s ]
INFO: [ view_parse ] --END-- [ RunTime:0.128100s ]
INFO: [ view_filter ] --START--
INFO: Run Behavior\WriteHtmlCacheBehavior [ RunTime:0.001661s ]
INFO: [ view_filter ] --END-- [ RunTime:0.001812s ]
INFO: [ app_end ] --START--
INFO: Run Behavior\ShowPageTraceBehavior [ RunTime:0.001368s ]
INFO: [ app_end ] --END-- [ RunTime:0.001482s ]

[ 2017-07-23T09:56:19+08:00 ] ::1 /speed/index.php/Home/images/img.jpg
INFO: [ app_init ] --START--
INFO: Run Behavior\BuildLiteBehavior [ RunTime:0.000039s ]
INFO: [ app_init ] --END-- [ RunTime:0.000854s ]

[ 2017-07-23T09:56:24+08:00 ] ::1 /speed/index.php/Home/index
INFO: [ app_init ] --START--
INFO: Run Behavior\BuildLiteBehavior [ RunTime:0.000023s ]
INFO: [ app_init ] --END-- [ RunTime:0.000529s ]
INFO: [ app_begin ] --START--
INFO: Run Behavior\ReadHtmlCacheBehavior [ RunTime:0.001183s ]
INFO: [ app_begin ] --END-- [ RunTime:0.001290s ]

[ 2017-07-23T09:57:39+08:00 ] ::1 /speed/index.php/Home/index
INFO: [ app_init ] --START--
INFO: Run Behavior\BuildLiteBehavior [ RunTime:0.000019s ]
INFO: [ app_init ] --END-- [ RunTime:0.000490s ]
INFO: [ app_begin ] --START--
INFO: Run Behavior\ReadHtmlCacheBehavior [ RunTime:0.001131s ]
INFO: [ app_begin ] --END-- [ RunTime:0.001254s ]
SQL: SHOW COLUMNS FROM `think_userinfo` [ RunTime:0.0167s ]
SQL: SELECT * FROM `think_userinfo`  [ RunTime:0.0012s ]
INFO: [ view_parse ] --START--
INFO: [ template_filter ] --START--
INFO: Run Behavior\ContentReplaceBehavior [ RunTime:0.000524s ]
INFO: [ template_filter ] --END-- [ RunTime:0.000761s ]
NOTIC: [8] A session had already been started - ignoring session_start() C:\wamp\www\speed\Application\Runtime\Cache\Home\2a94b8bda04ff446dcedd42276fc99ee.php 第 110 行.
NOTIC: [8] A session had already been started - ignoring session_start() C:\wamp\www\speed\Application\Runtime\Cache\Home\2a94b8bda04ff446dcedd42276fc99ee.php 第 268 行.
INFO: Run Behavior\ParseTemplateBehavior [ RunTime:0.042187s ]
INFO: [ view_parse ] --END-- [ RunTime:0.042416s ]
INFO: [ view_filter ] --START--
INFO: Run Behavior\WriteHtmlCacheBehavior [ RunTime:0.000855s ]
INFO: [ view_filter ] --END-- [ RunTime:0.000965s ]
INFO: [ app_end ] --START--
INFO: Run Behavior\ShowPageTraceBehavior [ RunTime:0.001182s ]
INFO: [ app_end ] --END-- [ RunTime:0.001284s ]

[ 2017-07-23T09:57:39+08:00 ] ::1 /speed/index.php/Home/images/img.jpg
INFO: [ app_init ] --START--
INFO: Run Behavior\BuildLiteBehavior [ RunTime:0.000026s ]
INFO: [ app_init ] --END-- [ RunTime:0.000503s ]

[ 2017-07-23T09:57:42+08:00 ] ::1 /speed/index.php/Home/driver
INFO: [ app_init ] --START--
INFO: Run Behavior\BuildLiteBehavior [ RunTime:0.000025s ]
INFO: [ app_init ] --END-- [ RunTime:0.000531s ]
INFO: [ app_begin ] --START--
INFO: Run Behavior\ReadHtmlCacheBehavior [ RunTime:0.000878s ]
INFO: [ app_begin ] --END-- [ RunTime:0.000960s ]
SQL: SHOW COLUMNS FROM `think_driverinfo` [ RunTime:0.0065s ]
SQL: SELECT * FROM `think_driverinfo`  [ RunTime:0.0006s ]
INFO: [ view_parse ] --START--
INFO: [ template_filter ] --START--
INFO: Run Behavior\ContentReplaceBehavior [ RunTime:0.000226s ]
INFO: [ template_filter ] --END-- [ RunTime:0.000317s ]
NOTIC: [8] A session had already been started - ignoring session_start() C:\wamp\www\speed\Application\Runtime\Cache\Home\811c9b113c1df53613cbc750f9e0c773.php 第 107 行.
NOTIC: [8] A session had already been started - ignoring session_start() C:\wamp\www\speed\Application\Runtime\Cache\Home\811c9b113c1df53613cbc750f9e0c773.php 第 266 行.
INFO: Run Behavior\ParseTemplateBehavior [ RunTime:0.020239s ]
INFO: [ view_parse ] --END-- [ RunTime:0.020346s ]
INFO: [ view_filter ] --START--
INFO: Run Behavior\WriteHtmlCacheBehavior [ RunTime:0.000544s ]
INFO: [ view_filter ] --END-- [ RunTime:0.000612s ]
INFO: [ app_end ] --START--
INFO: Run Behavior\ShowPageTraceBehavior [ RunTime:0.001200s ]
INFO: [ app_end ] --END-- [ RunTime:0.001291s ]

[ 2017-07-23T09:57:42+08:00 ] ::1 /speed/index.php/Home/images/img.jpg
INFO: [ app_init ] --START--
INFO: Run Behavior\BuildLiteBehavior [ RunTime:0.000038s ]
INFO: [ app_init ] --END-- [ RunTime:0.000854s ]

[ 2017-07-23T10:00:35+08:00 ] ::1 /speed/index.php/Home/driver
INFO: [ app_init ] --START--
INFO: Run Behavior\BuildLiteBehavior [ RunTime:0.000020s ]
INFO: [ app_init ] --END-- [ RunTime:0.000494s ]
INFO: [ app_begin ] --START--
INFO: Run Behavior\ReadHtmlCacheBehavior [ RunTime:0.001772s ]
INFO: [ app_begin ] --END-- [ RunTime:0.001929s ]
SQL: SHOW COLUMNS FROM `think_driverinfo` [ RunTime:0.0114s ]
SQL: SELECT * FROM `think_driverinfo`  [ RunTime:0.0009s ]
INFO: [ view_parse ] --START--
INFO: [ template_filter ] --START--
INFO: Run Behavior\ContentReplaceBehavior [ RunTime:0.000184s ]
INFO: [ template_filter ] --END-- [ RunTime:0.000267s ]
NOTIC: [8] A session had already been started - ignoring session_start() C:\wamp\www\speed\Application\Runtime\Cache\Home\811c9b113c1df53613cbc750f9e0c773.php 第 107 行.
NOTIC: [8] A session had already been started - ignoring session_start() C:\wamp\www\speed\Application\Runtime\Cache\Home\811c9b113c1df53613cbc750f9e0c773.php 第 266 行.
INFO: Run Behavior\ParseTemplateBehavior [ RunTime:0.026086s ]
INFO: [ view_parse ] --END-- [ RunTime:0.026205s ]
INFO: [ view_filter ] --START--
INFO: Run Behavior\WriteHtmlCacheBehavior [ RunTime:0.000844s ]
INFO: [ view_filter ] --END-- [ RunTime:0.000913s ]
INFO: [ app_end ] --START--
INFO: Run Behavior\ShowPageTraceBehavior [ RunTime:0.001110s ]
INFO: [ app_end ] --END-- [ RunTime:0.001182s ]

[ 2017-07-23T10:00:35+08:00 ] ::1 /speed/index.php/Home/images/img.jpg
INFO: [ app_init ] --START--
INFO: Run Behavior\BuildLiteBehavior [ RunTime:0.000033s ]
INFO: [ app_init ] --END-- [ RunTime:0.000814s ]

[ 2017-07-23T10:00:38+08:00 ] ::1 /speed/index.php/Home/index
INFO: [ app_init ] --START--
INFO: Run Behavior\BuildLiteBehavior [ RunTime:0.000019s ]
INFO: [ app_init ] --END-- [ RunTime:0.000429s ]
INFO: [ app_begin ] --START--
INFO: Run Behavior\ReadHtmlCacheBehavior [ RunTime:0.000906s ]
INFO: [ app_begin ] --END-- [ RunTime:0.000988s ]
SQL: SHOW COLUMNS FROM `think_userinfo` [ RunTime:0.0418s ]
SQL: SELECT * FROM `think_userinfo`  [ RunTime:0.0009s ]
INFO: [ view_parse ] --START--
INFO: [ template_filter ] --START--
INFO: Run Behavior\ContentReplaceBehavior [ RunTime:0.000334s ]
INFO: [ template_filter ] --END-- [ RunTime:0.000477s ]
NOTIC: [8] A session had already been started - ignoring session_start() C:\wamp\www\speed\Application\Runtime\Cache\Home\2a94b8bda04ff446dcedd42276fc99ee.php 第 110 行.
NOTIC: [8] A session had already been started - ignoring session_start() C:\wamp\www\speed\Application\Runtime\Cache\Home\2a94b8bda04ff446dcedd42276fc99ee.php 第 268 行.
INFO: Run Behavior\ParseTemplateBehavior [ RunTime:0.050433s ]
INFO: [ view_parse ] --END-- [ RunTime:0.050625s ]
INFO: [ view_filter ] --START--
INFO: Run Behavior\WriteHtmlCacheBehavior [ RunTime:0.001041s ]
INFO: [ view_filter ] --END-- [ RunTime:0.001164s ]
INFO: [ app_end ] --START--
INFO: Run Behavior\ShowPageTraceBehavior [ RunTime:0.001553s ]
INFO: [ app_end ] --END-- [ RunTime:0.001686s ]

[ 2017-07-23T10:00:38+08:00 ] ::1 /speed/index.php/Home/images/img.jpg
INFO: [ app_init ] --START--
INFO: Run Behavior\BuildLiteBehavior [ RunTime:0.000022s ]
INFO: [ app_init ] --END-- [ RunTime:0.000573s ]

[ 2017-07-23T10:00:46+08:00 ] ::1 /speed/index.php/Home/Index/userUpdatado
INFO: [ app_init ] --START--
INFO: Run Behavior\BuildLiteBehavior [ RunTime:0.000020s ]
INFO: [ app_init ] --END-- [ RunTime:0.000468s ]
INFO: [ app_begin ] --START--
INFO: Run Behavior\ReadHtmlCacheBehavior [ RunTime:0.001036s ]
INFO: [ app_begin ] --END-- [ RunTime:0.001131s ]
SQL: SHOW COLUMNS FROM `think_userinfo` [ RunTime:0.0215s ]
SQL: UPDATE `think_userinfo` SET `user_name`='heo',`user_realName`='chan',`user_phone`='1368028974',`user_idNumber`='440582199612295896',`user_email`='570941643@qq.com',`user_gender`='男',`user_state`='可用',`user_credit`='3' WHERE `user_id` = 1 [ RunTime:0.1371s ]
INFO: [ app_end ] --START--
INFO: Run Behavior\ShowPageTraceBehavior [ RunTime:0.002035s ]
INFO: [ app_end ] --END-- [ RunTime:0.002182s ]

[ 2017-07-23T10:01:19+08:00 ] ::1 /speed/index.php/Home/index
INFO: [ app_init ] --START--
INFO: Run Behavior\BuildLiteBehavior [ RunTime:0.000020s ]
INFO: [ app_init ] --END-- [ RunTime:0.000522s ]
INFO: [ app_begin ] --START--
INFO: Run Behavior\ReadHtmlCacheBehavior [ RunTime:0.001916s ]
INFO: [ app_begin ] --END-- [ RunTime:0.002045s ]
SQL: SHOW COLUMNS FROM `think_userinfo` [ RunTime:0.0313s ]
SQL: SELECT * FROM `think_userinfo`  [ RunTime:0.0005s ]
INFO: [ view_parse ] --START--
INFO: [ template_filter ] --START--
INFO: Run Behavior\ContentReplaceBehavior [ RunTime:0.000187s ]
INFO: [ template_filter ] --END-- [ RunTime:0.000288s ]
NOTIC: [8] A session had already been started - ignoring session_start() C:\wamp\www\speed\Application\Runtime\Cache\Home\2a94b8bda04ff446dcedd42276fc99ee.php 第 110 行.
NOTIC: [8] A session had already been started - ignoring session_start() C:\wamp\www\speed\Application\Runtime\Cache\Home\2a94b8bda04ff446dcedd42276fc99ee.php 第 268 行.
INFO: Run Behavior\ParseTemplateBehavior [ RunTime:0.018530s ]
INFO: [ view_parse ] --END-- [ RunTime:0.018617s ]
INFO: [ view_filter ] --START--
INFO: Run Behavior\WriteHtmlCacheBehavior [ RunTime:0.000834s ]
INFO: [ view_filter ] --END-- [ RunTime:0.000903s ]
INFO: [ app_end ] --START--
INFO: Run Behavior\ShowPageTraceBehavior [ RunTime:0.001362s ]
INFO: [ app_end ] --END-- [ RunTime:0.001461s ]

[ 2017-07-23T10:01:19+08:00 ] ::1 /speed/index.php/Home/images/img.jpg
INFO: [ app_init ] --START--
INFO: Run Behavior\BuildLiteBehavior [ RunTime:0.000036s ]
INFO: [ app_init ] --END-- [ RunTime:0.000694s ]

[ 2017-07-23T10:01:26+08:00 ] ::1 /speed/index.php/Home/Index/userUpdatado
INFO: [ app_init ] --START--
INFO: Run Behavior\BuildLiteBehavior [ RunTime:0.000019s ]
INFO: [ app_init ] --END-- [ RunTime:0.000402s ]
INFO: [ app_begin ] --START--
INFO: Run Behavior\ReadHtmlCacheBehavior [ RunTime:0.000872s ]
INFO: [ app_begin ] --END-- [ RunTime:0.000959s ]
SQL: SHOW COLUMNS FROM `think_userinfo` [ RunTime:0.0244s ]
SQL: UPDATE `think_userinfo` SET `user_name`='heo',`user_realName`='chan',`user_phone`='1368028974',`user_idNumber`='440582199612295896',`user_email`='570941643@qq.com',`user_gender`='男',`user_state`='可用',`user_credit`='5' WHERE `user_id` = 1 [ RunTime:0.0887s ]
INFO: [ app_end ] --START--
INFO: Run Behavior\ShowPageTraceBehavior [ RunTime:0.005917s ]
INFO: [ app_end ] --END-- [ RunTime:0.006331s ]

[ 2017-07-23T10:01:27+08:00 ] ::1 /speed/Home/index
INFO: [ app_init ] --START--
INFO: Run Behavior\BuildLiteBehavior [ RunTime:0.000022s ]
INFO: [ app_init ] --END-- [ RunTime:0.000653s ]
INFO: [ app_begin ] --START--
INFO: Run Behavior\ReadHtmlCacheBehavior [ RunTime:0.000898s ]
INFO: [ app_begin ] --END-- [ RunTime:0.000984s ]
SQL: SHOW COLUMNS FROM `think_userinfo` [ RunTime:0.0337s ]
SQL: SELECT * FROM `think_userinfo`  [ RunTime:0.0005s ]
INFO: [ view_parse ] --START--
INFO: [ template_filter ] --START--
INFO: Run Behavior\ContentReplaceBehavior [ RunTime:0.000327s ]
INFO: [ template_filter ] --END-- [ RunTime:0.000480s ]
NOTIC: [8] A session had already been started - ignoring session_start() C:\wamp\www\speed\Application\Runtime\Cache\Home\2a94b8bda04ff446dcedd42276fc99ee.php 第 110 行.
NOTIC: [8] A session had already been started - ignoring session_start() C:\wamp\www\speed\Application\Runtime\Cache\Home\2a94b8bda04ff446dcedd42276fc99ee.php 第 268 行.
INFO: Run Behavior\ParseTemplateBehavior [ RunTime:0.033037s ]
INFO: [ view_parse ] --END-- [ RunTime:0.033174s ]
INFO: [ view_filter ] --START--
INFO: Run Behavior\WriteHtmlCacheBehavior [ RunTime:0.001054s ]
INFO: [ view_filter ] --END-- [ RunTime:0.001177s ]
INFO: [ app_end ] --START--
INFO: Run Behavior\ShowPageTraceBehavior [ RunTime:0.001517s ]
INFO: [ app_end ] --END-- [ RunTime:0.001642s ]

[ 2017-07-23T10:01:27+08:00 ] ::1 /speed/Home/images/img.jpg
INFO: [ app_init ] --START--
INFO: Run Behavior\BuildLiteBehavior [ RunTime:0.000035s ]
INFO: [ app_init ] --END-- [ RunTime:0.000738s ]

[ 2017-07-23T10:01:36+08:00 ] ::1 /speed/Home/driver
INFO: [ app_init ] --START--
INFO: Run Behavior\BuildLiteBehavior [ RunTime:0.000018s ]
INFO: [ app_init ] --END-- [ RunTime:0.000436s ]
INFO: [ app_begin ] --START--
INFO: Run Behavior\ReadHtmlCacheBehavior [ RunTime:0.001100s ]
INFO: [ app_begin ] --END-- [ RunTime:0.001220s ]
SQL: SHOW COLUMNS FROM `think_driverinfo` [ RunTime:0.0147s ]
SQL: SELECT * FROM `think_driverinfo`  [ RunTime:0.0011s ]
INFO: [ view_parse ] --START--
INFO: [ template_filter ] --START--
INFO: Run Behavior\ContentReplaceBehavior [ RunTime:0.000308s ]
INFO: [ template_filter ] --END-- [ RunTime:0.000440s ]
NOTIC: [8] A session had already been started - ignoring session_start() C:\wamp\www\speed\Application\Runtime\Cache\Home\811c9b113c1df53613cbc750f9e0c773.php 第 107 行.
NOTIC: [8] A session had already been started - ignoring session_start() C:\wamp\www\speed\Application\Runtime\Cache\Home\811c9b113c1df53613cbc750f9e0c773.php 第 266 行.
INFO: Run Behavior\ParseTemplateBehavior [ RunTime:0.035719s ]
INFO: [ view_parse ] --END-- [ RunTime:0.035911s ]
INFO: [ view_filter ] --START--
INFO: Run Behavior\WriteHtmlCacheBehavior [ RunTime:0.000975s ]
INFO: [ view_filter ] --END-- [ RunTime:0.001091s ]
INFO: [ app_end ] --START--
INFO: Run Behavior\ShowPageTraceBehavior [ RunTime:0.001405s ]
INFO: [ app_end ] --END-- [ RunTime:0.001521s ]

[ 2017-07-23T10:01:37+08:00 ] ::1 /speed/Home/images/img.jpg
INFO: [ app_init ] --START--
INFO: Run Behavior\BuildLiteBehavior [ RunTime:0.000033s ]
INFO: [ app_init ] --END-- [ RunTime:0.000751s ]

[ 2017-07-23T10:01:37+08:00 ] ::1 /speed/Home/images/img.jpg
INFO: [ app_init ] --START--
INFO: Run Behavior\BuildLiteBehavior [ RunTime:0.000036s ]
INFO: [ app_init ] --END-- [ RunTime:0.000777s ]

[ 2017-07-23T10:01:39+08:00 ] ::1 /speed/Home/admin
INFO: [ app_init ] --START--
INFO: Run Behavior\BuildLiteBehavior [ RunTime:0.000019s ]
INFO: [ app_init ] --END-- [ RunTime:0.000408s ]
INFO: [ app_begin ] --START--
INFO: Run Behavior\ReadHtmlCacheBehavior [ RunTime:0.000865s ]
INFO: [ app_begin ] --END-- [ RunTime:0.000946s ]
NOTIC: [2] include(Home\Conf\config.php): failed to open stream: No such file or directory C:\wamp\www\speed\Application\Home\Controller\AdminController.class.php 第 4 行.
NOTIC: [2] include(): Failed opening 'Home\Conf\config.php' for inclusion (include_path='.;C:\php\pear') C:\wamp\www\speed\Application\Home\Controller\AdminController.class.php 第 4 行.
SQL: SHOW COLUMNS FROM `think_administrators` [ RunTime:0.0271s ]
SQL: SELECT * FROM `think_administrators`  [ RunTime:0.0008s ]
INFO: [ view_parse ] --START--
INFO: [ template_filter ] --START--
INFO: Run Behavior\ContentReplaceBehavior [ RunTime:0.000243s ]
INFO: [ template_filter ] --END-- [ RunTime:0.000354s ]
NOTIC: [8] A session had already been started - ignoring session_start() C:\wamp\www\speed\Application\Runtime\Cache\Home\c506a66e5fd5c20a850e05056283aa1e.php 第 114 行.
NOTIC: [8] A session had already been started - ignoring session_start() C:\wamp\www\speed\Application\Runtime\Cache\Home\c506a66e5fd5c20a850e05056283aa1e.php 第 273 行.
INFO: Run Behavior\ParseTemplateBehavior [ RunTime:0.050495s ]
INFO: [ view_parse ] --END-- [ RunTime:0.050667s ]
INFO: [ view_filter ] --START--
INFO: Run Behavior\WriteHtmlCacheBehavior [ RunTime:0.000767s ]
INFO: [ view_filter ] --END-- [ RunTime:0.000859s ]
INFO: [ app_end ] --START--
INFO: Run Behavior\ShowPageTraceBehavior [ RunTime:0.001137s ]
INFO: [ app_end ] --END-- [ RunTime:0.001233s ]

[ 2017-07-23T10:01:39+08:00 ] ::1 /speed/Home/images/img.jpg
INFO: [ app_init ] --START--
INFO: Run Behavior\BuildLiteBehavior [ RunTime:0.000020s ]
INFO: [ app_init ] --END-- [ RunTime:0.000496s ]

[ 2017-07-23T10:01:41+08:00 ] ::1 /speed/Home/index
INFO: [ app_init ] --START--
INFO: Run Behavior\BuildLiteBehavior [ RunTime:0.000019s ]
INFO: [ app_init ] --END-- [ RunTime:0.000465s ]
INFO: [ app_begin ] --START--
INFO: Run Behavior\ReadHtmlCacheBehavior [ RunTime:0.000881s ]
INFO: [ app_begin ] --END-- [ RunTime:0.000966s ]
SQL: SHOW COLUMNS FROM `think_userinfo` [ RunTime:0.0431s ]
SQL: SELECT * FROM `think_userinfo`  [ RunTime:0.0010s ]
INFO: [ view_parse ] --START--
INFO: [ template_filter ] --START--
INFO: Run Behavior\ContentReplaceBehavior [ RunTime:0.000372s ]
INFO: [ template_filter ] --END-- [ RunTime:0.000536s ]
NOTIC: [8] A session had already been started - ignoring session_start() C:\wamp\www\speed\Application\Runtime\Cache\Home\2a94b8bda04ff446dcedd42276fc99ee.php 第 110 行.
NOTIC: [8] A session had already been started - ignoring session_start() C:\wamp\www\speed\Application\Runtime\Cache\Home\2a94b8bda04ff446dcedd42276fc99ee.php 第 268 行.
INFO: Run Behavior\ParseTemplateBehavior [ RunTime:0.044645s ]
INFO: [ view_parse ] --END-- [ RunTime:0.044848s ]
INFO: [ view_filter ] --START--
INFO: Run Behavior\WriteHtmlCacheBehavior [ RunTime:0.001735s ]
INFO: [ view_filter ] --END-- [ RunTime:0.001992s ]
INFO: [ app_end ] --START--
INFO: Run Behavior\ShowPageTraceBehavior [ RunTime:0.001986s ]
INFO: [ app_end ] --END-- [ RunTime:0.002165s ]

[ 2017-07-23T10:01:41+08:00 ] ::1 /speed/Home/images/img.jpg
INFO: [ app_init ] --START--
INFO: Run Behavior\BuildLiteBehavior [ RunTime:0.000023s ]
INFO: [ app_init ] --END-- [ RunTime:0.000488s ]

[ 2017-07-23T10:01:57+08:00 ] ::1 /speed/Home/driver
INFO: [ app_init ] --START--
INFO: Run Behavior\BuildLiteBehavior [ RunTime:0.000019s ]
INFO: [ app_init ] --END-- [ RunTime:0.000431s ]
INFO: [ app_begin ] --START--
INFO: Run Behavior\ReadHtmlCacheBehavior [ RunTime:0.000902s ]
INFO: [ app_begin ] --END-- [ RunTime:0.000985s ]
SQL: SHOW COLUMNS FROM `think_driverinfo` [ RunTime:0.0188s ]
SQL: SELECT * FROM `think_driverinfo`  [ RunTime:0.0009s ]
INFO: [ view_parse ] --START--
INFO: [ template_filter ] --START--
INFO: Run Behavior\ContentReplaceBehavior [ RunTime:0.000380s ]
INFO: [ template_filter ] --END-- [ RunTime:0.000555s ]
NOTIC: [8] A session had already been started - ignoring session_start() C:\wamp\www\speed\Application\Runtime\Cache\Home\811c9b113c1df53613cbc750f9e0c773.php 第 107 行.
NOTIC: [8] A session had already been started - ignoring session_start() C:\wamp\www\speed\Application\Runtime\Cache\Home\811c9b113c1df53613cbc750f9e0c773.php 第 266 行.
INFO: Run Behavior\ParseTemplateBehavior [ RunTime:0.049249s ]
INFO: [ view_parse ] --END-- [ RunTime:0.049532s ]
INFO: [ view_filter ] --START--
INFO: Run Behavior\WriteHtmlCacheBehavior [ RunTime:0.001201s ]
INFO: [ view_filter ] --END-- [ RunTime:0.001342s ]
INFO: [ app_end ] --START--
INFO: Run Behavior\ShowPageTraceBehavior [ RunTime:0.001992s ]
INFO: [ app_end ] --END-- [ RunTime:0.002164s ]

[ 2017-07-23T10:01:57+08:00 ] ::1 /speed/Home/images/img.jpg
INFO: [ app_init ] --START--
INFO: Run Behavior\BuildLiteBehavior [ RunTime:0.000031s ]
INFO: [ app_init ] --END-- [ RunTime:0.000581s ]

[ 2017-07-23T10:01:57+08:00 ] ::1 /speed/Home/images/img.jpg
INFO: [ app_init ] --START--
INFO: Run Behavior\BuildLiteBehavior [ RunTime:0.000037s ]
INFO: [ app_init ] --END-- [ RunTime:0.000846s ]

[ 2017-07-23T10:02:00+08:00 ] ::1 /speed/Home/admin
INFO: [ app_init ] --START--
INFO: Run Behavior\BuildLiteBehavior [ RunTime:0.000018s ]
INFO: [ app_init ] --END-- [ RunTime:0.000403s ]
INFO: [ app_begin ] --START--
INFO: Run Behavior\ReadHtmlCacheBehavior [ RunTime:0.000883s ]
INFO: [ app_begin ] --END-- [ RunTime:0.000967s ]
NOTIC: [2] include(Home\Conf\config.php): failed to open stream: No such file or directory C:\wamp\www\speed\Application\Home\Controller\AdminController.class.php 第 4 行.
NOTIC: [2] include(): Failed opening 'Home\Conf\config.php' for inclusion (include_path='.;C:\php\pear') C:\wamp\www\speed\Application\Home\Controller\AdminController.class.php 第 4 行.
SQL: SHOW COLUMNS FROM `think_administrators` [ RunTime:0.0209s ]
SQL: SELECT * FROM `think_administrators`  [ RunTime:0.0009s ]
INFO: [ view_parse ] --START--
INFO: [ template_filter ] --START--
INFO: Run Behavior\ContentReplaceBehavior [ RunTime:0.000282s ]
INFO: [ template_filter ] --END-- [ RunTime:0.000411s ]
NOTIC: [8] A session had already been started - ignoring session_start() C:\wamp\www\speed\Application\Runtime\Cache\Home\c506a66e5fd5c20a850e05056283aa1e.php 第 114 行.
NOTIC: [8] A session had already been started - ignoring session_start() C:\wamp\www\speed\Application\Runtime\Cache\Home\c506a66e5fd5c20a850e05056283aa1e.php 第 273 行.
INFO: Run Behavior\ParseTemplateBehavior [ RunTime:0.043279s ]
INFO: [ view_parse ] --END-- [ RunTime:0.043461s ]
INFO: [ view_filter ] --START--
INFO: Run Behavior\WriteHtmlCacheBehavior [ RunTime:0.000912s ]
INFO: [ view_filter ] --END-- [ RunTime:0.001027s ]
INFO: [ app_end ] --START--
INFO: Run Behavior\ShowPageTraceBehavior [ RunTime:0.001307s ]
INFO: [ app_end ] --END-- [ RunTime:0.001419s ]

[ 2017-07-23T10:02:00+08:00 ] ::1 /speed/Home/images/img.jpg
INFO: [ app_init ] --START--
INFO: Run Behavior\BuildLiteBehavior [ RunTime:0.000023s ]
INFO: [ app_init ] --END-- [ RunTime:0.000458s ]

[ 2017-07-23T10:02:02+08:00 ] ::1 /speed/Home/index
INFO: [ app_init ] --START--
INFO: Run Behavior\BuildLiteBehavior [ RunTime:0.000029s ]
INFO: [ app_init ] --END-- [ RunTime:0.000440s ]
INFO: [ app_begin ] --START--
INFO: Run Behavior\ReadHtmlCacheBehavior [ RunTime:0.000863s ]
INFO: [ app_begin ] --END-- [ RunTime:0.000946s ]
SQL: SHOW COLUMNS FROM `think_userinfo` [ RunTime:0.0147s ]
SQL: SELECT * FROM `think_userinfo`  [ RunTime:0.0010s ]
INFO: [ view_parse ] --START--
INFO: [ template_filter ] --START--
INFO: Run Behavior\ContentReplaceBehavior [ RunTime:0.000296s ]
INFO: [ template_filter ] --END-- [ RunTime:0.000424s ]
NOTIC: [8] A session had already been started - ignoring session_start() C:\wamp\www\speed\Application\Runtime\Cache\Home\2a94b8bda04ff446dcedd42276fc99ee.php 第 110 行.
NOTIC: [8] A session had already been started - ignoring session_start() C:\wamp\www\speed\Application\Runtime\Cache\Home\2a94b8bda04ff446dcedd42276fc99ee.php 第 268 行.
INFO: Run Behavior\ParseTemplateBehavior [ RunTime:0.050318s ]
INFO: [ view_parse ] --END-- [ RunTime:0.050504s ]
INFO: [ view_filter ] --START--
INFO: Run Behavior\WriteHtmlCacheBehavior [ RunTime:0.000935s ]
INFO: [ view_filter ] --END-- [ RunTime:0.001044s ]
INFO: [ app_end ] --START--
INFO: Run Behavior\ShowPageTraceBehavior [ RunTime:0.001649s ]
INFO: [ app_end ] --END-- [ RunTime:0.001803s ]

[ 2017-07-23T10:02:02+08:00 ] ::1 /speed/Home/images/img.jpg
INFO: [ app_init ] --START--
INFO: Run Behavior\BuildLiteBehavior [ RunTime:0.000021s ]
INFO: [ app_init ] --END-- [ RunTime:0.000447s ]

[ 2017-07-23T10:02:07+08:00 ] ::1 /speed/Home/index.html
INFO: [ app_init ] --START--
INFO: Run Behavior\BuildLiteBehavior [ RunTime:0.000027s ]
INFO: [ app_init ] --END-- [ RunTime:0.000425s ]
INFO: [ app_begin ] --START--
INFO: Run Behavior\ReadHtmlCacheBehavior [ RunTime:0.000828s ]
INFO: [ app_begin ] --END-- [ RunTime:0.000909s ]
SQL: SHOW COLUMNS FROM `think_userinfo` [ RunTime:0.0153s ]
SQL: SELECT * FROM `think_userinfo`  [ RunTime:0.0010s ]
INFO: [ view_parse ] --START--
INFO: [ template_filter ] --START--
INFO: Run Behavior\ContentReplaceBehavior [ RunTime:0.000251s ]
INFO: [ template_filter ] --END-- [ RunTime:0.000365s ]
NOTIC: [8] A session had already been started - ignoring session_start() C:\wamp\www\speed\Application\Runtime\Cache\Home\2a94b8bda04ff446dcedd42276fc99ee.php 第 110 行.
NOTIC: [8] A session had already been started - ignoring session_start() C:\wamp\www\speed\Application\Runtime\Cache\Home\2a94b8bda04ff446dcedd42276fc99ee.php 第 268 行.
INFO: Run Behavior\ParseTemplateBehavior [ RunTime:0.047458s ]
INFO: [ view_parse ] --END-- [ RunTime:0.047673s ]
INFO: [ view_filter ] --START--
INFO: Run Behavior\WriteHtmlCacheBehavior [ RunTime:0.000778s ]
INFO: [ view_filter ] --END-- [ RunTime:0.000869s ]
INFO: [ app_end ] --START--
INFO: Run Behavior\ShowPageTraceBehavior [ RunTime:0.001159s ]
INFO: [ app_end ] --END-- [ RunTime:0.001252s ]

[ 2017-07-23T10:02:07+08:00 ] ::1 /speed/Home/images/img.jpg
INFO: [ app_init ] --START--
INFO: Run Behavior\BuildLiteBehavior [ RunTime:0.000022s ]
INFO: [ app_init ] --END-- [ RunTime:0.000456s ]

[ 2017-07-23T10:23:55+08:00 ] ::1 /speed/Home/index
INFO: [ app_init ] --START--
INFO: Run Behavior\BuildLiteBehavior [ RunTime:0.000020s ]
INFO: [ app_init ] --END-- [ RunTime:0.000499s ]
INFO: [ app_begin ] --START--
INFO: Run Behavior\ReadHtmlCacheBehavior [ RunTime:0.001120s ]
INFO: [ app_begin ] --END-- [ RunTime:0.001206s ]
SQL: SHOW COLUMNS FROM `think_userinfo` [ RunTime:0.0180s ]
SQL: SELECT * FROM `think_userinfo`  [ RunTime:0.0014s ]
INFO: [ view_parse ] --START--
INFO: [ template_filter ] --START--
INFO: Run Behavior\ContentReplaceBehavior [ RunTime:0.000534s ]
INFO: [ template_filter ] --END-- [ RunTime:0.000759s ]
NOTIC: [8] A session had already been started - ignoring session_start() C:\wamp\www\speed\Application\Runtime\Cache\Home\2a94b8bda04ff446dcedd42276fc99ee.php 第 110 行.
NOTIC: [8] A session had already been started - ignoring session_start() C:\wamp\www\speed\Application\Runtime\Cache\Home\2a94b8bda04ff446dcedd42276fc99ee.php 第 268 行.
INFO: Run Behavior\ParseTemplateBehavior [ RunTime:0.053557s ]
INFO: [ view_parse ] --END-- [ RunTime:0.053771s ]
INFO: [ view_filter ] --START--
INFO: Run Behavior\WriteHtmlCacheBehavior [ RunTime:0.001451s ]
INFO: [ view_filter ] --END-- [ RunTime:0.001577s ]
INFO: [ app_end ] --START--
INFO: Run Behavior\ShowPageTraceBehavior [ RunTime:0.001923s ]
INFO: [ app_end ] --END-- [ RunTime:0.002048s ]

[ 2017-07-23T10:23:55+08:00 ] ::1 /speed/Home/images/img.jpg
INFO: [ app_init ] --START--
INFO: Run Behavior\BuildLiteBehavior [ RunTime:0.000022s ]
INFO: [ app_init ] --END-- [ RunTime:0.000562s ]

[ 2017-07-23T10:23:55+08:00 ] ::1 /speed/Home/images/img.jpg
INFO: [ app_init ] --START--
INFO: Run Behavior\BuildLiteBehavior [ RunTime:0.000036s ]
INFO: [ app_init ] --END-- [ RunTime:0.001013s ]

[ 2017-07-23T10:23:57+08:00 ] ::1 /speed/Home/driver
INFO: [ app_init ] --START--
INFO: Run Behavior\BuildLiteBehavior [ RunTime:0.000020s ]
INFO: [ app_init ] --END-- [ RunTime:0.000507s ]
INFO: [ app_begin ] --START--
INFO: Run Behavior\ReadHtmlCacheBehavior [ RunTime:0.001058s ]
INFO: [ app_begin ] --END-- [ RunTime:0.001145s ]
SQL: SHOW COLUMNS FROM `think_driverinfo` [ RunTime:0.0200s ]
SQL: SELECT * FROM `think_driverinfo`  [ RunTime:0.0009s ]
INFO: [ view_parse ] --START--
INFO: [ template_filter ] --START--
INFO: Run Behavior\ContentReplaceBehavior [ RunTime:0.000269s ]
INFO: [ template_filter ] --END-- [ RunTime:0.000385s ]
NOTIC: [8] A session had already been started - ignoring session_start() C:\wamp\www\speed\Application\Runtime\Cache\Home\811c9b113c1df53613cbc750f9e0c773.php 第 107 行.
NOTIC: [8] A session had already been started - ignoring session_start() C:\wamp\www\speed\Application\Runtime\Cache\Home\811c9b113c1df53613cbc750f9e0c773.php 第 266 行.
INFO: Run Behavior\ParseTemplateBehavior [ RunTime:0.030172s ]
INFO: [ view_parse ] --END-- [ RunTime:0.030358s ]
INFO: [ view_filter ] --START--
INFO: Run Behavior\WriteHtmlCacheBehavior [ RunTime:0.001112s ]
INFO: [ view_filter ] --END-- [ RunTime:0.001204s ]
INFO: [ app_end ] --START--
INFO: Run Behavior\ShowPageTraceBehavior [ RunTime:0.001428s ]
INFO: [ app_end ] --END-- [ RunTime:0.001558s ]

[ 2017-07-23T10:23:57+08:00 ] ::1 /speed/Home/images/img.jpg
INFO: [ app_init ] --START--
INFO: Run Behavior\BuildLiteBehavior [ RunTime:0.000025s ]
INFO: [ app_init ] --END-- [ RunTime:0.000534s ]

[ 2017-07-23T10:23:59+08:00 ] ::1 /speed/Home/driver
INFO: [ app_init ] --START--
INFO: Run Behavior\BuildLiteBehavior [ RunTime:0.000020s ]
INFO: [ app_init ] --END-- [ RunTime:0.000545s ]
INFO: [ app_begin ] --START--
INFO: Run Behavior\ReadHtmlCacheBehavior [ RunTime:0.001076s ]
INFO: [ app_begin ] --END-- [ RunTime:0.001166s ]
SQL: SHOW COLUMNS FROM `think_driverinfo` [ RunTime:0.0154s ]
SQL: SELECT * FROM `think_driverinfo`  [ RunTime:0.0010s ]
INFO: [ view_parse ] --START--
INFO: [ template_filter ] --START--
INFO: Run Behavior\ContentReplaceBehavior [ RunTime:0.000311s ]
INFO: [ template_filter ] --END-- [ RunTime:0.000443s ]
NOTIC: [8] A session had already been started - ignoring session_start() C:\wamp\www\speed\Application\Runtime\Cache\Home\811c9b113c1df53613cbc750f9e0c773.php 第 107 行.
NOTIC: [8] A session had already been started - ignoring session_start() C:\wamp\www\speed\Application\Runtime\Cache\Home\811c9b113c1df53613cbc750f9e0c773.php 第 266 行.
INFO: Run Behavior\ParseTemplateBehavior [ RunTime:0.042639s ]
INFO: [ view_parse ] --END-- [ RunTime:0.042831s ]
INFO: [ view_filter ] --START--
INFO: Run Behavior\WriteHtmlCacheBehavior [ RunTime:0.001339s ]
INFO: [ view_filter ] --END-- [ RunTime:0.001456s ]
INFO: [ app_end ] --START--
INFO: Run Behavior\ShowPageTraceBehavior [ RunTime:0.001766s ]
INFO: [ app_end ] --END-- [ RunTime:0.001887s ]

[ 2017-07-23T10:23:59+08:00 ] ::1 /speed/Home/images/img.jpg
INFO: [ app_init ] --START--
INFO: Run Behavior\BuildLiteBehavior [ RunTime:0.000035s ]
INFO: [ app_init ] --END-- [ RunTime:0.000888s ]

[ 2017-07-23T10:24:01+08:00 ] ::1 /speed/Home/index
INFO: [ app_init ] --START--
INFO: Run Behavior\BuildLiteBehavior [ RunTime:0.000024s ]
INFO: [ app_init ] --END-- [ RunTime:0.000529s ]
INFO: [ app_begin ] --START--
INFO: Run Behavior\ReadHtmlCacheBehavior [ RunTime:0.001120s ]
INFO: [ app_begin ] --END-- [ RunTime:0.001205s ]
SQL: SHOW COLUMNS FROM `think_userinfo` [ RunTime:0.0396s ]
SQL: SELECT * FROM `think_userinfo`  [ RunTime:0.0009s ]
INFO: [ view_parse ] --START--
INFO: [ template_filter ] --START--
INFO: Run Behavior\ContentReplaceBehavior [ RunTime:0.000399s ]
INFO: [ template_filter ] --END-- [ RunTime:0.000572s ]
NOTIC: [8] A session had already been started - ignoring session_start() C:\wamp\www\speed\Application\Runtime\Cache\Home\2a94b8bda04ff446dcedd42276fc99ee.php 第 110 行.
NOTIC: [8] A session had already been started - ignoring session_start() C:\wamp\www\speed\Application\Runtime\Cache\Home\2a94b8bda04ff446dcedd42276fc99ee.php 第 268 行.
INFO: Run Behavior\ParseTemplateBehavior [ RunTime:0.051541s ]
INFO: [ view_parse ] --END-- [ RunTime:0.051733s ]
INFO: [ view_filter ] --START--
INFO: Run Behavior\WriteHtmlCacheBehavior [ RunTime:0.001593s ]
INFO: [ view_filter ] --END-- [ RunTime:0.001730s ]
INFO: [ app_end ] --START--
INFO: Run Behavior\ShowPageTraceBehavior [ RunTime:0.002123s ]
INFO: [ app_end ] --END-- [ RunTime:0.002256s ]

[ 2017-07-23T10:24:01+08:00 ] ::1 /speed/Home/images/img.jpg
INFO: [ app_init ] --START--
INFO: Run Behavior\BuildLiteBehavior [ RunTime:0.000034s ]
INFO: [ app_init ] --END-- [ RunTime:0.000885s ]

[ 2017-07-23T10:24:08+08:00 ] ::1 /speed/index.php/Home/Index/userUpdatado
INFO: [ app_init ] --START--
INFO: Run Behavior\BuildLiteBehavior [ RunTime:0.000020s ]
INFO: [ app_init ] --END-- [ RunTime:0.000509s ]
INFO: [ app_begin ] --START--
INFO: Run Behavior\ReadHtmlCacheBehavior [ RunTime:0.000915s ]
INFO: [ app_begin ] --END-- [ RunTime:0.000999s ]
SQL: SHOW COLUMNS FROM `think_userinfo` [ RunTime:0.0267s ]
SQL: UPDATE `think_userinfo` SET `user_name`='heo',`user_realName`='chan',`user_phone`='1368028974',`user_idNumber`='440582199612295896',`user_email`='570941643@qq.com',`user_gender`='男',`user_state`='可用',`user_credit`='2' WHERE `user_id` = 1 [ RunTime:0.0754s ]
INFO: [ app_end ] --START--
INFO: Run Behavior\ShowPageTraceBehavior [ RunTime:0.003123s ]
INFO: [ app_end ] --END-- [ RunTime:0.003375s ]

[ 2017-07-23T10:24:10+08:00 ] ::1 /speed/index.php/Home/index
INFO: [ app_init ] --START--
INFO: Run Behavior\BuildLiteBehavior [ RunTime:0.000020s ]
INFO: [ app_init ] --END-- [ RunTime:0.000498s ]
INFO: [ app_begin ] --START--
INFO: Run Behavior\ReadHtmlCacheBehavior [ RunTime:0.001100s ]
INFO: [ app_begin ] --END-- [ RunTime:0.001201s ]
SQL: SHOW COLUMNS FROM `think_userinfo` [ RunTime:0.0142s ]
SQL: SELECT * FROM `think_userinfo`  [ RunTime:0.0010s ]
INFO: [ view_parse ] --START--
INFO: [ template_filter ] --START--
INFO: Run Behavior\ContentReplaceBehavior [ RunTime:0.000336s ]
INFO: [ template_filter ] --END-- [ RunTime:0.000482s ]
NOTIC: [8] A session had already been started - ignoring session_start() C:\wamp\www\speed\Application\Runtime\Cache\Home\2a94b8bda04ff446dcedd42276fc99ee.php 第 110 行.
NOTIC: [8] A session had already been started - ignoring session_start() C:\wamp\www\speed\Application\Runtime\Cache\Home\2a94b8bda04ff446dcedd42276fc99ee.php 第 268 行.
INFO: Run Behavior\ParseTemplateBehavior [ RunTime:0.033365s ]
INFO: [ view_parse ] --END-- [ RunTime:0.033573s ]
INFO: [ view_filter ] --START--
INFO: Run Behavior\WriteHtmlCacheBehavior [ RunTime:0.001023s ]
INFO: [ view_filter ] --END-- [ RunTime:0.001151s ]
INFO: [ app_end ] --START--
INFO: Run Behavior\ShowPageTraceBehavior [ RunTime:0.001291s ]
INFO: [ app_end ] --END-- [ RunTime:0.001401s ]

[ 2017-07-23T10:24:10+08:00 ] ::1 /speed/index.php/Home/images/img.jpg
INFO: [ app_init ] --START--
INFO: Run Behavior\BuildLiteBehavior [ RunTime:0.000038s ]
INFO: [ app_init ] --END-- [ RunTime:0.001016s ]

[ 2017-07-23T10:24:34+08:00 ] ::1 /speed/index.php/Home/Index/userUpdatado
INFO: [ app_init ] --START--
INFO: Run Behavior\BuildLiteBehavior [ RunTime:0.000020s ]
INFO: [ app_init ] --END-- [ RunTime:0.000515s ]
INFO: [ app_begin ] --START--
INFO: Run Behavior\ReadHtmlCacheBehavior [ RunTime:0.001020s ]
INFO: [ app_begin ] --END-- [ RunTime:0.001126s ]
SQL: SHOW COLUMNS FROM `think_userinfo` [ RunTime:0.0231s ]
SQL: UPDATE `think_userinfo` SET `user_name`='ma',`user_realName`='mabb',`user_phone`='13268050404',`user_idNumber`='440582199612295896',`user_email`='123@163.com',`user_gender`='男',`user_state`='可用',`user_credit`='1' WHERE `user_id` = 4 [ RunTime:0.0858s ]
INFO: [ app_end ] --START--
INFO: Run Behavior\ShowPageTraceBehavior [ RunTime:0.003063s ]
INFO: [ app_end ] --END-- [ RunTime:0.003310s ]

[ 2017-07-23T10:24:36+08:00 ] ::1 /speed/index.php/Home/index
INFO: [ app_init ] --START--
INFO: Run Behavior\BuildLiteBehavior [ RunTime:0.000020s ]
INFO: [ app_init ] --END-- [ RunTime:0.000478s ]
INFO: [ app_begin ] --START--
INFO: Run Behavior\ReadHtmlCacheBehavior [ RunTime:0.000877s ]
INFO: [ app_begin ] --END-- [ RunTime:0.000961s ]
SQL: SHOW COLUMNS FROM `think_userinfo` [ RunTime:0.0157s ]
SQL: SELECT * FROM `think_userinfo`  [ RunTime:0.0009s ]
INFO: [ view_parse ] --START--
INFO: [ template_filter ] --START--
INFO: Run Behavior\ContentReplaceBehavior [ RunTime:0.000287s ]
INFO: [ template_filter ] --END-- [ RunTime:0.000411s ]
NOTIC: [8] A session had already been started - ignoring session_start() C:\wamp\www\speed\Application\Runtime\Cache\Home\2a94b8bda04ff446dcedd42276fc99ee.php 第 110 行.
NOTIC: [8] A session had already been started - ignoring session_start() C:\wamp\www\speed\Application\Runtime\Cache\Home\2a94b8bda04ff446dcedd42276fc99ee.php 第 268 行.
INFO: Run Behavior\ParseTemplateBehavior [ RunTime:0.038375s ]
INFO: [ view_parse ] --END-- [ RunTime:0.038562s ]
INFO: [ view_filter ] --START--
INFO: Run Behavior\WriteHtmlCacheBehavior [ RunTime:0.000946s ]
INFO: [ view_filter ] --END-- [ RunTime:0.001056s ]
INFO: [ app_end ] --START--
INFO: Run Behavior\ShowPageTraceBehavior [ RunTime:0.001340s ]
INFO: [ app_end ] --END-- [ RunTime:0.001452s ]

[ 2017-07-23T10:24:36+08:00 ] ::1 /speed/index.php/Home/images/img.jpg
INFO: [ app_init ] --START--
INFO: Run Behavior\BuildLiteBehavior [ RunTime:0.000033s ]
INFO: [ app_init ] --END-- [ RunTime:0.000826s ]

[ 2017-07-23T10:24:46+08:00 ] ::1 /speed/index.php/Home/Index/userUpdatado
INFO: [ app_init ] --START--
INFO: Run Behavior\BuildLiteBehavior [ RunTime:0.000020s ]
INFO: [ app_init ] --END-- [ RunTime:0.000475s ]
INFO: [ app_begin ] --START--
INFO: Run Behavior\ReadHtmlCacheBehavior [ RunTime:0.000858s ]
INFO: [ app_begin ] --END-- [ RunTime:0.000940s ]
SQL: SHOW COLUMNS FROM `think_userinfo` [ RunTime:0.0163s ]
SQL: UPDATE `think_userinfo` SET `user_name`='ma',`user_realName`='mabb',`user_phone`='13268050404',`user_idNumber`='440582199612295896',`user_email`='1234@163.com',`user_gender`='男',`user_state`='可用',`user_credit`='1' WHERE `user_id` = 4 [ RunTime:0.0924s ]
INFO: [ app_end ] --START--
INFO: Run Behavior\ShowPageTraceBehavior [ RunTime:0.003215s ]
INFO: [ app_end ] --END-- [ RunTime:0.003478s ]

[ 2017-07-23T10:24:48+08:00 ] ::1 /speed/index.php/Home/index
INFO: [ app_init ] --START--
INFO: Run Behavior\BuildLiteBehavior [ RunTime:0.000020s ]
INFO: [ app_init ] --END-- [ RunTime:0.000481s ]
INFO: [ app_begin ] --START--
INFO: Run Behavior\ReadHtmlCacheBehavior [ RunTime:0.000850s ]
INFO: [ app_begin ] --END-- [ RunTime:0.000951s ]
SQL: SHOW COLUMNS FROM `think_userinfo` [ RunTime:0.0240s ]
SQL: SELECT * FROM `think_userinfo`  [ RunTime:0.0014s ]
INFO: [ view_parse ] --START--
INFO: [ template_filter ] --START--
INFO: Run Behavior\ContentReplaceBehavior [ RunTime:0.000373s ]
INFO: [ template_filter ] --END-- [ RunTime:0.000544s ]
NOTIC: [8] A session had already been started - ignoring session_start() C:\wamp\www\speed\Application\Runtime\Cache\Home\2a94b8bda04ff446dcedd42276fc99ee.php 第 110 行.
NOTIC: [8] A session had already been started - ignoring session_start() C:\wamp\www\speed\Application\Runtime\Cache\Home\2a94b8bda04ff446dcedd42276fc99ee.php 第 268 行.
INFO: Run Behavior\ParseTemplateBehavior [ RunTime:0.039692s ]
INFO: [ view_parse ] --END-- [ RunTime:0.039935s ]
INFO: [ view_filter ] --START--
INFO: Run Behavior\WriteHtmlCacheBehavior [ RunTime:0.001318s ]
INFO: [ view_filter ] --END-- [ RunTime:0.001471s ]
INFO: [ app_end ] --START--
INFO: Run Behavior\ShowPageTraceBehavior [ RunTime:0.001710s ]
INFO: [ app_end ] --END-- [ RunTime:0.001821s ]

[ 2017-07-23T10:24:48+08:00 ] ::1 /speed/index.php/Home/images/img.jpg
INFO: [ app_init ] --START--
INFO: Run Behavior\BuildLiteBehavior [ RunTime:0.000023s ]
INFO: [ app_init ] --END-- [ RunTime:0.000630s ]

[ 2017-07-23T10:24:56+08:00 ] ::1 /speed/index.php/Home/Index/userUpdatado
INFO: [ app_init ] --START--
INFO: Run Behavior\BuildLiteBehavior [ RunTime:0.000019s ]
INFO: [ app_init ] --END-- [ RunTime:0.000512s ]
INFO: [ app_begin ] --START--
INFO: Run Behavior\ReadHtmlCacheBehavior [ RunTime:0.001100s ]
INFO: [ app_begin ] --END-- [ RunTime:0.001286s ]
SQL: SHOW COLUMNS FROM `think_userinfo` [ RunTime:0.0220s ]
SQL: UPDATE `think_userinfo` SET `user_name`='ma',`user_realName`='mabb',`user_phone`='13268050404',`user_idNumber`='440582199612295896',`user_email`='1234@163.com',`user_gender`='男',`user_state`='可用',`user_credit`='5' WHERE `user_id` = 4 [ RunTime:0.0850s ]
INFO: [ app_end ] --START--
INFO: Run Behavior\ShowPageTraceBehavior [ RunTime:0.003134s ]
INFO: [ app_end ] --END-- [ RunTime:0.003410s ]

[ 2017-07-23T10:24:59+08:00 ] ::1 /speed/index.php/Home/index
INFO: [ app_init ] --START--
INFO: Run Behavior\BuildLiteBehavior [ RunTime:0.000020s ]
INFO: [ app_init ] --END-- [ RunTime:0.000492s ]
INFO: [ app_begin ] --START--
INFO: Run Behavior\ReadHtmlCacheBehavior [ RunTime:0.000846s ]
INFO: [ app_begin ] --END-- [ RunTime:0.000965s ]
SQL: SHOW COLUMNS FROM `think_userinfo` [ RunTime:0.0326s ]
SQL: SELECT * FROM `think_userinfo`  [ RunTime:0.0011s ]
INFO: [ view_parse ] --START--
INFO: [ template_filter ] --START--
INFO: Run Behavior\ContentReplaceBehavior [ RunTime:0.000399s ]
INFO: [ template_filter ] --END-- [ RunTime:0.000650s ]
NOTIC: [8] A session had already been started - ignoring session_start() C:\wamp\www\speed\Application\Runtime\Cache\Home\2a94b8bda04ff446dcedd42276fc99ee.php 第 110 行.
NOTIC: [8] A session had already been started - ignoring session_start() C:\wamp\www\speed\Application\Runtime\Cache\Home\2a94b8bda04ff446dcedd42276fc99ee.php 第 268 行.
INFO: Run Behavior\ParseTemplateBehavior [ RunTime:0.044679s ]
INFO: [ view_parse ] --END-- [ RunTime:0.044885s ]
INFO: [ view_filter ] --START--
INFO: Run Behavior\WriteHtmlCacheBehavior [ RunTime:0.001415s ]
INFO: [ view_filter ] --END-- [ RunTime:0.001613s ]
INFO: [ app_end ] --START--
INFO: Run Behavior\ShowPageTraceBehavior [ RunTime:0.002607s ]
INFO: [ app_end ] --END-- [ RunTime:0.002778s ]

[ 2017-07-23T10:24:59+08:00 ] ::1 /speed/index.php/Home/images/img.jpg
INFO: [ app_init ] --START--
INFO: Run Behavior\BuildLiteBehavior [ RunTime:0.000023s ]
INFO: [ app_init ] --END-- [ RunTime:0.000557s ]

[ 2017-07-23T10:25:05+08:00 ] ::1 /speed/index.php/Home/Index/userUpdatado
INFO: [ app_init ] --START--
INFO: Run Behavior\BuildLiteBehavior [ RunTime:0.000035s ]
INFO: [ app_init ] --END-- [ RunTime:0.000555s ]
INFO: [ app_begin ] --START--
INFO: Run Behavior\ReadHtmlCacheBehavior [ RunTime:0.000890s ]
INFO: [ app_begin ] --END-- [ RunTime:0.000973s ]
SQL: SHOW COLUMNS FROM `think_userinfo` [ RunTime:0.0156s ]
SQL: UPDATE `think_userinfo` SET `user_name`='ma',`user_realName`='mabb',`user_phone`='13268050404',`user_idNumber`='440582199612295896',`user_email`='1234@163.com',`user_gender`='男',`user_state`='不可用',`user_credit`='1' WHERE `user_id` = 4 [ RunTime:0.1226s ]
INFO: [ app_end ] --START--
INFO: Run Behavior\ShowPageTraceBehavior [ RunTime:0.003714s ]
INFO: [ app_end ] --END-- [ RunTime:0.004095s ]

[ 2017-07-23T10:25:07+08:00 ] ::1 /speed/index.php/Home/index
INFO: [ app_init ] --START--
INFO: Run Behavior\BuildLiteBehavior [ RunTime:0.000022s ]
INFO: [ app_init ] --END-- [ RunTime:0.000562s ]
INFO: [ app_begin ] --START--
INFO: Run Behavior\ReadHtmlCacheBehavior [ RunTime:0.001876s ]
INFO: [ app_begin ] --END-- [ RunTime:0.002035s ]
SQL: SHOW COLUMNS FROM `think_userinfo` [ RunTime:0.0055s ]
SQL: SELECT * FROM `think_userinfo`  [ RunTime:0.0004s ]
INFO: [ view_parse ] --START--
INFO: [ template_filter ] --START--
INFO: Run Behavior\ContentReplaceBehavior [ RunTime:0.000271s ]
INFO: [ template_filter ] --END-- [ RunTime:0.000374s ]
NOTIC: [8] A session had already been started - ignoring session_start() C:\wamp\www\speed\Application\Runtime\Cache\Home\2a94b8bda04ff446dcedd42276fc99ee.php 第 110 行.
NOTIC: [8] A session had already been started - ignoring session_start() C:\wamp\www\speed\Application\Runtime\Cache\Home\2a94b8bda04ff446dcedd42276fc99ee.php 第 268 行.
INFO: Run Behavior\ParseTemplateBehavior [ RunTime:0.018011s ]
INFO: [ view_parse ] --END-- [ RunTime:0.018122s ]
INFO: [ view_filter ] --START--
INFO: Run Behavior\WriteHtmlCacheBehavior [ RunTime:0.000760s ]
INFO: [ view_filter ] --END-- [ RunTime:0.000845s ]
INFO: [ app_end ] --START--
INFO: Run Behavior\ShowPageTraceBehavior [ RunTime:0.001014s ]
INFO: [ app_end ] --END-- [ RunTime:0.001124s ]

[ 2017-07-23T10:25:07+08:00 ] ::1 /speed/index.php/Home/images/img.jpg
INFO: [ app_init ] --START--
INFO: Run Behavior\BuildLiteBehavior [ RunTime:0.000025s ]
INFO: [ app_init ] --END-- [ RunTime:0.000623s ]

[ 2017-07-23T10:25:16+08:00 ] ::1 /speed/index.php/Home/Index/userUpdatado
INFO: [ app_init ] --START--
INFO: Run Behavior\BuildLiteBehavior [ RunTime:0.000020s ]
INFO: [ app_init ] --END-- [ RunTime:0.000490s ]
INFO: [ app_begin ] --START--
INFO: Run Behavior\ReadHtmlCacheBehavior [ RunTime:0.000897s ]
INFO: [ app_begin ] --END-- [ RunTime:0.000986s ]
SQL: SHOW COLUMNS FROM `think_userinfo` [ RunTime:0.0244s ]
SQL: UPDATE `think_userinfo` SET `user_name`='ma',`user_realName`='mabb',`user_phone`='13268050404',`user_idNumber`='440582199612295896',`user_email`='1234@163.com',`user_gender`='女',`user_state`='可用',`user_credit`='1' WHERE `user_id` = 4 [ RunTime:0.0838s ]
INFO: [ app_end ] --START--
INFO: Run Behavior\ShowPageTraceBehavior [ RunTime:0.003119s ]
INFO: [ app_end ] --END-- [ RunTime:0.003366s ]

[ 2017-07-23T10:25:19+08:00 ] ::1 /speed/index.php/Home/index
INFO: [ app_init ] --START--
INFO: Run Behavior\BuildLiteBehavior [ RunTime:0.000037s ]
INFO: [ app_init ] --END-- [ RunTime:0.000918s ]
INFO: [ app_begin ] --START--
INFO: Run Behavior\ReadHtmlCacheBehavior [ RunTime:0.001444s ]
INFO: [ app_begin ] --END-- [ RunTime:0.001612s ]
SQL: SHOW COLUMNS FROM `think_userinfo` [ RunTime:0.0176s ]
SQL: SELECT * FROM `think_userinfo`  [ RunTime:0.0010s ]
INFO: [ view_parse ] --START--
INFO: [ template_filter ] --START--
INFO: Run Behavior\ContentReplaceBehavior [ RunTime:0.000279s ]
INFO: [ template_filter ] --END-- [ RunTime:0.000418s ]
NOTIC: [8] A session had already been started - ignoring session_start() C:\wamp\www\speed\Application\Runtime\Cache\Home\2a94b8bda04ff446dcedd42276fc99ee.php 第 110 行.
NOTIC: [8] A session had already been started - ignoring session_start() C:\wamp\www\speed\Application\Runtime\Cache\Home\2a94b8bda04ff446dcedd42276fc99ee.php 第 268 行.
INFO: Run Behavior\ParseTemplateBehavior [ RunTime:0.034525s ]
INFO: [ view_parse ] --END-- [ RunTime:0.034705s ]
INFO: [ view_filter ] --START--
INFO: Run Behavior\WriteHtmlCacheBehavior [ RunTime:0.000909s ]
INFO: [ view_filter ] --END-- [ RunTime:0.001013s ]
INFO: [ app_end ] --START--
INFO: Run Behavior\ShowPageTraceBehavior [ RunTime:0.001263s ]
INFO: [ app_end ] --END-- [ RunTime:0.001367s ]

[ 2017-07-23T10:25:19+08:00 ] ::1 /speed/index.php/Home/images/img.jpg
INFO: [ app_init ] --START--
INFO: Run Behavior\BuildLiteBehavior [ RunTime:0.000024s ]
INFO: [ app_init ] --END-- [ RunTime:0.000565s ]

[ 2017-07-23T10:25:54+08:00 ] ::1 /speed/index.php/Home/index
INFO: [ app_init ] --START--
INFO: Run Behavior\BuildLiteBehavior [ RunTime:0.000021s ]
INFO: [ app_init ] --END-- [ RunTime:0.000506s ]
INFO: [ app_begin ] --START--
INFO: Run Behavior\ReadHtmlCacheBehavior [ RunTime:0.000881s ]
INFO: [ app_begin ] --END-- [ RunTime:0.000972s ]
SQL: SHOW COLUMNS FROM `think_userinfo` [ RunTime:0.0170s ]
SQL: SELECT * FROM `think_userinfo`  [ RunTime:0.0010s ]
INFO: [ view_parse ] --START--
INFO: [ template_filter ] --START--
INFO: Run Behavior\ContentReplaceBehavior [ RunTime:0.000336s ]
INFO: [ template_filter ] --END-- [ RunTime:0.000505s ]
NOTIC: [8] A session had already been started - ignoring session_start() C:\wamp\www\speed\Application\Runtime\Cache\Home\2a94b8bda04ff446dcedd42276fc99ee.php 第 110 行.
NOTIC: [8] A session had already been started - ignoring session_start() C:\wamp\www\speed\Application\Runtime\Cache\Home\2a94b8bda04ff446dcedd42276fc99ee.php 第 268 行.
INFO: Run Behavior\ParseTemplateBehavior [ RunTime:0.034453s ]
INFO: [ view_parse ] --END-- [ RunTime:0.034694s ]
INFO: [ view_filter ] --START--
INFO: Run Behavior\WriteHtmlCacheBehavior [ RunTime:0.001665s ]
INFO: [ view_filter ] --END-- [ RunTime:0.001841s ]
INFO: [ app_end ] --START--
INFO: Run Behavior\ShowPageTraceBehavior [ RunTime:0.001139s ]
INFO: [ app_end ] --END-- [ RunTime:0.001247s ]

[ 2017-07-23T10:25:54+08:00 ] ::1 /speed/index.php/Home/images/img.jpg
INFO: [ app_init ] --START--
INFO: Run Behavior\BuildLiteBehavior [ RunTime:0.000022s ]
INFO: [ app_init ] --END-- [ RunTime:0.000565s ]

[ 2017-07-23T10:25:59+08:00 ] ::1 /speed/index.php/Home/Index/userUpdatado
INFO: [ app_init ] --START--
INFO: Run Behavior\BuildLiteBehavior [ RunTime:0.000020s ]
INFO: [ app_init ] --END-- [ RunTime:0.000503s ]
INFO: [ app_begin ] --START--
INFO: Run Behavior\ReadHtmlCacheBehavior [ RunTime:0.000853s ]
INFO: [ app_begin ] --END-- [ RunTime:0.000945s ]
SQL: SHOW COLUMNS FROM `think_userinfo` [ RunTime:0.0143s ]
SQL: UPDATE `think_userinfo` SET `user_name`='heo',`user_realName`='chan',`user_phone`='1368028974',`user_idNumber`='440582199612295896',`user_email`='570941643@qq.com',`user_gender`='女',`user_state`='可用',`user_credit`='1' WHERE `user_id` = 1 [ RunTime:0.0848s ]
INFO: [ app_end ] --START--
INFO: Run Behavior\ShowPageTraceBehavior [ RunTime:0.003778s ]
INFO: [ app_end ] --END-- [ RunTime:0.004137s ]

[ 2017-07-23T10:26:00+08:00 ] ::1 /speed/index.php/Home/index
INFO: [ app_init ] --START--
INFO: Run Behavior\BuildLiteBehavior [ RunTime:0.000020s ]
INFO: [ app_init ] --END-- [ RunTime:0.000556s ]
INFO: [ app_begin ] --START--
INFO: Run Behavior\ReadHtmlCacheBehavior [ RunTime:0.001063s ]
INFO: [ app_begin ] --END-- [ RunTime:0.001162s ]
SQL: SHOW COLUMNS FROM `think_userinfo` [ RunTime:0.0236s ]
SQL: SELECT * FROM `think_userinfo`  [ RunTime:0.0009s ]
INFO: [ view_parse ] --START--
INFO: [ template_filter ] --START--
INFO: Run Behavior\ContentReplaceBehavior [ RunTime:0.000345s ]
INFO: [ template_filter ] --END-- [ RunTime:0.000513s ]
NOTIC: [8] A session had already been started - ignoring session_start() C:\wamp\www\speed\Application\Runtime\Cache\Home\2a94b8bda04ff446dcedd42276fc99ee.php 第 110 行.
NOTIC: [8] A session had already been started - ignoring session_start() C:\wamp\www\speed\Application\Runtime\Cache\Home\2a94b8bda04ff446dcedd42276fc99ee.php 第 268 行.
INFO: Run Behavior\ParseTemplateBehavior [ RunTime:0.041760s ]
INFO: [ view_parse ] --END-- [ RunTime:0.041956s ]
INFO: [ view_filter ] --START--
INFO: Run Behavior\WriteHtmlCacheBehavior [ RunTime:0.000937s ]
INFO: [ view_filter ] --END-- [ RunTime:0.001063s ]
INFO: [ app_end ] --START--
INFO: Run Behavior\ShowPageTraceBehavior [ RunTime:0.001496s ]
INFO: [ app_end ] --END-- [ RunTime:0.001621s ]

[ 2017-07-23T10:26:00+08:00 ] ::1 /speed/index.php/Home/images/img.jpg
INFO: [ app_init ] --START--
INFO: Run Behavior\BuildLiteBehavior [ RunTime:0.000036s ]
INFO: [ app_init ] --END-- [ RunTime:0.001102s ]

[ 2017-07-23T10:26:09+08:00 ] ::1 /speed/index.php/Home/Index/userUpdatado
INFO: [ app_init ] --START--
INFO: Run Behavior\BuildLiteBehavior [ RunTime:0.000019s ]
INFO: [ app_init ] --END-- [ RunTime:0.000475s ]
INFO: [ app_begin ] --START--
INFO: Run Behavior\ReadHtmlCacheBehavior [ RunTime:0.000884s ]
INFO: [ app_begin ] --END-- [ RunTime:0.001001s ]
SQL: SHOW COLUMNS FROM `think_userinfo` [ RunTime:0.0375s ]
SQL: UPDATE `think_userinfo` SET `user_name`='ma',`user_realName`='mabb',`user_phone`='13268050404',`user_idNumber`='440582199612295896',`user_email`='1234@163.com',`user_gender`='女',`user_state`='不可用',`user_credit`='1' WHERE `user_id` = 4 [ RunTime:0.1822s ]
INFO: [ app_end ] --START--
INFO: Run Behavior\ShowPageTraceBehavior [ RunTime:0.003453s ]
INFO: [ app_end ] --END-- [ RunTime:0.003707s ]

[ 2017-07-23T10:26:10+08:00 ] ::1 /speed/index.php/Home/index
INFO: [ app_init ] --START--
INFO: Run Behavior\BuildLiteBehavior [ RunTime:0.000020s ]
INFO: [ app_init ] --END-- [ RunTime:0.000514s ]
INFO: [ app_begin ] --START--
INFO: Run Behavior\ReadHtmlCacheBehavior [ RunTime:0.000888s ]
INFO: [ app_begin ] --END-- [ RunTime:0.000970s ]
SQL: SHOW COLUMNS FROM `think_userinfo` [ RunTime:0.0130s ]
SQL: SELECT * FROM `think_userinfo`  [ RunTime:0.0005s ]
INFO: [ view_parse ] --START--
INFO: [ template_filter ] --START--
INFO: Run Behavior\ContentReplaceBehavior [ RunTime:0.000185s ]
INFO: [ template_filter ] --END-- [ RunTime:0.000273s ]
NOTIC: [8] A session had already been started - ignoring session_start() C:\wamp\www\speed\Application\Runtime\Cache\Home\2a94b8bda04ff446dcedd42276fc99ee.php 第 110 行.
NOTIC: [8] A session had already been started - ignoring session_start() C:\wamp\www\speed\Application\Runtime\Cache\Home\2a94b8bda04ff446dcedd42276fc99ee.php 第 268 行.
INFO: Run Behavior\ParseTemplateBehavior [ RunTime:0.025150s ]
INFO: [ view_parse ] --END-- [ RunTime:0.025302s ]
INFO: [ view_filter ] --START--
INFO: Run Behavior\WriteHtmlCacheBehavior [ RunTime:0.000590s ]
INFO: [ view_filter ] --END-- [ RunTime:0.000659s ]
INFO: [ app_end ] --START--
INFO: Run Behavior\ShowPageTraceBehavior [ RunTime:0.000844s ]
INFO: [ app_end ] --END-- [ RunTime:0.000914s ]

[ 2017-07-23T10:26:10+08:00 ] ::1 /speed/index.php/Home/images/img.jpg
INFO: [ app_init ] --START--
INFO: Run Behavior\BuildLiteBehavior [ RunTime:0.000037s ]
INFO: [ app_init ] --END-- [ RunTime:0.000828s ]

[ 2017-07-23T10:26:16+08:00 ] ::1 /speed/index.php/Home/Index/userUpdatado
INFO: [ app_init ] --START--
INFO: Run Behavior\BuildLiteBehavior [ RunTime:0.000020s ]
INFO: [ app_init ] --END-- [ RunTime:0.000490s ]
INFO: [ app_begin ] --START--
INFO: Run Behavior\ReadHtmlCacheBehavior [ RunTime:0.000864s ]
INFO: [ app_begin ] --END-- [ RunTime:0.000948s ]
SQL: SHOW COLUMNS FROM `think_userinfo` [ RunTime:0.0253s ]
SQL: UPDATE `think_userinfo` SET `user_name`='ma',`user_realName`='mabb',`user_phone`='13268050404',`user_idNumber`='440582199612295896',`user_email`='1234@163.com',`user_gender`='女',`user_state`='可用',`user_credit`='1' WHERE `user_id` = 4 [ RunTime:0.0799s ]
INFO: [ app_end ] --START--
INFO: Run Behavior\ShowPageTraceBehavior [ RunTime:0.003624s ]
INFO: [ app_end ] --END-- [ RunTime:0.003932s ]

[ 2017-07-23T10:26:17+08:00 ] ::1 /speed/index.php/Home/index
INFO: [ app_init ] --START--
INFO: Run Behavior\BuildLiteBehavior [ RunTime:0.000020s ]
INFO: [ app_init ] --END-- [ RunTime:0.000499s ]
INFO: [ app_begin ] --START--
INFO: Run Behavior\ReadHtmlCacheBehavior [ RunTime:0.001440s ]
INFO: [ app_begin ] --END-- [ RunTime:0.001616s ]
SQL: SHOW COLUMNS FROM `think_userinfo` [ RunTime:0.0143s ]
SQL: SELECT * FROM `think_userinfo`  [ RunTime:0.0009s ]
INFO: [ view_parse ] --START--
INFO: [ template_filter ] --START--
INFO: Run Behavior\ContentReplaceBehavior [ RunTime:0.000521s ]
INFO: [ template_filter ] --END-- [ RunTime:0.000754s ]
NOTIC: [8] A session had already been started - ignoring session_start() C:\wamp\www\speed\Application\Runtime\Cache\Home\2a94b8bda04ff446dcedd42276fc99ee.php 第 110 行.
NOTIC: [8] A session had already been started - ignoring session_start() C:\wamp\www\speed\Application\Runtime\Cache\Home\2a94b8bda04ff446dcedd42276fc99ee.php 第 268 行.
INFO: Run Behavior\ParseTemplateBehavior [ RunTime:0.041181s ]
INFO: [ view_parse ] --END-- [ RunTime:0.041373s ]
INFO: [ view_filter ] --START--
INFO: Run Behavior\WriteHtmlCacheBehavior [ RunTime:0.001082s ]
INFO: [ view_filter ] --END-- [ RunTime:0.001246s ]
INFO: [ app_end ] --START--
INFO: Run Behavior\ShowPageTraceBehavior [ RunTime:0.001133s ]
INFO: [ app_end ] --END-- [ RunTime:0.001225s ]

[ 2017-07-23T10:26:17+08:00 ] ::1 /speed/index.php/Home/images/img.jpg
INFO: [ app_init ] --START--
INFO: Run Behavior\BuildLiteBehavior [ RunTime:0.000059s ]
INFO: [ app_init ] --END-- [ RunTime:0.001113s ]

[ 2017-07-23T10:35:21+08:00 ] ::1 /speed/index.php/Home/upload
INFO: [ app_init ] --START--
INFO: Run Behavior\BuildLiteBehavior [ RunTime:0.000020s ]
INFO: [ app_init ] --END-- [ RunTime:0.000606s ]
INFO: [ app_begin ] --START--
INFO: Run Behavior\ReadHtmlCacheBehavior [ RunTime:0.001015s ]
INFO: [ app_begin ] --END-- [ RunTime:0.001106s ]
ERR: 无法加载控制器:Upload

[ 2017-07-23T10:48:03+08:00 ] ::1 /speed/index.php/Home/upload
INFO: [ app_init ] --START--
INFO: Run Behavior\BuildLiteBehavior [ RunTime:0.000037s ]
INFO: [ app_init ] --END-- [ RunTime:0.000905s ]
INFO: [ app_begin ] --START--
INFO: Run Behavior\ReadHtmlCacheBehavior [ RunTime:0.001224s ]
INFO: [ app_begin ] --END-- [ RunTime:0.001336s ]

[ 2017-07-23T10:48:42+08:00 ] ::1 /speed/index.php/Home/upload
INFO: [ app_init ] --START--
INFO: Run Behavior\BuildLiteBehavior [ RunTime:0.000020s ]
INFO: [ app_init ] --END-- [ RunTime:0.000576s ]
INFO: [ app_begin ] --START--
INFO: Run Behavior\ReadHtmlCacheBehavior [ RunTime:0.001068s ]
INFO: [ app_begin ] --END-- [ RunTime:0.001170s ]

[ 2017-07-23T10:48:55+08:00 ] ::1 /speed/index.php/Home/upload
INFO: [ app_init ] --START--
INFO: Run Behavior\BuildLiteBehavior [ RunTime:0.000025s ]
INFO: [ app_init ] --END-- [ RunTime:0.000617s ]
INFO: [ app_begin ] --START--
INFO: Run Behavior\ReadHtmlCacheBehavior [ RunTime:0.001057s ]
INFO: [ app_begin ] --END-- [ RunTime:0.001192s ]

[ 2017-07-23T10:50:01+08:00 ] ::1 /speed/index.php/Home/upload
INFO: [ app_init ] --START--
INFO: Run Behavior\BuildLiteBehavior [ RunTime:0.000031s ]
INFO: [ app_init ] --END-- [ RunTime:0.000606s ]
INFO: [ app_begin ] --START--
INFO: Run Behavior\ReadHtmlCacheBehavior [ RunTime:0.001161s ]
INFO: [ app_begin ] --END-- [ RunTime:0.001247s ]

[ 2017-07-23T10:50:20+08:00 ] ::1 /speed/index.php/Home/upload
INFO: [ app_init ] --START--
INFO: Run Behavior\BuildLiteBehavior [ RunTime:0.000020s ]
INFO: [ app_init ] --END-- [ RunTime:0.000495s ]
INFO: [ app_begin ] --START--
INFO: Run Behavior\ReadHtmlCacheBehavior [ RunTime:0.001149s ]
INFO: [ app_begin ] --END-- [ RunTime:0.001277s ]

[ 2017-07-23T10:56:23+08:00 ] ::1 /speed/index.php/Home/upload
INFO: [ app_init ] --START--
INFO: Run Behavior\BuildLiteBehavior [ RunTime:0.000020s ]
INFO: [ app_init ] --END-- [ RunTime:0.000549s ]
INFO: [ app_begin ] --START--
INFO: Run Behavior\ReadHtmlCacheBehavior [ RunTime:0.000928s ]
INFO: [ app_begin ] --END-- [ RunTime:0.001066s ]
ERR: 无法加载控制器:Upload

[ 2017-07-23T10:57:18+08:00 ] ::1 /speed/index.php/Home/upload
INFO: [ app_init ] --START--
INFO: Run Behavior\BuildLiteBehavior [ RunTime:0.000019s ]
INFO: [ app_init ] --END-- [ RunTime:0.000503s ]
INFO: [ app_begin ] --START--
INFO: Run Behavior\ReadHtmlCacheBehavior [ RunTime:0.000927s ]
INFO: [ app_begin ] --END-- [ RunTime:0.001012s ]

[ 2017-07-23T10:57:37+08:00 ] ::1 /speed/index.php/Home/upload
INFO: [ app_init ] --START--
INFO: Run Behavior\BuildLiteBehavior [ RunTime:0.000019s ]
INFO: [ app_init ] --END-- [ RunTime:0.000513s ]
INFO: [ app_begin ] --START--
INFO: Run Behavior\ReadHtmlCacheBehavior [ RunTime:0.000881s ]
INFO: [ app_begin ] --END-- [ RunTime:0.000962s ]
INFO: [ view_parse ] --START--
INFO: [ template_filter ] --START--
INFO: Run Behavior\ContentReplaceBehavior [ RunTime:0.000071s ]
INFO: [ template_filter ] --END-- [ RunTime:0.000152s ]
INFO: Run Behavior\ParseTemplateBehavior [ RunTime:0.011102s ]
INFO: [ view_parse ] --END-- [ RunTime:0.011231s ]
INFO: [ view_filter ] --START--
INFO: Run Behavior\WriteHtmlCacheBehavior [ RunTime:0.000651s ]
INFO: [ view_filter ] --END-- [ RunTime:0.000720s ]
INFO: [ app_end ] --START--
INFO: Run Behavior\ShowPageTraceBehavior [ RunTime:0.000896s ]
INFO: [ app_end ] --END-- [ RunTime:0.000967s ]

[ 2017-07-23T11:01:00+08:00 ] ::1 /speed/index.php/Home/upload
INFO: [ app_init ] --START--
INFO: Run Behavior\BuildLiteBehavior [ RunTime:0.000022s ]
INFO: [ app_init ] --END-- [ RunTime:0.000727s ]
INFO: [ app_begin ] --START--
INFO: Run Behavior\ReadHtmlCacheBehavior [ RunTime:0.000951s ]
INFO: [ app_begin ] --END-- [ RunTime:0.001037s ]
INFO: [ view_parse ] --START--
INFO: [ template_filter ] --START--
INFO: Run Behavior\ContentReplaceBehavior [ RunTime:0.000100s ]
INFO: [ template_filter ] --END-- [ RunTime:0.000180s ]
INFO: Run Behavior\ParseTemplateBehavior [ RunTime:0.010293s ]
INFO: [ view_parse ] --END-- [ RunTime:0.010397s ]
INFO: [ view_filter ] --START--
INFO: Run Behavior\WriteHtmlCacheBehavior [ RunTime:0.000679s ]
INFO: [ view_filter ] --END-- [ RunTime:0.000747s ]
INFO: [ app_end ] --START--
INFO: Run Behavior\ShowPageTraceBehavior [ RunTime:0.000969s ]
INFO: [ app_end ] --END-- [ RunTime:0.001045s ]

[ 2017-07-23T11:01:26+08:00 ] ::1 /speed/index.php/Home/upload
INFO: [ app_init ] --START--
INFO: Run Behavior\BuildLiteBehavior [ RunTime:0.000029s ]
INFO: [ app_init ] --END-- [ RunTime:0.000507s ]
INFO: [ app_begin ] --START--
INFO: Run Behavior\ReadHtmlCacheBehavior [ RunTime:0.001130s ]
INFO: [ app_begin ] --END-- [ RunTime:0.001219s ]
INFO: [ view_parse ] --START--
INFO: [ template_filter ] --START--
INFO: Run Behavior\ContentReplaceBehavior [ RunTime:0.000082s ]
INFO: [ template_filter ] --END-- [ RunTime:0.000163s ]
INFO: Run Behavior\ParseTemplateBehavior [ RunTime:0.011561s ]
INFO: [ view_parse ] --END-- [ RunTime:0.011679s ]
INFO: [ view_filter ] --START--
INFO: Run Behavior\WriteHtmlCacheBehavior [ RunTime:0.000914s ]
INFO: [ view_filter ] --END-- [ RunTime:0.001007s ]
INFO: [ app_end ] --START--
INFO: Run Behavior\ShowPageTraceBehavior [ RunTime:0.001228s ]
INFO: [ app_end ] --END-- [ RunTime:0.001312s ]

[ 2017-07-23T11:02:56+08:00 ] ::1 /speed/index.php/Home/upload
INFO: [ app_init ] --START--
INFO: Run Behavior\BuildLiteBehavior [ RunTime:0.000019s ]
INFO: [ app_init ] --END-- [ RunTime:0.000482s ]
INFO: [ app_begin ] --START--
INFO: Run Behavior\ReadHtmlCacheBehavior [ RunTime:0.001067s ]
INFO: [ app_begin ] --END-- [ RunTime:0.001171s ]
INFO: [ view_parse ] --START--
INFO: [ template_filter ] --START--
INFO: Run Behavior\ContentReplaceBehavior [ RunTime:0.000082s ]
INFO: [ template_filter ] --END-- [ RunTime:0.000162s ]
INFO: Run Behavior\ParseTemplateBehavior [ RunTime:0.010762s ]
INFO: [ view_parse ] --END-- [ RunTime:0.010847s ]
INFO: [ view_filter ] --START--
INFO: Run Behavior\WriteHtmlCacheBehavior [ RunTime:0.000819s ]
INFO: [ view_filter ] --END-- [ RunTime:0.000888s ]
INFO: [ app_end ] --START--
INFO: Run Behavior\ShowPageTraceBehavior [ RunTime:0.001151s ]
INFO: [ app_end ] --END-- [ RunTime:0.001230s ]

[ 2017-07-23T11:04:12+08:00 ] ::1 /speed/index.php/Home/upload
INFO: [ app_init ] --START--
INFO: Run Behavior\BuildLiteBehavior [ RunTime:0.000024s ]
INFO: [ app_init ] --END-- [ RunTime:0.000576s ]
INFO: [ app_begin ] --START--
INFO: Run Behavior\ReadHtmlCacheBehavior [ RunTime:0.001077s ]
INFO: [ app_begin ] --END-- [ RunTime:0.001186s ]
INFO: [ view_parse ] --START--
INFO: [ template_filter ] --START--
INFO: Run Behavior\ContentReplaceBehavior [ RunTime:0.000087s ]
INFO: [ template_filter ] --END-- [ RunTime:0.000196s ]
INFO: Run Behavior\ParseTemplateBehavior [ RunTime:0.012246s ]
INFO: [ view_parse ] --END-- [ RunTime:0.012399s ]
INFO: [ view_filter ] --START--
INFO: Run Behavior\WriteHtmlCacheBehavior [ RunTime:0.000595s ]
INFO: [ view_filter ] --END-- [ RunTime:0.000677s ]
INFO: [ app_end ] --START--
INFO: Run Behavior\ShowPageTraceBehavior [ RunTime:0.000874s ]
INFO: [ app_end ] --END-- [ RunTime:0.000955s ]

[ 2017-07-23T11:04:14+08:00 ] ::1 /speed/index.php/Home/upload
INFO: [ app_init ] --START--
INFO: Run Behavior\BuildLiteBehavior [ RunTime:0.000018s ]
INFO: [ app_init ] --END-- [ RunTime:0.000408s ]
INFO: [ app_begin ] --START--
INFO: Run Behavior\ReadHtmlCacheBehavior [ RunTime:0.001553s ]
INFO: [ app_begin ] --END-- [ RunTime:0.001715s ]
INFO: [ view_parse ] --START--
INFO: [ template_filter ] --START--
INFO: Run Behavior\ContentReplaceBehavior [ RunTime:0.000087s ]
INFO: [ template_filter ] --END-- [ RunTime:0.000174s ]
INFO: Run Behavior\ParseTemplateBehavior [ RunTime:0.009445s ]
INFO: [ view_parse ] --END-- [ RunTime:0.009533s ]
INFO: [ view_filter ] --START--
INFO: Run Behavior\WriteHtmlCacheBehavior [ RunTime:0.000690s ]
INFO: [ view_filter ] --END-- [ RunTime:0.000761s ]
INFO: [ app_end ] --START--
INFO: Run Behavior\ShowPageTraceBehavior [ RunTime:0.001131s ]
INFO: [ app_end ] --END-- [ RunTime:0.001295s ]

[ 2017-07-23T11:06:52+08:00 ] ::1 /speed/index.php/Home/upload
INFO: [ app_init ] --START--
INFO: Run Behavior\BuildLiteBehavior [ RunTime:0.000035s ]
INFO: [ app_init ] --END-- [ RunTime:0.000887s ]
INFO: [ app_begin ] --START--
INFO: Run Behavior\ReadHtmlCacheBehavior [ RunTime:0.001312s ]
INFO: [ app_begin ] --END-- [ RunTime:0.001439s ]
INFO: [ view_parse ] --START--
INFO: [ template_filter ] --START--
INFO: Run Behavior\ContentReplaceBehavior [ RunTime:0.000124s ]
INFO: [ template_filter ] --END-- [ RunTime:0.000336s ]
INFO: Run Behavior\ParseTemplateBehavior [ RunTime:0.011472s ]
INFO: [ view_parse ] --END-- [ RunTime:0.011567s ]
INFO: [ view_filter ] --START--
INFO: Run Behavior\WriteHtmlCacheBehavior [ RunTime:0.000698s ]
INFO: [ view_filter ] --END-- [ RunTime:0.000772s ]
INFO: [ app_end ] --START--
INFO: Run Behavior\ShowPageTraceBehavior [ RunTime:0.000990s ]
INFO: [ app_end ] --END-- [ RunTime:0.001070s ]

