[ 2017-05-19T14:31:11+08:00 ] ::1 /speed/Home/index
INFO: [ app_init ] --START--
INFO: Run Behavior\BuildLiteBehavior [ RunTime:0.000071s ]
INFO: [ app_init ] --END-- [ RunTime:0.001563s ]
INFO: [ app_begin ] --START--
INFO: Run Behavior\ReadHtmlCacheBehavior [ RunTime:0.002940s ]
INFO: [ app_begin ] --END-- [ RunTime:0.003276s ]
SQL: SHOW COLUMNS FROM `think_administrators` [ RunTime:0.0164s ]
SQL: SELECT * FROM `think_administrators`  [ RunTime:0.0007s ]
INFO: [ view_parse ] --START--
INFO: [ template_filter ] --START--
INFO: Run Behavior\ContentReplaceBehavior [ RunTime:0.000316s ]
INFO: [ template_filter ] --END-- [ RunTime:0.000571s ]
INFO: Run Behavior\ParseTemplateBehavior [ RunTime:0.032941s ]
INFO: [ view_parse ] --END-- [ RunTime:0.033205s ]
INFO: [ view_filter ] --START--
INFO: Run Behavior\WriteHtmlCacheBehavior [ RunTime:0.001081s ]
INFO: [ view_filter ] --END-- [ RunTime:0.001295s ]
INFO: [ app_end ] --START--
INFO: Run Behavior\ShowPageTraceBehavior [ RunTime:0.002505s ]
INFO: [ app_end ] --END-- [ RunTime:0.002780s ]

[ 2017-05-19T14:31:11+08:00 ] ::1 /speed/Home/images/img.jpg
INFO: [ app_init ] --START--
INFO: Run Behavior\BuildLiteBehavior [ RunTime:0.000059s ]
INFO: [ app_init ] --END-- [ RunTime:0.001392s ]

[ 2017-05-19T14:31:19+08:00 ] ::1 /speed/Home/login
INFO: [ app_init ] --START--
INFO: Run Behavior\BuildLiteBehavior [ RunTime:0.000058s ]
INFO: [ app_init ] --END-- [ RunTime:0.001172s ]
INFO: [ app_begin ] --START--
INFO: Run Behavior\ReadHtmlCacheBehavior [ RunTime:0.005739s ]
INFO: [ app_begin ] --END-- [ RunTime:0.006017s ]
INFO: [ view_parse ] --START--
INFO: [ template_filter ] --START--
INFO: Run Behavior\ContentReplaceBehavior [ RunTime:0.000181s ]
INFO: [ template_filter ] --END-- [ RunTime:0.000399s ]
INFO: Run Behavior\ParseTemplateBehavior [ RunTime:0.026651s ]
INFO: [ view_parse ] --END-- [ RunTime:0.026904s ]
INFO: [ view_filter ] --START--
INFO: Run Behavior\WriteHtmlCacheBehavior [ RunTime:0.000977s ]
INFO: [ view_filter ] --END-- [ RunTime:0.001165s ]
INFO: [ app_end ] --START--
INFO: Run Behavior\ShowPageTraceBehavior [ RunTime:0.001775s ]
INFO: [ app_end ] --END-- [ RunTime:0.001977s ]

[ 2017-05-19T14:31:32+08:00 ] ::1 /speed/index.php/Home/Login/Logindo
INFO: [ app_init ] --START--
INFO: Run Behavior\BuildLiteBehavior [ RunTime:0.000058s ]
INFO: [ app_init ] --END-- [ RunTime:0.001171s ]
INFO: [ app_begin ] --START--
INFO: Run Behavior\ReadHtmlCacheBehavior [ RunTime:0.001775s ]
INFO: [ app_begin ] --END-- [ RunTime:0.002063s ]
SQL: SHOW COLUMNS FROM `think_administratorsregister` [ RunTime:0.2225s ]
SQL: SELECT * FROM `think_administratorsregister` WHERE `administrators_name` = 'admin' AND `administrators_password` = '123456789' LIMIT 1   [ RunTime:0.0011s ]
INFO: [ view_parse ] --START--
INFO: [ template_filter ] --START--
INFO: Run Behavior\ContentReplaceBehavior [ RunTime:0.000137s ]
INFO: [ template_filter ] --END-- [ RunTime:0.000368s ]
INFO: Run Behavior\ParseTemplateBehavior [ RunTime:0.019241s ]
INFO: [ view_parse ] --END-- [ RunTime:0.019656s ]
INFO: [ view_filter ] --START--
INFO: Run Behavior\WriteHtmlCacheBehavior [ RunTime:0.000989s ]
INFO: [ view_filter ] --END-- [ RunTime:0.001212s ]

[ 2017-05-19T14:32:02+08:00 ] ::1 /speed/index.php/Home/Login/Logindo
INFO: [ app_init ] --START--
INFO: Run Behavior\BuildLiteBehavior [ RunTime:0.000059s ]
INFO: [ app_init ] --END-- [ RunTime:0.001927s ]
INFO: [ app_begin ] --START--
INFO: Run Behavior\ReadHtmlCacheBehavior [ RunTime:0.004704s ]
INFO: [ app_begin ] --END-- [ RunTime:0.004984s ]
SQL: SHOW COLUMNS FROM `think_administratorsregister` [ RunTime:0.0126s ]
SQL: SELECT * FROM `think_administratorsregister` WHERE `administrators_name` = 'fucking' AND `administrators_password` = '13456789' LIMIT 1   [ RunTime:0.0011s ]
INFO: [ view_parse ] --START--
INFO: [ template_filter ] --START--
INFO: Run Behavior\ContentReplaceBehavior [ RunTime:0.000144s ]
INFO: [ template_filter ] --END-- [ RunTime:0.000385s ]
INFO: Run Behavior\ParseTemplateBehavior [ RunTime:0.030071s ]
INFO: [ view_parse ] --END-- [ RunTime:0.030353s ]
INFO: [ view_filter ] --START--
INFO: Run Behavior\WriteHtmlCacheBehavior [ RunTime:0.003581s ]
INFO: [ view_filter ] --END-- [ RunTime:0.003807s ]

[ 2017-05-19T14:32:34+08:00 ] ::1 /speed/Home/login
INFO: [ app_init ] --START--
INFO: Run Behavior\BuildLiteBehavior [ RunTime:0.000074s ]
INFO: [ app_init ] --END-- [ RunTime:0.002538s ]
INFO: [ app_begin ] --START--
INFO: Run Behavior\ReadHtmlCacheBehavior [ RunTime:0.003728s ]
INFO: [ app_begin ] --END-- [ RunTime:0.003977s ]
INFO: [ view_parse ] --START--
INFO: [ template_filter ] --START--
INFO: Run Behavior\ContentReplaceBehavior [ RunTime:0.000236s ]
INFO: [ template_filter ] --END-- [ RunTime:0.000546s ]
INFO: Run Behavior\ParseTemplateBehavior [ RunTime:0.031012s ]
INFO: [ view_parse ] --END-- [ RunTime:0.031273s ]
INFO: [ view_filter ] --START--
INFO: Run Behavior\WriteHtmlCacheBehavior [ RunTime:0.003478s ]
INFO: [ view_filter ] --END-- [ RunTime:0.003704s ]
INFO: [ app_end ] --START--
INFO: Run Behavior\ShowPageTraceBehavior [ RunTime:0.004343s ]
INFO: [ app_end ] --END-- [ RunTime:0.004579s ]

[ 2017-05-19T14:32:45+08:00 ] ::1 /speed/index.php/Home/Login/Logindo
INFO: [ app_init ] --START--
INFO: Run Behavior\BuildLiteBehavior [ RunTime:0.000067s ]
INFO: [ app_init ] --END-- [ RunTime:0.003223s ]
INFO: [ app_begin ] --START--
INFO: Run Behavior\ReadHtmlCacheBehavior [ RunTime:0.004150s ]
INFO: [ app_begin ] --END-- [ RunTime:0.004438s ]
SQL: SHOW COLUMNS FROM `think_administratorsregister` [ RunTime:0.0077s ]
SQL: SELECT * FROM `think_administratorsregister` WHERE `administrators_name` = 'fucking' AND `administrators_password` = '123456789' LIMIT 1   [ RunTime:0.0008s ]
INFO: [ app_end ] --START--
INFO: Run Behavior\ShowPageTraceBehavior [ RunTime:0.004195s ]
INFO: [ app_end ] --END-- [ RunTime:0.004447s ]

[ 2017-05-19T14:32:50+08:00 ] ::1 /speed/Home/index
INFO: [ app_init ] --START--
INFO: Run Behavior\BuildLiteBehavior [ RunTime:0.000063s ]
INFO: [ app_init ] --END-- [ RunTime:0.001911s ]
INFO: [ app_begin ] --START--
INFO: Run Behavior\ReadHtmlCacheBehavior [ RunTime:0.004999s ]
INFO: [ app_begin ] --END-- [ RunTime:0.005273s ]
SQL: SHOW COLUMNS FROM `think_administrators` [ RunTime:0.0080s ]
SQL: SELECT * FROM `think_administrators`  [ RunTime:0.0007s ]
INFO: [ view_parse ] --START--
INFO: [ template_filter ] --START--
INFO: Run Behavior\ContentReplaceBehavior [ RunTime:0.000320s ]
INFO: [ template_filter ] --END-- [ RunTime:0.000614s ]
INFO: Run Behavior\ParseTemplateBehavior [ RunTime:0.041335s ]
INFO: [ view_parse ] --END-- [ RunTime:0.041597s ]
INFO: [ view_filter ] --START--
INFO: Run Behavior\WriteHtmlCacheBehavior [ RunTime:0.003077s ]
INFO: [ view_filter ] --END-- [ RunTime:0.003299s ]
INFO: [ app_end ] --START--
INFO: Run Behavior\ShowPageTraceBehavior [ RunTime:0.004622s ]
INFO: [ app_end ] --END-- [ RunTime:0.004867s ]

[ 2017-05-19T14:32:51+08:00 ] ::1 /speed/Home/images/img.jpg
INFO: [ app_init ] --START--
INFO: Run Behavior\BuildLiteBehavior [ RunTime:0.000086s ]
INFO: [ app_init ] --END-- [ RunTime:0.002108s ]

[ 2017-05-19T14:32:56+08:00 ] ::1 /speed/Home/admin
INFO: [ app_init ] --START--
INFO: Run Behavior\BuildLiteBehavior [ RunTime:0.000065s ]
INFO: [ app_init ] --END-- [ RunTime:0.001959s ]
INFO: [ app_begin ] --START--
INFO: Run Behavior\ReadHtmlCacheBehavior [ RunTime:0.004206s ]
INFO: [ app_begin ] --END-- [ RunTime:0.004504s ]
NOTIC: [2] include(Home\Conf\config.php): failed to open stream: No such file or directory C:\wamp\www\speed\Application\Home\Controller\AdminController.class.php 第 4 行.
NOTIC: [2] include(): Failed opening 'Home\Conf\config.php' for inclusion (include_path='.;C:\php\pear') C:\wamp\www\speed\Application\Home\Controller\AdminController.class.php 第 4 行.
SQL: SHOW COLUMNS FROM `think_administrators` [ RunTime:0.0108s ]
SQL: SELECT * FROM `think_administrators`  [ RunTime:0.0008s ]
INFO: [ view_parse ] --START--
INFO: [ template_filter ] --START--
INFO: Run Behavior\ContentReplaceBehavior [ RunTime:0.000437s ]
INFO: [ template_filter ] --END-- [ RunTime:0.000755s ]
INFO: Run Behavior\ParseTemplateBehavior [ RunTime:0.055015s ]
INFO: [ view_parse ] --END-- [ RunTime:0.055459s ]
INFO: [ view_filter ] --START--
INFO: Run Behavior\WriteHtmlCacheBehavior [ RunTime:0.003735s ]
INFO: [ view_filter ] --END-- [ RunTime:0.004093s ]
INFO: [ app_end ] --START--
INFO: Run Behavior\ShowPageTraceBehavior [ RunTime:0.004966s ]
INFO: [ app_end ] --END-- [ RunTime:0.005262s ]

[ 2017-05-19T14:32:56+08:00 ] ::1 /speed/Home/images/img.jpg
INFO: [ app_init ] --START--
INFO: Run Behavior\BuildLiteBehavior [ RunTime:0.000061s ]
INFO: [ app_init ] --END-- [ RunTime:0.001595s ]

[ 2017-05-19T14:32:57+08:00 ] ::1 /speed/Home/images/img.jpg
INFO: [ app_init ] --START--
INFO: Run Behavior\BuildLiteBehavior [ RunTime:0.000068s ]
INFO: [ app_init ] --END-- [ RunTime:0.002343s ]

[ 2017-05-19T14:33:56+08:00 ] ::1 /speed/index.php/Home/Admin/Adddo
INFO: [ app_init ] --START--
INFO: Run Behavior\BuildLiteBehavior [ RunTime:0.000072s ]
INFO: [ app_init ] --END-- [ RunTime:0.001407s ]
INFO: [ app_begin ] --START--
INFO: Run Behavior\ReadHtmlCacheBehavior [ RunTime:0.002361s ]
INFO: [ app_begin ] --END-- [ RunTime:0.002643s ]
NOTIC: [2] include(Home\Conf\config.php): failed to open stream: No such file or directory C:\wamp\www\speed\Application\Home\Controller\AdminController.class.php 第 4 行.
NOTIC: [2] include(): Failed opening 'Home\Conf\config.php' for inclusion (include_path='.;C:\php\pear') C:\wamp\www\speed\Application\Home\Controller\AdminController.class.php 第 4 行.
SQL: SHOW COLUMNS FROM `think_administratorsregister` [ RunTime:0.0088s ]
SQL: INSERT INTO `think_administratorsregister` (`administrators_name`,`administrators_password`,`administrators_phone`,`administrators_email`,`administrators_idNumber`) VALUES ('陈雅丽','123456','121212121212','1212121212','1212121212') [ RunTime:0.1291s ]
INFO: [ app_end ] --START--
INFO: Run Behavior\ShowPageTraceBehavior [ RunTime:0.002716s ]
INFO: [ app_end ] --END-- [ RunTime:0.002982s ]

[ 2017-05-19T14:33:58+08:00 ] ::1 /speed/Home/admin
INFO: [ app_init ] --START--
INFO: Run Behavior\BuildLiteBehavior [ RunTime:0.000067s ]
INFO: [ app_init ] --END-- [ RunTime:0.001345s ]
INFO: [ app_begin ] --START--
INFO: Run Behavior\ReadHtmlCacheBehavior [ RunTime:0.002189s ]
INFO: [ app_begin ] --END-- [ RunTime:0.002446s ]
NOTIC: [2] include(Home\Conf\config.php): failed to open stream: No such file or directory C:\wamp\www\speed\Application\Home\Controller\AdminController.class.php 第 4 行.
NOTIC: [2] include(): Failed opening 'Home\Conf\config.php' for inclusion (include_path='.;C:\php\pear') C:\wamp\www\speed\Application\Home\Controller\AdminController.class.php 第 4 行.
SQL: SHOW COLUMNS FROM `think_administrators` [ RunTime:0.0084s ]
SQL: SELECT * FROM `think_administrators`  [ RunTime:0.0007s ]
INFO: [ view_parse ] --START--
INFO: [ template_filter ] --START--
INFO: Run Behavior\ContentReplaceBehavior [ RunTime:0.000448s ]
INFO: [ template_filter ] --END-- [ RunTime:0.000721s ]
INFO: Run Behavior\ParseTemplateBehavior [ RunTime:0.052335s ]
INFO: [ view_parse ] --END-- [ RunTime:0.052601s ]
INFO: [ view_filter ] --START--
INFO: Run Behavior\WriteHtmlCacheBehavior [ RunTime:0.001345s ]
INFO: [ view_filter ] --END-- [ RunTime:0.001565s ]
INFO: [ app_end ] --START--
INFO: Run Behavior\ShowPageTraceBehavior [ RunTime:0.002230s ]
INFO: [ app_end ] --END-- [ RunTime:0.002457s ]

[ 2017-05-19T14:33:59+08:00 ] ::1 /speed/Home/images/img.jpg
INFO: [ app_init ] --START--
INFO: Run Behavior\BuildLiteBehavior [ RunTime:0.000066s ]
INFO: [ app_init ] --END-- [ RunTime:0.001344s ]

[ 2017-05-19T14:34:10+08:00 ] ::1 /speed/index.php/Home/Admin/Updatado
INFO: [ app_init ] --START--
INFO: Run Behavior\BuildLiteBehavior [ RunTime:0.000074s ]
INFO: [ app_init ] --END-- [ RunTime:0.001612s ]
INFO: [ app_begin ] --START--
INFO: Run Behavior\ReadHtmlCacheBehavior [ RunTime:0.002572s ]
INFO: [ app_begin ] --END-- [ RunTime:0.002867s ]
NOTIC: [2] include(Home\Conf\config.php): failed to open stream: No such file or directory C:\wamp\www\speed\Application\Home\Controller\AdminController.class.php 第 4 行.
NOTIC: [2] include(): Failed opening 'Home\Conf\config.php' for inclusion (include_path='.;C:\php\pear') C:\wamp\www\speed\Application\Home\Controller\AdminController.class.php 第 4 行.
SQL: SHOW COLUMNS FROM `think_administrators` [ RunTime:0.0084s ]
SQL: UPDATE `think_administrators` SET `administrators_phone`='121212121212',`administrators_email`='1212121212',`administrators_sex`='女',`administrators_jurisdiction`='超级管理员',`administrators_state`='不可用' WHERE `administrators_id` = 30 [ RunTime:0.1601s ]
INFO: [ app_end ] --START--
INFO: Run Behavior\ShowPageTraceBehavior [ RunTime:0.002496s ]
INFO: [ app_end ] --END-- [ RunTime:0.002756s ]

[ 2017-05-19T14:34:12+08:00 ] ::1 /speed/Home/admin
INFO: [ app_init ] --START--
INFO: Run Behavior\BuildLiteBehavior [ RunTime:0.000069s ]
INFO: [ app_init ] --END-- [ RunTime:0.001481s ]
INFO: [ app_begin ] --START--
INFO: Run Behavior\ReadHtmlCacheBehavior [ RunTime:0.002188s ]
INFO: [ app_begin ] --END-- [ RunTime:0.002448s ]
NOTIC: [2] include(Home\Conf\config.php): failed to open stream: No such file or directory C:\wamp\www\speed\Application\Home\Controller\AdminController.class.php 第 4 行.
NOTIC: [2] include(): Failed opening 'Home\Conf\config.php' for inclusion (include_path='.;C:\php\pear') C:\wamp\www\speed\Application\Home\Controller\AdminController.class.php 第 4 行.
SQL: SHOW COLUMNS FROM `think_administrators` [ RunTime:0.0079s ]
SQL: SELECT * FROM `think_administrators`  [ RunTime:0.0007s ]
INFO: [ view_parse ] --START--
INFO: [ template_filter ] --START--
INFO: Run Behavior\ContentReplaceBehavior [ RunTime:0.000449s ]
INFO: [ template_filter ] --END-- [ RunTime:0.000725s ]
INFO: Run Behavior\ParseTemplateBehavior [ RunTime:0.045910s ]
INFO: [ view_parse ] --END-- [ RunTime:0.046163s ]
INFO: [ view_filter ] --START--
INFO: Run Behavior\WriteHtmlCacheBehavior [ RunTime:0.001295s ]
INFO: [ view_filter ] --END-- [ RunTime:0.001514s ]
INFO: [ app_end ] --START--
INFO: Run Behavior\ShowPageTraceBehavior [ RunTime:0.002500s ]
INFO: [ app_end ] --END-- [ RunTime:0.002779s ]

[ 2017-05-19T14:34:12+08:00 ] ::1 /speed/Home/images/img.jpg
INFO: [ app_init ] --START--
INFO: Run Behavior\BuildLiteBehavior [ RunTime:0.000068s ]
INFO: [ app_init ] --END-- [ RunTime:0.001342s ]

[ 2017-05-19T14:34:22+08:00 ] ::1 /speed/index.php/Home/Admin/delete/administrators_id/30
INFO: [ app_init ] --START--
INFO: Run Behavior\BuildLiteBehavior [ RunTime:0.000071s ]
INFO: [ app_init ] --END-- [ RunTime:0.001704s ]
INFO: [ app_begin ] --START--
INFO: Run Behavior\ReadHtmlCacheBehavior [ RunTime:0.002380s ]
INFO: [ app_begin ] --END-- [ RunTime:0.002675s ]
NOTIC: [2] include(Home\Conf\config.php): failed to open stream: No such file or directory C:\wamp\www\speed\Application\Home\Controller\AdminController.class.php 第 4 行.
NOTIC: [2] include(): Failed opening 'Home\Conf\config.php' for inclusion (include_path='.;C:\php\pear') C:\wamp\www\speed\Application\Home\Controller\AdminController.class.php 第 4 行.
SQL: SHOW COLUMNS FROM `think_administrators` [ RunTime:0.0087s ]
SQL: DELETE FROM `think_administrators` WHERE ( administrators_id =30 ) [ RunTime:0.1324s ]
INFO: [ app_end ] --START--
INFO: Run Behavior\ShowPageTraceBehavior [ RunTime:0.002486s ]
INFO: [ app_end ] --END-- [ RunTime:0.002746s ]

[ 2017-05-19T14:34:24+08:00 ] ::1 /speed/Home/admin
INFO: [ app_init ] --START--
INFO: Run Behavior\BuildLiteBehavior [ RunTime:0.000068s ]
INFO: [ app_init ] --END-- [ RunTime:0.001355s ]
INFO: [ app_begin ] --START--
INFO: Run Behavior\ReadHtmlCacheBehavior [ RunTime:0.002201s ]
INFO: [ app_begin ] --END-- [ RunTime:0.002465s ]
NOTIC: [2] include(Home\Conf\config.php): failed to open stream: No such file or directory C:\wamp\www\speed\Application\Home\Controller\AdminController.class.php 第 4 行.
NOTIC: [2] include(): Failed opening 'Home\Conf\config.php' for inclusion (include_path='.;C:\php\pear') C:\wamp\www\speed\Application\Home\Controller\AdminController.class.php 第 4 行.
SQL: SHOW COLUMNS FROM `think_administrators` [ RunTime:0.0080s ]
SQL: SELECT * FROM `think_administrators`  [ RunTime:0.0007s ]
INFO: [ view_parse ] --START--
INFO: [ template_filter ] --START--
INFO: Run Behavior\ContentReplaceBehavior [ RunTime:0.000432s ]
INFO: [ template_filter ] --END-- [ RunTime:0.000708s ]
INFO: Run Behavior\ParseTemplateBehavior [ RunTime:0.045067s ]
INFO: [ view_parse ] --END-- [ RunTime:0.045323s ]
INFO: [ view_filter ] --START--
INFO: Run Behavior\WriteHtmlCacheBehavior [ RunTime:0.001303s ]
INFO: [ view_filter ] --END-- [ RunTime:0.001522s ]
INFO: [ app_end ] --START--
INFO: Run Behavior\ShowPageTraceBehavior [ RunTime:0.003187s ]
INFO: [ app_end ] --END-- [ RunTime:0.003431s ]

[ 2017-05-19T14:34:24+08:00 ] ::1 /speed/Home/images/img.jpg
INFO: [ app_init ] --START--
INFO: Run Behavior\BuildLiteBehavior [ RunTime:0.000068s ]
INFO: [ app_init ] --END-- [ RunTime:0.001340s ]

[ 2017-05-19T14:34:27+08:00 ] ::1 /speed/Home/login
INFO: [ app_init ] --START--
INFO: Run Behavior\BuildLiteBehavior [ RunTime:0.000069s ]
INFO: [ app_init ] --END-- [ RunTime:0.001445s ]
INFO: [ app_begin ] --START--
INFO: Run Behavior\ReadHtmlCacheBehavior [ RunTime:0.002367s ]
INFO: [ app_begin ] --END-- [ RunTime:0.002649s ]
INFO: [ view_parse ] --START--
INFO: [ template_filter ] --START--
INFO: Run Behavior\ContentReplaceBehavior [ RunTime:0.000219s ]
INFO: [ template_filter ] --END-- [ RunTime:0.000497s ]
INFO: Run Behavior\ParseTemplateBehavior [ RunTime:0.027935s ]
INFO: [ view_parse ] --END-- [ RunTime:0.028204s ]
INFO: [ view_filter ] --START--
INFO: Run Behavior\WriteHtmlCacheBehavior [ RunTime:0.002364s ]
INFO: [ view_filter ] --END-- [ RunTime:0.002610s ]
INFO: [ app_end ] --START--
INFO: Run Behavior\ShowPageTraceBehavior [ RunTime:0.002453s ]
INFO: [ app_end ] --END-- [ RunTime:0.002776s ]

[ 2017-05-19T14:35:00+08:00 ] ::1 /speed/index.php/Home/Login/Logindo
INFO: [ app_init ] --START--
INFO: Run Behavior\BuildLiteBehavior [ RunTime:0.000067s ]
INFO: [ app_init ] --END-- [ RunTime:0.001331s ]
INFO: [ app_begin ] --START--
INFO: Run Behavior\ReadHtmlCacheBehavior [ RunTime:0.002261s ]
INFO: [ app_begin ] --END-- [ RunTime:0.002540s ]
SQL: SHOW COLUMNS FROM `think_administratorsregister` [ RunTime:0.0076s ]
SQL: SELECT * FROM `think_administratorsregister` WHERE `administrators_name` = 'fucking' AND `administrators_password` = '123456789' LIMIT 1   [ RunTime:0.0008s ]
INFO: [ app_end ] --START--
INFO: Run Behavior\ShowPageTraceBehavior [ RunTime:0.002394s ]
INFO: [ app_end ] --END-- [ RunTime:0.002648s ]

[ 2017-05-19T14:35:03+08:00 ] ::1 /speed/Home/index
INFO: [ app_init ] --START--
INFO: Run Behavior\BuildLiteBehavior [ RunTime:0.000065s ]
INFO: [ app_init ] --END-- [ RunTime:0.001221s ]
INFO: [ app_begin ] --START--
INFO: Run Behavior\ReadHtmlCacheBehavior [ RunTime:0.001993s ]
INFO: [ app_begin ] --END-- [ RunTime:0.002227s ]
SQL: SHOW COLUMNS FROM `think_administrators` [ RunTime:0.0079s ]
SQL: SELECT * FROM `think_administrators`  [ RunTime:0.0007s ]
INFO: [ view_parse ] --START--
INFO: [ template_filter ] --START--
INFO: Run Behavior\ContentReplaceBehavior [ RunTime:0.000312s ]
INFO: [ template_filter ] --END-- [ RunTime:0.000576s ]
INFO: Run Behavior\ParseTemplateBehavior [ RunTime:0.033485s ]
INFO: [ view_parse ] --END-- [ RunTime:0.033756s ]
INFO: [ view_filter ] --START--
INFO: Run Behavior\WriteHtmlCacheBehavior [ RunTime:0.001359s ]
INFO: [ view_filter ] --END-- [ RunTime:0.001580s ]
INFO: [ app_end ] --START--
INFO: Run Behavior\ShowPageTraceBehavior [ RunTime:0.002250s ]
INFO: [ app_end ] --END-- [ RunTime:0.002491s ]

[ 2017-05-19T14:35:03+08:00 ] ::1 /speed/Home/images/img.jpg
INFO: [ app_init ] --START--
INFO: Run Behavior\BuildLiteBehavior [ RunTime:0.000068s ]
INFO: [ app_init ] --END-- [ RunTime:0.001346s ]

[ 2017-05-19T14:35:07+08:00 ] ::1 /speed/Home/driver
INFO: [ app_init ] --START--
INFO: Run Behavior\BuildLiteBehavior [ RunTime:0.000066s ]
INFO: [ app_init ] --END-- [ RunTime:0.001319s ]
INFO: [ app_begin ] --START--
INFO: Run Behavior\ReadHtmlCacheBehavior [ RunTime:0.002327s ]
INFO: [ app_begin ] --END-- [ RunTime:0.002599s ]
INFO: [ view_parse ] --START--
INFO: [ template_filter ] --START--
INFO: Run Behavior\ContentReplaceBehavior [ RunTime:0.000401s ]
INFO: [ template_filter ] --END-- [ RunTime:0.000666s ]
INFO: Run Behavior\ParseTemplateBehavior [ RunTime:0.042257s ]
INFO: [ view_parse ] --END-- [ RunTime:0.042586s ]
INFO: [ view_filter ] --START--
INFO: Run Behavior\WriteHtmlCacheBehavior [ RunTime:0.001369s ]
INFO: [ view_filter ] --END-- [ RunTime:0.001608s ]
INFO: [ app_end ] --START--
INFO: Run Behavior\ShowPageTraceBehavior [ RunTime:0.002538s ]
INFO: [ app_end ] --END-- [ RunTime:0.003148s ]

[ 2017-05-19T14:35:07+08:00 ] ::1 /speed/Home/images/img.jpg
INFO: [ app_init ] --START--
INFO: Run Behavior\BuildLiteBehavior [ RunTime:0.000060s ]
INFO: [ app_init ] --END-- [ RunTime:0.001170s ]

[ 2017-05-19T14:35:18+08:00 ] ::1 /speed/Home/admin
INFO: [ app_init ] --START--
INFO: Run Behavior\BuildLiteBehavior [ RunTime:0.000068s ]
INFO: [ app_init ] --END-- [ RunTime:0.001323s ]
INFO: [ app_begin ] --START--
INFO: Run Behavior\ReadHtmlCacheBehavior [ RunTime:0.002723s ]
INFO: [ app_begin ] --END-- [ RunTime:0.003004s ]
NOTIC: [2] include(Home\Conf\config.php): failed to open stream: No such file or directory C:\wamp\www\speed\Application\Home\Controller\AdminController.class.php 第 4 行.
NOTIC: [2] include(): Failed opening 'Home\Conf\config.php' for inclusion (include_path='.;C:\php\pear') C:\wamp\www\speed\Application\Home\Controller\AdminController.class.php 第 4 行.
SQL: SHOW COLUMNS FROM `think_administrators` [ RunTime:0.0082s ]
SQL: SELECT * FROM `think_administrators`  [ RunTime:0.0007s ]
INFO: [ view_parse ] --START--
INFO: [ template_filter ] --START--
INFO: Run Behavior\ContentReplaceBehavior [ RunTime:0.000435s ]
INFO: [ template_filter ] --END-- [ RunTime:0.000736s ]
INFO: Run Behavior\ParseTemplateBehavior [ RunTime:0.050754s ]
INFO: [ view_parse ] --END-- [ RunTime:0.051052s ]
INFO: [ view_filter ] --START--
INFO: Run Behavior\WriteHtmlCacheBehavior [ RunTime:0.001333s ]
INFO: [ view_filter ] --END-- [ RunTime:0.001579s ]
INFO: [ app_end ] --START--
INFO: Run Behavior\ShowPageTraceBehavior [ RunTime:0.002192s ]
INFO: [ app_end ] --END-- [ RunTime:0.002443s ]

[ 2017-05-19T14:35:19+08:00 ] ::1 /speed/Home/images/img.jpg
INFO: [ app_init ] --START--
INFO: Run Behavior\BuildLiteBehavior [ RunTime:0.000061s ]
INFO: [ app_init ] --END-- [ RunTime:0.001214s ]

[ 2017-05-19T14:36:25+08:00 ] ::1 /speed/Home/driver
INFO: [ app_init ] --START--
INFO: Run Behavior\BuildLiteBehavior [ RunTime:0.000067s ]
INFO: [ app_init ] --END-- [ RunTime:0.001467s ]
INFO: [ app_begin ] --START--
INFO: Run Behavior\ReadHtmlCacheBehavior [ RunTime:0.002846s ]
INFO: [ app_begin ] --END-- [ RunTime:0.003132s ]
INFO: [ view_parse ] --START--
INFO: [ template_filter ] --START--
INFO: Run Behavior\ContentReplaceBehavior [ RunTime:0.000415s ]
INFO: [ template_filter ] --END-- [ RunTime:0.000713s ]
INFO: Run Behavior\ParseTemplateBehavior [ RunTime:0.046645s ]
INFO: [ view_parse ] --END-- [ RunTime:0.046961s ]
INFO: [ view_filter ] --START--
INFO: Run Behavior\WriteHtmlCacheBehavior [ RunTime:0.001312s ]
INFO: [ view_filter ] --END-- [ RunTime:0.001525s ]
INFO: [ app_end ] --START--
INFO: Run Behavior\ShowPageTraceBehavior [ RunTime:0.002931s ]
INFO: [ app_end ] --END-- [ RunTime:0.003364s ]

[ 2017-05-19T14:36:25+08:00 ] ::1 /speed/Home/images/img.jpg
INFO: [ app_init ] --START--
INFO: Run Behavior\BuildLiteBehavior [ RunTime:0.000062s ]
INFO: [ app_init ] --END-- [ RunTime:0.001201s ]

[ 2017-05-19T14:36:30+08:00 ] ::1 /speed/Home/index
INFO: [ app_init ] --START--
INFO: Run Behavior\BuildLiteBehavior [ RunTime:0.000070s ]
INFO: [ app_init ] --END-- [ RunTime:0.001602s ]
INFO: [ app_begin ] --START--
INFO: Run Behavior\ReadHtmlCacheBehavior [ RunTime:0.002339s ]
INFO: [ app_begin ] --END-- [ RunTime:0.002615s ]
SQL: SHOW COLUMNS FROM `think_administrators` [ RunTime:0.0088s ]
SQL: SELECT * FROM `think_administrators`  [ RunTime:0.0008s ]
INFO: [ view_parse ] --START--
INFO: [ template_filter ] --START--
INFO: Run Behavior\ContentReplaceBehavior [ RunTime:0.000385s ]
INFO: [ template_filter ] --END-- [ RunTime:0.000682s ]
INFO: Run Behavior\ParseTemplateBehavior [ RunTime:0.037850s ]
INFO: [ view_parse ] --END-- [ RunTime:0.038156s ]
INFO: [ view_filter ] --START--
INFO: Run Behavior\WriteHtmlCacheBehavior [ RunTime:0.001387s ]
INFO: [ view_filter ] --END-- [ RunTime:0.001634s ]
INFO: [ app_end ] --START--
INFO: Run Behavior\ShowPageTraceBehavior [ RunTime:0.002375s ]
INFO: [ app_end ] --END-- [ RunTime:0.002634s ]

[ 2017-05-19T14:36:30+08:00 ] ::1 /speed/Home/images/img.jpg
INFO: [ app_init ] --START--
INFO: Run Behavior\BuildLiteBehavior [ RunTime:0.000068s ]
INFO: [ app_init ] --END-- [ RunTime:0.001394s ]

[ 2017-05-19T14:36:36+08:00 ] ::1 /speed/Home/admin
INFO: [ app_init ] --START--
INFO: Run Behavior\BuildLiteBehavior [ RunTime:0.000070s ]
INFO: [ app_init ] --END-- [ RunTime:0.001513s ]
INFO: [ app_begin ] --START--
INFO: Run Behavior\ReadHtmlCacheBehavior [ RunTime:0.002394s ]
INFO: [ app_begin ] --END-- [ RunTime:0.002889s ]
NOTIC: [2] include(Home\Conf\config.php): failed to open stream: No such file or directory C:\wamp\www\speed\Application\Home\Controller\AdminController.class.php 第 4 行.
NOTIC: [2] include(): Failed opening 'Home\Conf\config.php' for inclusion (include_path='.;C:\php\pear') C:\wamp\www\speed\Application\Home\Controller\AdminController.class.php 第 4 行.
SQL: SHOW COLUMNS FROM `think_administrators` [ RunTime:0.0098s ]
SQL: SELECT * FROM `think_administrators`  [ RunTime:0.0008s ]
INFO: [ view_parse ] --START--
INFO: [ template_filter ] --START--
INFO: Run Behavior\ContentReplaceBehavior [ RunTime:0.000438s ]
INFO: [ template_filter ] --END-- [ RunTime:0.000743s ]
INFO: Run Behavior\ParseTemplateBehavior [ RunTime:0.046111s ]
INFO: [ view_parse ] --END-- [ RunTime:0.046401s ]
INFO: [ view_filter ] --START--
INFO: Run Behavior\WriteHtmlCacheBehavior [ RunTime:0.001754s ]
INFO: [ view_filter ] --END-- [ RunTime:0.002021s ]
INFO: [ app_end ] --START--
INFO: Run Behavior\ShowPageTraceBehavior [ RunTime:0.002352s ]
INFO: [ app_end ] --END-- [ RunTime:0.002616s ]

[ 2017-05-19T14:36:36+08:00 ] ::1 /speed/Home/images/img.jpg
INFO: [ app_init ] --START--
INFO: Run Behavior\BuildLiteBehavior [ RunTime:0.000067s ]
INFO: [ app_init ] --END-- [ RunTime:0.001344s ]

[ 2017-05-19T14:36:42+08:00 ] ::1 /speed/Home/driver
INFO: [ app_init ] --START--
INFO: Run Behavior\BuildLiteBehavior [ RunTime:0.000096s ]
INFO: [ app_init ] --END-- [ RunTime:0.001388s ]
INFO: [ app_begin ] --START--
INFO: Run Behavior\ReadHtmlCacheBehavior [ RunTime:0.002521s ]
INFO: [ app_begin ] --END-- [ RunTime:0.002799s ]
INFO: [ view_parse ] --START--
INFO: [ template_filter ] --START--
INFO: Run Behavior\ContentReplaceBehavior [ RunTime:0.000400s ]
INFO: [ template_filter ] --END-- [ RunTime:0.000671s ]
INFO: Run Behavior\ParseTemplateBehavior [ RunTime:0.040452s ]
INFO: [ view_parse ] --END-- [ RunTime:0.040743s ]
INFO: [ view_filter ] --START--
INFO: Run Behavior\WriteHtmlCacheBehavior [ RunTime:0.001409s ]
INFO: [ view_filter ] --END-- [ RunTime:0.001628s ]
INFO: [ app_end ] --START--
INFO: Run Behavior\ShowPageTraceBehavior [ RunTime:0.002257s ]
INFO: [ app_end ] --END-- [ RunTime:0.002487s ]

[ 2017-05-19T14:36:42+08:00 ] ::1 /speed/Home/images/img.jpg
INFO: [ app_init ] --START--
INFO: Run Behavior\BuildLiteBehavior [ RunTime:0.000066s ]
INFO: [ app_init ] --END-- [ RunTime:0.001320s ]

[ 2017-05-19T14:36:45+08:00 ] ::1 /speed/Home/admin
INFO: [ app_init ] --START--
INFO: Run Behavior\BuildLiteBehavior [ RunTime:0.000066s ]
INFO: [ app_init ] --END-- [ RunTime:0.001309s ]
INFO: [ app_begin ] --START--
INFO: Run Behavior\ReadHtmlCacheBehavior [ RunTime:0.002275s ]
INFO: [ app_begin ] --END-- [ RunTime:0.002551s ]
NOTIC: [2] include(Home\Conf\config.php): failed to open stream: No such file or directory C:\wamp\www\speed\Application\Home\Controller\AdminController.class.php 第 4 行.
NOTIC: [2] include(): Failed opening 'Home\Conf\config.php' for inclusion (include_path='.;C:\php\pear') C:\wamp\www\speed\Application\Home\Controller\AdminController.class.php 第 4 行.
SQL: SHOW COLUMNS FROM `think_administrators` [ RunTime:0.0079s ]
SQL: SELECT * FROM `think_administrators`  [ RunTime:0.0007s ]
INFO: [ view_parse ] --START--
INFO: [ template_filter ] --START--
INFO: Run Behavior\ContentReplaceBehavior [ RunTime:0.000431s ]
INFO: [ template_filter ] --END-- [ RunTime:0.000730s ]
INFO: Run Behavior\ParseTemplateBehavior [ RunTime:0.044609s ]
INFO: [ view_parse ] --END-- [ RunTime:0.044890s ]
INFO: [ view_filter ] --START--
INFO: Run Behavior\WriteHtmlCacheBehavior [ RunTime:0.001284s ]
INFO: [ view_filter ] --END-- [ RunTime:0.001524s ]
INFO: [ app_end ] --START--
INFO: Run Behavior\ShowPageTraceBehavior [ RunTime:0.002316s ]
INFO: [ app_end ] --END-- [ RunTime:0.002573s ]

[ 2017-05-19T14:36:45+08:00 ] ::1 /speed/Home/images/img.jpg
INFO: [ app_init ] --START--
INFO: Run Behavior\BuildLiteBehavior [ RunTime:0.000061s ]
INFO: [ app_init ] --END-- [ RunTime:0.001207s ]

[ 2017-05-19T14:36:47+08:00 ] ::1 /speed/Home/driver
INFO: [ app_init ] --START--
INFO: Run Behavior\BuildLiteBehavior [ RunTime:0.000072s ]
INFO: [ app_init ] --END-- [ RunTime:0.001801s ]
INFO: [ app_begin ] --START--
INFO: Run Behavior\ReadHtmlCacheBehavior [ RunTime:0.002630s ]
INFO: [ app_begin ] --END-- [ RunTime:0.002901s ]
INFO: [ view_parse ] --START--
INFO: [ template_filter ] --START--
INFO: Run Behavior\ContentReplaceBehavior [ RunTime:0.000470s ]
INFO: [ template_filter ] --END-- [ RunTime:0.000746s ]
INFO: Run Behavior\ParseTemplateBehavior [ RunTime:0.040617s ]
INFO: [ view_parse ] --END-- [ RunTime:0.041006s ]
INFO: [ view_filter ] --START--
INFO: Run Behavior\WriteHtmlCacheBehavior [ RunTime:0.001334s ]
INFO: [ view_filter ] --END-- [ RunTime:0.001609s ]
INFO: [ app_end ] --START--
INFO: Run Behavior\ShowPageTraceBehavior [ RunTime:0.002365s ]
INFO: [ app_end ] --END-- [ RunTime:0.002597s ]

[ 2017-05-19T14:36:47+08:00 ] ::1 /speed/Home/images/img.jpg
INFO: [ app_init ] --START--
INFO: Run Behavior\BuildLiteBehavior [ RunTime:0.000066s ]
INFO: [ app_init ] --END-- [ RunTime:0.001328s ]

[ 2017-05-19T14:36:53+08:00 ] ::1 /speed/Home/index
INFO: [ app_init ] --START--
INFO: Run Behavior\BuildLiteBehavior [ RunTime:0.000070s ]
INFO: [ app_init ] --END-- [ RunTime:0.001453s ]
INFO: [ app_begin ] --START--
INFO: Run Behavior\ReadHtmlCacheBehavior [ RunTime:0.002217s ]
INFO: [ app_begin ] --END-- [ RunTime:0.002481s ]
SQL: SHOW COLUMNS FROM `think_administrators` [ RunTime:0.0080s ]
SQL: SELECT * FROM `think_administrators`  [ RunTime:0.0007s ]
INFO: [ view_parse ] --START--
INFO: [ template_filter ] --START--
INFO: Run Behavior\ContentReplaceBehavior [ RunTime:0.000314s ]
INFO: [ template_filter ] --END-- [ RunTime:0.000602s ]
INFO: Run Behavior\ParseTemplateBehavior [ RunTime:0.034460s ]
INFO: [ view_parse ] --END-- [ RunTime:0.034749s ]
INFO: [ view_filter ] --START--
INFO: Run Behavior\WriteHtmlCacheBehavior [ RunTime:0.001306s ]
INFO: [ view_filter ] --END-- [ RunTime:0.001549s ]
INFO: [ app_end ] --START--
INFO: Run Behavior\ShowPageTraceBehavior [ RunTime:0.002405s ]
INFO: [ app_end ] --END-- [ RunTime:0.002669s ]

[ 2017-05-19T14:36:53+08:00 ] ::1 /speed/Home/images/img.jpg
INFO: [ app_init ] --START--
INFO: Run Behavior\BuildLiteBehavior [ RunTime:0.000063s ]
INFO: [ app_init ] --END-- [ RunTime:0.001280s ]

[ 2017-05-19T14:36:56+08:00 ] ::1 /speed/Home/admin
INFO: [ app_init ] --START--
INFO: Run Behavior\BuildLiteBehavior [ RunTime:0.000069s ]
INFO: [ app_init ] --END-- [ RunTime:0.001393s ]
INFO: [ app_begin ] --START--
INFO: Run Behavior\ReadHtmlCacheBehavior [ RunTime:0.002216s ]
INFO: [ app_begin ] --END-- [ RunTime:0.002562s ]
NOTIC: [2] include(Home\Conf\config.php): failed to open stream: No such file or directory C:\wamp\www\speed\Application\Home\Controller\AdminController.class.php 第 4 行.
NOTIC: [2] include(): Failed opening 'Home\Conf\config.php' for inclusion (include_path='.;C:\php\pear') C:\wamp\www\speed\Application\Home\Controller\AdminController.class.php 第 4 行.
SQL: SHOW COLUMNS FROM `think_administrators` [ RunTime:0.0084s ]
SQL: SELECT * FROM `think_administrators`  [ RunTime:0.0007s ]
INFO: [ view_parse ] --START--
INFO: [ template_filter ] --START--
INFO: Run Behavior\ContentReplaceBehavior [ RunTime:0.000507s ]
INFO: [ template_filter ] --END-- [ RunTime:0.000826s ]
INFO: Run Behavior\ParseTemplateBehavior [ RunTime:0.046335s ]
INFO: [ view_parse ] --END-- [ RunTime:0.046626s ]
INFO: [ view_filter ] --START--
INFO: Run Behavior\WriteHtmlCacheBehavior [ RunTime:0.001306s ]
INFO: [ view_filter ] --END-- [ RunTime:0.001549s ]
INFO: [ app_end ] --START--
INFO: Run Behavior\ShowPageTraceBehavior [ RunTime:0.003085s ]
INFO: [ app_end ] --END-- [ RunTime:0.003352s ]

[ 2017-05-19T14:36:56+08:00 ] ::1 /speed/Home/images/img.jpg
INFO: [ app_init ] --START--
INFO: Run Behavior\BuildLiteBehavior [ RunTime:0.000069s ]
INFO: [ app_init ] --END-- [ RunTime:0.001413s ]

[ 2017-05-19T14:37:00+08:00 ] ::1 /speed/Home/index
INFO: [ app_init ] --START--
INFO: Run Behavior\BuildLiteBehavior [ RunTime:0.000062s ]
INFO: [ app_init ] --END-- [ RunTime:0.001295s ]
INFO: [ app_begin ] --START--
INFO: Run Behavior\ReadHtmlCacheBehavior [ RunTime:0.002487s ]
INFO: [ app_begin ] --END-- [ RunTime:0.002757s ]
SQL: SHOW COLUMNS FROM `think_administrators` [ RunTime:0.0086s ]
SQL: SELECT * FROM `think_administrators`  [ RunTime:0.0008s ]
INFO: [ view_parse ] --START--
INFO: [ template_filter ] --START--
INFO: Run Behavior\ContentReplaceBehavior [ RunTime:0.000317s ]
INFO: [ template_filter ] --END-- [ RunTime:0.000691s ]
INFO: Run Behavior\ParseTemplateBehavior [ RunTime:0.035007s ]
INFO: [ view_parse ] --END-- [ RunTime:0.035294s ]
INFO: [ view_filter ] --START--
INFO: Run Behavior\WriteHtmlCacheBehavior [ RunTime:0.001498s ]
INFO: [ view_filter ] --END-- [ RunTime:0.001750s ]
INFO: [ app_end ] --START--
INFO: Run Behavior\ShowPageTraceBehavior [ RunTime:0.002295s ]
INFO: [ app_end ] --END-- [ RunTime:0.002551s ]

[ 2017-05-19T14:37:00+08:00 ] ::1 /speed/Home/images/img.jpg
INFO: [ app_init ] --START--
INFO: Run Behavior\BuildLiteBehavior [ RunTime:0.000067s ]
INFO: [ app_init ] --END-- [ RunTime:0.001326s ]

[ 2017-05-19T14:37:07+08:00 ] ::1 /speed/Home/index
INFO: [ app_init ] --START--
INFO: Run Behavior\BuildLiteBehavior [ RunTime:0.000069s ]
INFO: [ app_init ] --END-- [ RunTime:0.001324s ]
INFO: [ app_begin ] --START--
INFO: Run Behavior\ReadHtmlCacheBehavior [ RunTime:0.002502s ]
INFO: [ app_begin ] --END-- [ RunTime:0.002777s ]
SQL: SHOW COLUMNS FROM `think_administrators` [ RunTime:0.0083s ]
SQL: SELECT * FROM `think_administrators`  [ RunTime:0.0007s ]
INFO: [ view_parse ] --START--
INFO: [ template_filter ] --START--
INFO: Run Behavior\ContentReplaceBehavior [ RunTime:0.000314s ]
INFO: [ template_filter ] --END-- [ RunTime:0.000603s ]
INFO: Run Behavior\ParseTemplateBehavior [ RunTime:0.034827s ]
INFO: [ view_parse ] --END-- [ RunTime:0.035115s ]
INFO: [ view_filter ] --START--
INFO: Run Behavior\WriteHtmlCacheBehavior [ RunTime:0.001397s ]
INFO: [ view_filter ] --END-- [ RunTime:0.001642s ]
INFO: [ app_end ] --START--
INFO: Run Behavior\ShowPageTraceBehavior [ RunTime:0.002340s ]
INFO: [ app_end ] --END-- [ RunTime:0.002613s ]

[ 2017-05-19T14:37:07+08:00 ] ::1 /speed/Home/images/img.jpg
INFO: [ app_init ] --START--
INFO: Run Behavior\BuildLiteBehavior [ RunTime:0.000069s ]
INFO: [ app_init ] --END-- [ RunTime:0.001360s ]

[ 2017-05-19T14:40:48+08:00 ] ::1 /speed/Home/index
INFO: [ app_init ] --START--
INFO: Run Behavior\BuildLiteBehavior [ RunTime:0.000067s ]
INFO: [ app_init ] --END-- [ RunTime:0.001338s ]
INFO: [ app_begin ] --START--
INFO: Run Behavior\ReadHtmlCacheBehavior [ RunTime:0.002673s ]
INFO: [ app_begin ] --END-- [ RunTime:0.002957s ]
SQL: SHOW COLUMNS FROM `think_administrators` [ RunTime:0.0083s ]
SQL: SELECT * FROM `think_administrators`  [ RunTime:0.0008s ]
INFO: [ view_parse ] --START--
INFO: [ template_filter ] --START--
INFO: Run Behavior\ContentReplaceBehavior [ RunTime:0.000312s ]
INFO: [ template_filter ] --END-- [ RunTime:0.000575s ]
INFO: Run Behavior\ParseTemplateBehavior [ RunTime:0.034122s ]
INFO: [ view_parse ] --END-- [ RunTime:0.034381s ]
INFO: [ view_filter ] --START--
INFO: Run Behavior\WriteHtmlCacheBehavior [ RunTime:0.001328s ]
INFO: [ view_filter ] --END-- [ RunTime:0.001543s ]
INFO: [ app_end ] --START--
INFO: Run Behavior\ShowPageTraceBehavior [ RunTime:0.002298s ]
INFO: [ app_end ] --END-- [ RunTime:0.002531s ]

[ 2017-05-19T14:40:48+08:00 ] ::1 /speed/Home/images/img.jpg
INFO: [ app_init ] --START--
INFO: Run Behavior\BuildLiteBehavior [ RunTime:0.000069s ]
INFO: [ app_init ] --END-- [ RunTime:0.001460s ]

[ 2017-05-19T14:40:50+08:00 ] ::1 /speed/Home/admin
INFO: [ app_init ] --START--
INFO: Run Behavior\BuildLiteBehavior [ RunTime:0.000069s ]
INFO: [ app_init ] --END-- [ RunTime:0.001359s ]
INFO: [ app_begin ] --START--
INFO: Run Behavior\ReadHtmlCacheBehavior [ RunTime:0.002218s ]
INFO: [ app_begin ] --END-- [ RunTime:0.002486s ]
NOTIC: [2] include(Home\Conf\config.php): failed to open stream: No such file or directory C:\wamp\www\speed\Application\Home\Controller\AdminController.class.php 第 4 行.
NOTIC: [2] include(): Failed opening 'Home\Conf\config.php' for inclusion (include_path='.;C:\php\pear') C:\wamp\www\speed\Application\Home\Controller\AdminController.class.php 第 4 行.
SQL: SHOW COLUMNS FROM `think_administrators` [ RunTime:0.0081s ]
SQL: SELECT * FROM `think_administrators`  [ RunTime:0.0008s ]
INFO: [ view_parse ] --START--
INFO: [ template_filter ] --START--
INFO: Run Behavior\ContentReplaceBehavior [ RunTime:0.000433s ]
INFO: [ template_filter ] --END-- [ RunTime:0.000709s ]
INFO: Run Behavior\ParseTemplateBehavior [ RunTime:0.048000s ]
INFO: [ view_parse ] --END-- [ RunTime:0.048274s ]
INFO: [ view_filter ] --START--
INFO: Run Behavior\WriteHtmlCacheBehavior [ RunTime:0.001337s ]
INFO: [ view_filter ] --END-- [ RunTime:0.001563s ]
INFO: [ app_end ] --START--
INFO: Run Behavior\ShowPageTraceBehavior [ RunTime:0.002581s ]
INFO: [ app_end ] --END-- [ RunTime:0.002822s ]

[ 2017-05-19T14:40:50+08:00 ] ::1 /speed/Home/images/img.jpg
INFO: [ app_init ] --START--
INFO: Run Behavior\BuildLiteBehavior [ RunTime:0.000068s ]
INFO: [ app_init ] --END-- [ RunTime:0.001372s ]

