[ 2017-05-14T17:45:41+08:00 ] ::1 /speed/Home/index
INFO: [ app_init ] --START--
INFO: Run Behavior\BuildLiteBehavior [ RunTime:0.000084s ]
INFO: [ app_init ] --END-- [ RunTime:0.001470s ]
INFO: [ app_begin ] --START--
INFO: Run Behavior\ReadHtmlCacheBehavior [ RunTime:0.002059s ]
INFO: [ app_begin ] --END-- [ RunTime:0.002324s ]
SQL: SHOW COLUMNS FROM `think_administrators` [ RunTime:0.2783s ]
SQL: SELECT * FROM `think_administrators`  [ RunTime:0.0007s ]
INFO: [ view_parse ] --START--
INFO: [ template_filter ] --START--
INFO: Run Behavior\ContentReplaceBehavior [ RunTime:0.000319s ]
INFO: [ template_filter ] --END-- [ RunTime:0.000573s ]
INFO: Run Behavior\ParseTemplateBehavior [ RunTime:0.044814s ]
INFO: [ view_parse ] --END-- [ RunTime:0.045085s ]
INFO: [ view_filter ] --START--
INFO: Run Behavior\WriteHtmlCacheBehavior [ RunTime:0.001353s ]
INFO: [ view_filter ] --END-- [ RunTime:0.001586s ]
INFO: [ app_end ] --START--
INFO: Run Behavior\ShowPageTraceBehavior [ RunTime:0.002235s ]
INFO: [ app_end ] --END-- [ RunTime:0.002498s ]

[ 2017-05-14T17:45:41+08:00 ] ::1 /speed/Home/images/img.jpg
INFO: [ app_init ] --START--
INFO: Run Behavior\BuildLiteBehavior [ RunTime:0.000062s ]
INFO: [ app_init ] --END-- [ RunTime:0.003254s ]

[ 2017-05-14T17:45:59+08:00 ] ::1 /speed/Home/login
INFO: [ app_init ] --START--
INFO: Run Behavior\BuildLiteBehavior [ RunTime:0.000055s ]
INFO: [ app_init ] --END-- [ RunTime:0.001265s ]
INFO: [ app_begin ] --START--
INFO: Run Behavior\ReadHtmlCacheBehavior [ RunTime:0.001647s ]
INFO: [ app_begin ] --END-- [ RunTime:0.001918s ]
INFO: [ view_parse ] --START--
INFO: [ template_filter ] --START--
INFO: Run Behavior\ContentReplaceBehavior [ RunTime:0.000173s ]
INFO: [ template_filter ] --END-- [ RunTime:0.000414s ]
INFO: Run Behavior\ParseTemplateBehavior [ RunTime:0.126134s ]
INFO: [ view_parse ] --END-- [ RunTime:0.126492s ]
INFO: [ view_filter ] --START--
INFO: Run Behavior\WriteHtmlCacheBehavior [ RunTime:0.000747s ]
INFO: [ view_filter ] --END-- [ RunTime:0.000951s ]
INFO: [ app_end ] --START--
INFO: Run Behavior\ShowPageTraceBehavior [ RunTime:0.001648s ]
INFO: [ app_end ] --END-- [ RunTime:0.001903s ]

[ 2017-05-14T17:46:03+08:00 ] ::1 /speed/index.php/Home/Login/Logindo
INFO: [ app_init ] --START--
INFO: Run Behavior\BuildLiteBehavior [ RunTime:0.000058s ]
INFO: [ app_init ] --END-- [ RunTime:0.001301s ]
INFO: [ app_begin ] --START--
INFO: Run Behavior\ReadHtmlCacheBehavior [ RunTime:0.002110s ]
INFO: [ app_begin ] --END-- [ RunTime:0.002372s ]
SQL: SHOW COLUMNS FROM `think_administrators` [ RunTime:0.0088s ]
SQL: SELECT * FROM `think_administrators` WHERE `administrators_name` = 'admin' AND `administrators_password` = ''  [ RunTime:0.0009s ]
INFO: [ app_end ] --START--
INFO: Run Behavior\ShowPageTraceBehavior [ RunTime:0.002303s ]
INFO: [ app_end ] --END-- [ RunTime:0.002570s ]

[ 2017-05-14T17:46:06+08:00 ] ::1 /speed/Home/index
INFO: [ app_init ] --START--
INFO: Run Behavior\BuildLiteBehavior [ RunTime:0.000061s ]
INFO: [ app_init ] --END-- [ RunTime:0.001304s ]
INFO: [ app_begin ] --START--
INFO: Run Behavior\ReadHtmlCacheBehavior [ RunTime:0.001888s ]
INFO: [ app_begin ] --END-- [ RunTime:0.002147s ]
SQL: SHOW COLUMNS FROM `think_administrators` [ RunTime:0.0085s ]
SQL: SELECT * FROM `think_administrators`  [ RunTime:0.0007s ]
INFO: [ view_parse ] --START--
INFO: [ template_filter ] --START--
INFO: Run Behavior\ContentReplaceBehavior [ RunTime:0.000317s ]
INFO: [ template_filter ] --END-- [ RunTime:0.000568s ]
INFO: Run Behavior\ParseTemplateBehavior [ RunTime:0.039195s ]
INFO: [ view_parse ] --END-- [ RunTime:0.039458s ]
INFO: [ view_filter ] --START--
INFO: Run Behavior\WriteHtmlCacheBehavior [ RunTime:0.001127s ]
INFO: [ view_filter ] --END-- [ RunTime:0.001339s ]
INFO: [ app_end ] --START--
INFO: Run Behavior\ShowPageTraceBehavior [ RunTime:0.001732s ]
INFO: [ app_end ] --END-- [ RunTime:0.001955s ]

[ 2017-05-14T17:46:06+08:00 ] ::1 /speed/Home/images/img.jpg
INFO: [ app_init ] --START--
INFO: Run Behavior\BuildLiteBehavior [ RunTime:0.000059s ]
INFO: [ app_init ] --END-- [ RunTime:0.001246s ]

[ 2017-05-14T17:46:18+08:00 ] ::1 /speed/Home/form.html
INFO: [ app_init ] --START--
INFO: Run Behavior\BuildLiteBehavior [ RunTime:0.000059s ]
INFO: [ app_init ] --END-- [ RunTime:0.001238s ]
INFO: [ app_begin ] --START--
INFO: Run Behavior\ReadHtmlCacheBehavior [ RunTime:0.001774s ]
INFO: [ app_begin ] --END-- [ RunTime:0.002031s ]
ERR: 无法加载控制器:Form

[ 2017-05-14T17:46:31+08:00 ] ::1 /speed/Home/driver
INFO: [ app_init ] --START--
INFO: Run Behavior\BuildLiteBehavior [ RunTime:0.000059s ]
INFO: [ app_init ] --END-- [ RunTime:0.001298s ]
INFO: [ app_begin ] --START--
INFO: Run Behavior\ReadHtmlCacheBehavior [ RunTime:0.001918s ]
INFO: [ app_begin ] --END-- [ RunTime:0.002186s ]
INFO: [ view_parse ] --START--
INFO: [ template_filter ] --START--
INFO: Run Behavior\ContentReplaceBehavior [ RunTime:0.000285s ]
INFO: [ template_filter ] --END-- [ RunTime:0.000535s ]
INFO: Run Behavior\ParseTemplateBehavior [ RunTime:0.035188s ]
INFO: [ view_parse ] --END-- [ RunTime:0.035494s ]
INFO: [ view_filter ] --START--
INFO: Run Behavior\WriteHtmlCacheBehavior [ RunTime:0.000851s ]
INFO: [ view_filter ] --END-- [ RunTime:0.001124s ]
INFO: [ app_end ] --START--
INFO: Run Behavior\ShowPageTraceBehavior [ RunTime:0.002322s ]
INFO: [ app_end ] --END-- [ RunTime:0.002573s ]

[ 2017-05-14T17:46:31+08:00 ] ::1 /speed/Home/images/img.jpg
INFO: [ app_init ] --START--
INFO: Run Behavior\BuildLiteBehavior [ RunTime:0.000070s ]
INFO: [ app_init ] --END-- [ RunTime:0.001249s ]

[ 2017-05-14T17:46:37+08:00 ] ::1 /speed/Home/index
INFO: [ app_init ] --START--
INFO: Run Behavior\BuildLiteBehavior [ RunTime:0.000060s ]
INFO: [ app_init ] --END-- [ RunTime:0.001321s ]
INFO: [ app_begin ] --START--
INFO: Run Behavior\ReadHtmlCacheBehavior [ RunTime:0.002091s ]
INFO: [ app_begin ] --END-- [ RunTime:0.002357s ]
SQL: SHOW COLUMNS FROM `think_administrators` [ RunTime:0.0088s ]
SQL: SELECT * FROM `think_administrators`  [ RunTime:0.0008s ]
INFO: [ view_parse ] --START--
INFO: [ template_filter ] --START--
INFO: Run Behavior\ContentReplaceBehavior [ RunTime:0.000312s ]
INFO: [ template_filter ] --END-- [ RunTime:0.000553s ]
INFO: Run Behavior\ParseTemplateBehavior [ RunTime:0.039136s ]
INFO: [ view_parse ] --END-- [ RunTime:0.039398s ]
INFO: [ view_filter ] --START--
INFO: Run Behavior\WriteHtmlCacheBehavior [ RunTime:0.000946s ]
INFO: [ view_filter ] --END-- [ RunTime:0.001376s ]
INFO: [ app_end ] --START--
INFO: Run Behavior\ShowPageTraceBehavior [ RunTime:0.001780s ]
INFO: [ app_end ] --END-- [ RunTime:0.002003s ]

[ 2017-05-14T17:46:37+08:00 ] ::1 /speed/Home/images/img.jpg
INFO: [ app_init ] --START--
INFO: Run Behavior\BuildLiteBehavior [ RunTime:0.000056s ]
INFO: [ app_init ] --END-- [ RunTime:0.002043s ]

[ 2017-05-14T17:48:14+08:00 ] ::1 /speed/Home/admin
INFO: [ app_init ] --START--
INFO: Run Behavior\BuildLiteBehavior [ RunTime:0.000063s ]
INFO: [ app_init ] --END-- [ RunTime:0.001410s ]
INFO: [ app_begin ] --START--
INFO: Run Behavior\ReadHtmlCacheBehavior [ RunTime:0.002116s ]
INFO: [ app_begin ] --END-- [ RunTime:0.002426s ]
SQL: SHOW COLUMNS FROM `think_administrators` [ RunTime:0.0086s ]
SQL: SELECT * FROM `think_administrators`  [ RunTime:0.0008s ]
INFO: [ view_parse ] --START--
INFO: [ template_filter ] --START--
INFO: Run Behavior\ContentReplaceBehavior [ RunTime:0.000376s ]
INFO: [ template_filter ] --END-- [ RunTime:0.000627s ]
INFO: Run Behavior\ParseTemplateBehavior [ RunTime:0.041192s ]
INFO: [ view_parse ] --END-- [ RunTime:0.041466s ]
INFO: [ view_filter ] --START--
INFO: Run Behavior\WriteHtmlCacheBehavior [ RunTime:0.001109s ]
INFO: [ view_filter ] --END-- [ RunTime:0.001320s ]
INFO: [ app_end ] --START--
INFO: Run Behavior\ShowPageTraceBehavior [ RunTime:0.002064s ]
INFO: [ app_end ] --END-- [ RunTime:0.002294s ]

[ 2017-05-14T17:48:15+08:00 ] ::1 /speed/Home/images/img.jpg
INFO: [ app_init ] --START--
INFO: Run Behavior\BuildLiteBehavior [ RunTime:0.000064s ]
INFO: [ app_init ] --END-- [ RunTime:0.001574s ]

[ 2017-05-14T17:48:15+08:00 ] ::1 /speed/Home/images/img.jpg
INFO: [ app_init ] --START--
INFO: Run Behavior\BuildLiteBehavior [ RunTime:0.000059s ]
INFO: [ app_init ] --END-- [ RunTime:0.001202s ]

[ 2017-05-14T17:49:27+08:00 ] ::1 /speed/Home/index
INFO: [ app_init ] --START--
INFO: Run Behavior\BuildLiteBehavior [ RunTime:0.000059s ]
INFO: [ app_init ] --END-- [ RunTime:0.001340s ]
INFO: [ app_begin ] --START--
INFO: Run Behavior\ReadHtmlCacheBehavior [ RunTime:0.002203s ]
INFO: [ app_begin ] --END-- [ RunTime:0.002497s ]
SQL: SHOW COLUMNS FROM `think_administrators` [ RunTime:0.0087s ]
SQL: SELECT * FROM `think_administrators`  [ RunTime:0.0009s ]
INFO: [ view_parse ] --START--
INFO: [ template_filter ] --START--
INFO: Run Behavior\ContentReplaceBehavior [ RunTime:0.000310s ]
INFO: [ template_filter ] --END-- [ RunTime:0.000553s ]
INFO: Run Behavior\ParseTemplateBehavior [ RunTime:0.038436s ]
INFO: [ view_parse ] --END-- [ RunTime:0.038764s ]
INFO: [ view_filter ] --START--
INFO: Run Behavior\WriteHtmlCacheBehavior [ RunTime:0.001399s ]
INFO: [ view_filter ] --END-- [ RunTime:0.001629s ]
INFO: [ app_end ] --START--
INFO: Run Behavior\ShowPageTraceBehavior [ RunTime:0.002233s ]
INFO: [ app_end ] --END-- [ RunTime:0.002569s ]

[ 2017-05-14T17:49:27+08:00 ] ::1 /speed/Home/images/img.jpg
INFO: [ app_init ] --START--
INFO: Run Behavior\BuildLiteBehavior [ RunTime:0.000055s ]
INFO: [ app_init ] --END-- [ RunTime:0.001085s ]

[ 2017-05-14T17:49:31+08:00 ] ::1 /speed/Home/admin
INFO: [ app_init ] --START--
INFO: Run Behavior\BuildLiteBehavior [ RunTime:0.000067s ]
INFO: [ app_init ] --END-- [ RunTime:0.003121s ]
INFO: [ app_begin ] --START--
INFO: Run Behavior\ReadHtmlCacheBehavior [ RunTime:0.001939s ]
INFO: [ app_begin ] --END-- [ RunTime:0.002204s ]
SQL: SHOW COLUMNS FROM `think_administrators` [ RunTime:0.0086s ]
SQL: SELECT * FROM `think_administrators`  [ RunTime:0.0007s ]
INFO: [ view_parse ] --START--
INFO: [ template_filter ] --START--
INFO: Run Behavior\ContentReplaceBehavior [ RunTime:0.000350s ]
INFO: [ template_filter ] --END-- [ RunTime:0.000719s ]
INFO: Run Behavior\ParseTemplateBehavior [ RunTime:0.042807s ]
INFO: [ view_parse ] --END-- [ RunTime:0.043066s ]
INFO: [ view_filter ] --START--
INFO: Run Behavior\WriteHtmlCacheBehavior [ RunTime:0.001135s ]
INFO: [ view_filter ] --END-- [ RunTime:0.001396s ]
INFO: [ app_end ] --START--
INFO: Run Behavior\ShowPageTraceBehavior [ RunTime:0.002710s ]
INFO: [ app_end ] --END-- [ RunTime:0.002949s ]

[ 2017-05-14T17:49:31+08:00 ] ::1 /speed/Home/images/img.jpg
INFO: [ app_init ] --START--
INFO: Run Behavior\BuildLiteBehavior [ RunTime:0.000059s ]
INFO: [ app_init ] --END-- [ RunTime:0.001228s ]

[ 2017-05-14T17:49:31+08:00 ] ::1 /speed/Home/images/img.jpg
INFO: [ app_init ] --START--
INFO: Run Behavior\BuildLiteBehavior [ RunTime:0.000050s ]
INFO: [ app_init ] --END-- [ RunTime:0.001196s ]

[ 2017-05-14T17:49:34+08:00 ] ::1 /speed/Home/index
INFO: [ app_init ] --START--
INFO: Run Behavior\BuildLiteBehavior [ RunTime:0.000058s ]
INFO: [ app_init ] --END-- [ RunTime:0.001212s ]
INFO: [ app_begin ] --START--
INFO: Run Behavior\ReadHtmlCacheBehavior [ RunTime:0.001765s ]
INFO: [ app_begin ] --END-- [ RunTime:0.002021s ]
SQL: SHOW COLUMNS FROM `think_administrators` [ RunTime:0.0083s ]
SQL: SELECT * FROM `think_administrators`  [ RunTime:0.0007s ]
INFO: [ view_parse ] --START--
INFO: [ template_filter ] --START--
INFO: Run Behavior\ContentReplaceBehavior [ RunTime:0.000311s ]
INFO: [ template_filter ] --END-- [ RunTime:0.000563s ]
INFO: Run Behavior\ParseTemplateBehavior [ RunTime:0.037958s ]
INFO: [ view_parse ] --END-- [ RunTime:0.038220s ]
INFO: [ view_filter ] --START--
INFO: Run Behavior\WriteHtmlCacheBehavior [ RunTime:0.000974s ]
INFO: [ view_filter ] --END-- [ RunTime:0.001190s ]
INFO: [ app_end ] --START--
INFO: Run Behavior\ShowPageTraceBehavior [ RunTime:0.001794s ]
INFO: [ app_end ] --END-- [ RunTime:0.002029s ]

[ 2017-05-14T17:49:34+08:00 ] ::1 /speed/Home/images/img.jpg
INFO: [ app_init ] --START--
INFO: Run Behavior\BuildLiteBehavior [ RunTime:0.000064s ]
INFO: [ app_init ] --END-- [ RunTime:0.006531s ]

[ 2017-05-14T18:12:26+08:00 ] ::1 /speed/Home/admin
INFO: [ app_init ] --START--
INFO: Run Behavior\BuildLiteBehavior [ RunTime:0.000061s ]
INFO: [ app_init ] --END-- [ RunTime:0.001433s ]
INFO: [ app_begin ] --START--
INFO: Run Behavior\ReadHtmlCacheBehavior [ RunTime:0.002968s ]
INFO: [ app_begin ] --END-- [ RunTime:0.003239s ]
SQL: SHOW COLUMNS FROM `think_administrators` [ RunTime:0.0091s ]
SQL: SELECT * FROM `think_administrators`  [ RunTime:0.0008s ]
INFO: [ view_parse ] --START--
INFO: [ template_filter ] --START--
INFO: Run Behavior\ContentReplaceBehavior [ RunTime:0.000347s ]
INFO: [ template_filter ] --END-- [ RunTime:0.000609s ]
INFO: Run Behavior\ParseTemplateBehavior [ RunTime:0.049831s ]
INFO: [ view_parse ] --END-- [ RunTime:0.050110s ]
INFO: [ view_filter ] --START--
INFO: Run Behavior\WriteHtmlCacheBehavior [ RunTime:0.001304s ]
INFO: [ view_filter ] --END-- [ RunTime:0.001767s ]
INFO: [ app_end ] --START--
INFO: Run Behavior\ShowPageTraceBehavior [ RunTime:0.002160s ]
INFO: [ app_end ] --END-- [ RunTime:0.002392s ]

[ 2017-05-14T18:12:26+08:00 ] ::1 /speed/Home/images/img.jpg
INFO: [ app_init ] --START--
INFO: Run Behavior\BuildLiteBehavior [ RunTime:0.000059s ]
INFO: [ app_init ] --END-- [ RunTime:0.001270s ]

[ 2017-05-14T18:12:26+08:00 ] ::1 /speed/Home/images/img.jpg
INFO: [ app_init ] --START--
INFO: Run Behavior\BuildLiteBehavior [ RunTime:0.000091s ]
INFO: [ app_init ] --END-- [ RunTime:0.002701s ]

[ 2017-05-14T21:27:03+08:00 ] ::1 /speed/Home/admin
INFO: [ app_init ] --START--
INFO: Run Behavior\BuildLiteBehavior [ RunTime:0.000061s ]
INFO: [ app_init ] --END-- [ RunTime:0.001678s ]
INFO: [ app_begin ] --START--
INFO: Run Behavior\ReadHtmlCacheBehavior [ RunTime:0.002665s ]
INFO: [ app_begin ] --END-- [ RunTime:0.002938s ]
SQL: SHOW COLUMNS FROM `think_administrators` [ RunTime:0.0116s ]
SQL: SELECT * FROM `think_administrators`  [ RunTime:0.0018s ]
INFO: [ view_parse ] --START--
INFO: [ template_filter ] --START--
INFO: Run Behavior\ContentReplaceBehavior [ RunTime:0.000350s ]
INFO: [ template_filter ] --END-- [ RunTime:0.000599s ]
INFO: Run Behavior\ParseTemplateBehavior [ RunTime:0.055540s ]
INFO: [ view_parse ] --END-- [ RunTime:0.055824s ]
INFO: [ view_filter ] --START--
INFO: Run Behavior\WriteHtmlCacheBehavior [ RunTime:0.001597s ]
INFO: [ view_filter ] --END-- [ RunTime:0.001820s ]
INFO: [ app_end ] --START--
INFO: Run Behavior\ShowPageTraceBehavior [ RunTime:0.002604s ]
INFO: [ app_end ] --END-- [ RunTime:0.002840s ]

[ 2017-05-14T21:27:04+08:00 ] ::1 /speed/Home/images/img.jpg
INFO: [ app_init ] --START--
INFO: Run Behavior\BuildLiteBehavior [ RunTime:0.000059s ]
INFO: [ app_init ] --END-- [ RunTime:0.001347s ]

[ 2017-05-14T21:27:05+08:00 ] ::1 /speed/Home/images/img.jpg
INFO: [ app_init ] --START--
INFO: Run Behavior\BuildLiteBehavior [ RunTime:0.000053s ]
INFO: [ app_init ] --END-- [ RunTime:0.001130s ]

[ 2017-05-14T21:27:52+08:00 ] ::1 /speed/Home/admin
INFO: [ app_init ] --START--
INFO: Run Behavior\BuildLiteBehavior [ RunTime:0.000053s ]
INFO: [ app_init ] --END-- [ RunTime:0.001090s ]
INFO: [ app_begin ] --START--
INFO: Run Behavior\ReadHtmlCacheBehavior [ RunTime:0.001609s ]
INFO: [ app_begin ] --END-- [ RunTime:0.001837s ]
SQL: SHOW COLUMNS FROM `think_administrators` [ RunTime:0.0086s ]
SQL: SELECT * FROM `think_administrators`  [ RunTime:0.0007s ]
INFO: [ view_parse ] --START--
INFO: [ template_filter ] --START--
INFO: Run Behavior\ContentReplaceBehavior [ RunTime:0.000348s ]
INFO: [ template_filter ] --END-- [ RunTime:0.000604s ]
INFO: Run Behavior\ParseTemplateBehavior [ RunTime:0.044167s ]
INFO: [ view_parse ] --END-- [ RunTime:0.044469s ]
INFO: [ view_filter ] --START--
INFO: Run Behavior\WriteHtmlCacheBehavior [ RunTime:0.001046s ]
INFO: [ view_filter ] --END-- [ RunTime:0.001278s ]
INFO: [ app_end ] --START--
INFO: Run Behavior\ShowPageTraceBehavior [ RunTime:0.001888s ]
INFO: [ app_end ] --END-- [ RunTime:0.002115s ]

[ 2017-05-14T21:27:53+08:00 ] ::1 /speed/Home/images/img.jpg
INFO: [ app_init ] --START--
INFO: Run Behavior\BuildLiteBehavior [ RunTime:0.000062s ]
INFO: [ app_init ] --END-- [ RunTime:0.001389s ]

[ 2017-05-14T21:27:54+08:00 ] ::1 /speed/Home/images/img.jpg
INFO: [ app_init ] --START--
INFO: Run Behavior\BuildLiteBehavior [ RunTime:0.000052s ]
INFO: [ app_init ] --END-- [ RunTime:0.001095s ]

[ 2017-05-14T21:28:06+08:00 ] ::1 /speed/Home/admin
INFO: [ app_init ] --START--
INFO: Run Behavior\BuildLiteBehavior [ RunTime:0.000052s ]
INFO: [ app_init ] --END-- [ RunTime:0.001205s ]
INFO: [ app_begin ] --START--
INFO: Run Behavior\ReadHtmlCacheBehavior [ RunTime:0.001910s ]
INFO: [ app_begin ] --END-- [ RunTime:0.002142s ]
SQL: SHOW COLUMNS FROM `think_administrators` [ RunTime:0.0094s ]
SQL: SELECT * FROM `think_administrators`  [ RunTime:0.0007s ]
INFO: [ view_parse ] --START--
INFO: [ template_filter ] --START--
INFO: Run Behavior\ContentReplaceBehavior [ RunTime:0.000361s ]
INFO: [ template_filter ] --END-- [ RunTime:0.000612s ]
INFO: Run Behavior\ParseTemplateBehavior [ RunTime:0.046635s ]
INFO: [ view_parse ] --END-- [ RunTime:0.046909s ]
INFO: [ view_filter ] --START--
INFO: Run Behavior\WriteHtmlCacheBehavior [ RunTime:0.001140s ]
INFO: [ view_filter ] --END-- [ RunTime:0.001354s ]
INFO: [ app_end ] --START--
INFO: Run Behavior\ShowPageTraceBehavior [ RunTime:0.002538s ]
INFO: [ app_end ] --END-- [ RunTime:0.002847s ]

[ 2017-05-14T21:28:07+08:00 ] ::1 /speed/Home/images/img.jpg
INFO: [ app_init ] --START--
INFO: Run Behavior\BuildLiteBehavior [ RunTime:0.000056s ]
INFO: [ app_init ] --END-- [ RunTime:0.001230s ]

[ 2017-05-14T21:28:07+08:00 ] ::1 /speed/Home/images/img.jpg
INFO: [ app_init ] --START--
INFO: Run Behavior\BuildLiteBehavior [ RunTime:0.000059s ]
INFO: [ app_init ] --END-- [ RunTime:0.001258s ]

[ 2017-05-14T21:44:36+08:00 ] ::1 /speed/Home/admin
INFO: [ app_init ] --START--
INFO: Run Behavior\BuildLiteBehavior [ RunTime:0.000387s ]
INFO: [ app_init ] --END-- [ RunTime:0.001798s ]
INFO: [ app_begin ] --START--
INFO: Run Behavior\ReadHtmlCacheBehavior [ RunTime:0.003242s ]
INFO: [ app_begin ] --END-- [ RunTime:0.003568s ]
SQL: SHOW COLUMNS FROM `think_administrators` [ RunTime:0.0107s ]
SQL: SELECT * FROM `think_administrators`  [ RunTime:0.0011s ]
INFO: [ view_parse ] --START--
INFO: [ template_filter ] --START--
INFO: Run Behavior\ContentReplaceBehavior [ RunTime:0.000372s ]
INFO: [ template_filter ] --END-- [ RunTime:0.000645s ]
INFO: Run Behavior\ParseTemplateBehavior [ RunTime:0.047574s ]
INFO: [ view_parse ] --END-- [ RunTime:0.047893s ]
INFO: [ view_filter ] --START--
INFO: Run Behavior\WriteHtmlCacheBehavior [ RunTime:0.001431s ]
INFO: [ view_filter ] --END-- [ RunTime:0.001921s ]
INFO: [ app_end ] --START--
INFO: Run Behavior\ShowPageTraceBehavior [ RunTime:0.002275s ]
INFO: [ app_end ] --END-- [ RunTime:0.002513s ]

[ 2017-05-14T21:44:36+08:00 ] ::1 /speed/Home/images/img.jpg
INFO: [ app_init ] --START--
INFO: Run Behavior\BuildLiteBehavior [ RunTime:0.000058s ]
INFO: [ app_init ] --END-- [ RunTime:0.001477s ]

[ 2017-05-14T21:44:36+08:00 ] ::1 /speed/Home/images/img.jpg
INFO: [ app_init ] --START--
INFO: Run Behavior\BuildLiteBehavior [ RunTime:0.000053s ]
INFO: [ app_init ] --END-- [ RunTime:0.001112s ]

[ 2017-05-14T21:44:37+08:00 ] ::1 /speed/Home/images/img.jpg
INFO: [ app_init ] --START--
INFO: Run Behavior\BuildLiteBehavior [ RunTime:0.000062s ]
INFO: [ app_init ] --END-- [ RunTime:0.001683s ]

[ 2017-05-14T21:44:37+08:00 ] ::1 /speed/Home/images/img.jpg
INFO: [ app_init ] --START--
INFO: Run Behavior\BuildLiteBehavior [ RunTime:0.000279s ]
INFO: [ app_init ] --END-- [ RunTime:0.001607s ]

[ 2017-05-14T21:44:37+08:00 ] ::1 /speed/Home/images/img.jpg
INFO: [ app_init ] --START--
INFO: Run Behavior\BuildLiteBehavior [ RunTime:0.000101s ]
INFO: [ app_init ] --END-- [ RunTime:0.001564s ]

[ 2017-05-14T21:44:37+08:00 ] ::1 /speed/Home/images/img.jpg
INFO: [ app_init ] --START--
INFO: Run Behavior\BuildLiteBehavior [ RunTime:0.000097s ]
INFO: [ app_init ] --END-- [ RunTime:0.001966s ]

[ 2017-05-14T21:44:37+08:00 ] ::1 /speed/Home/images/img.jpg
INFO: [ app_init ] --START--
INFO: Run Behavior\BuildLiteBehavior [ RunTime:0.000130s ]
INFO: [ app_init ] --END-- [ RunTime:0.001989s ]

[ 2017-05-14T21:53:36+08:00 ] ::1 /speed/Home/admin
INFO: [ app_init ] --START--
INFO: Run Behavior\BuildLiteBehavior [ RunTime:0.000062s ]
INFO: [ app_init ] --END-- [ RunTime:0.001392s ]
INFO: [ app_begin ] --START--
INFO: Run Behavior\ReadHtmlCacheBehavior [ RunTime:0.002216s ]
INFO: [ app_begin ] --END-- [ RunTime:0.002510s ]
SQL: SHOW COLUMNS FROM `think_administrators` [ RunTime:0.0094s ]
SQL: SELECT * FROM `think_administrators`  [ RunTime:0.0008s ]
INFO: [ view_parse ] --START--
INFO: [ template_filter ] --START--
INFO: Run Behavior\ContentReplaceBehavior [ RunTime:0.000380s ]
INFO: [ template_filter ] --END-- [ RunTime:0.000614s ]
INFO: Run Behavior\ParseTemplateBehavior [ RunTime:0.044236s ]
INFO: [ view_parse ] --END-- [ RunTime:0.044475s ]
INFO: [ view_filter ] --START--
INFO: Run Behavior\WriteHtmlCacheBehavior [ RunTime:0.001225s ]
INFO: [ view_filter ] --END-- [ RunTime:0.001459s ]
INFO: [ app_end ] --START--
INFO: Run Behavior\ShowPageTraceBehavior [ RunTime:0.002068s ]
INFO: [ app_end ] --END-- [ RunTime:0.002769s ]

[ 2017-05-14T21:53:36+08:00 ] ::1 /speed/Home/images/img.jpg
INFO: [ app_init ] --START--
INFO: Run Behavior\BuildLiteBehavior [ RunTime:0.000053s ]
INFO: [ app_init ] --END-- [ RunTime:0.001136s ]

[ 2017-05-14T21:53:36+08:00 ] ::1 /speed/Home/images/img.jpg
INFO: [ app_init ] --START--
INFO: Run Behavior\BuildLiteBehavior [ RunTime:0.000079s ]
INFO: [ app_init ] --END-- [ RunTime:0.001647s ]

[ 2017-05-14T21:53:36+08:00 ] ::1 /speed/Home/images/img.jpg
INFO: [ app_init ] --START--
INFO: Run Behavior\BuildLiteBehavior [ RunTime:0.000058s ]
INFO: [ app_init ] --END-- [ RunTime:0.002308s ]

[ 2017-05-14T21:53:36+08:00 ] ::1 /speed/Home/images/img.jpg
INFO: [ app_init ] --START--
INFO: Run Behavior\BuildLiteBehavior [ RunTime:0.000090s ]
INFO: [ app_init ] --END-- [ RunTime:0.001567s ]

[ 2017-05-14T21:53:36+08:00 ] ::1 /speed/Home/images/img.jpg
INFO: [ app_init ] --START--
INFO: Run Behavior\BuildLiteBehavior [ RunTime:0.000592s ]
INFO: [ app_init ] --END-- [ RunTime:0.002826s ]

[ 2017-05-14T21:53:37+08:00 ] ::1 /speed/Home/images/img.jpg
INFO: [ app_init ] --START--
INFO: Run Behavior\BuildLiteBehavior [ RunTime:0.000049s ]
INFO: [ app_init ] --END-- [ RunTime:0.000993s ]

[ 2017-05-14T21:53:37+08:00 ] ::1 /speed/Home/images/img.jpg
INFO: [ app_init ] --START--
INFO: Run Behavior\BuildLiteBehavior [ RunTime:0.000085s ]
INFO: [ app_init ] --END-- [ RunTime:0.001643s ]

[ 2017-05-14T21:54:46+08:00 ] ::1 /speed/Home/admin
INFO: [ app_init ] --START--
INFO: Run Behavior\BuildLiteBehavior [ RunTime:0.000057s ]
INFO: [ app_init ] --END-- [ RunTime:0.003363s ]
INFO: [ app_begin ] --START--
INFO: Run Behavior\ReadHtmlCacheBehavior [ RunTime:0.002211s ]
INFO: [ app_begin ] --END-- [ RunTime:0.002447s ]
SQL: SHOW COLUMNS FROM `think_administrators` [ RunTime:0.0093s ]
SQL: SELECT * FROM `think_administrators`  [ RunTime:0.0011s ]
INFO: [ view_parse ] --START--
INFO: [ template_filter ] --START--
INFO: Run Behavior\ContentReplaceBehavior [ RunTime:0.000386s ]
INFO: [ template_filter ] --END-- [ RunTime:0.000635s ]
INFO: Run Behavior\ParseTemplateBehavior [ RunTime:0.041569s ]
INFO: [ view_parse ] --END-- [ RunTime:0.041844s ]
INFO: [ view_filter ] --START--
INFO: Run Behavior\WriteHtmlCacheBehavior [ RunTime:0.001186s ]
INFO: [ view_filter ] --END-- [ RunTime:0.001403s ]
INFO: [ app_end ] --START--
INFO: Run Behavior\ShowPageTraceBehavior [ RunTime:0.002426s ]
INFO: [ app_end ] --END-- [ RunTime:0.002672s ]

[ 2017-05-14T21:54:46+08:00 ] ::1 /speed/Home/images/img.jpg
INFO: [ app_init ] --START--
INFO: Run Behavior\BuildLiteBehavior [ RunTime:0.000063s ]
INFO: [ app_init ] --END-- [ RunTime:0.001870s ]

[ 2017-05-14T21:54:46+08:00 ] ::1 /speed/Home/images/img.jpg
INFO: [ app_init ] --START--
INFO: Run Behavior\BuildLiteBehavior [ RunTime:0.000200s ]
INFO: [ app_init ] --END-- [ RunTime:0.002995s ]

[ 2017-05-14T21:55:02+08:00 ] ::1 /speed/Home/admin
INFO: [ app_init ] --START--
INFO: Run Behavior\BuildLiteBehavior [ RunTime:0.000079s ]
INFO: [ app_init ] --END-- [ RunTime:0.001247s ]
INFO: [ app_begin ] --START--
INFO: Run Behavior\ReadHtmlCacheBehavior [ RunTime:0.003212s ]
INFO: [ app_begin ] --END-- [ RunTime:0.003555s ]
SQL: SHOW COLUMNS FROM `think_administrators` [ RunTime:0.0086s ]
SQL: SELECT * FROM `think_administrators`  [ RunTime:0.0008s ]
INFO: [ view_parse ] --START--
INFO: [ template_filter ] --START--
INFO: Run Behavior\ContentReplaceBehavior [ RunTime:0.000357s ]
INFO: [ template_filter ] --END-- [ RunTime:0.000611s ]
INFO: Run Behavior\ParseTemplateBehavior [ RunTime:0.048197s ]
INFO: [ view_parse ] --END-- [ RunTime:0.048483s ]
INFO: [ view_filter ] --START--
INFO: Run Behavior\WriteHtmlCacheBehavior [ RunTime:0.001216s ]
INFO: [ view_filter ] --END-- [ RunTime:0.001482s ]
INFO: [ app_end ] --START--
INFO: Run Behavior\ShowPageTraceBehavior [ RunTime:0.002390s ]
INFO: [ app_end ] --END-- [ RunTime:0.003692s ]

[ 2017-05-14T21:55:02+08:00 ] ::1 /speed/Home/images/img.jpg
INFO: [ app_init ] --START--
INFO: Run Behavior\BuildLiteBehavior [ RunTime:0.000059s ]
INFO: [ app_init ] --END-- [ RunTime:0.001237s ]

[ 2017-05-14T21:55:03+08:00 ] ::1 /speed/Home/images/img.jpg
INFO: [ app_init ] --START--
INFO: Run Behavior\BuildLiteBehavior [ RunTime:0.000064s ]
INFO: [ app_init ] --END-- [ RunTime:0.001495s ]

[ 2017-05-14T21:55:13+08:00 ] ::1 /speed/Home/admin
INFO: [ app_init ] --START--
INFO: Run Behavior\BuildLiteBehavior [ RunTime:0.000055s ]
INFO: [ app_init ] --END-- [ RunTime:0.001027s ]
INFO: [ app_begin ] --START--
INFO: Run Behavior\ReadHtmlCacheBehavior [ RunTime:0.001478s ]
INFO: [ app_begin ] --END-- [ RunTime:0.001689s ]
SQL: SHOW COLUMNS FROM `think_administrators` [ RunTime:0.0081s ]
SQL: SELECT * FROM `think_administrators`  [ RunTime:0.0008s ]
INFO: [ view_parse ] --START--
INFO: [ template_filter ] --START--
INFO: Run Behavior\ContentReplaceBehavior [ RunTime:0.000365s ]
INFO: [ template_filter ] --END-- [ RunTime:0.000632s ]
INFO: Run Behavior\ParseTemplateBehavior [ RunTime:0.041379s ]
INFO: [ view_parse ] --END-- [ RunTime:0.041646s ]
INFO: [ view_filter ] --START--
INFO: Run Behavior\WriteHtmlCacheBehavior [ RunTime:0.000840s ]
INFO: [ view_filter ] --END-- [ RunTime:0.001050s ]
INFO: [ app_end ] --START--
INFO: Run Behavior\ShowPageTraceBehavior [ RunTime:0.001791s ]
INFO: [ app_end ] --END-- [ RunTime:0.002016s ]

[ 2017-05-14T21:55:13+08:00 ] ::1 /speed/Home/images/img.jpg
INFO: [ app_init ] --START--
INFO: Run Behavior\BuildLiteBehavior [ RunTime:0.000052s ]
INFO: [ app_init ] --END-- [ RunTime:0.001053s ]

[ 2017-05-14T21:55:13+08:00 ] ::1 /speed/Home/images/img.jpg
INFO: [ app_init ] --START--
INFO: Run Behavior\BuildLiteBehavior [ RunTime:0.000051s ]
INFO: [ app_init ] --END-- [ RunTime:0.001787s ]

[ 2017-05-14T21:55:25+08:00 ] ::1 /speed/Home/admin
INFO: [ app_init ] --START--
INFO: Run Behavior\BuildLiteBehavior [ RunTime:0.000071s ]
INFO: [ app_init ] --END-- [ RunTime:0.003850s ]
INFO: [ app_begin ] --START--
INFO: Run Behavior\ReadHtmlCacheBehavior [ RunTime:0.002460s ]
INFO: [ app_begin ] --END-- [ RunTime:0.002726s ]
SQL: SHOW COLUMNS FROM `think_administrators` [ RunTime:0.0091s ]
SQL: SELECT * FROM `think_administrators`  [ RunTime:0.0008s ]
INFO: [ view_parse ] --START--
INFO: [ template_filter ] --START--
INFO: Run Behavior\ContentReplaceBehavior [ RunTime:0.000427s ]
INFO: [ template_filter ] --END-- [ RunTime:0.000824s ]
INFO: Run Behavior\ParseTemplateBehavior [ RunTime:0.044789s ]
INFO: [ view_parse ] --END-- [ RunTime:0.045055s ]
INFO: [ view_filter ] --START--
INFO: Run Behavior\WriteHtmlCacheBehavior [ RunTime:0.001172s ]
INFO: [ view_filter ] --END-- [ RunTime:0.001388s ]
INFO: [ app_end ] --START--
INFO: Run Behavior\ShowPageTraceBehavior [ RunTime:0.002593s ]
INFO: [ app_end ] --END-- [ RunTime:0.002837s ]

[ 2017-05-14T21:55:26+08:00 ] ::1 /speed/Home/images/img.jpg
INFO: [ app_init ] --START--
INFO: Run Behavior\BuildLiteBehavior [ RunTime:0.000068s ]
INFO: [ app_init ] --END-- [ RunTime:0.001565s ]

[ 2017-05-14T21:55:26+08:00 ] ::1 /speed/Home/images/img.jpg
INFO: [ app_init ] --START--
INFO: Run Behavior\BuildLiteBehavior [ RunTime:0.000058s ]
INFO: [ app_init ] --END-- [ RunTime:0.001198s ]

[ 2017-05-14T22:03:44+08:00 ] ::1 /speed/Home/admin
INFO: [ app_init ] --START--
INFO: Run Behavior\BuildLiteBehavior [ RunTime:0.000053s ]
INFO: [ app_init ] --END-- [ RunTime:0.001227s ]
INFO: [ app_begin ] --START--
INFO: Run Behavior\ReadHtmlCacheBehavior [ RunTime:0.002023s ]
INFO: [ app_begin ] --END-- [ RunTime:0.002265s ]
SQL: SHOW COLUMNS FROM `think_administrators` [ RunTime:0.0072s ]
SQL: SELECT * FROM `think_administrators`  [ RunTime:0.0008s ]
INFO: [ view_parse ] --START--
INFO: [ template_filter ] --START--
INFO: Run Behavior\ContentReplaceBehavior [ RunTime:0.000383s ]
INFO: [ template_filter ] --END-- [ RunTime:0.000611s ]
INFO: Run Behavior\ParseTemplateBehavior [ RunTime:0.037539s ]
INFO: [ view_parse ] --END-- [ RunTime:0.037780s ]
INFO: [ view_filter ] --START--
INFO: Run Behavior\WriteHtmlCacheBehavior [ RunTime:0.001440s ]
INFO: [ view_filter ] --END-- [ RunTime:0.001736s ]
INFO: [ app_end ] --START--
INFO: Run Behavior\ShowPageTraceBehavior [ RunTime:0.002473s ]
INFO: [ app_end ] --END-- [ RunTime:0.002767s ]

[ 2017-05-14T22:03:45+08:00 ] ::1 /speed/Home/images/img.jpg
INFO: [ app_init ] --START--
INFO: Run Behavior\BuildLiteBehavior [ RunTime:0.000060s ]
INFO: [ app_init ] --END-- [ RunTime:0.001368s ]

[ 2017-05-14T22:03:45+08:00 ] ::1 /speed/Home/images/img.jpg
INFO: [ app_init ] --START--
INFO: Run Behavior\BuildLiteBehavior [ RunTime:0.000049s ]
INFO: [ app_init ] --END-- [ RunTime:0.001150s ]

[ 2017-05-14T22:03:56+08:00 ] ::1 /speed/Home/admin
INFO: [ app_init ] --START--
INFO: Run Behavior\BuildLiteBehavior [ RunTime:0.000061s ]
INFO: [ app_init ] --END-- [ RunTime:0.001351s ]
INFO: [ app_begin ] --START--
INFO: Run Behavior\ReadHtmlCacheBehavior [ RunTime:0.002171s ]
INFO: [ app_begin ] --END-- [ RunTime:0.002441s ]
SQL: SHOW COLUMNS FROM `think_administrators` [ RunTime:0.0092s ]
SQL: SELECT * FROM `think_administrators`  [ RunTime:0.0010s ]
INFO: [ view_parse ] --START--
INFO: [ template_filter ] --START--
INFO: Run Behavior\ContentReplaceBehavior [ RunTime:0.000350s ]
INFO: [ template_filter ] --END-- [ RunTime:0.000606s ]
INFO: Run Behavior\ParseTemplateBehavior [ RunTime:0.042479s ]
INFO: [ view_parse ] --END-- [ RunTime:0.042752s ]
INFO: [ view_filter ] --START--
INFO: Run Behavior\WriteHtmlCacheBehavior [ RunTime:0.001318s ]
INFO: [ view_filter ] --END-- [ RunTime:0.001554s ]
INFO: [ app_end ] --START--
INFO: Run Behavior\ShowPageTraceBehavior [ RunTime:0.002623s ]
INFO: [ app_end ] --END-- [ RunTime:0.002964s ]

[ 2017-05-14T22:03:57+08:00 ] ::1 /speed/Home/images/img.jpg
INFO: [ app_init ] --START--
INFO: Run Behavior\BuildLiteBehavior [ RunTime:0.000060s ]
INFO: [ app_init ] --END-- [ RunTime:0.001660s ]

[ 2017-05-14T22:03:57+08:00 ] ::1 /speed/Home/images/img.jpg
INFO: [ app_init ] --START--
INFO: Run Behavior\BuildLiteBehavior [ RunTime:0.000099s ]
INFO: [ app_init ] --END-- [ RunTime:0.002017s ]

[ 2017-05-14T22:04:09+08:00 ] ::1 /speed/Home/admin
INFO: [ app_init ] --START--
INFO: Run Behavior\BuildLiteBehavior [ RunTime:0.000058s ]
INFO: [ app_init ] --END-- [ RunTime:0.003970s ]
INFO: [ app_begin ] --START--
INFO: Run Behavior\ReadHtmlCacheBehavior [ RunTime:0.002132s ]
INFO: [ app_begin ] --END-- [ RunTime:0.002394s ]
SQL: SHOW COLUMNS FROM `think_administrators` [ RunTime:0.0130s ]
SQL: SELECT * FROM `think_administrators`  [ RunTime:0.0007s ]
INFO: [ view_parse ] --START--
INFO: [ template_filter ] --START--
INFO: Run Behavior\ContentReplaceBehavior [ RunTime:0.000659s ]
INFO: [ template_filter ] --END-- [ RunTime:0.000921s ]
INFO: Run Behavior\ParseTemplateBehavior [ RunTime:0.044269s ]
INFO: [ view_parse ] --END-- [ RunTime:0.044542s ]
INFO: [ view_filter ] --START--
INFO: Run Behavior\WriteHtmlCacheBehavior [ RunTime:0.001145s ]
INFO: [ view_filter ] --END-- [ RunTime:0.001368s ]
INFO: [ app_end ] --START--
INFO: Run Behavior\ShowPageTraceBehavior [ RunTime:0.002013s ]
INFO: [ app_end ] --END-- [ RunTime:0.002237s ]

[ 2017-05-14T22:04:09+08:00 ] ::1 /speed/Home/images/img.jpg
INFO: [ app_init ] --START--
INFO: Run Behavior\BuildLiteBehavior [ RunTime:0.000085s ]
INFO: [ app_init ] --END-- [ RunTime:0.001726s ]

[ 2017-05-14T22:04:09+08:00 ] ::1 /speed/Home/images/img.jpg
INFO: [ app_init ] --START--
INFO: Run Behavior\BuildLiteBehavior [ RunTime:0.000114s ]
INFO: [ app_init ] --END-- [ RunTime:0.002050s ]

[ 2017-05-14T22:04:59+08:00 ] ::1 /speed/Home/admin
INFO: [ app_init ] --START--
INFO: Run Behavior\BuildLiteBehavior [ RunTime:0.000077s ]
INFO: [ app_init ] --END-- [ RunTime:0.001451s ]
INFO: [ app_begin ] --START--
INFO: Run Behavior\ReadHtmlCacheBehavior [ RunTime:0.003614s ]
INFO: [ app_begin ] --END-- [ RunTime:0.003966s ]
SQL: SHOW COLUMNS FROM `think_administrators` [ RunTime:0.0074s ]
SQL: SELECT * FROM `think_administrators`  [ RunTime:0.0007s ]
INFO: [ view_parse ] --START--
INFO: [ template_filter ] --START--
INFO: Run Behavior\ContentReplaceBehavior [ RunTime:0.000345s ]
INFO: [ template_filter ] --END-- [ RunTime:0.000593s ]
INFO: Run Behavior\ParseTemplateBehavior [ RunTime:0.041431s ]
INFO: [ view_parse ] --END-- [ RunTime:0.041681s ]
INFO: [ view_filter ] --START--
INFO: Run Behavior\WriteHtmlCacheBehavior [ RunTime:0.000859s ]
INFO: [ view_filter ] --END-- [ RunTime:0.001070s ]
INFO: [ app_end ] --START--
INFO: Run Behavior\ShowPageTraceBehavior [ RunTime:0.001847s ]
INFO: [ app_end ] --END-- [ RunTime:0.002069s ]

[ 2017-05-14T22:05:00+08:00 ] ::1 /speed/Home/images/img.jpg
INFO: [ app_init ] --START--
INFO: Run Behavior\BuildLiteBehavior [ RunTime:0.000061s ]
INFO: [ app_init ] --END-- [ RunTime:0.001485s ]

[ 2017-05-14T22:05:00+08:00 ] ::1 /speed/Home/images/img.jpg
INFO: [ app_init ] --START--
INFO: Run Behavior\BuildLiteBehavior [ RunTime:0.003215s ]
INFO: [ app_init ] --END-- [ RunTime:0.005088s ]

[ 2017-05-14T22:05:21+08:00 ] ::1 /speed/Home/admin
INFO: [ app_init ] --START--
INFO: Run Behavior\BuildLiteBehavior [ RunTime:0.000078s ]
INFO: [ app_init ] --END-- [ RunTime:0.001774s ]
INFO: [ app_begin ] --START--
INFO: Run Behavior\ReadHtmlCacheBehavior [ RunTime:0.002344s ]
INFO: [ app_begin ] --END-- [ RunTime:0.002729s ]
SQL: SHOW COLUMNS FROM `think_administrators` [ RunTime:0.0085s ]
SQL: SELECT * FROM `think_administrators`  [ RunTime:0.0009s ]
INFO: [ view_parse ] --START--
INFO: [ template_filter ] --START--
INFO: Run Behavior\ContentReplaceBehavior [ RunTime:0.000376s ]
INFO: [ template_filter ] --END-- [ RunTime:0.000621s ]
NOTIC: [8] Undefined variable: id C:\wamp\www\speed\Application\Runtime\Cache\Home\c506a66e5fd5c20a850e05056283aa1e.php 第 366 行.
INFO: Run Behavior\ParseTemplateBehavior [ RunTime:0.082334s ]
INFO: [ view_parse ] --END-- [ RunTime:0.082589s ]
INFO: [ view_filter ] --START--
INFO: Run Behavior\WriteHtmlCacheBehavior [ RunTime:0.001104s ]
INFO: [ view_filter ] --END-- [ RunTime:0.001338s ]
INFO: [ app_end ] --START--
INFO: Run Behavior\ShowPageTraceBehavior [ RunTime:0.001779s ]
INFO: [ app_end ] --END-- [ RunTime:0.001998s ]

[ 2017-05-14T22:05:22+08:00 ] ::1 /speed/Home/images/img.jpg
INFO: [ app_init ] --START--
INFO: Run Behavior\BuildLiteBehavior [ RunTime:0.000062s ]
INFO: [ app_init ] --END-- [ RunTime:0.001439s ]

[ 2017-05-14T22:05:22+08:00 ] ::1 /speed/Home/images/img.jpg
INFO: [ app_init ] --START--
INFO: Run Behavior\BuildLiteBehavior [ RunTime:0.000049s ]
INFO: [ app_init ] --END-- [ RunTime:0.000985s ]

[ 2017-05-14T22:07:39+08:00 ] ::1 /speed/Home/admin
INFO: [ app_init ] --START--
INFO: Run Behavior\BuildLiteBehavior [ RunTime:0.000059s ]
INFO: [ app_init ] --END-- [ RunTime:0.001390s ]
INFO: [ app_begin ] --START--
INFO: Run Behavior\ReadHtmlCacheBehavior [ RunTime:0.002113s ]
INFO: [ app_begin ] --END-- [ RunTime:0.002375s ]
SQL: SHOW COLUMNS FROM `think_administrators` [ RunTime:0.0102s ]
SQL: SELECT * FROM `think_administrators`  [ RunTime:0.0008s ]
INFO: [ view_parse ] --START--
INFO: [ template_filter ] --START--
INFO: Run Behavior\ContentReplaceBehavior [ RunTime:0.000349s ]
INFO: [ template_filter ] --END-- [ RunTime:0.000599s ]
INFO: Run Behavior\ParseTemplateBehavior [ RunTime:0.046426s ]
INFO: [ view_parse ] --END-- [ RunTime:0.046692s ]
INFO: [ view_filter ] --START--
INFO: Run Behavior\WriteHtmlCacheBehavior [ RunTime:0.001202s ]
INFO: [ view_filter ] --END-- [ RunTime:0.001448s ]
INFO: [ app_end ] --START--
INFO: Run Behavior\ShowPageTraceBehavior [ RunTime:0.003602s ]
INFO: [ app_end ] --END-- [ RunTime:0.003850s ]

[ 2017-05-14T22:07:39+08:00 ] ::1 /speed/Home/images/img.jpg
INFO: [ app_init ] --START--
INFO: Run Behavior\BuildLiteBehavior [ RunTime:0.000058s ]
INFO: [ app_init ] --END-- [ RunTime:0.001331s ]

[ 2017-05-14T22:07:39+08:00 ] ::1 /speed/Home/images/img.jpg
INFO: [ app_init ] --START--
INFO: Run Behavior\BuildLiteBehavior [ RunTime:0.000056s ]
INFO: [ app_init ] --END-- [ RunTime:0.001195s ]

[ 2017-05-14T22:07:51+08:00 ] ::1 /speed/Home/admin
INFO: [ app_init ] --START--
INFO: Run Behavior\BuildLiteBehavior [ RunTime:0.000059s ]
INFO: [ app_init ] --END-- [ RunTime:0.001209s ]
INFO: [ app_begin ] --START--
INFO: Run Behavior\ReadHtmlCacheBehavior [ RunTime:0.002826s ]
INFO: [ app_begin ] --END-- [ RunTime:0.003094s ]
SQL: SHOW COLUMNS FROM `think_administrators` [ RunTime:0.0110s ]
SQL: SELECT * FROM `think_administrators`  [ RunTime:0.0010s ]
INFO: [ view_parse ] --START--
INFO: [ template_filter ] --START--
INFO: Run Behavior\ContentReplaceBehavior [ RunTime:0.000371s ]
INFO: [ template_filter ] --END-- [ RunTime:0.000621s ]
INFO: Run Behavior\ParseTemplateBehavior [ RunTime:0.043174s ]
INFO: [ view_parse ] --END-- [ RunTime:0.043499s ]
INFO: [ view_filter ] --START--
INFO: Run Behavior\WriteHtmlCacheBehavior [ RunTime:0.001307s ]
INFO: [ view_filter ] --END-- [ RunTime:0.001531s ]
INFO: [ app_end ] --START--
INFO: Run Behavior\ShowPageTraceBehavior [ RunTime:0.002188s ]
INFO: [ app_end ] --END-- [ RunTime:0.002418s ]

[ 2017-05-14T22:07:51+08:00 ] ::1 /speed/Home/images/img.jpg
INFO: [ app_init ] --START--
INFO: Run Behavior\BuildLiteBehavior [ RunTime:0.000049s ]
INFO: [ app_init ] --END-- [ RunTime:0.001079s ]

[ 2017-05-14T22:07:52+08:00 ] ::1 /speed/Home/images/img.jpg
INFO: [ app_init ] --START--
INFO: Run Behavior\BuildLiteBehavior [ RunTime:0.000058s ]
INFO: [ app_init ] --END-- [ RunTime:0.001146s ]

[ 2017-05-14T22:08:56+08:00 ] ::1 /speed/Home/admin
INFO: [ app_init ] --START--
INFO: Run Behavior\BuildLiteBehavior [ RunTime:0.000060s ]
INFO: [ app_init ] --END-- [ RunTime:0.001536s ]
INFO: [ app_begin ] --START--
INFO: Run Behavior\ReadHtmlCacheBehavior [ RunTime:0.002626s ]
INFO: [ app_begin ] --END-- [ RunTime:0.002900s ]
SQL: SHOW COLUMNS FROM `think_administrators` [ RunTime:0.0102s ]
SQL: SELECT * FROM `think_administrators`  [ RunTime:0.0008s ]
INFO: [ view_parse ] --START--
INFO: [ template_filter ] --START--
INFO: Run Behavior\ContentReplaceBehavior [ RunTime:0.000355s ]
INFO: [ template_filter ] --END-- [ RunTime:0.000602s ]
INFO: Run Behavior\ParseTemplateBehavior [ RunTime:0.043966s ]
INFO: [ view_parse ] --END-- [ RunTime:0.044232s ]
INFO: [ view_filter ] --START--
INFO: Run Behavior\WriteHtmlCacheBehavior [ RunTime:0.001277s ]
INFO: [ view_filter ] --END-- [ RunTime:0.001513s ]
INFO: [ app_end ] --START--
INFO: Run Behavior\ShowPageTraceBehavior [ RunTime:0.002212s ]
INFO: [ app_end ] --END-- [ RunTime:0.002439s ]

[ 2017-05-14T22:08:56+08:00 ] ::1 /speed/Home/images/img.jpg
INFO: [ app_init ] --START--
INFO: Run Behavior\BuildLiteBehavior [ RunTime:0.000055s ]
INFO: [ app_init ] --END-- [ RunTime:0.002421s ]

[ 2017-05-14T22:09:05+08:00 ] ::1 /speed/Home/admin
INFO: [ app_init ] --START--
INFO: Run Behavior\BuildLiteBehavior [ RunTime:0.000060s ]
INFO: [ app_init ] --END-- [ RunTime:0.001767s ]
INFO: [ app_begin ] --START--
INFO: Run Behavior\ReadHtmlCacheBehavior [ RunTime:0.001921s ]
INFO: [ app_begin ] --END-- [ RunTime:0.002186s ]
SQL: SHOW COLUMNS FROM `think_administrators` [ RunTime:0.0093s ]
SQL: SELECT * FROM `think_administrators`  [ RunTime:0.0009s ]
INFO: [ view_parse ] --START--
INFO: [ template_filter ] --START--
INFO: Run Behavior\ContentReplaceBehavior [ RunTime:0.000670s ]
INFO: [ template_filter ] --END-- [ RunTime:0.000987s ]
INFO: Run Behavior\ParseTemplateBehavior [ RunTime:0.038008s ]
INFO: [ view_parse ] --END-- [ RunTime:0.038249s ]
INFO: [ view_filter ] --START--
INFO: Run Behavior\WriteHtmlCacheBehavior [ RunTime:0.000779s ]
INFO: [ view_filter ] --END-- [ RunTime:0.001173s ]
INFO: [ app_end ] --START--
INFO: Run Behavior\ShowPageTraceBehavior [ RunTime:0.004005s ]
INFO: [ app_end ] --END-- [ RunTime:0.004224s ]

[ 2017-05-14T22:09:05+08:00 ] ::1 /speed/Home/images/img.jpg
INFO: [ app_init ] --START--
INFO: Run Behavior\BuildLiteBehavior [ RunTime:0.000093s ]
INFO: [ app_init ] --END-- [ RunTime:0.002072s ]

[ 2017-05-14T22:35:44+08:00 ] ::1 /speed/Home/admin
INFO: [ app_init ] --START--
INFO: Run Behavior\BuildLiteBehavior [ RunTime:0.000060s ]
INFO: [ app_init ] --END-- [ RunTime:0.001719s ]
INFO: [ app_begin ] --START--
INFO: Run Behavior\ReadHtmlCacheBehavior [ RunTime:0.002131s ]
INFO: [ app_begin ] --END-- [ RunTime:0.002396s ]
SQL: SHOW COLUMNS FROM `think_administrators` [ RunTime:0.0098s ]
SQL: SELECT * FROM `think_administrators`  [ RunTime:0.0010s ]
INFO: [ view_parse ] --START--
INFO: [ template_filter ] --START--
INFO: Run Behavior\ContentReplaceBehavior [ RunTime:0.000349s ]
INFO: [ template_filter ] --END-- [ RunTime:0.000596s ]
INFO: Run Behavior\ParseTemplateBehavior [ RunTime:0.044244s ]
INFO: [ view_parse ] --END-- [ RunTime:0.044512s ]
INFO: [ view_filter ] --START--
INFO: Run Behavior\WriteHtmlCacheBehavior [ RunTime:0.001176s ]
INFO: [ view_filter ] --END-- [ RunTime:0.001420s ]
INFO: [ app_end ] --START--
INFO: Run Behavior\ShowPageTraceBehavior [ RunTime:0.002105s ]
INFO: [ app_end ] --END-- [ RunTime:0.002332s ]

[ 2017-05-14T22:35:45+08:00 ] ::1 /speed/Home/images/img.jpg
INFO: [ app_init ] --START--
INFO: Run Behavior\BuildLiteBehavior [ RunTime:0.000058s ]
INFO: [ app_init ] --END-- [ RunTime:0.001295s ]

[ 2017-05-14T22:35:45+08:00 ] ::1 /speed/Home/images/img.jpg
INFO: [ app_init ] --START--
INFO: Run Behavior\BuildLiteBehavior [ RunTime:0.000059s ]
INFO: [ app_init ] --END-- [ RunTime:0.001247s ]

[ 2017-05-14T22:38:00+08:00 ] ::1 /speed/Home/admin
INFO: [ app_init ] --START--
INFO: Run Behavior\BuildLiteBehavior [ RunTime:0.000058s ]
INFO: [ app_init ] --END-- [ RunTime:0.001392s ]
INFO: [ app_begin ] --START--
INFO: Run Behavior\ReadHtmlCacheBehavior [ RunTime:0.008025s ]
INFO: [ app_begin ] --END-- [ RunTime:0.008348s ]
SQL: SHOW COLUMNS FROM `think_administrators` [ RunTime:0.0092s ]
SQL: SELECT * FROM `think_administrators`  [ RunTime:0.0008s ]
INFO: [ view_parse ] --START--
INFO: [ template_filter ] --START--
INFO: Run Behavior\ContentReplaceBehavior [ RunTime:0.000350s ]
INFO: [ template_filter ] --END-- [ RunTime:0.000591s ]
NOTIC: [8] Undefined variable: id C:\wamp\www\speed\Application\Runtime\Cache\Home\c506a66e5fd5c20a850e05056283aa1e.php 第 366 行.
INFO: Run Behavior\ParseTemplateBehavior [ RunTime:0.043455s ]
INFO: [ view_parse ] --END-- [ RunTime:0.043707s ]
INFO: [ view_filter ] --START--
INFO: Run Behavior\WriteHtmlCacheBehavior [ RunTime:0.001126s ]
INFO: [ view_filter ] --END-- [ RunTime:0.001471s ]
INFO: [ app_end ] --START--
INFO: Run Behavior\ShowPageTraceBehavior [ RunTime:0.002506s ]
INFO: [ app_end ] --END-- [ RunTime:0.002745s ]

[ 2017-05-14T22:38:00+08:00 ] ::1 /speed/Home/images/img.jpg
INFO: [ app_init ] --START--
INFO: Run Behavior\BuildLiteBehavior [ RunTime:0.000088s ]
INFO: [ app_init ] --END-- [ RunTime:0.001981s ]

[ 2017-05-14T22:38:22+08:00 ] ::1 /speed/Home/admin
INFO: [ app_init ] --START--
INFO: Run Behavior\BuildLiteBehavior [ RunTime:0.000082s ]
INFO: [ app_init ] --END-- [ RunTime:0.001670s ]
INFO: [ app_begin ] --START--
INFO: Run Behavior\ReadHtmlCacheBehavior [ RunTime:0.008465s ]
INFO: [ app_begin ] --END-- [ RunTime:0.013826s ]
SQL: SHOW COLUMNS FROM `think_administrators` [ RunTime:0.0087s ]
SQL: SELECT * FROM `think_administrators`  [ RunTime:0.0007s ]
INFO: [ view_parse ] --START--
INFO: [ template_filter ] --START--
INFO: Run Behavior\ContentReplaceBehavior [ RunTime:0.000362s ]
INFO: [ template_filter ] --END-- [ RunTime:0.000608s ]
NOTIC: [8] Undefined variable: id C:\wamp\www\speed\Application\Runtime\Cache\Home\c506a66e5fd5c20a850e05056283aa1e.php 第 366 行.
INFO: Run Behavior\ParseTemplateBehavior [ RunTime:0.043335s ]
INFO: [ view_parse ] --END-- [ RunTime:0.043581s ]
INFO: [ view_filter ] --START--
INFO: Run Behavior\WriteHtmlCacheBehavior [ RunTime:0.001234s ]
INFO: [ view_filter ] --END-- [ RunTime:0.001518s ]
INFO: [ app_end ] --START--
INFO: Run Behavior\ShowPageTraceBehavior [ RunTime:0.002121s ]
INFO: [ app_end ] --END-- [ RunTime:0.002349s ]

[ 2017-05-14T22:38:23+08:00 ] ::1 /speed/Home/images/img.jpg
INFO: [ app_init ] --START--
INFO: Run Behavior\BuildLiteBehavior [ RunTime:0.000048s ]
INFO: [ app_init ] --END-- [ RunTime:0.001644s ]

[ 2017-05-14T22:38:43+08:00 ] ::1 /speed/Home/admin
INFO: [ app_init ] --START--
INFO: Run Behavior\BuildLiteBehavior [ RunTime:0.000057s ]
INFO: [ app_init ] --END-- [ RunTime:0.001289s ]
INFO: [ app_begin ] --START--
INFO: Run Behavior\ReadHtmlCacheBehavior [ RunTime:0.002180s ]
INFO: [ app_begin ] --END-- [ RunTime:0.002445s ]
SQL: SHOW COLUMNS FROM `think_administrators` [ RunTime:0.0093s ]
SQL: SELECT * FROM `think_administrators`  [ RunTime:0.0008s ]
INFO: [ view_parse ] --START--
INFO: [ template_filter ] --START--
INFO: Run Behavior\ContentReplaceBehavior [ RunTime:0.000353s ]
INFO: [ template_filter ] --END-- [ RunTime:0.000597s ]
NOTIC: [8] Undefined variable: id C:\wamp\www\speed\Application\Runtime\Cache\Home\c506a66e5fd5c20a850e05056283aa1e.php 第 366 行.
INFO: Run Behavior\ParseTemplateBehavior [ RunTime:0.044031s ]
INFO: [ view_parse ] --END-- [ RunTime:0.044269s ]
INFO: [ view_filter ] --START--
INFO: Run Behavior\WriteHtmlCacheBehavior [ RunTime:0.001173s ]
INFO: [ view_filter ] --END-- [ RunTime:0.001435s ]
INFO: [ app_end ] --START--
INFO: Run Behavior\ShowPageTraceBehavior [ RunTime:0.002517s ]
INFO: [ app_end ] --END-- [ RunTime:0.002747s ]

[ 2017-05-14T22:38:43+08:00 ] ::1 /speed/Home/images/img.jpg
INFO: [ app_init ] --START--
INFO: Run Behavior\BuildLiteBehavior [ RunTime:0.000063s ]
INFO: [ app_init ] --END-- [ RunTime:0.002041s ]

[ 2017-05-14T22:40:04+08:00 ] ::1 /speed/Home/admin
INFO: [ app_init ] --START--
INFO: Run Behavior\BuildLiteBehavior [ RunTime:0.000062s ]
INFO: [ app_init ] --END-- [ RunTime:0.001319s ]
INFO: [ app_begin ] --START--
INFO: Run Behavior\ReadHtmlCacheBehavior [ RunTime:0.002917s ]
INFO: [ app_begin ] --END-- [ RunTime:0.003248s ]
SQL: SHOW COLUMNS FROM `think_administrators` [ RunTime:0.0098s ]
SQL: SELECT * FROM `think_administrators`  [ RunTime:0.0010s ]
INFO: [ view_parse ] --START--
INFO: [ template_filter ] --START--
INFO: Run Behavior\ContentReplaceBehavior [ RunTime:0.000350s ]
INFO: [ template_filter ] --END-- [ RunTime:0.000600s ]
INFO: Run Behavior\ParseTemplateBehavior [ RunTime:0.058191s ]
INFO: [ view_parse ] --END-- [ RunTime:0.058490s ]
INFO: [ view_filter ] --START--
INFO: Run Behavior\WriteHtmlCacheBehavior [ RunTime:0.001379s ]
INFO: [ view_filter ] --END-- [ RunTime:0.001719s ]
INFO: [ app_end ] --START--
INFO: Run Behavior\ShowPageTraceBehavior [ RunTime:0.002529s ]
INFO: [ app_end ] --END-- [ RunTime:0.002761s ]

[ 2017-05-14T22:40:04+08:00 ] ::1 /speed/Home/images/img.jpg
INFO: [ app_init ] --START--
INFO: Run Behavior\BuildLiteBehavior [ RunTime:0.000057s ]
INFO: [ app_init ] --END-- [ RunTime:0.001614s ]

[ 2017-05-14T22:40:24+08:00 ] ::1 /speed/Home/admin
INFO: [ app_init ] --START--
INFO: Run Behavior\BuildLiteBehavior [ RunTime:0.000059s ]
INFO: [ app_init ] --END-- [ RunTime:0.001225s ]
INFO: [ app_begin ] --START--
INFO: Run Behavior\ReadHtmlCacheBehavior [ RunTime:0.002387s ]
INFO: [ app_begin ] --END-- [ RunTime:0.002666s ]
SQL: SHOW COLUMNS FROM `think_administrators` [ RunTime:0.0097s ]
SQL: SELECT * FROM `think_administrators`  [ RunTime:0.0010s ]
INFO: [ view_parse ] --START--
INFO: [ template_filter ] --START--
INFO: Run Behavior\ContentReplaceBehavior [ RunTime:0.000345s ]
INFO: [ template_filter ] --END-- [ RunTime:0.000590s ]
INFO: Run Behavior\ParseTemplateBehavior [ RunTime:0.042453s ]
INFO: [ view_parse ] --END-- [ RunTime:0.042733s ]
INFO: [ view_filter ] --START--
INFO: Run Behavior\WriteHtmlCacheBehavior [ RunTime:0.001251s ]
INFO: [ view_filter ] --END-- [ RunTime:0.001471s ]
INFO: [ app_end ] --START--
INFO: Run Behavior\ShowPageTraceBehavior [ RunTime:0.003183s ]
INFO: [ app_end ] --END-- [ RunTime:0.003932s ]

[ 2017-05-14T22:40:24+08:00 ] ::1 /speed/Home/images/img.jpg
INFO: [ app_init ] --START--
INFO: Run Behavior\BuildLiteBehavior [ RunTime:0.000053s ]
INFO: [ app_init ] --END-- [ RunTime:0.001959s ]

[ 2017-05-14T22:40:38+08:00 ] ::1 /speed/Home/admin
INFO: [ app_init ] --START--
INFO: Run Behavior\BuildLiteBehavior [ RunTime:0.000058s ]
INFO: [ app_init ] --END-- [ RunTime:0.001217s ]
INFO: [ app_begin ] --START--
INFO: Run Behavior\ReadHtmlCacheBehavior [ RunTime:0.002346s ]
INFO: [ app_begin ] --END-- [ RunTime:0.002609s ]
SQL: SHOW COLUMNS FROM `think_administrators` [ RunTime:0.0077s ]
SQL: SELECT * FROM `think_administrators`  [ RunTime:0.0008s ]
INFO: [ view_parse ] --START--
INFO: [ template_filter ] --START--
INFO: Run Behavior\ContentReplaceBehavior [ RunTime:0.000758s ]
INFO: [ template_filter ] --END-- [ RunTime:0.001024s ]
INFO: Run Behavior\ParseTemplateBehavior [ RunTime:0.052079s ]
INFO: [ view_parse ] --END-- [ RunTime:0.052370s ]
INFO: [ view_filter ] --START--
INFO: Run Behavior\WriteHtmlCacheBehavior [ RunTime:0.001176s ]
INFO: [ view_filter ] --END-- [ RunTime:0.001391s ]
INFO: [ app_end ] --START--
INFO: Run Behavior\ShowPageTraceBehavior [ RunTime:0.008274s ]
INFO: [ app_end ] --END-- [ RunTime:0.008549s ]

[ 2017-05-14T22:40:39+08:00 ] ::1 /speed/Home/images/img.jpg
INFO: [ app_init ] --START--
INFO: Run Behavior\BuildLiteBehavior [ RunTime:0.000086s ]
INFO: [ app_init ] --END-- [ RunTime:0.001807s ]

[ 2017-05-14T22:42:29+08:00 ] ::1 /speed/Home/admin
INFO: [ app_init ] --START--
INFO: Run Behavior\BuildLiteBehavior [ RunTime:0.000054s ]
INFO: [ app_init ] --END-- [ RunTime:0.001579s ]
INFO: [ app_begin ] --START--
INFO: Run Behavior\ReadHtmlCacheBehavior [ RunTime:0.002005s ]
INFO: [ app_begin ] --END-- [ RunTime:0.002250s ]
SQL: SHOW COLUMNS FROM `think_administrators` [ RunTime:0.0084s ]
SQL: SELECT * FROM `think_administrators`  [ RunTime:0.0010s ]
INFO: [ view_parse ] --START--
INFO: [ template_filter ] --START--
INFO: Run Behavior\ContentReplaceBehavior [ RunTime:0.000316s ]
INFO: [ template_filter ] --END-- [ RunTime:0.000542s ]
INFO: Run Behavior\ParseTemplateBehavior [ RunTime:0.044519s ]
INFO: [ view_parse ] --END-- [ RunTime:0.044823s ]
INFO: [ view_filter ] --START--
INFO: Run Behavior\WriteHtmlCacheBehavior [ RunTime:0.003503s ]
INFO: [ view_filter ] --END-- [ RunTime:0.003805s ]
INFO: [ app_end ] --START--
INFO: Run Behavior\ShowPageTraceBehavior [ RunTime:0.002475s ]
INFO: [ app_end ] --END-- [ RunTime:0.003095s ]

[ 2017-05-14T22:42:29+08:00 ] ::1 /speed/Home/images/img.jpg
INFO: [ app_init ] --START--
INFO: Run Behavior\BuildLiteBehavior [ RunTime:0.016118s ]
INFO: [ app_init ] --END-- [ RunTime:0.017902s ]

[ 2017-05-14T23:01:54+08:00 ] ::1 /speed/Home/admin
INFO: [ app_init ] --START--
INFO: Run Behavior\BuildLiteBehavior [ RunTime:0.000054s ]
INFO: [ app_init ] --END-- [ RunTime:0.001258s ]
INFO: [ app_begin ] --START--
INFO: Run Behavior\ReadHtmlCacheBehavior [ RunTime:0.004960s ]
INFO: [ app_begin ] --END-- [ RunTime:0.005218s ]
SQL: SHOW COLUMNS FROM `think_administrators` [ RunTime:0.0102s ]
SQL: SELECT * FROM `think_administrators`  [ RunTime:0.0009s ]
INFO: [ view_parse ] --START--
INFO: [ template_filter ] --START--
INFO: Run Behavior\ContentReplaceBehavior [ RunTime:0.000350s ]
INFO: [ template_filter ] --END-- [ RunTime:0.000601s ]
INFO: Run Behavior\ParseTemplateBehavior [ RunTime:0.045301s ]
INFO: [ view_parse ] --END-- [ RunTime:0.045600s ]
INFO: [ view_filter ] --START--
INFO: Run Behavior\WriteHtmlCacheBehavior [ RunTime:0.001128s ]
INFO: [ view_filter ] --END-- [ RunTime:0.001344s ]
INFO: [ app_end ] --START--
INFO: Run Behavior\ShowPageTraceBehavior [ RunTime:0.002015s ]
INFO: [ app_end ] --END-- [ RunTime:0.002275s ]

[ 2017-05-14T23:01:55+08:00 ] ::1 /speed/Home/images/img.jpg
INFO: [ app_init ] --START--
INFO: Run Behavior\BuildLiteBehavior [ RunTime:0.000071s ]
INFO: [ app_init ] --END-- [ RunTime:0.001685s ]

[ 2017-05-14T23:01:57+08:00 ] ::1 /speed/Home/admin
INFO: [ app_init ] --START--
INFO: Run Behavior\BuildLiteBehavior [ RunTime:0.000076s ]
INFO: [ app_init ] --END-- [ RunTime:0.004189s ]
INFO: [ app_begin ] --START--
INFO: Run Behavior\ReadHtmlCacheBehavior [ RunTime:0.003565s ]
INFO: [ app_begin ] --END-- [ RunTime:0.003996s ]
SQL: SHOW COLUMNS FROM `think_administrators` [ RunTime:0.0091s ]
SQL: SELECT * FROM `think_administrators`  [ RunTime:0.0026s ]
INFO: [ view_parse ] --START--
INFO: [ template_filter ] --START--
INFO: Run Behavior\ContentReplaceBehavior [ RunTime:0.001010s ]
INFO: [ template_filter ] --END-- [ RunTime:0.001399s ]
INFO: Run Behavior\ParseTemplateBehavior [ RunTime:0.058905s ]
INFO: [ view_parse ] --END-- [ RunTime:0.060498s ]
INFO: [ view_filter ] --START--
INFO: Run Behavior\WriteHtmlCacheBehavior [ RunTime:0.001348s ]
INFO: [ view_filter ] --END-- [ RunTime:0.001651s ]
INFO: [ app_end ] --START--
INFO: Run Behavior\ShowPageTraceBehavior [ RunTime:0.004602s ]
INFO: [ app_end ] --END-- [ RunTime:0.004949s ]

[ 2017-05-14T23:01:57+08:00 ] ::1 /speed/Home/images/img.jpg
INFO: [ app_init ] --START--
INFO: Run Behavior\BuildLiteBehavior [ RunTime:0.000040s ]
INFO: [ app_init ] --END-- [ RunTime:0.000900s ]

[ 2017-05-14T23:03:13+08:00 ] ::1 /speed/Home/admin
INFO: [ app_init ] --START--
INFO: Run Behavior\BuildLiteBehavior [ RunTime:0.000060s ]
INFO: [ app_init ] --END-- [ RunTime:0.001602s ]
INFO: [ app_begin ] --START--
INFO: Run Behavior\ReadHtmlCacheBehavior [ RunTime:0.003732s ]
INFO: [ app_begin ] --END-- [ RunTime:0.004027s ]
SQL: SHOW COLUMNS FROM `think_administrators` [ RunTime:0.0086s ]
SQL: SELECT * FROM `think_administrators`  [ RunTime:0.0007s ]
INFO: [ view_parse ] --START--
INFO: [ template_filter ] --START--
INFO: Run Behavior\ContentReplaceBehavior [ RunTime:0.000536s ]
INFO: [ template_filter ] --END-- [ RunTime:0.000879s ]
INFO: Run Behavior\ParseTemplateBehavior [ RunTime:0.042392s ]
INFO: [ view_parse ] --END-- [ RunTime:0.042969s ]
INFO: [ view_filter ] --START--
INFO: Run Behavior\WriteHtmlCacheBehavior [ RunTime:0.001026s ]
INFO: [ view_filter ] --END-- [ RunTime:0.001245s ]
INFO: [ app_end ] --START--
INFO: Run Behavior\ShowPageTraceBehavior [ RunTime:0.001778s ]
INFO: [ app_end ] --END-- [ RunTime:0.002033s ]

[ 2017-05-14T23:03:14+08:00 ] ::1 /speed/Home/images/img.jpg
INFO: [ app_init ] --START--
INFO: Run Behavior\BuildLiteBehavior [ RunTime:0.000060s ]
INFO: [ app_init ] --END-- [ RunTime:0.001419s ]

[ 2017-05-14T23:03:20+08:00 ] ::1 /speed/Home/admin
INFO: [ app_init ] --START--
INFO: Run Behavior\BuildLiteBehavior [ RunTime:0.000082s ]
INFO: [ app_init ] --END-- [ RunTime:0.001228s ]
INFO: [ app_begin ] --START--
INFO: Run Behavior\ReadHtmlCacheBehavior [ RunTime:0.002694s ]
INFO: [ app_begin ] --END-- [ RunTime:0.002956s ]
SQL: SHOW COLUMNS FROM `think_administrators` [ RunTime:0.0131s ]
SQL: SELECT * FROM `think_administrators`  [ RunTime:0.0008s ]
INFO: [ view_parse ] --START--
INFO: [ template_filter ] --START--
INFO: Run Behavior\ContentReplaceBehavior [ RunTime:0.000356s ]
INFO: [ template_filter ] --END-- [ RunTime:0.000619s ]
INFO: Run Behavior\ParseTemplateBehavior [ RunTime:0.053746s ]
INFO: [ view_parse ] --END-- [ RunTime:0.054011s ]
INFO: [ view_filter ] --START--
INFO: Run Behavior\WriteHtmlCacheBehavior [ RunTime:0.001192s ]
INFO: [ view_filter ] --END-- [ RunTime:0.001410s ]
INFO: [ app_end ] --START--
INFO: Run Behavior\ShowPageTraceBehavior [ RunTime:0.002069s ]
INFO: [ app_end ] --END-- [ RunTime:0.002309s ]

[ 2017-05-14T23:03:20+08:00 ] ::1 /speed/Home/images/img.jpg
INFO: [ app_init ] --START--
INFO: Run Behavior\BuildLiteBehavior [ RunTime:0.000058s ]
INFO: [ app_init ] --END-- [ RunTime:0.001321s ]

[ 2017-05-14T23:03:44+08:00 ] ::1 /speed/Home/admin
INFO: [ app_init ] --START--
INFO: Run Behavior\BuildLiteBehavior [ RunTime:0.000061s ]
INFO: [ app_init ] --END-- [ RunTime:0.001686s ]
INFO: [ app_begin ] --START--
INFO: Run Behavior\ReadHtmlCacheBehavior [ RunTime:0.001918s ]
INFO: [ app_begin ] --END-- [ RunTime:0.002155s ]
SQL: SHOW COLUMNS FROM `think_administrators` [ RunTime:0.0087s ]
SQL: SELECT * FROM `think_administrators`  [ RunTime:0.0008s ]
INFO: [ view_parse ] --START--
INFO: [ template_filter ] --START--
INFO: Run Behavior\ContentReplaceBehavior [ RunTime:0.000373s ]
INFO: [ template_filter ] --END-- [ RunTime:0.000621s ]
INFO: Run Behavior\ParseTemplateBehavior [ RunTime:0.043547s ]
INFO: [ view_parse ] --END-- [ RunTime:0.043850s ]
INFO: [ view_filter ] --START--
INFO: Run Behavior\WriteHtmlCacheBehavior [ RunTime:0.001220s ]
INFO: [ view_filter ] --END-- [ RunTime:0.001551s ]
INFO: [ app_end ] --START--
INFO: Run Behavior\ShowPageTraceBehavior [ RunTime:0.002077s ]
INFO: [ app_end ] --END-- [ RunTime:0.002306s ]

[ 2017-05-14T23:03:45+08:00 ] ::1 /speed/Home/images/img.jpg
INFO: [ app_init ] --START--
INFO: Run Behavior\BuildLiteBehavior [ RunTime:0.000095s ]
INFO: [ app_init ] --END-- [ RunTime:0.001256s ]

[ 2017-05-14T23:04:42+08:00 ] ::1 /speed/Home/admin
INFO: [ app_init ] --START--
INFO: Run Behavior\BuildLiteBehavior [ RunTime:0.000055s ]
INFO: [ app_init ] --END-- [ RunTime:0.001157s ]
INFO: [ app_begin ] --START--
INFO: Run Behavior\ReadHtmlCacheBehavior [ RunTime:0.001962s ]
INFO: [ app_begin ] --END-- [ RunTime:0.002195s ]
SQL: SHOW COLUMNS FROM `think_administrators` [ RunTime:0.0091s ]
SQL: SELECT * FROM `think_administrators`  [ RunTime:0.0032s ]
INFO: [ view_parse ] --START--
INFO: [ template_filter ] --START--
INFO: Run Behavior\ContentReplaceBehavior [ RunTime:0.000488s ]
INFO: [ template_filter ] --END-- [ RunTime:0.000845s ]
INFO: Run Behavior\ParseTemplateBehavior [ RunTime:0.048140s ]
INFO: [ view_parse ] --END-- [ RunTime:0.048419s ]
INFO: [ view_filter ] --START--
INFO: Run Behavior\WriteHtmlCacheBehavior [ RunTime:0.002452s ]
INFO: [ view_filter ] --END-- [ RunTime:0.002680s ]
INFO: [ app_end ] --START--
INFO: Run Behavior\ShowPageTraceBehavior [ RunTime:0.004500s ]
INFO: [ app_end ] --END-- [ RunTime:0.004696s ]

[ 2017-05-14T23:04:42+08:00 ] ::1 /speed/Home/images/img.jpg
INFO: [ app_init ] --START--
INFO: Run Behavior\BuildLiteBehavior [ RunTime:0.000046s ]
INFO: [ app_init ] --END-- [ RunTime:0.000955s ]

[ 2017-05-14T23:04:46+08:00 ] ::1 /speed/Home/admin
INFO: [ app_init ] --START--
INFO: Run Behavior\BuildLiteBehavior [ RunTime:0.000061s ]
INFO: [ app_init ] --END-- [ RunTime:0.001740s ]
INFO: [ app_begin ] --START--
INFO: Run Behavior\ReadHtmlCacheBehavior [ RunTime:0.001759s ]
INFO: [ app_begin ] --END-- [ RunTime:0.002006s ]
SQL: SHOW COLUMNS FROM `think_administrators` [ RunTime:0.0086s ]
SQL: SELECT * FROM `think_administrators`  [ RunTime:0.0008s ]
INFO: [ view_parse ] --START--
INFO: [ template_filter ] --START--
INFO: Run Behavior\ContentReplaceBehavior [ RunTime:0.000366s ]
INFO: [ template_filter ] --END-- [ RunTime:0.000612s ]
INFO: Run Behavior\ParseTemplateBehavior [ RunTime:0.041227s ]
INFO: [ view_parse ] --END-- [ RunTime:0.041509s ]
INFO: [ view_filter ] --START--
INFO: Run Behavior\WriteHtmlCacheBehavior [ RunTime:0.000848s ]
INFO: [ view_filter ] --END-- [ RunTime:0.001060s ]
INFO: [ app_end ] --START--
INFO: Run Behavior\ShowPageTraceBehavior [ RunTime:0.001837s ]
INFO: [ app_end ] --END-- [ RunTime:0.002060s ]

[ 2017-05-14T23:04:47+08:00 ] ::1 /speed/Home/images/img.jpg
INFO: [ app_init ] --START--
INFO: Run Behavior\BuildLiteBehavior [ RunTime:0.000048s ]
INFO: [ app_init ] --END-- [ RunTime:0.001000s ]

[ 2017-05-14T23:13:19+08:00 ] ::1 /speed/Home/admin
INFO: [ app_init ] --START--
INFO: Run Behavior\BuildLiteBehavior [ RunTime:0.000052s ]
INFO: [ app_init ] --END-- [ RunTime:0.001214s ]
INFO: [ app_begin ] --START--
INFO: Run Behavior\ReadHtmlCacheBehavior [ RunTime:0.001992s ]
INFO: [ app_begin ] --END-- [ RunTime:0.002235s ]
SQL: SHOW COLUMNS FROM `think_administrators` [ RunTime:0.0087s ]
SQL: SELECT * FROM `think_administrators`  [ RunTime:0.0028s ]
INFO: [ view_parse ] --START--
INFO: [ template_filter ] --START--
INFO: Run Behavior\ContentReplaceBehavior [ RunTime:0.000667s ]
INFO: [ template_filter ] --END-- [ RunTime:0.001283s ]
INFO: Run Behavior\ParseTemplateBehavior [ RunTime:0.043087s ]
INFO: [ view_parse ] --END-- [ RunTime:0.043354s ]
INFO: [ view_filter ] --START--
INFO: Run Behavior\WriteHtmlCacheBehavior [ RunTime:0.001203s ]
INFO: [ view_filter ] --END-- [ RunTime:0.001424s ]
INFO: [ app_end ] --START--
INFO: Run Behavior\ShowPageTraceBehavior [ RunTime:0.002253s ]
INFO: [ app_end ] --END-- [ RunTime:0.002514s ]

[ 2017-05-14T23:13:20+08:00 ] ::1 /speed/Home/images/img.jpg
INFO: [ app_init ] --START--
INFO: Run Behavior\BuildLiteBehavior [ RunTime:0.000062s ]
INFO: [ app_init ] --END-- [ RunTime:0.001217s ]

[ 2017-05-14T23:20:40+08:00 ] ::1 /speed/Home/admin
INFO: [ app_init ] --START--
INFO: Run Behavior\BuildLiteBehavior [ RunTime:0.000052s ]
INFO: [ app_init ] --END-- [ RunTime:0.001226s ]
INFO: [ app_begin ] --START--
INFO: Run Behavior\ReadHtmlCacheBehavior [ RunTime:0.001962s ]
INFO: [ app_begin ] --END-- [ RunTime:0.002199s ]
SQL: SHOW COLUMNS FROM `think_administrators` [ RunTime:0.0101s ]
SQL: SELECT * FROM `think_administrators`  [ RunTime:0.0009s ]
INFO: [ view_parse ] --START--
INFO: [ template_filter ] --START--
INFO: Run Behavior\ContentReplaceBehavior [ RunTime:0.000320s ]
INFO: [ template_filter ] --END-- [ RunTime:0.000546s ]
INFO: Run Behavior\ParseTemplateBehavior [ RunTime:0.040394s ]
INFO: [ view_parse ] --END-- [ RunTime:0.040676s ]
INFO: [ view_filter ] --START--
INFO: Run Behavior\WriteHtmlCacheBehavior [ RunTime:0.001159s ]
INFO: [ view_filter ] --END-- [ RunTime:0.001516s ]
INFO: [ app_end ] --START--
INFO: Run Behavior\ShowPageTraceBehavior [ RunTime:0.002329s ]
INFO: [ app_end ] --END-- [ RunTime:0.002563s ]

[ 2017-05-14T23:20:40+08:00 ] ::1 /speed/Home/images/img.jpg
INFO: [ app_init ] --START--
INFO: Run Behavior\BuildLiteBehavior [ RunTime:0.000054s ]
INFO: [ app_init ] --END-- [ RunTime:0.001119s ]

[ 2017-05-14T23:21:00+08:00 ] ::1 /speed/Home/admin
INFO: [ app_init ] --START--
INFO: Run Behavior\BuildLiteBehavior [ RunTime:0.000052s ]
INFO: [ app_init ] --END-- [ RunTime:0.001066s ]
INFO: [ app_begin ] --START--
INFO: Run Behavior\ReadHtmlCacheBehavior [ RunTime:0.002785s ]
INFO: [ app_begin ] --END-- [ RunTime:0.003025s ]
SQL: SHOW COLUMNS FROM `think_administrators` [ RunTime:0.0089s ]
SQL: SELECT * FROM `think_administrators`  [ RunTime:0.0026s ]
INFO: [ view_parse ] --START--
INFO: [ template_filter ] --START--
INFO: Run Behavior\ContentReplaceBehavior [ RunTime:0.000409s ]
INFO: [ template_filter ] --END-- [ RunTime:0.000668s ]
INFO: Run Behavior\ParseTemplateBehavior [ RunTime:0.047668s ]
INFO: [ view_parse ] --END-- [ RunTime:0.047955s ]
INFO: [ view_filter ] --START--
INFO: Run Behavior\WriteHtmlCacheBehavior [ RunTime:0.000936s ]
INFO: [ view_filter ] --END-- [ RunTime:0.001237s ]
INFO: [ app_end ] --START--
INFO: Run Behavior\ShowPageTraceBehavior [ RunTime:0.001991s ]
INFO: [ app_end ] --END-- [ RunTime:0.002249s ]

[ 2017-05-14T23:21:00+08:00 ] ::1 /speed/Home/images/img.jpg
INFO: [ app_init ] --START--
INFO: Run Behavior\BuildLiteBehavior [ RunTime:0.000055s ]
INFO: [ app_init ] --END-- [ RunTime:0.001231s ]

[ 2017-05-14T23:22:57+08:00 ] ::1 /speed/Home/admin
INFO: [ app_init ] --START--
INFO: Run Behavior\BuildLiteBehavior [ RunTime:0.000058s ]
INFO: [ app_init ] --END-- [ RunTime:0.001266s ]
INFO: [ app_begin ] --START--
INFO: Run Behavior\ReadHtmlCacheBehavior [ RunTime:0.002175s ]
INFO: [ app_begin ] --END-- [ RunTime:0.002430s ]
SQL: SHOW COLUMNS FROM `think_administrators` [ RunTime:0.0124s ]
SQL: SELECT * FROM `think_administrators`  [ RunTime:0.0011s ]
INFO: [ view_parse ] --START--
INFO: [ template_filter ] --START--
INFO: Run Behavior\ContentReplaceBehavior [ RunTime:0.000544s ]
INFO: [ template_filter ] --END-- [ RunTime:0.000817s ]
INFO: Run Behavior\ParseTemplateBehavior [ RunTime:0.048361s ]
INFO: [ view_parse ] --END-- [ RunTime:0.048637s ]
INFO: [ view_filter ] --START--
INFO: Run Behavior\WriteHtmlCacheBehavior [ RunTime:0.001148s ]
INFO: [ view_filter ] --END-- [ RunTime:0.001370s ]
INFO: [ app_end ] --START--
INFO: Run Behavior\ShowPageTraceBehavior [ RunTime:0.002303s ]
INFO: [ app_end ] --END-- [ RunTime:0.002548s ]

[ 2017-05-14T23:22:58+08:00 ] ::1 /speed/Home/images/img.jpg
INFO: [ app_init ] --START--
INFO: Run Behavior\BuildLiteBehavior [ RunTime:0.000058s ]
INFO: [ app_init ] --END-- [ RunTime:0.001372s ]

[ 2017-05-14T23:25:07+08:00 ] ::1 /speed/Home/admin
INFO: [ app_init ] --START--
INFO: Run Behavior\BuildLiteBehavior [ RunTime:0.000091s ]
INFO: [ app_init ] --END-- [ RunTime:0.002814s ]
INFO: [ app_begin ] --START--
INFO: Run Behavior\ReadHtmlCacheBehavior [ RunTime:0.002983s ]
INFO: [ app_begin ] --END-- [ RunTime:0.003339s ]
SQL: SHOW COLUMNS FROM `think_administrators` [ RunTime:0.0098s ]
SQL: SELECT * FROM `think_administrators`  [ RunTime:0.0008s ]
INFO: [ view_parse ] --START--
INFO: [ template_filter ] --START--
INFO: Run Behavior\ContentReplaceBehavior [ RunTime:0.000314s ]
INFO: [ template_filter ] --END-- [ RunTime:0.000538s ]
INFO: Run Behavior\ParseTemplateBehavior [ RunTime:0.038850s ]
INFO: [ view_parse ] --END-- [ RunTime:0.039157s ]
INFO: [ view_filter ] --START--
INFO: Run Behavior\WriteHtmlCacheBehavior [ RunTime:0.000993s ]
INFO: [ view_filter ] --END-- [ RunTime:0.001183s ]
INFO: [ app_end ] --START--
INFO: Run Behavior\ShowPageTraceBehavior [ RunTime:0.001885s ]
INFO: [ app_end ] --END-- [ RunTime:0.002088s ]

[ 2017-05-14T23:25:08+08:00 ] ::1 /speed/Home/images/img.jpg
INFO: [ app_init ] --START--
INFO: Run Behavior\BuildLiteBehavior [ RunTime:0.000082s ]
INFO: [ app_init ] --END-- [ RunTime:0.001691s ]

[ 2017-05-14T23:34:51+08:00 ] ::1 /speed/Home/index
INFO: [ app_init ] --START--
INFO: Run Behavior\BuildLiteBehavior [ RunTime:0.000053s ]
INFO: [ app_init ] --END-- [ RunTime:0.001190s ]
INFO: [ app_begin ] --START--
INFO: Run Behavior\ReadHtmlCacheBehavior [ RunTime:0.001936s ]
INFO: [ app_begin ] --END-- [ RunTime:0.002274s ]
SQL: SHOW COLUMNS FROM `think_administrators` [ RunTime:0.0089s ]
SQL: SELECT * FROM `think_administrators`  [ RunTime:0.0008s ]
INFO: [ view_parse ] --START--
INFO: [ template_filter ] --START--
INFO: Run Behavior\ContentReplaceBehavior [ RunTime:0.000313s ]
INFO: [ template_filter ] --END-- [ RunTime:0.000567s ]
INFO: Run Behavior\ParseTemplateBehavior [ RunTime:0.040079s ]
INFO: [ view_parse ] --END-- [ RunTime:0.040353s ]
INFO: [ view_filter ] --START--
INFO: Run Behavior\WriteHtmlCacheBehavior [ RunTime:0.001162s ]
INFO: [ view_filter ] --END-- [ RunTime:0.001378s ]
INFO: [ app_end ] --START--
INFO: Run Behavior\ShowPageTraceBehavior [ RunTime:0.002003s ]
INFO: [ app_end ] --END-- [ RunTime:0.002222s ]

[ 2017-05-14T23:34:51+08:00 ] ::1 /speed/Home/images/img.jpg
INFO: [ app_init ] --START--
INFO: Run Behavior\BuildLiteBehavior [ RunTime:0.000062s ]
INFO: [ app_init ] --END-- [ RunTime:0.001425s ]

[ 2017-05-14T23:34:54+08:00 ] ::1 /speed/Home/admin
INFO: [ app_init ] --START--
INFO: Run Behavior\BuildLiteBehavior [ RunTime:0.000061s ]
INFO: [ app_init ] --END-- [ RunTime:0.001273s ]
INFO: [ app_begin ] --START--
INFO: Run Behavior\ReadHtmlCacheBehavior [ RunTime:0.002111s ]
INFO: [ app_begin ] --END-- [ RunTime:0.002374s ]
SQL: SHOW COLUMNS FROM `think_administrators` [ RunTime:0.0086s ]
SQL: SELECT * FROM `think_administrators`  [ RunTime:0.0035s ]
INFO: [ view_parse ] --START--
INFO: [ template_filter ] --START--
INFO: Run Behavior\ContentReplaceBehavior [ RunTime:0.000378s ]
INFO: [ template_filter ] --END-- [ RunTime:0.000629s ]
INFO: Run Behavior\ParseTemplateBehavior [ RunTime:0.043169s ]
INFO: [ view_parse ] --END-- [ RunTime:0.043476s ]
INFO: [ view_filter ] --START--
INFO: Run Behavior\WriteHtmlCacheBehavior [ RunTime:0.001135s ]
INFO: [ view_filter ] --END-- [ RunTime:0.001351s ]
INFO: [ app_end ] --START--
INFO: Run Behavior\ShowPageTraceBehavior [ RunTime:0.001984s ]
INFO: [ app_end ] --END-- [ RunTime:0.002235s ]

[ 2017-05-14T23:34:54+08:00 ] ::1 /speed/Home/images/img.jpg
INFO: [ app_init ] --START--
INFO: Run Behavior\BuildLiteBehavior [ RunTime:0.000057s ]
INFO: [ app_init ] --END-- [ RunTime:0.001234s ]

