[ 2017-05-22T19:59:12+08:00 ] ::1 /speed/Home/admin
INFO: [ app_init ] --START--
INFO: Run Behavior\BuildLiteBehavior [ RunTime:0.000103s ]
INFO: [ app_init ] --END-- [ RunTime:0.001421s ]
INFO: [ app_begin ] --START--
INFO: Run Behavior\ReadHtmlCacheBehavior [ RunTime:0.003705s ]
INFO: [ app_begin ] --END-- [ RunTime:0.004090s ]
NOTIC: [2] include(Home\Conf\config.php): failed to open stream: No such file or directory C:\wamp\www\speed\Application\Home\Controller\AdminController.class.php 第 4 行.
NOTIC: [2] include(): Failed opening 'Home\Conf\config.php' for inclusion (include_path='.;C:\php\pear') C:\wamp\www\speed\Application\Home\Controller\AdminController.class.php 第 4 行.
SQL: SHOW COLUMNS FROM `think_administrators` [ RunTime:0.0096s ]
SQL: SELECT * FROM `think_administrators`  [ RunTime:0.0008s ]
INFO: [ view_parse ] --START--
INFO: [ template_filter ] --START--
INFO: Run Behavior\ContentReplaceBehavior [ RunTime:0.000452s ]
INFO: [ template_filter ] --END-- [ RunTime:0.000876s ]
INFO: Run Behavior\ParseTemplateBehavior [ RunTime:0.049798s ]
INFO: [ view_parse ] --END-- [ RunTime:0.050075s ]
INFO: [ view_filter ] --START--
INFO: Run Behavior\WriteHtmlCacheBehavior [ RunTime:0.001861s ]
INFO: [ view_filter ] --END-- [ RunTime:0.002085s ]
INFO: [ app_end ] --START--
INFO: Run Behavior\ShowPageTraceBehavior [ RunTime:0.002686s ]
INFO: [ app_end ] --END-- [ RunTime:0.002919s ]

[ 2017-05-22T19:59:13+08:00 ] ::1 /speed/Home/images/img.jpg
INFO: [ app_init ] --START--
INFO: Run Behavior\BuildLiteBehavior [ RunTime:0.000056s ]
INFO: [ app_init ] --END-- [ RunTime:0.001234s ]

[ 2017-05-22T19:59:18+08:00 ] ::1 /speed/Home/index
INFO: [ app_init ] --START--
INFO: Run Behavior\BuildLiteBehavior [ RunTime:0.000062s ]
INFO: [ app_init ] --END-- [ RunTime:0.001368s ]
INFO: [ app_begin ] --START--
INFO: Run Behavior\ReadHtmlCacheBehavior [ RunTime:0.002946s ]
INFO: [ app_begin ] --END-- [ RunTime:0.003220s ]
SQL: SHOW COLUMNS FROM `think_userinfo` [ RunTime:0.0089s ]
SQL: SELECT * FROM `think_userinfo`  [ RunTime:0.0009s ]
INFO: [ view_parse ] --START--
INFO: [ template_filter ] --START--
INFO: Run Behavior\ContentReplaceBehavior [ RunTime:0.000335s ]
INFO: [ template_filter ] --END-- [ RunTime:0.000603s ]
NOTIC: [8] Undefined index: user_data C:\wamp\www\speed\Application\Runtime\Cache\Home\2a94b8bda04ff446dcedd42276fc99ee.php 第 323 行.
INFO: Run Behavior\ParseTemplateBehavior [ RunTime:0.042347s ]
INFO: [ view_parse ] --END-- [ RunTime:0.042613s ]
INFO: [ view_filter ] --START--
INFO: Run Behavior\WriteHtmlCacheBehavior [ RunTime:0.001432s ]
INFO: [ view_filter ] --END-- [ RunTime:0.001652s ]
INFO: [ app_end ] --START--
INFO: Run Behavior\ShowPageTraceBehavior [ RunTime:0.002433s ]
INFO: [ app_end ] --END-- [ RunTime:0.002665s ]

[ 2017-05-22T19:59:19+08:00 ] ::1 /speed/Home/images/img.jpg
INFO: [ app_init ] --START--
INFO: Run Behavior\BuildLiteBehavior [ RunTime:0.000061s ]
INFO: [ app_init ] --END-- [ RunTime:0.001454s ]

[ 2017-05-22T20:01:08+08:00 ] ::1 /speed/Home/admin
INFO: [ app_init ] --START--
INFO: Run Behavior\BuildLiteBehavior [ RunTime:0.000065s ]
INFO: [ app_init ] --END-- [ RunTime:0.001482s ]
INFO: [ app_begin ] --START--
INFO: Run Behavior\ReadHtmlCacheBehavior [ RunTime:0.002584s ]
INFO: [ app_begin ] --END-- [ RunTime:0.002883s ]
NOTIC: [2] include(Home\Conf\config.php): failed to open stream: No such file or directory C:\wamp\www\speed\Application\Home\Controller\AdminController.class.php 第 4 行.
NOTIC: [2] include(): Failed opening 'Home\Conf\config.php' for inclusion (include_path='.;C:\php\pear') C:\wamp\www\speed\Application\Home\Controller\AdminController.class.php 第 4 行.
SQL: SHOW COLUMNS FROM `think_administrators` [ RunTime:0.0085s ]
SQL: SELECT * FROM `think_administrators`  [ RunTime:0.0008s ]
INFO: [ view_parse ] --START--
INFO: [ template_filter ] --START--
INFO: Run Behavior\ContentReplaceBehavior [ RunTime:0.000427s ]
INFO: [ template_filter ] --END-- [ RunTime:0.000697s ]
INFO: Run Behavior\ParseTemplateBehavior [ RunTime:0.044658s ]
INFO: [ view_parse ] --END-- [ RunTime:0.044939s ]
INFO: [ view_filter ] --START--
INFO: Run Behavior\WriteHtmlCacheBehavior [ RunTime:0.001430s ]
INFO: [ view_filter ] --END-- [ RunTime:0.001654s ]
INFO: [ app_end ] --START--
INFO: Run Behavior\ShowPageTraceBehavior [ RunTime:0.002378s ]
INFO: [ app_end ] --END-- [ RunTime:0.002612s ]

[ 2017-05-22T20:01:08+08:00 ] ::1 /speed/Home/images/img.jpg
INFO: [ app_init ] --START--
INFO: Run Behavior\BuildLiteBehavior [ RunTime:0.000101s ]
INFO: [ app_init ] --END-- [ RunTime:0.001402s ]

[ 2017-05-22T20:01:19+08:00 ] ::1 /speed/Home/index
INFO: [ app_init ] --START--
INFO: Run Behavior\BuildLiteBehavior [ RunTime:0.000061s ]
INFO: [ app_init ] --END-- [ RunTime:0.001397s ]
INFO: [ app_begin ] --START--
INFO: Run Behavior\ReadHtmlCacheBehavior [ RunTime:0.002537s ]
INFO: [ app_begin ] --END-- [ RunTime:0.002886s ]
SQL: SHOW COLUMNS FROM `think_userinfo` [ RunTime:0.0081s ]
SQL: SELECT * FROM `think_userinfo`  [ RunTime:0.0008s ]
INFO: [ view_parse ] --START--
INFO: [ template_filter ] --START--
INFO: Run Behavior\ContentReplaceBehavior [ RunTime:0.000334s ]
INFO: [ template_filter ] --END-- [ RunTime:0.000601s ]
NOTIC: [8] Undefined index: user_data C:\wamp\www\speed\Application\Runtime\Cache\Home\2a94b8bda04ff446dcedd42276fc99ee.php 第 323 行.
INFO: Run Behavior\ParseTemplateBehavior [ RunTime:0.040830s ]
INFO: [ view_parse ] --END-- [ RunTime:0.041084s ]
INFO: [ view_filter ] --START--
INFO: Run Behavior\WriteHtmlCacheBehavior [ RunTime:0.001452s ]
INFO: [ view_filter ] --END-- [ RunTime:0.001674s ]
INFO: [ app_end ] --START--
INFO: Run Behavior\ShowPageTraceBehavior [ RunTime:0.002326s ]
INFO: [ app_end ] --END-- [ RunTime:0.002554s ]

[ 2017-05-22T20:01:20+08:00 ] ::1 /speed/Home/images/img.jpg
INFO: [ app_init ] --START--
INFO: Run Behavior\BuildLiteBehavior [ RunTime:0.000061s ]
INFO: [ app_init ] --END-- [ RunTime:0.001350s ]

[ 2017-05-22T20:17:22+08:00 ] ::1 /speed/Home/index
INFO: [ app_init ] --START--
INFO: Run Behavior\BuildLiteBehavior [ RunTime:0.000067s ]
INFO: [ app_init ] --END-- [ RunTime:0.001415s ]
INFO: [ app_begin ] --START--
INFO: Run Behavior\ReadHtmlCacheBehavior [ RunTime:0.002634s ]
INFO: [ app_begin ] --END-- [ RunTime:0.002942s ]
SQL: SHOW COLUMNS FROM `think_userinfo` [ RunTime:0.0084s ]
SQL: SELECT * FROM `think_userinfo`  [ RunTime:0.0007s ]
INFO: [ view_parse ] --START--
INFO: [ template_filter ] --START--
INFO: Run Behavior\ContentReplaceBehavior [ RunTime:0.000335s ]
INFO: [ template_filter ] --END-- [ RunTime:0.000600s ]
INFO: Run Behavior\ParseTemplateBehavior [ RunTime:0.041832s ]
INFO: [ view_parse ] --END-- [ RunTime:0.042111s ]
INFO: [ view_filter ] --START--
INFO: Run Behavior\WriteHtmlCacheBehavior [ RunTime:0.001373s ]
INFO: [ view_filter ] --END-- [ RunTime:0.001591s ]
INFO: [ app_end ] --START--
INFO: Run Behavior\ShowPageTraceBehavior [ RunTime:0.002263s ]
INFO: [ app_end ] --END-- [ RunTime:0.002531s ]

[ 2017-05-22T20:17:22+08:00 ] ::1 /speed/Home/images/img.jpg
INFO: [ app_init ] --START--
INFO: Run Behavior\BuildLiteBehavior [ RunTime:0.000061s ]
INFO: [ app_init ] --END-- [ RunTime:0.001355s ]

[ 2017-05-22T20:21:36+08:00 ] ::1 /speed/Home/index
INFO: [ app_init ] --START--
INFO: Run Behavior\BuildLiteBehavior [ RunTime:0.000058s ]
INFO: [ app_init ] --END-- [ RunTime:0.001712s ]
INFO: [ app_begin ] --START--
INFO: Run Behavior\ReadHtmlCacheBehavior [ RunTime:0.003243s ]
INFO: [ app_begin ] --END-- [ RunTime:0.003587s ]
SQL: SHOW COLUMNS FROM `think_userinfo` [ RunTime:0.0093s ]
SQL: SELECT * FROM `think_userinfo`  [ RunTime:0.0008s ]
INFO: [ view_parse ] --START--
INFO: [ template_filter ] --START--
INFO: Run Behavior\ContentReplaceBehavior [ RunTime:0.000351s ]
INFO: [ template_filter ] --END-- [ RunTime:0.000639s ]
INFO: Run Behavior\ParseTemplateBehavior [ RunTime:0.047367s ]
INFO: [ view_parse ] --END-- [ RunTime:0.047709s ]
INFO: [ view_filter ] --START--
INFO: Run Behavior\WriteHtmlCacheBehavior [ RunTime:0.001944s ]
INFO: [ view_filter ] --END-- [ RunTime:0.002199s ]
INFO: [ app_end ] --START--
INFO: Run Behavior\ShowPageTraceBehavior [ RunTime:0.002610s ]
INFO: [ app_end ] --END-- [ RunTime:0.002881s ]

[ 2017-05-22T20:21:36+08:00 ] ::1 /speed/Home/images/img.jpg
INFO: [ app_init ] --START--
INFO: Run Behavior\BuildLiteBehavior [ RunTime:0.000049s ]
INFO: [ app_init ] --END-- [ RunTime:0.001126s ]

[ 2017-05-22T20:22:58+08:00 ] ::1 /speed/Home/index
INFO: [ app_init ] --START--
INFO: Run Behavior\BuildLiteBehavior [ RunTime:0.000059s ]
INFO: [ app_init ] --END-- [ RunTime:0.001408s ]
INFO: [ app_begin ] --START--
INFO: Run Behavior\ReadHtmlCacheBehavior [ RunTime:0.002351s ]
INFO: [ app_begin ] --END-- [ RunTime:0.002649s ]
SQL: SHOW COLUMNS FROM `think_userinfo` [ RunTime:0.0093s ]
SQL: SELECT * FROM `think_userinfo`  [ RunTime:0.0008s ]
INFO: [ view_parse ] --START--
INFO: [ template_filter ] --START--
INFO: Run Behavior\ContentReplaceBehavior [ RunTime:0.000369s ]
INFO: [ template_filter ] --END-- [ RunTime:0.000634s ]
INFO: Run Behavior\ParseTemplateBehavior [ RunTime:0.045490s ]
INFO: [ view_parse ] --END-- [ RunTime:0.045790s ]
INFO: [ view_filter ] --START--
INFO: Run Behavior\WriteHtmlCacheBehavior [ RunTime:0.001379s ]
INFO: [ view_filter ] --END-- [ RunTime:0.001610s ]
INFO: [ app_end ] --START--
INFO: Run Behavior\ShowPageTraceBehavior [ RunTime:0.002221s ]
INFO: [ app_end ] --END-- [ RunTime:0.002467s ]

[ 2017-05-22T20:22:58+08:00 ] ::1 /speed/Home/images/img.jpg
INFO: [ app_init ] --START--
INFO: Run Behavior\BuildLiteBehavior [ RunTime:0.000054s ]
INFO: [ app_init ] --END-- [ RunTime:0.001230s ]

[ 2017-05-22T20:23:07+08:00 ] ::1 /speed/Home/admin
INFO: [ app_init ] --START--
INFO: Run Behavior\BuildLiteBehavior [ RunTime:0.000066s ]
INFO: [ app_init ] --END-- [ RunTime:0.001381s ]
INFO: [ app_begin ] --START--
INFO: Run Behavior\ReadHtmlCacheBehavior [ RunTime:0.002654s ]
INFO: [ app_begin ] --END-- [ RunTime:0.002915s ]
NOTIC: [2] include(Home\Conf\config.php): failed to open stream: No such file or directory C:\wamp\www\speed\Application\Home\Controller\AdminController.class.php 第 4 行.
NOTIC: [2] include(): Failed opening 'Home\Conf\config.php' for inclusion (include_path='.;C:\php\pear') C:\wamp\www\speed\Application\Home\Controller\AdminController.class.php 第 4 行.
SQL: SHOW COLUMNS FROM `think_administrators` [ RunTime:0.0084s ]
SQL: SELECT * FROM `think_administrators`  [ RunTime:0.0010s ]
INFO: [ view_parse ] --START--
INFO: [ template_filter ] --START--
INFO: Run Behavior\ContentReplaceBehavior [ RunTime:0.000822s ]
INFO: [ template_filter ] --END-- [ RunTime:0.001138s ]
INFO: Run Behavior\ParseTemplateBehavior [ RunTime:0.047011s ]
INFO: [ view_parse ] --END-- [ RunTime:0.047278s ]
INFO: [ view_filter ] --START--
INFO: Run Behavior\WriteHtmlCacheBehavior [ RunTime:0.002073s ]
INFO: [ view_filter ] --END-- [ RunTime:0.002303s ]
INFO: [ app_end ] --START--
INFO: Run Behavior\ShowPageTraceBehavior [ RunTime:0.002655s ]
INFO: [ app_end ] --END-- [ RunTime:0.003216s ]

[ 2017-05-22T20:23:07+08:00 ] ::1 /speed/Home/images/img.jpg
INFO: [ app_init ] --START--
INFO: Run Behavior\BuildLiteBehavior [ RunTime:0.000054s ]
INFO: [ app_init ] --END-- [ RunTime:0.001231s ]

[ 2017-05-22T20:23:10+08:00 ] ::1 /speed/Home/index
INFO: [ app_init ] --START--
INFO: Run Behavior\BuildLiteBehavior [ RunTime:0.000053s ]
INFO: [ app_init ] --END-- [ RunTime:0.001253s ]
INFO: [ app_begin ] --START--
INFO: Run Behavior\ReadHtmlCacheBehavior [ RunTime:0.002771s ]
INFO: [ app_begin ] --END-- [ RunTime:0.003047s ]
SQL: SHOW COLUMNS FROM `think_userinfo` [ RunTime:0.0090s ]
SQL: SELECT * FROM `think_userinfo`  [ RunTime:0.0012s ]
INFO: [ view_parse ] --START--
INFO: [ template_filter ] --START--
INFO: Run Behavior\ContentReplaceBehavior [ RunTime:0.000342s ]
INFO: [ template_filter ] --END-- [ RunTime:0.000618s ]
INFO: Run Behavior\ParseTemplateBehavior [ RunTime:0.041921s ]
INFO: [ view_parse ] --END-- [ RunTime:0.042199s ]
INFO: [ view_filter ] --START--
INFO: Run Behavior\WriteHtmlCacheBehavior [ RunTime:0.001754s ]
INFO: [ view_filter ] --END-- [ RunTime:0.001977s ]
INFO: [ app_end ] --START--
INFO: Run Behavior\ShowPageTraceBehavior [ RunTime:0.002623s ]
INFO: [ app_end ] --END-- [ RunTime:0.002861s ]

[ 2017-05-22T20:23:10+08:00 ] ::1 /speed/Home/images/img.jpg
INFO: [ app_init ] --START--
INFO: Run Behavior\BuildLiteBehavior [ RunTime:0.000060s ]
INFO: [ app_init ] --END-- [ RunTime:0.001406s ]

[ 2017-05-22T20:23:44+08:00 ] ::1 /speed/Home/index
INFO: [ app_init ] --START--
INFO: Run Behavior\BuildLiteBehavior [ RunTime:0.000052s ]
INFO: [ app_init ] --END-- [ RunTime:0.001215s ]
INFO: [ app_begin ] --START--
INFO: Run Behavior\ReadHtmlCacheBehavior [ RunTime:0.002407s ]
INFO: [ app_begin ] --END-- [ RunTime:0.002668s ]
SQL: SHOW COLUMNS FROM `think_userinfo` [ RunTime:0.0085s ]
SQL: SELECT * FROM `think_userinfo`  [ RunTime:0.0008s ]
INFO: [ view_parse ] --START--
INFO: [ template_filter ] --START--
INFO: Run Behavior\ContentReplaceBehavior [ RunTime:0.000346s ]
INFO: [ template_filter ] --END-- [ RunTime:0.000952s ]
INFO: Run Behavior\ParseTemplateBehavior [ RunTime:0.043038s ]
INFO: [ view_parse ] --END-- [ RunTime:0.043310s ]
INFO: [ view_filter ] --START--
INFO: Run Behavior\WriteHtmlCacheBehavior [ RunTime:0.001693s ]
INFO: [ view_filter ] --END-- [ RunTime:0.001915s ]
INFO: [ app_end ] --START--
INFO: Run Behavior\ShowPageTraceBehavior [ RunTime:0.002638s ]
INFO: [ app_end ] --END-- [ RunTime:0.002869s ]

[ 2017-05-22T20:23:45+08:00 ] ::1 /speed/Home/images/img.jpg
INFO: [ app_init ] --START--
INFO: Run Behavior\BuildLiteBehavior [ RunTime:0.000099s ]
INFO: [ app_init ] --END-- [ RunTime:0.002199s ]

[ 2017-05-22T20:26:52+08:00 ] ::1 /speed/Home/index
INFO: [ app_init ] --START--
INFO: Run Behavior\BuildLiteBehavior [ RunTime:0.000060s ]
INFO: [ app_init ] --END-- [ RunTime:0.001484s ]
INFO: [ app_begin ] --START--
INFO: Run Behavior\ReadHtmlCacheBehavior [ RunTime:0.002908s ]
INFO: [ app_begin ] --END-- [ RunTime:0.003173s ]
SQL: SHOW COLUMNS FROM `think_userinfo` [ RunTime:0.0084s ]
SQL: SELECT * FROM `think_userinfo`  [ RunTime:0.0010s ]
INFO: [ view_parse ] --START--
INFO: [ template_filter ] --START--
INFO: Run Behavior\ContentReplaceBehavior [ RunTime:0.000413s ]
INFO: [ template_filter ] --END-- [ RunTime:0.000697s ]
INFO: Run Behavior\ParseTemplateBehavior [ RunTime:0.043790s ]
INFO: [ view_parse ] --END-- [ RunTime:0.044095s ]
INFO: [ view_filter ] --START--
INFO: Run Behavior\WriteHtmlCacheBehavior [ RunTime:0.001959s ]
INFO: [ view_filter ] --END-- [ RunTime:0.002265s ]
INFO: [ app_end ] --START--
INFO: Run Behavior\ShowPageTraceBehavior [ RunTime:0.003031s ]
INFO: [ app_end ] --END-- [ RunTime:0.003297s ]

[ 2017-05-22T20:26:53+08:00 ] ::1 /speed/Home/images/img.jpg
INFO: [ app_init ] --START--
INFO: Run Behavior\BuildLiteBehavior [ RunTime:0.000054s ]
INFO: [ app_init ] --END-- [ RunTime:0.001241s ]

[ 2017-05-22T20:36:08+08:00 ] ::1 /speed/Home/index
INFO: [ app_init ] --START--
INFO: Run Behavior\BuildLiteBehavior [ RunTime:0.000063s ]
INFO: [ app_init ] --END-- [ RunTime:0.001390s ]
INFO: [ app_begin ] --START--
INFO: Run Behavior\ReadHtmlCacheBehavior [ RunTime:0.002766s ]
INFO: [ app_begin ] --END-- [ RunTime:0.003031s ]
SQL: SHOW COLUMNS FROM `think_userinfo` [ RunTime:0.0083s ]
SQL: SELECT * FROM `think_userinfo`  [ RunTime:0.0007s ]
INFO: [ view_parse ] --START--
INFO: [ template_filter ] --START--
INFO: Run Behavior\ContentReplaceBehavior [ RunTime:0.000384s ]
INFO: [ template_filter ] --END-- [ RunTime:0.000620s ]
INFO: Run Behavior\ParseTemplateBehavior [ RunTime:0.041072s ]
INFO: [ view_parse ] --END-- [ RunTime:0.041342s ]
INFO: [ view_filter ] --START--
INFO: Run Behavior\WriteHtmlCacheBehavior [ RunTime:0.002595s ]
INFO: [ view_filter ] --END-- [ RunTime:0.002836s ]
INFO: [ app_end ] --START--
INFO: Run Behavior\ShowPageTraceBehavior [ RunTime:0.002628s ]
INFO: [ app_end ] --END-- [ RunTime:0.002847s ]

[ 2017-05-22T20:36:08+08:00 ] ::1 /speed/Home/images/img.jpg
INFO: [ app_init ] --START--
INFO: Run Behavior\BuildLiteBehavior [ RunTime:0.000054s ]
INFO: [ app_init ] --END-- [ RunTime:0.001204s ]

[ 2017-05-22T20:37:23+08:00 ] ::1 /speed/Home/index
INFO: [ app_init ] --START--
INFO: Run Behavior\BuildLiteBehavior [ RunTime:0.000079s ]
INFO: [ app_init ] --END-- [ RunTime:0.001613s ]
INFO: [ app_begin ] --START--
INFO: Run Behavior\ReadHtmlCacheBehavior [ RunTime:0.002371s ]
INFO: [ app_begin ] --END-- [ RunTime:0.002621s ]
SQL: SHOW COLUMNS FROM `think_userinfo` [ RunTime:0.0091s ]
SQL: SELECT * FROM `think_userinfo`  [ RunTime:0.0014s ]
INFO: [ view_parse ] --START--
INFO: [ template_filter ] --START--
INFO: Run Behavior\ContentReplaceBehavior [ RunTime:0.000483s ]
INFO: [ template_filter ] --END-- [ RunTime:0.000916s ]
INFO: Run Behavior\ParseTemplateBehavior [ RunTime:0.047551s ]
INFO: [ view_parse ] --END-- [ RunTime:0.047850s ]
INFO: [ view_filter ] --START--
INFO: Run Behavior\WriteHtmlCacheBehavior [ RunTime:0.002080s ]
INFO: [ view_filter ] --END-- [ RunTime:0.002340s ]
INFO: [ app_end ] --START--
INFO: Run Behavior\ShowPageTraceBehavior [ RunTime:0.002795s ]
INFO: [ app_end ] --END-- [ RunTime:0.003074s ]

[ 2017-05-22T20:37:24+08:00 ] ::1 /speed/Home/images/img.jpg
INFO: [ app_init ] --START--
INFO: Run Behavior\BuildLiteBehavior [ RunTime:0.000062s ]
INFO: [ app_init ] --END-- [ RunTime:0.001418s ]

[ 2017-05-22T20:37:58+08:00 ] ::1 /speed/Home/index
INFO: [ app_init ] --START--
INFO: Run Behavior\BuildLiteBehavior [ RunTime:0.000061s ]
INFO: [ app_init ] --END-- [ RunTime:0.001432s ]
INFO: [ app_begin ] --START--
INFO: Run Behavior\ReadHtmlCacheBehavior [ RunTime:0.002431s ]
INFO: [ app_begin ] --END-- [ RunTime:0.002698s ]
SQL: SHOW COLUMNS FROM `think_userinfo` [ RunTime:0.0124s ]
SQL: SELECT * FROM `think_userinfo`  [ RunTime:0.0011s ]
INFO: [ view_parse ] --START--
INFO: [ template_filter ] --START--
INFO: Run Behavior\ContentReplaceBehavior [ RunTime:0.000425s ]
INFO: [ template_filter ] --END-- [ RunTime:0.000697s ]
INFO: Run Behavior\ParseTemplateBehavior [ RunTime:0.045996s ]
INFO: [ view_parse ] --END-- [ RunTime:0.046284s ]
INFO: [ view_filter ] --START--
INFO: Run Behavior\WriteHtmlCacheBehavior [ RunTime:0.001327s ]
INFO: [ view_filter ] --END-- [ RunTime:0.001544s ]
INFO: [ app_end ] --START--
INFO: Run Behavior\ShowPageTraceBehavior [ RunTime:0.002485s ]
INFO: [ app_end ] --END-- [ RunTime:0.002719s ]

[ 2017-05-22T20:37:59+08:00 ] ::1 /speed/Home/images/img.jpg
INFO: [ app_init ] --START--
INFO: Run Behavior\BuildLiteBehavior [ RunTime:0.000060s ]
INFO: [ app_init ] --END-- [ RunTime:0.001451s ]

[ 2017-05-22T20:38:28+08:00 ] ::1 /speed/Home/index
INFO: [ app_init ] --START--
INFO: Run Behavior\BuildLiteBehavior [ RunTime:0.000072s ]
INFO: [ app_init ] --END-- [ RunTime:0.001426s ]
INFO: [ app_begin ] --START--
INFO: Run Behavior\ReadHtmlCacheBehavior [ RunTime:0.003356s ]
INFO: [ app_begin ] --END-- [ RunTime:0.003630s ]
SQL: SHOW COLUMNS FROM `think_userinfo` [ RunTime:0.0089s ]
SQL: SELECT * FROM `think_userinfo`  [ RunTime:0.0008s ]
INFO: [ view_parse ] --START--
INFO: [ template_filter ] --START--
INFO: Run Behavior\ContentReplaceBehavior [ RunTime:0.000460s ]
INFO: [ template_filter ] --END-- [ RunTime:0.000727s ]
INFO: Run Behavior\ParseTemplateBehavior [ RunTime:0.044046s ]
INFO: [ view_parse ] --END-- [ RunTime:0.044352s ]
INFO: [ view_filter ] --START--
INFO: Run Behavior\WriteHtmlCacheBehavior [ RunTime:0.001646s ]
INFO: [ view_filter ] --END-- [ RunTime:0.001879s ]
INFO: [ app_end ] --START--
INFO: Run Behavior\ShowPageTraceBehavior [ RunTime:0.002562s ]
INFO: [ app_end ] --END-- [ RunTime:0.002796s ]

[ 2017-05-22T20:38:29+08:00 ] ::1 /speed/Home/images/img.jpg
INFO: [ app_init ] --START--
INFO: Run Behavior\BuildLiteBehavior [ RunTime:0.000060s ]
INFO: [ app_init ] --END-- [ RunTime:0.001356s ]

[ 2017-05-22T20:41:20+08:00 ] ::1 /speed/Home/index
INFO: [ app_init ] --START--
INFO: Run Behavior\BuildLiteBehavior [ RunTime:0.000063s ]
INFO: [ app_init ] --END-- [ RunTime:0.004246s ]
INFO: [ app_begin ] --START--
INFO: Run Behavior\ReadHtmlCacheBehavior [ RunTime:0.005396s ]
INFO: [ app_begin ] --END-- [ RunTime:0.005698s ]
SQL: SHOW COLUMNS FROM `think_userinfo` [ RunTime:0.0098s ]
SQL: SELECT * FROM `think_userinfo`  [ RunTime:0.0008s ]
INFO: [ view_parse ] --START--
INFO: [ template_filter ] --START--
INFO: Run Behavior\ContentReplaceBehavior [ RunTime:0.000425s ]
INFO: [ template_filter ] --END-- [ RunTime:0.000706s ]
INFO: Run Behavior\ParseTemplateBehavior [ RunTime:0.045163s ]
INFO: [ view_parse ] --END-- [ RunTime:0.045436s ]
INFO: [ view_filter ] --START--
INFO: Run Behavior\WriteHtmlCacheBehavior [ RunTime:0.002071s ]
INFO: [ view_filter ] --END-- [ RunTime:0.002318s ]
INFO: [ app_end ] --START--
INFO: Run Behavior\ShowPageTraceBehavior [ RunTime:0.002702s ]
INFO: [ app_end ] --END-- [ RunTime:0.002967s ]

[ 2017-05-22T20:41:21+08:00 ] ::1 /speed/Home/images/img.jpg
INFO: [ app_init ] --START--
INFO: Run Behavior\BuildLiteBehavior [ RunTime:0.000062s ]
INFO: [ app_init ] --END-- [ RunTime:0.002147s ]

[ 2017-05-22T20:41:33+08:00 ] ::1 /speed/Home/index
INFO: [ app_init ] --START--
INFO: Run Behavior\BuildLiteBehavior [ RunTime:0.000061s ]
INFO: [ app_init ] --END-- [ RunTime:0.001374s ]
INFO: [ app_begin ] --START--
INFO: Run Behavior\ReadHtmlCacheBehavior [ RunTime:0.002914s ]
INFO: [ app_begin ] --END-- [ RunTime:0.003182s ]
SQL: SHOW COLUMNS FROM `think_userinfo` [ RunTime:0.0081s ]
SQL: SELECT * FROM `think_userinfo`  [ RunTime:0.0007s ]
INFO: [ view_parse ] --START--
INFO: [ template_filter ] --START--
INFO: Run Behavior\ContentReplaceBehavior [ RunTime:0.000414s ]
INFO: [ template_filter ] --END-- [ RunTime:0.000667s ]
INFO: Run Behavior\ParseTemplateBehavior [ RunTime:0.043627s ]
INFO: [ view_parse ] --END-- [ RunTime:0.043907s ]
INFO: [ view_filter ] --START--
INFO: Run Behavior\WriteHtmlCacheBehavior [ RunTime:0.002278s ]
INFO: [ view_filter ] --END-- [ RunTime:0.002511s ]
INFO: [ app_end ] --START--
INFO: Run Behavior\ShowPageTraceBehavior [ RunTime:0.002816s ]
INFO: [ app_end ] --END-- [ RunTime:0.003058s ]

[ 2017-05-22T20:41:34+08:00 ] ::1 /speed/Home/images/img.jpg
INFO: [ app_init ] --START--
INFO: Run Behavior\BuildLiteBehavior [ RunTime:0.000061s ]
INFO: [ app_init ] --END-- [ RunTime:0.001429s ]

[ 2017-05-22T20:43:05+08:00 ] ::1 /speed/Home/index
INFO: [ app_init ] --START--
INFO: Run Behavior\BuildLiteBehavior [ RunTime:0.000061s ]
INFO: [ app_init ] --END-- [ RunTime:0.001430s ]
INFO: [ app_begin ] --START--
INFO: Run Behavior\ReadHtmlCacheBehavior [ RunTime:0.002818s ]
INFO: [ app_begin ] --END-- [ RunTime:0.003087s ]
SQL: SHOW COLUMNS FROM `think_userinfo` [ RunTime:0.0095s ]
SQL: SELECT * FROM `think_userinfo`  [ RunTime:0.0007s ]
INFO: [ view_parse ] --START--
INFO: [ template_filter ] --START--
INFO: Run Behavior\ContentReplaceBehavior [ RunTime:0.000475s ]
INFO: [ template_filter ] --END-- [ RunTime:0.000812s ]
INFO: Run Behavior\ParseTemplateBehavior [ RunTime:0.044560s ]
INFO: [ view_parse ] --END-- [ RunTime:0.044892s ]
INFO: [ view_filter ] --START--
INFO: Run Behavior\WriteHtmlCacheBehavior [ RunTime:0.001769s ]
INFO: [ view_filter ] --END-- [ RunTime:0.002026s ]
INFO: [ app_end ] --START--
INFO: Run Behavior\ShowPageTraceBehavior [ RunTime:0.002659s ]
INFO: [ app_end ] --END-- [ RunTime:0.003033s ]

[ 2017-05-22T20:43:05+08:00 ] ::1 /speed/Home/images/img.jpg
INFO: [ app_init ] --START--
INFO: Run Behavior\BuildLiteBehavior [ RunTime:0.000064s ]
INFO: [ app_init ] --END-- [ RunTime:0.001591s ]

[ 2017-05-22T20:47:56+08:00 ] ::1 /speed/Home/index
INFO: [ app_init ] --START--
INFO: Run Behavior\BuildLiteBehavior [ RunTime:0.000064s ]
INFO: [ app_init ] --END-- [ RunTime:0.001433s ]
INFO: [ app_begin ] --START--
INFO: Run Behavior\ReadHtmlCacheBehavior [ RunTime:0.002343s ]
INFO: [ app_begin ] --END-- [ RunTime:0.002622s ]
SQL: SHOW COLUMNS FROM `think_userinfo` [ RunTime:0.0082s ]
SQL: SELECT * FROM `think_userinfo`  [ RunTime:0.0008s ]
INFO: [ view_parse ] --START--
INFO: [ template_filter ] --START--
INFO: Run Behavior\ContentReplaceBehavior [ RunTime:0.000433s ]
INFO: [ template_filter ] --END-- [ RunTime:0.000708s ]
INFO: Run Behavior\ParseTemplateBehavior [ RunTime:0.043538s ]
INFO: [ view_parse ] --END-- [ RunTime:0.043806s ]
INFO: [ view_filter ] --START--
INFO: Run Behavior\WriteHtmlCacheBehavior [ RunTime:0.001398s ]
INFO: [ view_filter ] --END-- [ RunTime:0.001615s ]
INFO: [ app_end ] --START--
INFO: Run Behavior\ShowPageTraceBehavior [ RunTime:0.003039s ]
INFO: [ app_end ] --END-- [ RunTime:0.003289s ]

[ 2017-05-22T20:47:57+08:00 ] ::1 /speed/Home/images/img.jpg
INFO: [ app_init ] --START--
INFO: Run Behavior\BuildLiteBehavior [ RunTime:0.000071s ]
INFO: [ app_init ] --END-- [ RunTime:0.001706s ]

[ 2017-05-22T20:48:35+08:00 ] ::1 /speed/Home/index
INFO: [ app_init ] --START--
INFO: Run Behavior\BuildLiteBehavior [ RunTime:0.000060s ]
INFO: [ app_init ] --END-- [ RunTime:0.001326s ]
INFO: [ app_begin ] --START--
INFO: Run Behavior\ReadHtmlCacheBehavior [ RunTime:0.002320s ]
INFO: [ app_begin ] --END-- [ RunTime:0.002574s ]
SQL: SHOW COLUMNS FROM `think_userinfo` [ RunTime:0.0081s ]
SQL: SELECT * FROM `think_userinfo`  [ RunTime:0.0007s ]
INFO: [ view_parse ] --START--
INFO: [ template_filter ] --START--
INFO: Run Behavior\ContentReplaceBehavior [ RunTime:0.000418s ]
INFO: [ template_filter ] --END-- [ RunTime:0.000708s ]
INFO: Run Behavior\ParseTemplateBehavior [ RunTime:0.049542s ]
INFO: [ view_parse ] --END-- [ RunTime:0.050013s ]
INFO: [ view_filter ] --START--
INFO: Run Behavior\WriteHtmlCacheBehavior [ RunTime:0.001466s ]
INFO: [ view_filter ] --END-- [ RunTime:0.001723s ]
INFO: [ app_end ] --START--
INFO: Run Behavior\ShowPageTraceBehavior [ RunTime:0.002302s ]
INFO: [ app_end ] --END-- [ RunTime:0.002556s ]

[ 2017-05-22T20:48:35+08:00 ] ::1 /speed/Home/images/img.jpg
INFO: [ app_init ] --START--
INFO: Run Behavior\BuildLiteBehavior [ RunTime:0.000077s ]
INFO: [ app_init ] --END-- [ RunTime:0.001633s ]

[ 2017-05-22T20:49:06+08:00 ] ::1 /speed/Home/index
INFO: [ app_init ] --START--
INFO: Run Behavior\BuildLiteBehavior [ RunTime:0.000061s ]
INFO: [ app_init ] --END-- [ RunTime:0.001210s ]
INFO: [ app_begin ] --START--
INFO: Run Behavior\ReadHtmlCacheBehavior [ RunTime:0.002355s ]
INFO: [ app_begin ] --END-- [ RunTime:0.002592s ]
SQL: SHOW COLUMNS FROM `think_userinfo` [ RunTime:0.0084s ]
SQL: SELECT * FROM `think_userinfo`  [ RunTime:0.0007s ]
INFO: [ view_parse ] --START--
INFO: [ template_filter ] --START--
INFO: Run Behavior\ContentReplaceBehavior [ RunTime:0.000370s ]
INFO: [ template_filter ] --END-- [ RunTime:0.000618s ]
INFO: Run Behavior\ParseTemplateBehavior [ RunTime:0.041170s ]
INFO: [ view_parse ] --END-- [ RunTime:0.041439s ]
INFO: [ view_filter ] --START--
INFO: Run Behavior\WriteHtmlCacheBehavior [ RunTime:0.001271s ]
INFO: [ view_filter ] --END-- [ RunTime:0.001478s ]
INFO: [ app_end ] --START--
INFO: Run Behavior\ShowPageTraceBehavior [ RunTime:0.002084s ]
INFO: [ app_end ] --END-- [ RunTime:0.002306s ]

[ 2017-05-22T20:49:07+08:00 ] ::1 /speed/Home/images/img.jpg
INFO: [ app_init ] --START--
INFO: Run Behavior\BuildLiteBehavior [ RunTime:0.000057s ]
INFO: [ app_init ] --END-- [ RunTime:0.001260s ]

[ 2017-05-22T20:49:19+08:00 ] ::1 /speed/Home/index
INFO: [ app_init ] --START--
INFO: Run Behavior\BuildLiteBehavior [ RunTime:0.000059s ]
INFO: [ app_init ] --END-- [ RunTime:0.001257s ]
INFO: [ app_begin ] --START--
INFO: Run Behavior\ReadHtmlCacheBehavior [ RunTime:0.002099s ]
INFO: [ app_begin ] --END-- [ RunTime:0.002357s ]
SQL: SHOW COLUMNS FROM `think_userinfo` [ RunTime:0.0075s ]
SQL: SELECT * FROM `think_userinfo`  [ RunTime:0.0007s ]
INFO: [ view_parse ] --START--
INFO: [ template_filter ] --START--
INFO: Run Behavior\ContentReplaceBehavior [ RunTime:0.000381s ]
INFO: [ template_filter ] --END-- [ RunTime:0.000648s ]
INFO: Run Behavior\ParseTemplateBehavior [ RunTime:0.038772s ]
INFO: [ view_parse ] --END-- [ RunTime:0.039035s ]
INFO: [ view_filter ] --START--
INFO: Run Behavior\WriteHtmlCacheBehavior [ RunTime:0.001172s ]
INFO: [ view_filter ] --END-- [ RunTime:0.001380s ]
INFO: [ app_end ] --START--
INFO: Run Behavior\ShowPageTraceBehavior [ RunTime:0.001863s ]
INFO: [ app_end ] --END-- [ RunTime:0.002076s ]

[ 2017-05-22T20:49:19+08:00 ] ::1 /speed/Home/images/img.jpg
INFO: [ app_init ] --START--
INFO: Run Behavior\BuildLiteBehavior [ RunTime:0.000155s ]
INFO: [ app_init ] --END-- [ RunTime:0.001521s ]

[ 2017-05-22T20:50:24+08:00 ] ::1 /speed/Home/index
INFO: [ app_init ] --START--
INFO: Run Behavior\BuildLiteBehavior [ RunTime:0.000063s ]
INFO: [ app_init ] --END-- [ RunTime:0.001450s ]
INFO: [ app_begin ] --START--
INFO: Run Behavior\ReadHtmlCacheBehavior [ RunTime:0.002289s ]
INFO: [ app_begin ] --END-- [ RunTime:0.002557s ]
SQL: SHOW COLUMNS FROM `think_userinfo` [ RunTime:0.0081s ]
SQL: SELECT * FROM `think_userinfo`  [ RunTime:0.0007s ]
INFO: [ view_parse ] --START--
INFO: [ template_filter ] --START--
INFO: Run Behavior\ContentReplaceBehavior [ RunTime:0.000392s ]
INFO: [ template_filter ] --END-- [ RunTime:0.000645s ]
INFO: Run Behavior\ParseTemplateBehavior [ RunTime:0.042518s ]
INFO: [ view_parse ] --END-- [ RunTime:0.042784s ]
INFO: [ view_filter ] --START--
INFO: Run Behavior\WriteHtmlCacheBehavior [ RunTime:0.001395s ]
INFO: [ view_filter ] --END-- [ RunTime:0.001612s ]
INFO: [ app_end ] --START--
INFO: Run Behavior\ShowPageTraceBehavior [ RunTime:0.002335s ]
INFO: [ app_end ] --END-- [ RunTime:0.002571s ]

[ 2017-05-22T20:50:25+08:00 ] ::1 /speed/Home/images/img.jpg
INFO: [ app_init ] --START--
INFO: Run Behavior\BuildLiteBehavior [ RunTime:0.000061s ]
INFO: [ app_init ] --END-- [ RunTime:0.001432s ]

[ 2017-05-22T20:50:43+08:00 ] ::1 /speed/Home/index
INFO: [ app_init ] --START--
INFO: Run Behavior\BuildLiteBehavior [ RunTime:0.000061s ]
INFO: [ app_init ] --END-- [ RunTime:0.001352s ]
INFO: [ app_begin ] --START--
INFO: Run Behavior\ReadHtmlCacheBehavior [ RunTime:0.002627s ]
INFO: [ app_begin ] --END-- [ RunTime:0.002903s ]
SQL: SHOW COLUMNS FROM `think_userinfo` [ RunTime:0.0087s ]
SQL: SELECT * FROM `think_userinfo`  [ RunTime:0.0008s ]
INFO: [ view_parse ] --START--
INFO: [ template_filter ] --START--
INFO: Run Behavior\ContentReplaceBehavior [ RunTime:0.000406s ]
INFO: [ template_filter ] --END-- [ RunTime:0.000702s ]
INFO: Run Behavior\ParseTemplateBehavior [ RunTime:0.050605s ]
INFO: [ view_parse ] --END-- [ RunTime:0.050924s ]
INFO: [ view_filter ] --START--
INFO: Run Behavior\WriteHtmlCacheBehavior [ RunTime:0.001772s ]
INFO: [ view_filter ] --END-- [ RunTime:0.002043s ]
INFO: [ app_end ] --START--
INFO: Run Behavior\ShowPageTraceBehavior [ RunTime:0.003247s ]
INFO: [ app_end ] --END-- [ RunTime:0.003514s ]

[ 2017-05-22T20:50:43+08:00 ] ::1 /speed/Home/images/img.jpg
INFO: [ app_init ] --START--
INFO: Run Behavior\BuildLiteBehavior [ RunTime:0.000053s ]
INFO: [ app_init ] --END-- [ RunTime:0.001226s ]

[ 2017-05-22T20:50:43+08:00 ] ::1 /speed/Home/images/img.jpg
INFO: [ app_init ] --START--
INFO: Run Behavior\BuildLiteBehavior [ RunTime:0.000055s ]
INFO: [ app_init ] --END-- [ RunTime:0.001245s ]

[ 2017-05-22T20:54:09+08:00 ] ::1 /speed/Home/index
INFO: [ app_init ] --START--
INFO: Run Behavior\BuildLiteBehavior [ RunTime:0.000061s ]
INFO: [ app_init ] --END-- [ RunTime:0.001345s ]
INFO: [ app_begin ] --START--
INFO: Run Behavior\ReadHtmlCacheBehavior [ RunTime:0.002349s ]
INFO: [ app_begin ] --END-- [ RunTime:0.002629s ]
SQL: SHOW COLUMNS FROM `think_userinfo` [ RunTime:0.0082s ]
SQL: SELECT * FROM `think_userinfo`  [ RunTime:0.0008s ]
INFO: [ view_parse ] --START--
INFO: [ template_filter ] --START--
INFO: Run Behavior\ContentReplaceBehavior [ RunTime:0.000421s ]
INFO: [ template_filter ] --END-- [ RunTime:0.000671s ]
INFO: Run Behavior\ParseTemplateBehavior [ RunTime:0.042699s ]
INFO: [ view_parse ] --END-- [ RunTime:0.042962s ]
INFO: [ view_filter ] --START--
INFO: Run Behavior\WriteHtmlCacheBehavior [ RunTime:0.001311s ]
INFO: [ view_filter ] --END-- [ RunTime:0.001528s ]
INFO: [ app_end ] --START--
INFO: Run Behavior\ShowPageTraceBehavior [ RunTime:0.002187s ]
INFO: [ app_end ] --END-- [ RunTime:0.002415s ]

[ 2017-05-22T20:54:09+08:00 ] ::1 /speed/Home/images/img.jpg
INFO: [ app_init ] --START--
INFO: Run Behavior\BuildLiteBehavior [ RunTime:0.000055s ]
INFO: [ app_init ] --END-- [ RunTime:0.001202s ]

[ 2017-05-22T20:54:54+08:00 ] ::1 /speed/index.php/Home/Index/userAdddo
INFO: [ app_init ] --START--
INFO: Run Behavior\BuildLiteBehavior [ RunTime:0.000082s ]
INFO: [ app_init ] --END-- [ RunTime:0.001401s ]
INFO: [ app_begin ] --START--
INFO: Run Behavior\ReadHtmlCacheBehavior [ RunTime:0.002185s ]
INFO: [ app_begin ] --END-- [ RunTime:0.002460s ]
NOTIC: [8] Undefined index: realname1 C:\wamp\www\speed\Application\Home\Controller\IndexController.class.php 第 16 行.
SQL: SHOW COLUMNS FROM `think_userregister` [ RunTime:0.0081s ]
SQL: INSERT INTO `think_userregister` (`user_name`,`user_password`,`user_phone`,`user_email`,`user_idNumber`,`user_gender`) VALUES ('admin','马云','15622117239','1342367949@qq.com','440582199612295896','男') [ RunTime:0.1414s ]
INFO: [ app_end ] --START--
INFO: Run Behavior\ShowPageTraceBehavior [ RunTime:0.002618s ]
INFO: [ app_end ] --END-- [ RunTime:0.002872s ]

[ 2017-05-22T20:54:57+08:00 ] ::1 /speed/Home/index
INFO: [ app_init ] --START--
INFO: Run Behavior\BuildLiteBehavior [ RunTime:0.000059s ]
INFO: [ app_init ] --END-- [ RunTime:0.001316s ]
INFO: [ app_begin ] --START--
INFO: Run Behavior\ReadHtmlCacheBehavior [ RunTime:0.003151s ]
INFO: [ app_begin ] --END-- [ RunTime:0.003492s ]
SQL: SHOW COLUMNS FROM `think_userinfo` [ RunTime:0.0083s ]
SQL: SELECT * FROM `think_userinfo`  [ RunTime:0.0007s ]
INFO: [ view_parse ] --START--
INFO: [ template_filter ] --START--
INFO: Run Behavior\ContentReplaceBehavior [ RunTime:0.000430s ]
INFO: [ template_filter ] --END-- [ RunTime:0.000699s ]
NOTIC: [8] Undefined index: user_data C:\wamp\www\speed\Application\Runtime\Cache\Home\2a94b8bda04ff446dcedd42276fc99ee.php 第 377 行.
INFO: Run Behavior\ParseTemplateBehavior [ RunTime:0.044456s ]
INFO: [ view_parse ] --END-- [ RunTime:0.044724s ]
INFO: [ view_filter ] --START--
INFO: Run Behavior\WriteHtmlCacheBehavior [ RunTime:0.001331s ]
INFO: [ view_filter ] --END-- [ RunTime:0.001565s ]
INFO: [ app_end ] --START--
INFO: Run Behavior\ShowPageTraceBehavior [ RunTime:0.002201s ]
INFO: [ app_end ] --END-- [ RunTime:0.002434s ]

[ 2017-05-22T20:54:57+08:00 ] ::1 /speed/Home/images/img.jpg
INFO: [ app_init ] --START--
INFO: Run Behavior\BuildLiteBehavior [ RunTime:0.000059s ]
INFO: [ app_init ] --END-- [ RunTime:0.001335s ]

[ 2017-05-22T20:57:36+08:00 ] ::1 /speed/Home/index
INFO: [ app_init ] --START--
INFO: Run Behavior\BuildLiteBehavior [ RunTime:0.000059s ]
INFO: [ app_init ] --END-- [ RunTime:0.001612s ]
INFO: [ app_begin ] --START--
INFO: Run Behavior\ReadHtmlCacheBehavior [ RunTime:0.003816s ]
INFO: [ app_begin ] --END-- [ RunTime:0.004083s ]
SQL: SHOW COLUMNS FROM `think_userinfo` [ RunTime:0.0086s ]
SQL: SELECT * FROM `think_userinfo`  [ RunTime:0.0007s ]
INFO: [ view_parse ] --START--
INFO: [ template_filter ] --START--
INFO: Run Behavior\ContentReplaceBehavior [ RunTime:0.000422s ]
INFO: [ template_filter ] --END-- [ RunTime:0.000680s ]
INFO: Run Behavior\ParseTemplateBehavior [ RunTime:0.046527s ]
INFO: [ view_parse ] --END-- [ RunTime:0.046795s ]
INFO: [ view_filter ] --START--
INFO: Run Behavior\WriteHtmlCacheBehavior [ RunTime:0.001756s ]
INFO: [ view_filter ] --END-- [ RunTime:0.001978s ]
INFO: [ app_end ] --START--
INFO: Run Behavior\ShowPageTraceBehavior [ RunTime:0.002941s ]
INFO: [ app_end ] --END-- [ RunTime:0.003184s ]

[ 2017-05-22T20:57:36+08:00 ] ::1 /speed/Home/images/img.jpg
INFO: [ app_init ] --START--
INFO: Run Behavior\BuildLiteBehavior [ RunTime:0.000055s ]
INFO: [ app_init ] --END-- [ RunTime:0.001279s ]

[ 2017-05-22T20:57:37+08:00 ] ::1 /speed/Home/images/img.jpg
INFO: [ app_init ] --START--
INFO: Run Behavior\BuildLiteBehavior [ RunTime:0.000068s ]
INFO: [ app_init ] --END-- [ RunTime:0.001476s ]

[ 2017-05-22T20:58:18+08:00 ] ::1 /speed/index.php/Home/Index/userAdddo
INFO: [ app_init ] --START--
INFO: Run Behavior\BuildLiteBehavior [ RunTime:0.000060s ]
INFO: [ app_init ] --END-- [ RunTime:0.001374s ]
INFO: [ app_begin ] --START--
INFO: Run Behavior\ReadHtmlCacheBehavior [ RunTime:0.003620s ]
INFO: [ app_begin ] --END-- [ RunTime:0.003922s ]
SQL: SHOW COLUMNS FROM `think_userregister` [ RunTime:0.0077s ]
SQL: INSERT INTO `think_userregister` (`user_name`,`user_password`,`user_phone`,`user_email`,`user_realName`,`user_idNumber`,`user_gender`) VALUES ('admin','123456789','15622117239','1342367949@qq.com','马云','440582199612295896','男') [ RunTime:0.1177s ]
INFO: [ app_end ] --START--
INFO: Run Behavior\ShowPageTraceBehavior [ RunTime:0.002532s ]
INFO: [ app_end ] --END-- [ RunTime:0.002816s ]

[ 2017-05-22T20:58:20+08:00 ] ::1 /speed/Home/index
INFO: [ app_init ] --START--
INFO: Run Behavior\BuildLiteBehavior [ RunTime:0.000055s ]
INFO: [ app_init ] --END-- [ RunTime:0.001229s ]
INFO: [ app_begin ] --START--
INFO: Run Behavior\ReadHtmlCacheBehavior [ RunTime:0.002133s ]
INFO: [ app_begin ] --END-- [ RunTime:0.002380s ]
SQL: SHOW COLUMNS FROM `think_userinfo` [ RunTime:0.0081s ]
SQL: SELECT * FROM `think_userinfo`  [ RunTime:0.0007s ]
INFO: [ view_parse ] --START--
INFO: [ template_filter ] --START--
INFO: Run Behavior\ContentReplaceBehavior [ RunTime:0.000489s ]
INFO: [ template_filter ] --END-- [ RunTime:0.000779s ]
NOTIC: [8] Undefined index: user_data C:\wamp\www\speed\Application\Runtime\Cache\Home\2a94b8bda04ff446dcedd42276fc99ee.php 第 377 行.
INFO: Run Behavior\ParseTemplateBehavior [ RunTime:0.047002s ]
INFO: [ view_parse ] --END-- [ RunTime:0.047247s ]
INFO: [ view_filter ] --START--
INFO: Run Behavior\WriteHtmlCacheBehavior [ RunTime:0.002296s ]
INFO: [ view_filter ] --END-- [ RunTime:0.002532s ]
INFO: [ app_end ] --START--
INFO: Run Behavior\ShowPageTraceBehavior [ RunTime:0.002598s ]
INFO: [ app_end ] --END-- [ RunTime:0.002837s ]

[ 2017-05-22T20:58:21+08:00 ] ::1 /speed/Home/images/img.jpg
INFO: [ app_init ] --START--
INFO: Run Behavior\BuildLiteBehavior [ RunTime:0.000061s ]
INFO: [ app_init ] --END-- [ RunTime:0.001386s ]

[ 2017-05-22T21:03:48+08:00 ] ::1 /speed/Home/index
INFO: [ app_init ] --START--
INFO: Run Behavior\BuildLiteBehavior [ RunTime:0.000058s ]
INFO: [ app_init ] --END-- [ RunTime:0.001430s ]
INFO: [ app_begin ] --START--
INFO: Run Behavior\ReadHtmlCacheBehavior [ RunTime:0.002313s ]
INFO: [ app_begin ] --END-- [ RunTime:0.002567s ]
SQL: SHOW COLUMNS FROM `think_userinfo` [ RunTime:0.0096s ]
SQL: SELECT * FROM `think_userinfo`  [ RunTime:0.0007s ]
INFO: [ view_parse ] --START--
INFO: [ template_filter ] --START--
INFO: Run Behavior\ContentReplaceBehavior [ RunTime:0.000456s ]
INFO: [ template_filter ] --END-- [ RunTime:0.000813s ]
INFO: Run Behavior\ParseTemplateBehavior [ RunTime:0.049591s ]
INFO: [ view_parse ] --END-- [ RunTime:0.050060s ]
INFO: [ view_filter ] --START--
INFO: Run Behavior\WriteHtmlCacheBehavior [ RunTime:0.001578s ]
INFO: [ view_filter ] --END-- [ RunTime:0.001828s ]
INFO: [ app_end ] --START--
INFO: Run Behavior\ShowPageTraceBehavior [ RunTime:0.002487s ]
INFO: [ app_end ] --END-- [ RunTime:0.002757s ]

[ 2017-05-22T21:03:48+08:00 ] ::1 /speed/Home/images/img.jpg
INFO: [ app_init ] --START--
INFO: Run Behavior\BuildLiteBehavior [ RunTime:0.000077s ]
INFO: [ app_init ] --END-- [ RunTime:0.002325s ]

[ 2017-05-22T21:04:23+08:00 ] ::1 /speed/index.php/Home/Index/userAdddo
INFO: [ app_init ] --START--
INFO: Run Behavior\BuildLiteBehavior [ RunTime:0.000060s ]
INFO: [ app_init ] --END-- [ RunTime:0.001313s ]
INFO: [ app_begin ] --START--
INFO: Run Behavior\ReadHtmlCacheBehavior [ RunTime:0.002289s ]
INFO: [ app_begin ] --END-- [ RunTime:0.002569s ]
SQL: SHOW COLUMNS FROM `think_userregister` [ RunTime:0.0078s ]
SQL: INSERT INTO `think_userregister` (`user_name`,`user_password`,`user_phone`,`user_email`,`user_realName`,`user_idNumber`,`user_gender`) VALUES ('admin','123456','15622117239','1342367949@qq.com','马云','440582199612285896','男') [ RunTime:0.1816s ]
INFO: [ app_end ] --START--
INFO: Run Behavior\ShowPageTraceBehavior [ RunTime:0.002540s ]
INFO: [ app_end ] --END-- [ RunTime:0.002804s ]

[ 2017-05-22T21:04:26+08:00 ] ::1 /speed/Home/index
INFO: [ app_init ] --START--
INFO: Run Behavior\BuildLiteBehavior [ RunTime:0.000052s ]
INFO: [ app_init ] --END-- [ RunTime:0.001153s ]
INFO: [ app_begin ] --START--
INFO: Run Behavior\ReadHtmlCacheBehavior [ RunTime:0.002406s ]
INFO: [ app_begin ] --END-- [ RunTime:0.002661s ]
SQL: SHOW COLUMNS FROM `think_userinfo` [ RunTime:0.0080s ]
SQL: SELECT * FROM `think_userinfo`  [ RunTime:0.0007s ]
INFO: [ view_parse ] --START--
INFO: [ template_filter ] --START--
INFO: Run Behavior\ContentReplaceBehavior [ RunTime:0.000422s ]
INFO: [ template_filter ] --END-- [ RunTime:0.000675s ]
NOTIC: [8] Undefined index: user_data C:\wamp\www\speed\Application\Runtime\Cache\Home\2a94b8bda04ff446dcedd42276fc99ee.php 第 377 行.
INFO: Run Behavior\ParseTemplateBehavior [ RunTime:0.043903s ]
INFO: [ view_parse ] --END-- [ RunTime:0.044140s ]
INFO: [ view_filter ] --START--
INFO: Run Behavior\WriteHtmlCacheBehavior [ RunTime:0.001412s ]
INFO: [ view_filter ] --END-- [ RunTime:0.001628s ]
INFO: [ app_end ] --START--
INFO: Run Behavior\ShowPageTraceBehavior [ RunTime:0.002987s ]
INFO: [ app_end ] --END-- [ RunTime:0.003235s ]

[ 2017-05-22T21:04:26+08:00 ] ::1 /speed/Home/images/img.jpg
INFO: [ app_init ] --START--
INFO: Run Behavior\BuildLiteBehavior [ RunTime:0.000054s ]
INFO: [ app_init ] --END-- [ RunTime:0.001178s ]

[ 2017-05-22T21:05:09+08:00 ] ::1 /speed/Home/index
INFO: [ app_init ] --START--
INFO: Run Behavior\BuildLiteBehavior [ RunTime:0.000059s ]
INFO: [ app_init ] --END-- [ RunTime:0.001344s ]
INFO: [ app_begin ] --START--
INFO: Run Behavior\ReadHtmlCacheBehavior [ RunTime:0.002359s ]
INFO: [ app_begin ] --END-- [ RunTime:0.002636s ]
SQL: SHOW COLUMNS FROM `think_userinfo` [ RunTime:0.0080s ]
SQL: SELECT * FROM `think_userinfo`  [ RunTime:0.0007s ]
INFO: [ view_parse ] --START--
INFO: [ template_filter ] --START--
INFO: Run Behavior\ContentReplaceBehavior [ RunTime:0.000437s ]
INFO: [ template_filter ] --END-- [ RunTime:0.000690s ]
INFO: Run Behavior\ParseTemplateBehavior [ RunTime:0.044213s ]
INFO: [ view_parse ] --END-- [ RunTime:0.044480s ]
INFO: [ view_filter ] --START--
INFO: Run Behavior\WriteHtmlCacheBehavior [ RunTime:0.001402s ]
INFO: [ view_filter ] --END-- [ RunTime:0.001622s ]
INFO: [ app_end ] --START--
INFO: Run Behavior\ShowPageTraceBehavior [ RunTime:0.002284s ]
INFO: [ app_end ] --END-- [ RunTime:0.002513s ]

[ 2017-05-22T21:05:09+08:00 ] ::1 /speed/Home/images/img.jpg
INFO: [ app_init ] --START--
INFO: Run Behavior\BuildLiteBehavior [ RunTime:0.000077s ]
INFO: [ app_init ] --END-- [ RunTime:0.001572s ]

[ 2017-05-22T21:07:46+08:00 ] ::1 /speed/Home/index
INFO: [ app_init ] --START--
INFO: Run Behavior\BuildLiteBehavior [ RunTime:0.000060s ]
INFO: [ app_init ] --END-- [ RunTime:0.001579s ]
INFO: [ app_begin ] --START--
INFO: Run Behavior\ReadHtmlCacheBehavior [ RunTime:0.002153s ]
INFO: [ app_begin ] --END-- [ RunTime:0.002447s ]
SQL: SHOW COLUMNS FROM `think_userinfo` [ RunTime:0.0082s ]
SQL: SELECT * FROM `think_userinfo`  [ RunTime:0.0008s ]
INFO: [ view_parse ] --START--
INFO: [ template_filter ] --START--
INFO: Run Behavior\ContentReplaceBehavior [ RunTime:0.000429s ]
INFO: [ template_filter ] --END-- [ RunTime:0.000679s ]
INFO: Run Behavior\ParseTemplateBehavior [ RunTime:0.042060s ]
INFO: [ view_parse ] --END-- [ RunTime:0.042324s ]
INFO: [ view_filter ] --START--
INFO: Run Behavior\WriteHtmlCacheBehavior [ RunTime:0.001121s ]
INFO: [ view_filter ] --END-- [ RunTime:0.001340s ]
INFO: [ app_end ] --START--
INFO: Run Behavior\ShowPageTraceBehavior [ RunTime:0.002002s ]
INFO: [ app_end ] --END-- [ RunTime:0.002228s ]

[ 2017-05-22T21:07:46+08:00 ] ::1 /speed/Home/images/img.jpg
INFO: [ app_init ] --START--
INFO: Run Behavior\BuildLiteBehavior [ RunTime:0.000083s ]
INFO: [ app_init ] --END-- [ RunTime:0.001568s ]

[ 2017-05-22T22:01:47+08:00 ] ::1 /speed/Home/index
INFO: [ app_init ] --START--
INFO: Run Behavior\BuildLiteBehavior [ RunTime:0.000062s ]
INFO: [ app_init ] --END-- [ RunTime:0.001435s ]
INFO: [ app_begin ] --START--
INFO: Run Behavior\ReadHtmlCacheBehavior [ RunTime:0.002189s ]
INFO: [ app_begin ] --END-- [ RunTime:0.002470s ]
SQL: SHOW COLUMNS FROM `think_userinfo` [ RunTime:0.0089s ]
SQL: SELECT * FROM `think_userinfo`  [ RunTime:0.0008s ]
INFO: [ view_parse ] --START--
INFO: [ template_filter ] --START--
INFO: Run Behavior\ContentReplaceBehavior [ RunTime:0.000425s ]
INFO: [ template_filter ] --END-- [ RunTime:0.000727s ]
INFO: Run Behavior\ParseTemplateBehavior [ RunTime:0.041996s ]
INFO: [ view_parse ] --END-- [ RunTime:0.042377s ]
INFO: [ view_filter ] --START--
INFO: Run Behavior\WriteHtmlCacheBehavior [ RunTime:0.001115s ]
INFO: [ view_filter ] --END-- [ RunTime:0.001356s ]
INFO: [ app_end ] --START--
INFO: Run Behavior\ShowPageTraceBehavior [ RunTime:0.002044s ]
INFO: [ app_end ] --END-- [ RunTime:0.002295s ]

[ 2017-05-22T22:01:48+08:00 ] ::1 /speed/Home/images/img.jpg
INFO: [ app_init ] --START--
INFO: Run Behavior\BuildLiteBehavior [ RunTime:0.000056s ]
INFO: [ app_init ] --END-- [ RunTime:0.001367s ]

[ 2017-05-22T22:02:22+08:00 ] ::1 /speed/Home/index
INFO: [ app_init ] --START--
INFO: Run Behavior\BuildLiteBehavior [ RunTime:0.000059s ]
INFO: [ app_init ] --END-- [ RunTime:0.001298s ]
INFO: [ app_begin ] --START--
INFO: Run Behavior\ReadHtmlCacheBehavior [ RunTime:0.002604s ]
INFO: [ app_begin ] --END-- [ RunTime:0.002873s ]
SQL: SHOW COLUMNS FROM `think_userinfo` [ RunTime:0.0087s ]
SQL: SELECT * FROM `think_userinfo`  [ RunTime:0.0009s ]
INFO: [ view_parse ] --START--
INFO: [ template_filter ] --START--
INFO: Run Behavior\ContentReplaceBehavior [ RunTime:0.000422s ]
INFO: [ template_filter ] --END-- [ RunTime:0.000696s ]
INFO: Run Behavior\ParseTemplateBehavior [ RunTime:0.047139s ]
INFO: [ view_parse ] --END-- [ RunTime:0.047439s ]
INFO: [ view_filter ] --START--
INFO: Run Behavior\WriteHtmlCacheBehavior [ RunTime:0.001697s ]
INFO: [ view_filter ] --END-- [ RunTime:0.002384s ]
INFO: [ app_end ] --START--
INFO: Run Behavior\ShowPageTraceBehavior [ RunTime:0.002546s ]
INFO: [ app_end ] --END-- [ RunTime:0.002787s ]

[ 2017-05-22T22:02:23+08:00 ] ::1 /speed/Home/images/img.jpg
INFO: [ app_init ] --START--
INFO: Run Behavior\BuildLiteBehavior [ RunTime:0.000062s ]
INFO: [ app_init ] --END-- [ RunTime:0.001381s ]

[ 2017-05-22T22:02:30+08:00 ] ::1 /speed/Home/index
INFO: [ app_init ] --START--
INFO: Run Behavior\BuildLiteBehavior [ RunTime:0.000060s ]
INFO: [ app_init ] --END-- [ RunTime:0.001327s ]
INFO: [ app_begin ] --START--
INFO: Run Behavior\ReadHtmlCacheBehavior [ RunTime:0.002380s ]
INFO: [ app_begin ] --END-- [ RunTime:0.002662s ]
SQL: SHOW COLUMNS FROM `think_userinfo` [ RunTime:0.0079s ]
SQL: SELECT * FROM `think_userinfo`  [ RunTime:0.0007s ]
INFO: [ view_parse ] --START--
INFO: [ template_filter ] --START--
INFO: Run Behavior\ContentReplaceBehavior [ RunTime:0.000426s ]
INFO: [ template_filter ] --END-- [ RunTime:0.000712s ]
INFO: Run Behavior\ParseTemplateBehavior [ RunTime:0.045608s ]
INFO: [ view_parse ] --END-- [ RunTime:0.045875s ]
INFO: [ view_filter ] --START--
INFO: Run Behavior\WriteHtmlCacheBehavior [ RunTime:0.001342s ]
INFO: [ view_filter ] --END-- [ RunTime:0.001563s ]
INFO: [ app_end ] --START--
INFO: Run Behavior\ShowPageTraceBehavior [ RunTime:0.002523s ]
INFO: [ app_end ] --END-- [ RunTime:0.002758s ]

[ 2017-05-22T22:02:30+08:00 ] ::1 /speed/Home/images/img.jpg
INFO: [ app_init ] --START--
INFO: Run Behavior\BuildLiteBehavior [ RunTime:0.000051s ]
INFO: [ app_init ] --END-- [ RunTime:0.001055s ]

[ 2017-05-22T22:03:25+08:00 ] ::1 /speed/Home/index
INFO: [ app_init ] --START--
INFO: Run Behavior\BuildLiteBehavior [ RunTime:0.000058s ]
INFO: [ app_init ] --END-- [ RunTime:0.001211s ]
INFO: [ app_begin ] --START--
INFO: Run Behavior\ReadHtmlCacheBehavior [ RunTime:0.001754s ]
INFO: [ app_begin ] --END-- [ RunTime:0.002019s ]
SQL: SHOW COLUMNS FROM `think_userinfo` [ RunTime:0.0085s ]
SQL: SELECT * FROM `think_userinfo`  [ RunTime:0.0009s ]
INFO: [ view_parse ] --START--
INFO: [ template_filter ] --START--
INFO: Run Behavior\ContentReplaceBehavior [ RunTime:0.000432s ]
INFO: [ template_filter ] --END-- [ RunTime:0.000716s ]
INFO: Run Behavior\ParseTemplateBehavior [ RunTime:0.046273s ]
INFO: [ view_parse ] --END-- [ RunTime:0.046543s ]
INFO: [ view_filter ] --START--
INFO: Run Behavior\WriteHtmlCacheBehavior [ RunTime:0.001396s ]
INFO: [ view_filter ] --END-- [ RunTime:0.001636s ]
INFO: [ app_end ] --START--
INFO: Run Behavior\ShowPageTraceBehavior [ RunTime:0.001785s ]
INFO: [ app_end ] --END-- [ RunTime:0.002019s ]

[ 2017-05-22T22:03:26+08:00 ] ::1 /speed/Home/images/img.jpg
INFO: [ app_init ] --START--
INFO: Run Behavior\BuildLiteBehavior [ RunTime:0.000050s ]
INFO: [ app_init ] --END-- [ RunTime:0.001102s ]

[ 2017-05-22T22:04:08+08:00 ] ::1 /speed/Home/index
INFO: [ app_init ] --START--
INFO: Run Behavior\BuildLiteBehavior [ RunTime:0.000059s ]
INFO: [ app_init ] --END-- [ RunTime:0.001696s ]
INFO: [ app_begin ] --START--
INFO: Run Behavior\ReadHtmlCacheBehavior [ RunTime:0.002372s ]
INFO: [ app_begin ] --END-- [ RunTime:0.002649s ]
SQL: SHOW COLUMNS FROM `think_userinfo` [ RunTime:0.0080s ]
SQL: SELECT * FROM `think_userinfo`  [ RunTime:0.0007s ]
INFO: [ view_parse ] --START--
INFO: [ template_filter ] --START--
INFO: Run Behavior\ContentReplaceBehavior [ RunTime:0.000442s ]
INFO: [ template_filter ] --END-- [ RunTime:0.000693s ]
INFO: Run Behavior\ParseTemplateBehavior [ RunTime:0.045160s ]
INFO: [ view_parse ] --END-- [ RunTime:0.045423s ]
INFO: [ view_filter ] --START--
INFO: Run Behavior\WriteHtmlCacheBehavior [ RunTime:0.001461s ]
INFO: [ view_filter ] --END-- [ RunTime:0.002197s ]
INFO: [ app_end ] --START--
INFO: Run Behavior\ShowPageTraceBehavior [ RunTime:0.002429s ]
INFO: [ app_end ] --END-- [ RunTime:0.002666s ]

[ 2017-05-22T22:04:09+08:00 ] ::1 /speed/Home/images/img.jpg
INFO: [ app_init ] --START--
INFO: Run Behavior\BuildLiteBehavior [ RunTime:0.000096s ]
INFO: [ app_init ] --END-- [ RunTime:0.002621s ]

[ 2017-05-22T22:04:18+08:00 ] ::1 /speed/Home/index
INFO: [ app_init ] --START--
INFO: Run Behavior\BuildLiteBehavior [ RunTime:0.000053s ]
INFO: [ app_init ] --END-- [ RunTime:0.001444s ]
INFO: [ app_begin ] --START--
INFO: Run Behavior\ReadHtmlCacheBehavior [ RunTime:0.002453s ]
INFO: [ app_begin ] --END-- [ RunTime:0.002695s ]
SQL: SHOW COLUMNS FROM `think_userinfo` [ RunTime:0.0086s ]
SQL: SELECT * FROM `think_userinfo`  [ RunTime:0.0007s ]
INFO: [ view_parse ] --START--
INFO: [ template_filter ] --START--
INFO: Run Behavior\ContentReplaceBehavior [ RunTime:0.000449s ]
INFO: [ template_filter ] --END-- [ RunTime:0.000760s ]
INFO: Run Behavior\ParseTemplateBehavior [ RunTime:0.045555s ]
INFO: [ view_parse ] --END-- [ RunTime:0.045821s ]
INFO: [ view_filter ] --START--
INFO: Run Behavior\WriteHtmlCacheBehavior [ RunTime:0.001703s ]
INFO: [ view_filter ] --END-- [ RunTime:0.001924s ]
INFO: [ app_end ] --START--
INFO: Run Behavior\ShowPageTraceBehavior [ RunTime:0.003059s ]
INFO: [ app_end ] --END-- [ RunTime:0.003317s ]

[ 2017-05-22T22:04:19+08:00 ] ::1 /speed/Home/images/img.jpg
INFO: [ app_init ] --START--
INFO: Run Behavior\BuildLiteBehavior [ RunTime:0.000062s ]
INFO: [ app_init ] --END-- [ RunTime:0.001608s ]

[ 2017-05-22T22:05:56+08:00 ] ::1 /speed/Home/index
INFO: [ app_init ] --START--
INFO: Run Behavior\BuildLiteBehavior [ RunTime:0.000062s ]
INFO: [ app_init ] --END-- [ RunTime:0.001987s ]
INFO: [ app_begin ] --START--
INFO: Run Behavior\ReadHtmlCacheBehavior [ RunTime:0.002612s ]
INFO: [ app_begin ] --END-- [ RunTime:0.002877s ]
SQL: SHOW COLUMNS FROM `think_userinfo` [ RunTime:0.0082s ]
SQL: SELECT * FROM `think_userinfo`  [ RunTime:0.0008s ]
INFO: [ view_parse ] --START--
INFO: [ template_filter ] --START--
INFO: Run Behavior\ContentReplaceBehavior [ RunTime:0.000440s ]
INFO: [ template_filter ] --END-- [ RunTime:0.000728s ]
INFO: Run Behavior\ParseTemplateBehavior [ RunTime:0.046678s ]
INFO: [ view_parse ] --END-- [ RunTime:0.046951s ]
INFO: [ view_filter ] --START--
INFO: Run Behavior\WriteHtmlCacheBehavior [ RunTime:0.001622s ]
INFO: [ view_filter ] --END-- [ RunTime:0.001842s ]
INFO: [ app_end ] --START--
INFO: Run Behavior\ShowPageTraceBehavior [ RunTime:0.003143s ]
INFO: [ app_end ] --END-- [ RunTime:0.003381s ]

[ 2017-05-22T22:05:57+08:00 ] ::1 /speed/Home/images/img.jpg
INFO: [ app_init ] --START--
INFO: Run Behavior\BuildLiteBehavior [ RunTime:0.000062s ]
INFO: [ app_init ] --END-- [ RunTime:0.001426s ]

[ 2017-05-22T22:06:39+08:00 ] ::1 /speed/Home/index
INFO: [ app_init ] --START--
INFO: Run Behavior\BuildLiteBehavior [ RunTime:0.000066s ]
INFO: [ app_init ] --END-- [ RunTime:0.003456s ]
INFO: [ app_begin ] --START--
INFO: Run Behavior\ReadHtmlCacheBehavior [ RunTime:0.002307s ]
INFO: [ app_begin ] --END-- [ RunTime:0.002581s ]
SQL: SHOW COLUMNS FROM `think_userinfo` [ RunTime:0.0079s ]
SQL: SELECT * FROM `think_userinfo`  [ RunTime:0.0007s ]
INFO: [ view_parse ] --START--
INFO: [ template_filter ] --START--
INFO: Run Behavior\ContentReplaceBehavior [ RunTime:0.000440s ]
INFO: [ template_filter ] --END-- [ RunTime:0.000699s ]
INFO: Run Behavior\ParseTemplateBehavior [ RunTime:0.045476s ]
INFO: [ view_parse ] --END-- [ RunTime:0.045752s ]
INFO: [ view_filter ] --START--
INFO: Run Behavior\WriteHtmlCacheBehavior [ RunTime:0.001312s ]
INFO: [ view_filter ] --END-- [ RunTime:0.001527s ]
INFO: [ app_end ] --START--
INFO: Run Behavior\ShowPageTraceBehavior [ RunTime:0.002663s ]
INFO: [ app_end ] --END-- [ RunTime:0.002908s ]

[ 2017-05-22T22:06:39+08:00 ] ::1 /speed/Home/images/img.jpg
INFO: [ app_init ] --START--
INFO: Run Behavior\BuildLiteBehavior [ RunTime:0.000063s ]
INFO: [ app_init ] --END-- [ RunTime:0.001375s ]

[ 2017-05-22T22:06:54+08:00 ] ::1 /speed/Home/index
INFO: [ app_init ] --START--
INFO: Run Behavior\BuildLiteBehavior [ RunTime:0.000066s ]
INFO: [ app_init ] --END-- [ RunTime:0.001576s ]
INFO: [ app_begin ] --START--
INFO: Run Behavior\ReadHtmlCacheBehavior [ RunTime:0.002603s ]
INFO: [ app_begin ] --END-- [ RunTime:0.002865s ]
SQL: SHOW COLUMNS FROM `think_userinfo` [ RunTime:0.0080s ]
SQL: SELECT * FROM `think_userinfo`  [ RunTime:0.0007s ]
INFO: [ view_parse ] --START--
INFO: [ template_filter ] --START--
INFO: Run Behavior\ContentReplaceBehavior [ RunTime:0.000464s ]
INFO: [ template_filter ] --END-- [ RunTime:0.000741s ]
INFO: Run Behavior\ParseTemplateBehavior [ RunTime:0.047069s ]
INFO: [ view_parse ] --END-- [ RunTime:0.047345s ]
INFO: [ view_filter ] --START--
INFO: Run Behavior\WriteHtmlCacheBehavior [ RunTime:0.001588s ]
INFO: [ view_filter ] --END-- [ RunTime:0.001814s ]
INFO: [ app_end ] --START--
INFO: Run Behavior\ShowPageTraceBehavior [ RunTime:0.003188s ]
INFO: [ app_end ] --END-- [ RunTime:0.003439s ]

[ 2017-05-22T22:06:54+08:00 ] ::1 /speed/Home/images/img.jpg
INFO: [ app_init ] --START--
INFO: Run Behavior\BuildLiteBehavior [ RunTime:0.000090s ]
INFO: [ app_init ] --END-- [ RunTime:0.002320s ]

[ 2017-05-22T22:07:13+08:00 ] ::1 /speed/Home/index
INFO: [ app_init ] --START--
INFO: Run Behavior\BuildLiteBehavior [ RunTime:0.000051s ]
INFO: [ app_init ] --END-- [ RunTime:0.001217s ]
INFO: [ app_begin ] --START--
INFO: Run Behavior\ReadHtmlCacheBehavior [ RunTime:0.002068s ]
INFO: [ app_begin ] --END-- [ RunTime:0.002298s ]
SQL: SHOW COLUMNS FROM `think_userinfo` [ RunTime:0.0083s ]
SQL: SELECT * FROM `think_userinfo`  [ RunTime:0.0009s ]
INFO: [ view_parse ] --START--
INFO: [ template_filter ] --START--
INFO: Run Behavior\ContentReplaceBehavior [ RunTime:0.000436s ]
INFO: [ template_filter ] --END-- [ RunTime:0.000688s ]
INFO: Run Behavior\ParseTemplateBehavior [ RunTime:0.046177s ]
INFO: [ view_parse ] --END-- [ RunTime:0.046455s ]
INFO: [ view_filter ] --START--
INFO: Run Behavior\WriteHtmlCacheBehavior [ RunTime:0.001946s ]
INFO: [ view_filter ] --END-- [ RunTime:0.002182s ]
INFO: [ app_end ] --START--
INFO: Run Behavior\ShowPageTraceBehavior [ RunTime:0.002582s ]
INFO: [ app_end ] --END-- [ RunTime:0.002862s ]

[ 2017-05-22T22:07:14+08:00 ] ::1 /speed/Home/images/img.jpg
INFO: [ app_init ] --START--
INFO: Run Behavior\BuildLiteBehavior [ RunTime:0.000064s ]
INFO: [ app_init ] --END-- [ RunTime:0.001684s ]

[ 2017-05-22T22:08:33+08:00 ] ::1 /speed/Home/index
INFO: [ app_init ] --START--
INFO: Run Behavior\BuildLiteBehavior [ RunTime:0.000059s ]
INFO: [ app_init ] --END-- [ RunTime:0.001238s ]
INFO: [ app_begin ] --START--
INFO: Run Behavior\ReadHtmlCacheBehavior [ RunTime:0.002204s ]
INFO: [ app_begin ] --END-- [ RunTime:0.002485s ]
SQL: SHOW COLUMNS FROM `think_userinfo` [ RunTime:0.0092s ]
SQL: SELECT * FROM `think_userinfo`  [ RunTime:0.0010s ]
INFO: [ view_parse ] --START--
INFO: [ template_filter ] --START--
INFO: Run Behavior\ContentReplaceBehavior [ RunTime:0.000462s ]
INFO: [ template_filter ] --END-- [ RunTime:0.000715s ]
INFO: Run Behavior\ParseTemplateBehavior [ RunTime:0.044999s ]
INFO: [ view_parse ] --END-- [ RunTime:0.045264s ]
INFO: [ view_filter ] --START--
INFO: Run Behavior\WriteHtmlCacheBehavior [ RunTime:0.001135s ]
INFO: [ view_filter ] --END-- [ RunTime:0.001349s ]
INFO: [ app_end ] --START--
INFO: Run Behavior\ShowPageTraceBehavior [ RunTime:0.002359s ]
INFO: [ app_end ] --END-- [ RunTime:0.002593s ]

[ 2017-05-22T22:08:34+08:00 ] ::1 /speed/Home/images/img.jpg
INFO: [ app_init ] --START--
INFO: Run Behavior\BuildLiteBehavior [ RunTime:0.000063s ]
INFO: [ app_init ] --END-- [ RunTime:0.001892s ]

[ 2017-05-22T22:47:43+08:00 ] ::1 /speed/Home/index
INFO: [ app_init ] --START--
INFO: Run Behavior\BuildLiteBehavior [ RunTime:0.000063s ]
INFO: [ app_init ] --END-- [ RunTime:0.001362s ]
INFO: [ app_begin ] --START--
INFO: Run Behavior\ReadHtmlCacheBehavior [ RunTime:0.002202s ]
INFO: [ app_begin ] --END-- [ RunTime:0.002474s ]
SQL: SHOW COLUMNS FROM `think_userinfo` [ RunTime:0.0092s ]
SQL: SELECT * FROM `think_userinfo`  [ RunTime:0.0008s ]
INFO: [ view_parse ] --START--
INFO: [ template_filter ] --START--
INFO: Run Behavior\ContentReplaceBehavior [ RunTime:0.000460s ]
INFO: [ template_filter ] --END-- [ RunTime:0.000743s ]
INFO: Run Behavior\ParseTemplateBehavior [ RunTime:0.044908s ]
INFO: [ view_parse ] --END-- [ RunTime:0.045194s ]
INFO: [ view_filter ] --START--
INFO: Run Behavior\WriteHtmlCacheBehavior [ RunTime:0.001214s ]
INFO: [ view_filter ] --END-- [ RunTime:0.001440s ]
INFO: [ app_end ] --START--
INFO: Run Behavior\ShowPageTraceBehavior [ RunTime:0.002800s ]
INFO: [ app_end ] --END-- [ RunTime:0.003044s ]

[ 2017-05-22T22:47:43+08:00 ] ::1 /speed/Home/images/img.jpg
INFO: [ app_init ] --START--
INFO: Run Behavior\BuildLiteBehavior [ RunTime:0.000087s ]
INFO: [ app_init ] --END-- [ RunTime:0.001692s ]

[ 2017-05-22T22:47:50+08:00 ] ::1 /speed/Home/index
INFO: [ app_init ] --START--
INFO: Run Behavior\BuildLiteBehavior [ RunTime:0.000063s ]
INFO: [ app_init ] --END-- [ RunTime:0.001559s ]
INFO: [ app_begin ] --START--
INFO: Run Behavior\ReadHtmlCacheBehavior [ RunTime:0.002395s ]
INFO: [ app_begin ] --END-- [ RunTime:0.002668s ]
SQL: SHOW COLUMNS FROM `think_userinfo` [ RunTime:0.0079s ]
SQL: SELECT * FROM `think_userinfo`  [ RunTime:0.0008s ]
INFO: [ view_parse ] --START--
INFO: [ template_filter ] --START--
INFO: Run Behavior\ContentReplaceBehavior [ RunTime:0.000472s ]
INFO: [ template_filter ] --END-- [ RunTime:0.000741s ]
INFO: Run Behavior\ParseTemplateBehavior [ RunTime:0.045712s ]
INFO: [ view_parse ] --END-- [ RunTime:0.045997s ]
INFO: [ view_filter ] --START--
INFO: Run Behavior\WriteHtmlCacheBehavior [ RunTime:0.002161s ]
INFO: [ view_filter ] --END-- [ RunTime:0.002411s ]
INFO: [ app_end ] --START--
INFO: Run Behavior\ShowPageTraceBehavior [ RunTime:0.002356s ]
INFO: [ app_end ] --END-- [ RunTime:0.002597s ]

[ 2017-05-22T22:47:51+08:00 ] ::1 /speed/Home/images/img.jpg
INFO: [ app_init ] --START--
INFO: Run Behavior\BuildLiteBehavior [ RunTime:0.000071s ]
INFO: [ app_init ] --END-- [ RunTime:0.002238s ]

[ 2017-05-22T22:51:05+08:00 ] ::1 /speed/Home/index
INFO: [ app_init ] --START--
INFO: Run Behavior\BuildLiteBehavior [ RunTime:0.000055s ]
INFO: [ app_init ] --END-- [ RunTime:0.001229s ]
INFO: [ app_begin ] --START--
INFO: Run Behavior\ReadHtmlCacheBehavior [ RunTime:0.002310s ]
INFO: [ app_begin ] --END-- [ RunTime:0.002560s ]
SQL: SHOW COLUMNS FROM `think_userinfo` [ RunTime:0.0099s ]
SQL: SELECT * FROM `think_userinfo`  [ RunTime:0.0030s ]
INFO: [ view_parse ] --START--
INFO: [ template_filter ] --START--
INFO: Run Behavior\ContentReplaceBehavior [ RunTime:0.000450s ]
INFO: [ template_filter ] --END-- [ RunTime:0.000705s ]
INFO: Run Behavior\ParseTemplateBehavior [ RunTime:0.048560s ]
INFO: [ view_parse ] --END-- [ RunTime:0.048830s ]
INFO: [ view_filter ] --START--
INFO: Run Behavior\WriteHtmlCacheBehavior [ RunTime:0.001625s ]
INFO: [ view_filter ] --END-- [ RunTime:0.001845s ]
INFO: [ app_end ] --START--
INFO: Run Behavior\ShowPageTraceBehavior [ RunTime:0.002506s ]
INFO: [ app_end ] --END-- [ RunTime:0.002740s ]

[ 2017-05-22T22:51:05+08:00 ] ::1 /speed/Home/images/img.jpg
INFO: [ app_init ] --START--
INFO: Run Behavior\BuildLiteBehavior [ RunTime:0.000052s ]
INFO: [ app_init ] --END-- [ RunTime:0.001135s ]

[ 2017-05-22T22:51:26+08:00 ] ::1 /speed/Home/index
INFO: [ app_init ] --START--
INFO: Run Behavior\BuildLiteBehavior [ RunTime:0.000059s ]
INFO: [ app_init ] --END-- [ RunTime:0.002096s ]
INFO: [ app_begin ] --START--
INFO: Run Behavior\ReadHtmlCacheBehavior [ RunTime:0.002941s ]
INFO: [ app_begin ] --END-- [ RunTime:0.003199s ]
SQL: SHOW COLUMNS FROM `think_userinfo` [ RunTime:0.0079s ]
SQL: SELECT * FROM `think_userinfo`  [ RunTime:0.0008s ]
INFO: [ view_parse ] --START--
INFO: [ template_filter ] --START--
INFO: Run Behavior\ContentReplaceBehavior [ RunTime:0.000491s ]
INFO: [ template_filter ] --END-- [ RunTime:0.000746s ]
INFO: Run Behavior\ParseTemplateBehavior [ RunTime:0.046491s ]
INFO: [ view_parse ] --END-- [ RunTime:0.046756s ]
INFO: [ view_filter ] --START--
INFO: Run Behavior\WriteHtmlCacheBehavior [ RunTime:0.002200s ]
INFO: [ view_filter ] --END-- [ RunTime:0.002432s ]
INFO: [ app_end ] --START--
INFO: Run Behavior\ShowPageTraceBehavior [ RunTime:0.002570s ]
INFO: [ app_end ] --END-- [ RunTime:0.002805s ]

[ 2017-05-22T22:51:26+08:00 ] ::1 /speed/Home/images/img.jpg
INFO: [ app_init ] --START--
INFO: Run Behavior\BuildLiteBehavior [ RunTime:0.000059s ]
INFO: [ app_init ] --END-- [ RunTime:0.001419s ]

[ 2017-05-22T22:51:50+08:00 ] ::1 /speed/Home/index
INFO: [ app_init ] --START--
INFO: Run Behavior\BuildLiteBehavior [ RunTime:0.000056s ]
INFO: [ app_init ] --END-- [ RunTime:0.001203s ]
INFO: [ app_begin ] --START--
INFO: Run Behavior\ReadHtmlCacheBehavior [ RunTime:0.002273s ]
INFO: [ app_begin ] --END-- [ RunTime:0.002547s ]
SQL: SHOW COLUMNS FROM `think_userinfo` [ RunTime:0.0077s ]
SQL: SELECT * FROM `think_userinfo`  [ RunTime:0.0007s ]
INFO: [ view_parse ] --START--
INFO: [ template_filter ] --START--
INFO: Run Behavior\ContentReplaceBehavior [ RunTime:0.000448s ]
INFO: [ template_filter ] --END-- [ RunTime:0.000707s ]
INFO: Run Behavior\ParseTemplateBehavior [ RunTime:0.041200s ]
INFO: [ view_parse ] --END-- [ RunTime:0.041451s ]
INFO: [ view_filter ] --START--
INFO: Run Behavior\WriteHtmlCacheBehavior [ RunTime:0.001298s ]
INFO: [ view_filter ] --END-- [ RunTime:0.001513s ]
INFO: [ app_end ] --START--
INFO: Run Behavior\ShowPageTraceBehavior [ RunTime:0.002229s ]
INFO: [ app_end ] --END-- [ RunTime:0.002460s ]

[ 2017-05-22T22:51:50+08:00 ] ::1 /speed/Home/images/img.jpg
INFO: [ app_init ] --START--
INFO: Run Behavior\BuildLiteBehavior [ RunTime:0.000062s ]
INFO: [ app_init ] --END-- [ RunTime:0.001372s ]

[ 2017-05-22T22:53:28+08:00 ] ::1 /speed/Home/index
INFO: [ app_init ] --START--
INFO: Run Behavior\BuildLiteBehavior [ RunTime:0.000062s ]
INFO: [ app_init ] --END-- [ RunTime:0.001287s ]
INFO: [ app_begin ] --START--
INFO: Run Behavior\ReadHtmlCacheBehavior [ RunTime:0.002591s ]
INFO: [ app_begin ] --END-- [ RunTime:0.003008s ]
SQL: SHOW COLUMNS FROM `think_userinfo` [ RunTime:0.0077s ]
SQL: SELECT * FROM `think_userinfo`  [ RunTime:0.0007s ]
INFO: [ view_parse ] --START--
INFO: [ template_filter ] --START--
INFO: Run Behavior\ContentReplaceBehavior [ RunTime:0.000400s ]
INFO: [ template_filter ] --END-- [ RunTime:0.000628s ]
INFO: Run Behavior\ParseTemplateBehavior [ RunTime:0.042424s ]
INFO: [ view_parse ] --END-- [ RunTime:0.042669s ]
INFO: [ view_filter ] --START--
INFO: Run Behavior\WriteHtmlCacheBehavior [ RunTime:0.001002s ]
INFO: [ view_filter ] --END-- [ RunTime:0.001194s ]
INFO: [ app_end ] --START--
INFO: Run Behavior\ShowPageTraceBehavior [ RunTime:0.002009s ]
INFO: [ app_end ] --END-- [ RunTime:0.002221s ]

[ 2017-05-22T22:53:28+08:00 ] ::1 /speed/Home/images/img.jpg
INFO: [ app_init ] --START--
INFO: Run Behavior\BuildLiteBehavior [ RunTime:0.000055s ]
INFO: [ app_init ] --END-- [ RunTime:0.001230s ]

[ 2017-05-22T22:57:26+08:00 ] ::1 /speed/Home/index
INFO: [ app_init ] --START--
INFO: Run Behavior\BuildLiteBehavior [ RunTime:0.000060s ]
INFO: [ app_init ] --END-- [ RunTime:0.001370s ]
INFO: [ app_begin ] --START--
INFO: Run Behavior\ReadHtmlCacheBehavior [ RunTime:0.003580s ]
INFO: [ app_begin ] --END-- [ RunTime:0.003864s ]
SQL: SHOW COLUMNS FROM `think_userinfo` [ RunTime:0.0081s ]
SQL: SELECT * FROM `think_userinfo`  [ RunTime:0.0008s ]
INFO: [ view_parse ] --START--
INFO: [ template_filter ] --START--
INFO: Run Behavior\ContentReplaceBehavior [ RunTime:0.000462s ]
INFO: [ template_filter ] --END-- [ RunTime:0.000759s ]
INFO: Run Behavior\ParseTemplateBehavior [ RunTime:0.052904s ]
INFO: [ view_parse ] --END-- [ RunTime:0.053190s ]
INFO: [ view_filter ] --START--
INFO: Run Behavior\WriteHtmlCacheBehavior [ RunTime:0.001842s ]
INFO: [ view_filter ] --END-- [ RunTime:0.002073s ]
INFO: [ app_end ] --START--
INFO: Run Behavior\ShowPageTraceBehavior [ RunTime:0.002910s ]
INFO: [ app_end ] --END-- [ RunTime:0.003153s ]

[ 2017-05-22T22:57:26+08:00 ] ::1 /speed/Home/images/img.jpg
INFO: [ app_init ] --START--
INFO: Run Behavior\BuildLiteBehavior [ RunTime:0.000058s ]
INFO: [ app_init ] --END-- [ RunTime:0.001254s ]

[ 2017-05-22T22:59:18+08:00 ] ::1 /speed/Home/index
INFO: [ app_init ] --START--
INFO: Run Behavior\BuildLiteBehavior [ RunTime:0.000064s ]
INFO: [ app_init ] --END-- [ RunTime:0.001376s ]
INFO: [ app_begin ] --START--
INFO: Run Behavior\ReadHtmlCacheBehavior [ RunTime:0.002643s ]
INFO: [ app_begin ] --END-- [ RunTime:0.002922s ]
SQL: SHOW COLUMNS FROM `think_userinfo` [ RunTime:0.0102s ]
SQL: SELECT * FROM `think_userinfo`  [ RunTime:0.0015s ]
INFO: [ view_parse ] --START--
INFO: [ template_filter ] --START--
INFO: Run Behavior\ContentReplaceBehavior [ RunTime:0.000433s ]
INFO: [ template_filter ] --END-- [ RunTime:0.000702s ]
INFO: Run Behavior\ParseTemplateBehavior [ RunTime:0.048099s ]
INFO: [ view_parse ] --END-- [ RunTime:0.048398s ]
INFO: [ view_filter ] --START--
INFO: Run Behavior\WriteHtmlCacheBehavior [ RunTime:0.001684s ]
INFO: [ view_filter ] --END-- [ RunTime:0.001919s ]
INFO: [ app_end ] --START--
INFO: Run Behavior\ShowPageTraceBehavior [ RunTime:0.002627s ]
INFO: [ app_end ] --END-- [ RunTime:0.002875s ]

[ 2017-05-22T22:59:19+08:00 ] ::1 /speed/Home/images/img.jpg
INFO: [ app_init ] --START--
INFO: Run Behavior\BuildLiteBehavior [ RunTime:0.000079s ]
INFO: [ app_init ] --END-- [ RunTime:0.002197s ]

