[ 2017-05-25T15:46:57+08:00 ] ::1 /speed/Home/googs
INFO: [ app_init ] --START--
INFO: Run Behavior\BuildLiteBehavior [ RunTime:0.000072s ]
INFO: [ app_init ] --END-- [ RunTime:0.001762s ]
INFO: [ app_begin ] --START--
INFO: Run Behavior\ReadHtmlCacheBehavior [ RunTime:0.002542s ]
INFO: [ app_begin ] --END-- [ RunTime:0.002866s ]
ERR: 无法加载控制器:Googs

[ 2017-05-25T15:47:07+08:00 ] ::1 /speed/Home/goods
INFO: [ app_init ] --START--
INFO: Run Behavior\BuildLiteBehavior [ RunTime:0.000052s ]
INFO: [ app_init ] --END-- [ RunTime:0.001072s ]
INFO: [ app_begin ] --START--
INFO: Run Behavior\ReadHtmlCacheBehavior [ RunTime:0.001700s ]
INFO: [ app_begin ] --END-- [ RunTime:0.001928s ]
NOTIC: [2] include(Home\Conf\config.php): failed to open stream: No such file or directory C:\wamp\www\speed\Application\Home\Controller\GoodsController.class.php 第 4 行.
NOTIC: [2] include(): Failed opening 'Home\Conf\config.php' for inclusion (include_path='.;C:\php\pear') C:\wamp\www\speed\Application\Home\Controller\GoodsController.class.php 第 4 行.
SQL: SHOW COLUMNS FROM `think_goodsdescribe` [ RunTime:0.1108s ]
SQL: SELECT * FROM `think_goodsdescribe`  [ RunTime:0.0008s ]
INFO: [ view_parse ] --START--
INFO: [ template_filter ] --START--
INFO: Run Behavior\ContentReplaceBehavior [ RunTime:0.000405s ]
INFO: [ template_filter ] --END-- [ RunTime:0.000762s ]
INFO: Run Behavior\ParseTemplateBehavior [ RunTime:0.061056s ]
INFO: [ view_parse ] --END-- [ RunTime:0.061422s ]
INFO: [ view_filter ] --START--
INFO: Run Behavior\WriteHtmlCacheBehavior [ RunTime:0.001868s ]
INFO: [ view_filter ] --END-- [ RunTime:0.002251s ]
INFO: [ app_end ] --START--
INFO: Run Behavior\ShowPageTraceBehavior [ RunTime:0.002621s ]
INFO: [ app_end ] --END-- [ RunTime:0.002879s ]

[ 2017-05-25T15:47:08+08:00 ] ::1 /speed/Home/images/img.jpg
INFO: [ app_init ] --START--
INFO: Run Behavior\BuildLiteBehavior [ RunTime:0.000095s ]
INFO: [ app_init ] --END-- [ RunTime:0.002716s ]

[ 2017-05-25T16:21:45+08:00 ] ::1 /speed/Home/evaluate
INFO: [ app_init ] --START--
INFO: Run Behavior\BuildLiteBehavior [ RunTime:0.000065s ]
INFO: [ app_init ] --END-- [ RunTime:0.003857s ]
INFO: [ app_begin ] --START--
INFO: Run Behavior\ReadHtmlCacheBehavior [ RunTime:0.002458s ]
INFO: [ app_begin ] --END-- [ RunTime:0.002804s ]
NOTIC: [2] include(Home\Conf\config.php): failed to open stream: No such file or directory C:\wamp\www\speed\Application\Home\Controller\EvaluateController.class.php 第 4 行.
NOTIC: [2] include(): Failed opening 'Home\Conf\config.php' for inclusion (include_path='.;C:\php\pear') C:\wamp\www\speed\Application\Home\Controller\EvaluateController.class.php 第 4 行.
INFO: [ view_parse ] --START--
INFO: [ template_filter ] --START--
INFO: Run Behavior\ContentReplaceBehavior [ RunTime:0.000611s ]
INFO: [ template_filter ] --END-- [ RunTime:0.001021s ]
NOTIC: [8] Undefined variable: list C:\wamp\www\speed\Application\Runtime\Cache\Home\5a8c738d77f3e9670b316b294e6bd176.php 第 364 行.
INFO: Run Behavior\ParseTemplateBehavior [ RunTime:0.063243s ]
INFO: [ view_parse ] --END-- [ RunTime:0.063605s ]
INFO: [ view_filter ] --START--
INFO: Run Behavior\WriteHtmlCacheBehavior [ RunTime:0.002296s ]
INFO: [ view_filter ] --END-- [ RunTime:0.002622s ]
INFO: [ app_end ] --START--
INFO: Run Behavior\ShowPageTraceBehavior [ RunTime:0.003151s ]
INFO: [ app_end ] --END-- [ RunTime:0.003463s ]

[ 2017-05-25T16:21:45+08:00 ] ::1 /speed/Home/images/img.jpg
INFO: [ app_init ] --START--
INFO: Run Behavior\BuildLiteBehavior [ RunTime:0.000090s ]
INFO: [ app_init ] --END-- [ RunTime:0.001781s ]

[ 2017-05-25T16:25:42+08:00 ] ::1 /speed/Home/evaluate
INFO: [ app_init ] --START--
INFO: Run Behavior\BuildLiteBehavior [ RunTime:0.000071s ]
INFO: [ app_init ] --END-- [ RunTime:0.001708s ]
INFO: [ app_begin ] --START--
INFO: Run Behavior\ReadHtmlCacheBehavior [ RunTime:0.002781s ]
INFO: [ app_begin ] --END-- [ RunTime:0.003053s ]
NOTIC: [2] include(Home\Conf\config.php): failed to open stream: No such file or directory C:\wamp\www\speed\Application\Home\Controller\EvaluateController.class.php 第 4 行.
NOTIC: [2] include(): Failed opening 'Home\Conf\config.php' for inclusion (include_path='.;C:\php\pear') C:\wamp\www\speed\Application\Home\Controller\EvaluateController.class.php 第 4 行.
INFO: [ view_parse ] --START--
INFO: [ template_filter ] --START--
INFO: Run Behavior\ContentReplaceBehavior [ RunTime:0.000385s ]
INFO: [ template_filter ] --END-- [ RunTime:0.000622s ]
NOTIC: [8] Undefined variable: list C:\wamp\www\speed\Application\Runtime\Cache\Home\5a8c738d77f3e9670b316b294e6bd176.php 第 364 行.
INFO: Run Behavior\ParseTemplateBehavior [ RunTime:0.043314s ]
INFO: [ view_parse ] --END-- [ RunTime:0.043549s ]
INFO: [ view_filter ] --START--
INFO: Run Behavior\WriteHtmlCacheBehavior [ RunTime:0.001755s ]
INFO: [ view_filter ] --END-- [ RunTime:0.001964s ]
INFO: [ app_end ] --START--
INFO: Run Behavior\ShowPageTraceBehavior [ RunTime:0.002322s ]
INFO: [ app_end ] --END-- [ RunTime:0.002560s ]

[ 2017-05-25T16:25:42+08:00 ] ::1 /speed/Home/images/img.jpg
INFO: [ app_init ] --START--
INFO: Run Behavior\BuildLiteBehavior [ RunTime:0.000098s ]
INFO: [ app_init ] --END-- [ RunTime:0.001993s ]

[ 2017-05-25T16:25:46+08:00 ] ::1 /speed/Home/index
INFO: [ app_init ] --START--
INFO: Run Behavior\BuildLiteBehavior [ RunTime:0.000068s ]
INFO: [ app_init ] --END-- [ RunTime:0.001336s ]
INFO: [ app_begin ] --START--
INFO: Run Behavior\ReadHtmlCacheBehavior [ RunTime:0.003706s ]
INFO: [ app_begin ] --END-- [ RunTime:0.003989s ]
SQL: SHOW COLUMNS FROM `think_userinfo` [ RunTime:0.0102s ]
SQL: SELECT * FROM `think_userinfo`  [ RunTime:0.0009s ]
INFO: [ view_parse ] --START--
INFO: [ template_filter ] --START--
INFO: Run Behavior\ContentReplaceBehavior [ RunTime:0.000546s ]
INFO: [ template_filter ] --END-- [ RunTime:0.000844s ]
INFO: Run Behavior\ParseTemplateBehavior [ RunTime:0.050823s ]
INFO: [ view_parse ] --END-- [ RunTime:0.051088s ]
INFO: [ view_filter ] --START--
INFO: Run Behavior\WriteHtmlCacheBehavior [ RunTime:0.001784s ]
INFO: [ view_filter ] --END-- [ RunTime:0.002008s ]
INFO: [ app_end ] --START--
INFO: Run Behavior\ShowPageTraceBehavior [ RunTime:0.003772s ]
INFO: [ app_end ] --END-- [ RunTime:0.004014s ]

[ 2017-05-25T16:25:46+08:00 ] ::1 /speed/Home/images/img.jpg
INFO: [ app_init ] --START--
INFO: Run Behavior\BuildLiteBehavior [ RunTime:0.000061s ]
INFO: [ app_init ] --END-- [ RunTime:0.001190s ]

[ 2017-05-25T16:25:50+08:00 ] ::1 /speed/Home/evaluate
INFO: [ app_init ] --START--
INFO: Run Behavior\BuildLiteBehavior [ RunTime:0.000070s ]
INFO: [ app_init ] --END-- [ RunTime:0.001390s ]
INFO: [ app_begin ] --START--
INFO: Run Behavior\ReadHtmlCacheBehavior [ RunTime:0.002839s ]
INFO: [ app_begin ] --END-- [ RunTime:0.003115s ]
NOTIC: [2] include(Home\Conf\config.php): failed to open stream: No such file or directory C:\wamp\www\speed\Application\Home\Controller\EvaluateController.class.php 第 4 行.
NOTIC: [2] include(): Failed opening 'Home\Conf\config.php' for inclusion (include_path='.;C:\php\pear') C:\wamp\www\speed\Application\Home\Controller\EvaluateController.class.php 第 4 行.
INFO: [ view_parse ] --START--
INFO: [ template_filter ] --START--
INFO: Run Behavior\ContentReplaceBehavior [ RunTime:0.000406s ]
INFO: [ template_filter ] --END-- [ RunTime:0.000651s ]
NOTIC: [8] Undefined variable: list C:\wamp\www\speed\Application\Runtime\Cache\Home\5a8c738d77f3e9670b316b294e6bd176.php 第 364 行.
INFO: Run Behavior\ParseTemplateBehavior [ RunTime:0.051960s ]
INFO: [ view_parse ] --END-- [ RunTime:0.052185s ]
INFO: [ view_filter ] --START--
INFO: Run Behavior\WriteHtmlCacheBehavior [ RunTime:0.001501s ]
INFO: [ view_filter ] --END-- [ RunTime:0.001696s ]
INFO: [ app_end ] --START--
INFO: Run Behavior\ShowPageTraceBehavior [ RunTime:0.002367s ]
INFO: [ app_end ] --END-- [ RunTime:0.002572s ]

[ 2017-05-25T16:25:50+08:00 ] ::1 /speed/Home/images/img.jpg
INFO: [ app_init ] --START--
INFO: Run Behavior\BuildLiteBehavior [ RunTime:0.000069s ]
INFO: [ app_init ] --END-- [ RunTime:0.001222s ]

[ 2017-05-25T16:26:51+08:00 ] ::1 /speed/Home/evaluate
INFO: [ app_init ] --START--
INFO: Run Behavior\BuildLiteBehavior [ RunTime:0.000067s ]
INFO: [ app_init ] --END-- [ RunTime:0.001521s ]
INFO: [ app_begin ] --START--
INFO: Run Behavior\ReadHtmlCacheBehavior [ RunTime:0.002722s ]
INFO: [ app_begin ] --END-- [ RunTime:0.002990s ]
NOTIC: [2] include(Home\Conf\config.php): failed to open stream: No such file or directory C:\wamp\www\speed\Application\Home\Controller\EvaluateController.class.php 第 4 行.
NOTIC: [2] include(): Failed opening 'Home\Conf\config.php' for inclusion (include_path='.;C:\php\pear') C:\wamp\www\speed\Application\Home\Controller\EvaluateController.class.php 第 4 行.
INFO: [ view_parse ] --START--
INFO: [ template_filter ] --START--
INFO: Run Behavior\ContentReplaceBehavior [ RunTime:0.000432s ]
INFO: [ template_filter ] --END-- [ RunTime:0.000696s ]
NOTIC: [8] Undefined variable: list C:\wamp\www\speed\Application\Runtime\Cache\Home\5a8c738d77f3e9670b316b294e6bd176.php 第 364 行.
INFO: Run Behavior\ParseTemplateBehavior [ RunTime:0.052302s ]
INFO: [ view_parse ] --END-- [ RunTime:0.052553s ]
INFO: [ view_filter ] --START--
INFO: Run Behavior\WriteHtmlCacheBehavior [ RunTime:0.002193s ]
INFO: [ view_filter ] --END-- [ RunTime:0.002420s ]
INFO: [ app_end ] --START--
INFO: Run Behavior\ShowPageTraceBehavior [ RunTime:0.004491s ]
INFO: [ app_end ] --END-- [ RunTime:0.004807s ]

[ 2017-05-25T16:26:52+08:00 ] ::1 /speed/Home/images/img.jpg
INFO: [ app_init ] --START--
INFO: Run Behavior\BuildLiteBehavior [ RunTime:0.000067s ]
INFO: [ app_init ] --END-- [ RunTime:0.001507s ]

[ 2017-05-25T16:28:38+08:00 ] ::1 /speed/Home/evaluate
INFO: [ app_init ] --START--
INFO: Run Behavior\BuildLiteBehavior [ RunTime:0.000065s ]
INFO: [ app_init ] --END-- [ RunTime:0.001394s ]
INFO: [ app_begin ] --START--
INFO: Run Behavior\ReadHtmlCacheBehavior [ RunTime:0.002784s ]
INFO: [ app_begin ] --END-- [ RunTime:0.003051s ]
NOTIC: [2] include(Home\Conf\config.php): failed to open stream: No such file or directory C:\wamp\www\speed\Application\Home\Controller\EvaluateController.class.php 第 4 行.
NOTIC: [2] include(): Failed opening 'Home\Conf\config.php' for inclusion (include_path='.;C:\php\pear') C:\wamp\www\speed\Application\Home\Controller\EvaluateController.class.php 第 4 行.
INFO: [ view_parse ] --START--
INFO: [ template_filter ] --START--
INFO: Run Behavior\ContentReplaceBehavior [ RunTime:0.000430s ]
INFO: [ template_filter ] --END-- [ RunTime:0.000708s ]
NOTIC: [8] Undefined variable: list C:\wamp\www\speed\Application\Runtime\Cache\Home\5a8c738d77f3e9670b316b294e6bd176.php 第 364 行.
INFO: Run Behavior\ParseTemplateBehavior [ RunTime:0.049440s ]
INFO: [ view_parse ] --END-- [ RunTime:0.049694s ]
INFO: [ view_filter ] --START--
INFO: Run Behavior\WriteHtmlCacheBehavior [ RunTime:0.001959s ]
INFO: [ view_filter ] --END-- [ RunTime:0.002205s ]
INFO: [ app_end ] --START--
INFO: Run Behavior\ShowPageTraceBehavior [ RunTime:0.005889s ]
INFO: [ app_end ] --END-- [ RunTime:0.006136s ]

[ 2017-05-25T16:28:39+08:00 ] ::1 /speed/Home/images/img.jpg
INFO: [ app_init ] --START--
INFO: Run Behavior\BuildLiteBehavior [ RunTime:0.000050s ]
INFO: [ app_init ] --END-- [ RunTime:0.001111s ]

[ 2017-05-25T16:43:19+08:00 ] ::1 /speed/Home/index
INFO: [ app_init ] --START--
INFO: Run Behavior\BuildLiteBehavior [ RunTime:0.000061s ]
INFO: [ app_init ] --END-- [ RunTime:0.001450s ]
INFO: [ app_begin ] --START--
INFO: Run Behavior\ReadHtmlCacheBehavior [ RunTime:0.002841s ]
INFO: [ app_begin ] --END-- [ RunTime:0.003114s ]
SQL: SHOW COLUMNS FROM `think_userinfo` [ RunTime:0.0104s ]
SQL: SELECT * FROM `think_userinfo`  [ RunTime:0.0008s ]
INFO: [ view_parse ] --START--
INFO: [ template_filter ] --START--
INFO: Run Behavior\ContentReplaceBehavior [ RunTime:0.000479s ]
INFO: [ template_filter ] --END-- [ RunTime:0.000759s ]
INFO: Run Behavior\ParseTemplateBehavior [ RunTime:0.049242s ]
INFO: [ view_parse ] --END-- [ RunTime:0.049556s ]
INFO: [ view_filter ] --START--
INFO: Run Behavior\WriteHtmlCacheBehavior [ RunTime:0.002014s ]
INFO: [ view_filter ] --END-- [ RunTime:0.002279s ]
INFO: [ app_end ] --START--
INFO: Run Behavior\ShowPageTraceBehavior [ RunTime:0.002903s ]
INFO: [ app_end ] --END-- [ RunTime:0.003152s ]

[ 2017-05-25T16:43:19+08:00 ] ::1 /speed/Home/images/img.jpg
INFO: [ app_init ] --START--
INFO: Run Behavior\BuildLiteBehavior [ RunTime:0.000053s ]
INFO: [ app_init ] --END-- [ RunTime:0.001193s ]

[ 2017-05-25T16:43:24+08:00 ] ::1 /speed/Home/driver
INFO: [ app_init ] --START--
INFO: Run Behavior\BuildLiteBehavior [ RunTime:0.000069s ]
INFO: [ app_init ] --END-- [ RunTime:0.001376s ]
INFO: [ app_begin ] --START--
INFO: Run Behavior\ReadHtmlCacheBehavior [ RunTime:0.002863s ]
INFO: [ app_begin ] --END-- [ RunTime:0.003142s ]
SQL: SHOW COLUMNS FROM `think_driverinfo` [ RunTime:0.0098s ]
SQL: SELECT * FROM `think_driverinfo`  [ RunTime:0.0007s ]
INFO: [ view_parse ] --START--
INFO: [ template_filter ] --START--
INFO: Run Behavior\ContentReplaceBehavior [ RunTime:0.001175s ]
INFO: [ template_filter ] --END-- [ RunTime:0.003106s ]
INFO: Run Behavior\ParseTemplateBehavior [ RunTime:0.052960s ]
INFO: [ view_parse ] --END-- [ RunTime:0.053259s ]
INFO: [ view_filter ] --START--
INFO: Run Behavior\WriteHtmlCacheBehavior [ RunTime:0.001799s ]
INFO: [ view_filter ] --END-- [ RunTime:0.002098s ]
INFO: [ app_end ] --START--
INFO: Run Behavior\ShowPageTraceBehavior [ RunTime:0.002743s ]
INFO: [ app_end ] --END-- [ RunTime:0.002993s ]

[ 2017-05-25T16:43:24+08:00 ] ::1 /speed/Home/images/img.jpg
INFO: [ app_init ] --START--
INFO: Run Behavior\BuildLiteBehavior [ RunTime:0.000144s ]
INFO: [ app_init ] --END-- [ RunTime:0.001364s ]

[ 2017-05-25T18:27:58+08:00 ] ::1 /speed/Home/evaluate
INFO: [ app_init ] --START--
INFO: Run Behavior\BuildLiteBehavior [ RunTime:0.000071s ]
INFO: [ app_init ] --END-- [ RunTime:0.001585s ]
INFO: [ app_begin ] --START--
INFO: Run Behavior\ReadHtmlCacheBehavior [ RunTime:0.002907s ]
INFO: [ app_begin ] --END-- [ RunTime:0.003277s ]
NOTIC: [2] include(Home\Conf\config.php): failed to open stream: No such file or directory C:\wamp\www\speed\Application\Home\Controller\EvaluateController.class.php 第 4 行.
NOTIC: [2] include(): Failed opening 'Home\Conf\config.php' for inclusion (include_path='.;C:\php\pear') C:\wamp\www\speed\Application\Home\Controller\EvaluateController.class.php 第 4 行.
INFO: [ view_parse ] --START--
INFO: [ template_filter ] --START--
INFO: Run Behavior\ContentReplaceBehavior [ RunTime:0.000445s ]
INFO: [ template_filter ] --END-- [ RunTime:0.000764s ]
NOTIC: [8] Undefined variable: list C:\wamp\www\speed\Application\Runtime\Cache\Home\5a8c738d77f3e9670b316b294e6bd176.php 第 364 行.
INFO: Run Behavior\ParseTemplateBehavior [ RunTime:0.060315s ]
INFO: [ view_parse ] --END-- [ RunTime:0.060617s ]
INFO: [ view_filter ] --START--
INFO: Run Behavior\WriteHtmlCacheBehavior [ RunTime:0.002202s ]
INFO: [ view_filter ] --END-- [ RunTime:0.002502s ]
INFO: [ app_end ] --START--
INFO: Run Behavior\ShowPageTraceBehavior [ RunTime:0.014813s ]
INFO: [ app_end ] --END-- [ RunTime:0.015397s ]

[ 2017-05-25T18:27:58+08:00 ] ::1 /speed/Home/images/img.jpg
INFO: [ app_init ] --START--
INFO: Run Behavior\BuildLiteBehavior [ RunTime:0.000080s ]
INFO: [ app_init ] --END-- [ RunTime:0.001993s ]

[ 2017-05-25T18:32:44+08:00 ] ::1 /speed/Home/evaluate
INFO: [ app_init ] --START--
INFO: Run Behavior\BuildLiteBehavior [ RunTime:0.000071s ]
INFO: [ app_init ] --END-- [ RunTime:0.001780s ]
INFO: [ app_begin ] --START--
INFO: Run Behavior\ReadHtmlCacheBehavior [ RunTime:0.003643s ]
INFO: [ app_begin ] --END-- [ RunTime:0.003964s ]
NOTIC: [2] include(Home\Conf\config.php): failed to open stream: No such file or directory C:\wamp\www\speed\Application\Home\Controller\EvaluateController.class.php 第 4 行.
NOTIC: [2] include(): Failed opening 'Home\Conf\config.php' for inclusion (include_path='.;C:\php\pear') C:\wamp\www\speed\Application\Home\Controller\EvaluateController.class.php 第 4 行.
SQL: SHOW COLUMNS FROM `think_evaluation` [ RunTime:0.0089s ]
SQL: SELECT * FROM `think_evaluation`  [ RunTime:0.0011s ]
INFO: [ view_parse ] --START--
INFO: [ template_filter ] --START--
INFO: Run Behavior\ContentReplaceBehavior [ RunTime:0.000406s ]
INFO: [ template_filter ] --END-- [ RunTime:0.000679s ]
INFO: Run Behavior\ParseTemplateBehavior [ RunTime:0.048565s ]
INFO: [ view_parse ] --END-- [ RunTime:0.048842s ]
INFO: [ view_filter ] --START--
INFO: Run Behavior\WriteHtmlCacheBehavior [ RunTime:0.001765s ]
INFO: [ view_filter ] --END-- [ RunTime:0.001992s ]
INFO: [ app_end ] --START--
INFO: Run Behavior\ShowPageTraceBehavior [ RunTime:0.003038s ]
INFO: [ app_end ] --END-- [ RunTime:0.003272s ]

[ 2017-05-25T18:32:45+08:00 ] ::1 /speed/Home/images/img.jpg
INFO: [ app_init ] --START--
INFO: Run Behavior\BuildLiteBehavior [ RunTime:0.000058s ]
INFO: [ app_init ] --END-- [ RunTime:0.001334s ]

[ 2017-05-25T18:33:18+08:00 ] ::1 /speed/Home/evaluate
INFO: [ app_init ] --START--
INFO: Run Behavior\BuildLiteBehavior [ RunTime:0.000058s ]
INFO: [ app_init ] --END-- [ RunTime:0.001391s ]
INFO: [ app_begin ] --START--
INFO: Run Behavior\ReadHtmlCacheBehavior [ RunTime:0.002426s ]
INFO: [ app_begin ] --END-- [ RunTime:0.005754s ]
NOTIC: [2] include(Home\Conf\config.php): failed to open stream: No such file or directory C:\wamp\www\speed\Application\Home\Controller\EvaluateController.class.php 第 4 行.
NOTIC: [2] include(): Failed opening 'Home\Conf\config.php' for inclusion (include_path='.;C:\php\pear') C:\wamp\www\speed\Application\Home\Controller\EvaluateController.class.php 第 4 行.
SQL: SHOW COLUMNS FROM `think_evaluation` [ RunTime:0.0088s ]
SQL: SELECT * FROM `think_evaluation`  [ RunTime:0.0007s ]
INFO: [ view_parse ] --START--
INFO: [ template_filter ] --START--
INFO: Run Behavior\ContentReplaceBehavior [ RunTime:0.000457s ]
INFO: [ template_filter ] --END-- [ RunTime:0.000758s ]
INFO: Run Behavior\ParseTemplateBehavior [ RunTime:0.044289s ]
INFO: [ view_parse ] --END-- [ RunTime:0.044566s ]
INFO: [ view_filter ] --START--
INFO: Run Behavior\WriteHtmlCacheBehavior [ RunTime:0.001524s ]
INFO: [ view_filter ] --END-- [ RunTime:0.001764s ]
INFO: [ app_end ] --START--
INFO: Run Behavior\ShowPageTraceBehavior [ RunTime:0.002287s ]
INFO: [ app_end ] --END-- [ RunTime:0.002525s ]

[ 2017-05-25T18:33:18+08:00 ] ::1 /speed/Home/images/img.jpg
INFO: [ app_init ] --START--
INFO: Run Behavior\BuildLiteBehavior [ RunTime:0.000078s ]
INFO: [ app_init ] --END-- [ RunTime:0.001434s ]

[ 2017-05-25T18:33:18+08:00 ] ::1 /speed/Home/images/img.jpg
INFO: [ app_init ] --START--
INFO: Run Behavior\BuildLiteBehavior [ RunTime:0.000174s ]
INFO: [ app_init ] --END-- [ RunTime:0.003374s ]

[ 2017-05-25T18:34:16+08:00 ] ::1 /speed/Home/evaluate
INFO: [ app_init ] --START--
INFO: Run Behavior\BuildLiteBehavior [ RunTime:0.000056s ]
INFO: [ app_init ] --END-- [ RunTime:0.001788s ]
INFO: [ app_begin ] --START--
INFO: Run Behavior\ReadHtmlCacheBehavior [ RunTime:0.002408s ]
INFO: [ app_begin ] --END-- [ RunTime:0.002654s ]
NOTIC: [2] include(Home\Conf\config.php): failed to open stream: No such file or directory C:\wamp\www\speed\Application\Home\Controller\EvaluateController.class.php 第 4 行.
NOTIC: [2] include(): Failed opening 'Home\Conf\config.php' for inclusion (include_path='.;C:\php\pear') C:\wamp\www\speed\Application\Home\Controller\EvaluateController.class.php 第 4 行.
SQL: SHOW COLUMNS FROM `think_evaluation` [ RunTime:0.0094s ]
SQL: SELECT * FROM `think_evaluation`  [ RunTime:0.0007s ]
INFO: [ view_parse ] --START--
INFO: [ template_filter ] --START--
INFO: Run Behavior\ContentReplaceBehavior [ RunTime:0.000350s ]
INFO: [ template_filter ] --END-- [ RunTime:0.000585s ]
INFO: Run Behavior\ParseTemplateBehavior [ RunTime:0.044511s ]
INFO: [ view_parse ] --END-- [ RunTime:0.044775s ]
INFO: [ view_filter ] --START--
INFO: Run Behavior\WriteHtmlCacheBehavior [ RunTime:0.001876s ]
INFO: [ view_filter ] --END-- [ RunTime:0.002081s ]
INFO: [ app_end ] --START--
INFO: Run Behavior\ShowPageTraceBehavior [ RunTime:0.007163s ]
INFO: [ app_end ] --END-- [ RunTime:0.007473s ]

[ 2017-05-25T18:34:17+08:00 ] ::1 /speed/Home/images/img.jpg
INFO: [ app_init ] --START--
INFO: Run Behavior\BuildLiteBehavior [ RunTime:0.000054s ]
INFO: [ app_init ] --END-- [ RunTime:0.001205s ]

[ 2017-05-25T18:37:57+08:00 ] ::1 /speed/Home/evaluate
INFO: [ app_init ] --START--
INFO: Run Behavior\BuildLiteBehavior [ RunTime:0.000056s ]
INFO: [ app_init ] --END-- [ RunTime:0.001309s ]
INFO: [ app_begin ] --START--
INFO: Run Behavior\ReadHtmlCacheBehavior [ RunTime:0.002055s ]
INFO: [ app_begin ] --END-- [ RunTime:0.002352s ]
NOTIC: [2] include(Home\Conf\config.php): failed to open stream: No such file or directory C:\wamp\www\speed\Application\Home\Controller\EvaluateController.class.php 第 4 行.
NOTIC: [2] include(): Failed opening 'Home\Conf\config.php' for inclusion (include_path='.;C:\php\pear') C:\wamp\www\speed\Application\Home\Controller\EvaluateController.class.php 第 4 行.
SQL: SHOW COLUMNS FROM `think_evaluation` [ RunTime:0.0093s ]
SQL: SELECT * FROM `think_evaluation`  [ RunTime:0.0008s ]
INFO: [ view_parse ] --START--
INFO: [ template_filter ] --START--
INFO: Run Behavior\ContentReplaceBehavior [ RunTime:0.000418s ]
INFO: [ template_filter ] --END-- [ RunTime:0.000705s ]
INFO: Run Behavior\ParseTemplateBehavior [ RunTime:0.042265s ]
INFO: [ view_parse ] --END-- [ RunTime:0.042586s ]
INFO: [ view_filter ] --START--
INFO: Run Behavior\WriteHtmlCacheBehavior [ RunTime:0.001168s ]
INFO: [ view_filter ] --END-- [ RunTime:0.001409s ]
INFO: [ app_end ] --START--
INFO: Run Behavior\ShowPageTraceBehavior [ RunTime:0.002170s ]
INFO: [ app_end ] --END-- [ RunTime:0.002488s ]

[ 2017-05-25T18:37:57+08:00 ] ::1 /speed/Home/images/img.jpg
INFO: [ app_init ] --START--
INFO: Run Behavior\BuildLiteBehavior [ RunTime:0.000089s ]
INFO: [ app_init ] --END-- [ RunTime:0.001256s ]

[ 2017-05-25T18:38:13+08:00 ] ::1 /speed/Home/evaluate
INFO: [ app_init ] --START--
INFO: Run Behavior\BuildLiteBehavior [ RunTime:0.000134s ]
INFO: [ app_init ] --END-- [ RunTime:0.001203s ]
INFO: [ app_begin ] --START--
INFO: Run Behavior\ReadHtmlCacheBehavior [ RunTime:0.002458s ]
INFO: [ app_begin ] --END-- [ RunTime:0.002682s ]
NOTIC: [2] include(Home\Conf\config.php): failed to open stream: No such file or directory C:\wamp\www\speed\Application\Home\Controller\EvaluateController.class.php 第 4 行.
NOTIC: [2] include(): Failed opening 'Home\Conf\config.php' for inclusion (include_path='.;C:\php\pear') C:\wamp\www\speed\Application\Home\Controller\EvaluateController.class.php 第 4 行.
SQL: SHOW COLUMNS FROM `think_evaluation` [ RunTime:0.0086s ]
SQL: SELECT * FROM `think_evaluation`  [ RunTime:0.0007s ]
INFO: [ view_parse ] --START--
INFO: [ template_filter ] --START--
INFO: Run Behavior\ContentReplaceBehavior [ RunTime:0.000438s ]
INFO: [ template_filter ] --END-- [ RunTime:0.000739s ]
INFO: Run Behavior\ParseTemplateBehavior [ RunTime:0.045347s ]
INFO: [ view_parse ] --END-- [ RunTime:0.045654s ]
INFO: [ view_filter ] --START--
INFO: Run Behavior\WriteHtmlCacheBehavior [ RunTime:0.001999s ]
INFO: [ view_filter ] --END-- [ RunTime:0.002254s ]
INFO: [ app_end ] --START--
INFO: Run Behavior\ShowPageTraceBehavior [ RunTime:0.002704s ]
INFO: [ app_end ] --END-- [ RunTime:0.002987s ]

[ 2017-05-25T18:38:13+08:00 ] ::1 /speed/Home/images/img.jpg
INFO: [ app_init ] --START--
INFO: Run Behavior\BuildLiteBehavior [ RunTime:0.000073s ]
INFO: [ app_init ] --END-- [ RunTime:0.001412s ]

[ 2017-05-25T18:38:25+08:00 ] ::1 /speed/Home/evaluate
INFO: [ app_init ] --START--
INFO: Run Behavior\BuildLiteBehavior [ RunTime:0.000057s ]
INFO: [ app_init ] --END-- [ RunTime:0.001344s ]
INFO: [ app_begin ] --START--
INFO: Run Behavior\ReadHtmlCacheBehavior [ RunTime:0.002384s ]
INFO: [ app_begin ] --END-- [ RunTime:0.002659s ]
NOTIC: [2] include(Home\Conf\config.php): failed to open stream: No such file or directory C:\wamp\www\speed\Application\Home\Controller\EvaluateController.class.php 第 4 行.
NOTIC: [2] include(): Failed opening 'Home\Conf\config.php' for inclusion (include_path='.;C:\php\pear') C:\wamp\www\speed\Application\Home\Controller\EvaluateController.class.php 第 4 行.
SQL: SHOW COLUMNS FROM `think_evaluation` [ RunTime:0.0095s ]
SQL: SELECT * FROM `think_evaluation`  [ RunTime:0.0007s ]
INFO: [ view_parse ] --START--
INFO: [ template_filter ] --START--
INFO: Run Behavior\ContentReplaceBehavior [ RunTime:0.000428s ]
INFO: [ template_filter ] --END-- [ RunTime:0.000726s ]
INFO: Run Behavior\ParseTemplateBehavior [ RunTime:0.047446s ]
INFO: [ view_parse ] --END-- [ RunTime:0.047738s ]
INFO: [ view_filter ] --START--
INFO: Run Behavior\WriteHtmlCacheBehavior [ RunTime:0.001805s ]
INFO: [ view_filter ] --END-- [ RunTime:0.002044s ]
INFO: [ app_end ] --START--
INFO: Run Behavior\ShowPageTraceBehavior [ RunTime:0.003449s ]
INFO: [ app_end ] --END-- [ RunTime:0.003706s ]

[ 2017-05-25T18:38:25+08:00 ] ::1 /speed/Home/images/img.jpg
INFO: [ app_init ] --START--
INFO: Run Behavior\BuildLiteBehavior [ RunTime:0.000050s ]
INFO: [ app_init ] --END-- [ RunTime:0.001134s ]

[ 2017-05-25T18:38:40+08:00 ] ::1 /speed/Home/evaluate
INFO: [ app_init ] --START--
INFO: Run Behavior\BuildLiteBehavior [ RunTime:0.000054s ]
INFO: [ app_init ] --END-- [ RunTime:0.001309s ]
INFO: [ app_begin ] --START--
INFO: Run Behavior\ReadHtmlCacheBehavior [ RunTime:0.005073s ]
INFO: [ app_begin ] --END-- [ RunTime:0.005356s ]
NOTIC: [2] include(Home\Conf\config.php): failed to open stream: No such file or directory C:\wamp\www\speed\Application\Home\Controller\EvaluateController.class.php 第 4 行.
NOTIC: [2] include(): Failed opening 'Home\Conf\config.php' for inclusion (include_path='.;C:\php\pear') C:\wamp\www\speed\Application\Home\Controller\EvaluateController.class.php 第 4 行.
SQL: SHOW COLUMNS FROM `think_evaluation` [ RunTime:0.0086s ]
SQL: SELECT * FROM `think_evaluation`  [ RunTime:0.0017s ]
INFO: [ view_parse ] --START--
INFO: [ template_filter ] --START--
INFO: Run Behavior\ContentReplaceBehavior [ RunTime:0.000424s ]
INFO: [ template_filter ] --END-- [ RunTime:0.000737s ]
INFO: Run Behavior\ParseTemplateBehavior [ RunTime:0.044095s ]
INFO: [ view_parse ] --END-- [ RunTime:0.044414s ]
INFO: [ view_filter ] --START--
INFO: Run Behavior\WriteHtmlCacheBehavior [ RunTime:0.001435s ]
INFO: [ view_filter ] --END-- [ RunTime:0.001685s ]
INFO: [ app_end ] --START--
INFO: Run Behavior\ShowPageTraceBehavior [ RunTime:0.002295s ]
INFO: [ app_end ] --END-- [ RunTime:0.002535s ]

[ 2017-05-25T18:38:40+08:00 ] ::1 /speed/Home/images/img.jpg
INFO: [ app_init ] --START--
INFO: Run Behavior\BuildLiteBehavior [ RunTime:0.000078s ]
INFO: [ app_init ] --END-- [ RunTime:0.001490s ]

[ 2017-05-25T18:38:40+08:00 ] ::1 /speed/Home/images/img.jpg
INFO: [ app_init ] --START--
INFO: Run Behavior\BuildLiteBehavior [ RunTime:0.000050s ]
INFO: [ app_init ] --END-- [ RunTime:0.001095s ]

[ 2017-05-25T18:39:41+08:00 ] ::1 /speed/Home/evaluate
INFO: [ app_init ] --START--
INFO: Run Behavior\BuildLiteBehavior [ RunTime:0.000061s ]
INFO: [ app_init ] --END-- [ RunTime:0.001369s ]
INFO: [ app_begin ] --START--
INFO: Run Behavior\ReadHtmlCacheBehavior [ RunTime:0.005749s ]
INFO: [ app_begin ] --END-- [ RunTime:0.006094s ]
NOTIC: [2] include(Home\Conf\config.php): failed to open stream: No such file or directory C:\wamp\www\speed\Application\Home\Controller\EvaluateController.class.php 第 4 行.
NOTIC: [2] include(): Failed opening 'Home\Conf\config.php' for inclusion (include_path='.;C:\php\pear') C:\wamp\www\speed\Application\Home\Controller\EvaluateController.class.php 第 4 行.
SQL: SHOW COLUMNS FROM `think_evaluation` [ RunTime:0.0089s ]
SQL: SELECT * FROM `think_evaluation`  [ RunTime:0.0016s ]
INFO: [ view_parse ] --START--
INFO: [ template_filter ] --START--
INFO: Run Behavior\ContentReplaceBehavior [ RunTime:0.000423s ]
INFO: [ template_filter ] --END-- [ RunTime:0.000742s ]
INFO: Run Behavior\ParseTemplateBehavior [ RunTime:0.041553s ]
INFO: [ view_parse ] --END-- [ RunTime:0.041822s ]
INFO: [ view_filter ] --START--
INFO: Run Behavior\WriteHtmlCacheBehavior [ RunTime:0.000873s ]
INFO: [ view_filter ] --END-- [ RunTime:0.001123s ]
INFO: [ app_end ] --START--
INFO: Run Behavior\ShowPageTraceBehavior [ RunTime:0.001856s ]
INFO: [ app_end ] --END-- [ RunTime:0.002106s ]

[ 2017-05-25T18:39:41+08:00 ] ::1 /speed/Home/images/img.jpg
INFO: [ app_init ] --START--
INFO: Run Behavior\BuildLiteBehavior [ RunTime:0.000065s ]
INFO: [ app_init ] --END-- [ RunTime:0.001365s ]

[ 2017-05-25T18:40:19+08:00 ] ::1 /speed/Home/evaluate
INFO: [ app_init ] --START--
INFO: Run Behavior\BuildLiteBehavior [ RunTime:0.000059s ]
INFO: [ app_init ] --END-- [ RunTime:0.002660s ]
INFO: [ app_begin ] --START--
INFO: Run Behavior\ReadHtmlCacheBehavior [ RunTime:0.002632s ]
INFO: [ app_begin ] --END-- [ RunTime:0.002867s ]
NOTIC: [2] include(Home\Conf\config.php): failed to open stream: No such file or directory C:\wamp\www\speed\Application\Home\Controller\EvaluateController.class.php 第 4 行.
NOTIC: [2] include(): Failed opening 'Home\Conf\config.php' for inclusion (include_path='.;C:\php\pear') C:\wamp\www\speed\Application\Home\Controller\EvaluateController.class.php 第 4 行.
SQL: SHOW COLUMNS FROM `think_evaluation` [ RunTime:0.0085s ]
SQL: SELECT * FROM `think_evaluation`  [ RunTime:0.0007s ]
INFO: [ view_parse ] --START--
INFO: [ template_filter ] --START--
INFO: Run Behavior\ContentReplaceBehavior [ RunTime:0.000526s ]
INFO: [ template_filter ] --END-- [ RunTime:0.000832s ]
INFO: Run Behavior\ParseTemplateBehavior [ RunTime:0.052709s ]
INFO: [ view_parse ] --END-- [ RunTime:0.053014s ]
INFO: [ view_filter ] --START--
INFO: Run Behavior\WriteHtmlCacheBehavior [ RunTime:0.002247s ]
INFO: [ view_filter ] --END-- [ RunTime:0.002493s ]
INFO: [ app_end ] --START--
INFO: Run Behavior\ShowPageTraceBehavior [ RunTime:0.002775s ]
INFO: [ app_end ] --END-- [ RunTime:0.003033s ]

[ 2017-05-25T18:40:19+08:00 ] ::1 /speed/Home/images/img.jpg
INFO: [ app_init ] --START--
INFO: Run Behavior\BuildLiteBehavior [ RunTime:0.000083s ]
INFO: [ app_init ] --END-- [ RunTime:0.002456s ]

[ 2017-05-25T18:41:03+08:00 ] ::1 /speed/Home/evaluate
INFO: [ app_init ] --START--
INFO: Run Behavior\BuildLiteBehavior [ RunTime:0.000055s ]
INFO: [ app_init ] --END-- [ RunTime:0.001214s ]
INFO: [ app_begin ] --START--
INFO: Run Behavior\ReadHtmlCacheBehavior [ RunTime:0.005893s ]
INFO: [ app_begin ] --END-- [ RunTime:0.006204s ]
NOTIC: [2] include(Home\Conf\config.php): failed to open stream: No such file or directory C:\wamp\www\speed\Application\Home\Controller\EvaluateController.class.php 第 4 行.
NOTIC: [2] include(): Failed opening 'Home\Conf\config.php' for inclusion (include_path='.;C:\php\pear') C:\wamp\www\speed\Application\Home\Controller\EvaluateController.class.php 第 4 行.
SQL: SHOW COLUMNS FROM `think_evaluation` [ RunTime:0.0090s ]
SQL: SELECT * FROM `think_evaluation`  [ RunTime:0.0007s ]
INFO: [ view_parse ] --START--
INFO: [ template_filter ] --START--
INFO: Run Behavior\ContentReplaceBehavior [ RunTime:0.000466s ]
INFO: [ template_filter ] --END-- [ RunTime:0.000731s ]
INFO: Run Behavior\ParseTemplateBehavior [ RunTime:0.048066s ]
INFO: [ view_parse ] --END-- [ RunTime:0.048375s ]
INFO: [ view_filter ] --START--
INFO: Run Behavior\WriteHtmlCacheBehavior [ RunTime:0.002334s ]
INFO: [ view_filter ] --END-- [ RunTime:0.002779s ]
INFO: [ app_end ] --START--
INFO: Run Behavior\ShowPageTraceBehavior [ RunTime:0.002796s ]
INFO: [ app_end ] --END-- [ RunTime:0.003041s ]

[ 2017-05-25T18:41:03+08:00 ] ::1 /speed/Home/images/img.jpg
INFO: [ app_init ] --START--
INFO: Run Behavior\BuildLiteBehavior [ RunTime:0.000056s ]
INFO: [ app_init ] --END-- [ RunTime:0.001336s ]

[ 2017-05-25T18:41:04+08:00 ] ::1 /speed/Home/images/img.jpg
INFO: [ app_init ] --START--
INFO: Run Behavior\BuildLiteBehavior [ RunTime:0.000055s ]
INFO: [ app_init ] --END-- [ RunTime:0.001183s ]

[ 2017-05-25T18:43:11+08:00 ] ::1 /speed/Home/evaluate
INFO: [ app_init ] --START--
INFO: Run Behavior\BuildLiteBehavior [ RunTime:0.000055s ]
INFO: [ app_init ] --END-- [ RunTime:0.001837s ]
INFO: [ app_begin ] --START--
INFO: Run Behavior\ReadHtmlCacheBehavior [ RunTime:0.004686s ]
INFO: [ app_begin ] --END-- [ RunTime:0.004958s ]
NOTIC: [2] include(Home\Conf\config.php): failed to open stream: No such file or directory C:\wamp\www\speed\Application\Home\Controller\EvaluateController.class.php 第 4 行.
NOTIC: [2] include(): Failed opening 'Home\Conf\config.php' for inclusion (include_path='.;C:\php\pear') C:\wamp\www\speed\Application\Home\Controller\EvaluateController.class.php 第 4 行.
SQL: SHOW COLUMNS FROM `think_evaluation` [ RunTime:0.0148s ]
SQL: SELECT * FROM `think_evaluation`  [ RunTime:0.0008s ]
INFO: [ view_parse ] --START--
INFO: [ template_filter ] --START--
INFO: Run Behavior\ContentReplaceBehavior [ RunTime:0.000476s ]
INFO: [ template_filter ] --END-- [ RunTime:0.000769s ]
INFO: Run Behavior\ParseTemplateBehavior [ RunTime:0.045520s ]
INFO: [ view_parse ] --END-- [ RunTime:0.045794s ]
INFO: [ view_filter ] --START--
INFO: Run Behavior\WriteHtmlCacheBehavior [ RunTime:0.001240s ]
INFO: [ view_filter ] --END-- [ RunTime:0.001466s ]
INFO: [ app_end ] --START--
INFO: Run Behavior\ShowPageTraceBehavior [ RunTime:0.002029s ]
INFO: [ app_end ] --END-- [ RunTime:0.002259s ]

[ 2017-05-25T18:43:12+08:00 ] ::1 /speed/Home/images/img.jpg
INFO: [ app_init ] --START--
INFO: Run Behavior\BuildLiteBehavior [ RunTime:0.000051s ]
INFO: [ app_init ] --END-- [ RunTime:0.001158s ]

[ 2017-05-25T18:43:20+08:00 ] ::1 /speed/Home/evaluate
INFO: [ app_init ] --START--
INFO: Run Behavior\BuildLiteBehavior [ RunTime:0.000055s ]
INFO: [ app_init ] --END-- [ RunTime:0.001437s ]
INFO: [ app_begin ] --START--
INFO: Run Behavior\ReadHtmlCacheBehavior [ RunTime:0.002365s ]
INFO: [ app_begin ] --END-- [ RunTime:0.002625s ]
NOTIC: [2] include(Home\Conf\config.php): failed to open stream: No such file or directory C:\wamp\www\speed\Application\Home\Controller\EvaluateController.class.php 第 4 行.
NOTIC: [2] include(): Failed opening 'Home\Conf\config.php' for inclusion (include_path='.;C:\php\pear') C:\wamp\www\speed\Application\Home\Controller\EvaluateController.class.php 第 4 行.
SQL: SHOW COLUMNS FROM `think_evaluation` [ RunTime:0.0091s ]
SQL: SELECT * FROM `think_evaluation`  [ RunTime:0.0007s ]
INFO: [ view_parse ] --START--
INFO: [ template_filter ] --START--
INFO: Run Behavior\ContentReplaceBehavior [ RunTime:0.000419s ]
INFO: [ template_filter ] --END-- [ RunTime:0.000730s ]
INFO: Run Behavior\ParseTemplateBehavior [ RunTime:0.045651s ]
INFO: [ view_parse ] --END-- [ RunTime:0.046019s ]
INFO: [ view_filter ] --START--
INFO: Run Behavior\WriteHtmlCacheBehavior [ RunTime:0.002512s ]
INFO: [ view_filter ] --END-- [ RunTime:0.003710s ]
INFO: [ app_end ] --START--
INFO: Run Behavior\ShowPageTraceBehavior [ RunTime:0.004507s ]
INFO: [ app_end ] --END-- [ RunTime:0.004787s ]

[ 2017-05-25T18:43:21+08:00 ] ::1 /speed/Home/images/img.jpg
INFO: [ app_init ] --START--
INFO: Run Behavior\BuildLiteBehavior [ RunTime:0.000059s ]
INFO: [ app_init ] --END-- [ RunTime:0.002705s ]

[ 2017-05-25T18:43:21+08:00 ] ::1 /speed/Home/images/img.jpg
INFO: [ app_init ] --START--
INFO: Run Behavior\BuildLiteBehavior [ RunTime:0.000078s ]
INFO: [ app_init ] --END-- [ RunTime:0.002063s ]

[ 2017-05-25T19:05:15+08:00 ] ::1 /speed/Home/evaluate
INFO: [ app_init ] --START--
INFO: Run Behavior\BuildLiteBehavior [ RunTime:0.000061s ]
INFO: [ app_init ] --END-- [ RunTime:0.001430s ]
INFO: [ app_begin ] --START--
INFO: Run Behavior\ReadHtmlCacheBehavior [ RunTime:0.004592s ]
INFO: [ app_begin ] --END-- [ RunTime:0.004883s ]
NOTIC: [2] include(Home\Conf\config.php): failed to open stream: No such file or directory C:\wamp\www\speed\Application\Home\Controller\EvaluateController.class.php 第 4 行.
NOTIC: [2] include(): Failed opening 'Home\Conf\config.php' for inclusion (include_path='.;C:\php\pear') C:\wamp\www\speed\Application\Home\Controller\EvaluateController.class.php 第 4 行.
SQL: SHOW COLUMNS FROM `think_evaluation` [ RunTime:0.0093s ]
SQL: SELECT * FROM `think_evaluation`  [ RunTime:0.0008s ]
INFO: [ view_parse ] --START--
INFO: [ template_filter ] --START--
INFO: Run Behavior\ContentReplaceBehavior [ RunTime:0.000433s ]
INFO: [ template_filter ] --END-- [ RunTime:0.000770s ]
INFO: Run Behavior\ParseTemplateBehavior [ RunTime:0.052206s ]
INFO: [ view_parse ] --END-- [ RunTime:0.052571s ]
INFO: [ view_filter ] --START--
INFO: Run Behavior\WriteHtmlCacheBehavior [ RunTime:0.002797s ]
INFO: [ view_filter ] --END-- [ RunTime:0.003080s ]
INFO: [ app_end ] --START--
INFO: Run Behavior\ShowPageTraceBehavior [ RunTime:0.003269s ]
INFO: [ app_end ] --END-- [ RunTime:0.003536s ]

[ 2017-05-25T19:05:16+08:00 ] ::1 /speed/Home/images/img.jpg
INFO: [ app_init ] --START--
INFO: Run Behavior\BuildLiteBehavior [ RunTime:0.000077s ]
INFO: [ app_init ] --END-- [ RunTime:0.001766s ]

[ 2017-05-25T19:12:47+08:00 ] ::1 /speed/Home/evaluate
INFO: [ app_init ] --START--
INFO: Run Behavior\BuildLiteBehavior [ RunTime:0.000060s ]
INFO: [ app_init ] --END-- [ RunTime:0.001422s ]
INFO: [ app_begin ] --START--
INFO: Run Behavior\ReadHtmlCacheBehavior [ RunTime:0.002115s ]
INFO: [ app_begin ] --END-- [ RunTime:0.002395s ]
NOTIC: [2] include(Home\Conf\config.php): failed to open stream: No such file or directory C:\wamp\www\speed\Application\Home\Controller\EvaluateController.class.php 第 4 行.
NOTIC: [2] include(): Failed opening 'Home\Conf\config.php' for inclusion (include_path='.;C:\php\pear') C:\wamp\www\speed\Application\Home\Controller\EvaluateController.class.php 第 4 行.
SQL: SHOW COLUMNS FROM `think_evaluation` [ RunTime:0.0112s ]
SQL: SELECT * FROM `think_evaluation`  [ RunTime:0.0053s ]
INFO: [ view_parse ] --START--
INFO: [ template_filter ] --START--
INFO: Run Behavior\ContentReplaceBehavior [ RunTime:0.000534s ]
INFO: [ template_filter ] --END-- [ RunTime:0.001100s ]
INFO: Run Behavior\ParseTemplateBehavior [ RunTime:0.048703s ]
INFO: [ view_parse ] --END-- [ RunTime:0.048992s ]
INFO: [ view_filter ] --START--
INFO: Run Behavior\WriteHtmlCacheBehavior [ RunTime:0.001169s ]
INFO: [ view_filter ] --END-- [ RunTime:0.001395s ]
INFO: [ app_end ] --START--
INFO: Run Behavior\ShowPageTraceBehavior [ RunTime:0.002185s ]
INFO: [ app_end ] --END-- [ RunTime:0.002451s ]

[ 2017-05-25T19:12:47+08:00 ] ::1 /speed/Home/images/img.jpg
INFO: [ app_init ] --START--
INFO: Run Behavior\BuildLiteBehavior [ RunTime:0.000051s ]
INFO: [ app_init ] --END-- [ RunTime:0.001275s ]

[ 2017-05-25T19:13:00+08:00 ] ::1 /speed/index.php/Home/Evaluate/evaluateUpdatado
INFO: [ app_init ] --START--
INFO: Run Behavior\BuildLiteBehavior [ RunTime:0.000061s ]
INFO: [ app_init ] --END-- [ RunTime:0.001373s ]
INFO: [ app_begin ] --START--
INFO: Run Behavior\ReadHtmlCacheBehavior [ RunTime:0.002744s ]
INFO: [ app_begin ] --END-- [ RunTime:0.003033s ]
NOTIC: [2] include(Home\Conf\config.php): failed to open stream: No such file or directory C:\wamp\www\speed\Application\Home\Controller\EvaluateController.class.php 第 4 行.
NOTIC: [2] include(): Failed opening 'Home\Conf\config.php' for inclusion (include_path='.;C:\php\pear') C:\wamp\www\speed\Application\Home\Controller\EvaluateController.class.php 第 4 行.
ERR: 非法操作:evaluateUpdatado

[ 2017-05-25T19:13:28+08:00 ] ::1 /speed/Home/evaluate
INFO: [ app_init ] --START--
INFO: Run Behavior\BuildLiteBehavior [ RunTime:0.000058s ]
INFO: [ app_init ] --END-- [ RunTime:0.001369s ]
INFO: [ app_begin ] --START--
INFO: Run Behavior\ReadHtmlCacheBehavior [ RunTime:0.002525s ]
INFO: [ app_begin ] --END-- [ RunTime:0.002796s ]
NOTIC: [2] include(Home\Conf\config.php): failed to open stream: No such file or directory C:\wamp\www\speed\Application\Home\Controller\EvaluateController.class.php 第 4 行.
NOTIC: [2] include(): Failed opening 'Home\Conf\config.php' for inclusion (include_path='.;C:\php\pear') C:\wamp\www\speed\Application\Home\Controller\EvaluateController.class.php 第 4 行.
SQL: SHOW COLUMNS FROM `think_evaluation` [ RunTime:0.0090s ]
SQL: SELECT * FROM `think_evaluation`  [ RunTime:0.0007s ]
INFO: [ view_parse ] --START--
INFO: [ template_filter ] --START--
INFO: Run Behavior\ContentReplaceBehavior [ RunTime:0.000383s ]
INFO: [ template_filter ] --END-- [ RunTime:0.000640s ]
INFO: Run Behavior\ParseTemplateBehavior [ RunTime:0.040022s ]
INFO: [ view_parse ] --END-- [ RunTime:0.040281s ]
INFO: [ view_filter ] --START--
INFO: Run Behavior\WriteHtmlCacheBehavior [ RunTime:0.002577s ]
INFO: [ view_filter ] --END-- [ RunTime:0.002794s ]
INFO: [ app_end ] --START--
INFO: Run Behavior\ShowPageTraceBehavior [ RunTime:0.006744s ]
INFO: [ app_end ] --END-- [ RunTime:0.006961s ]

[ 2017-05-25T19:13:28+08:00 ] ::1 /speed/Home/images/img.jpg
INFO: [ app_init ] --START--
INFO: Run Behavior\BuildLiteBehavior [ RunTime:0.000083s ]
INFO: [ app_init ] --END-- [ RunTime:0.001880s ]

[ 2017-05-25T19:13:43+08:00 ] ::1 /speed/index.php/Home/Evaluate/evaluateUpdatado
INFO: [ app_init ] --START--
INFO: Run Behavior\BuildLiteBehavior [ RunTime:0.000082s ]
INFO: [ app_init ] --END-- [ RunTime:0.001403s ]
INFO: [ app_begin ] --START--
INFO: Run Behavior\ReadHtmlCacheBehavior [ RunTime:0.002146s ]
INFO: [ app_begin ] --END-- [ RunTime:0.002453s ]
NOTIC: [2] include(Home\Conf\config.php): failed to open stream: No such file or directory C:\wamp\www\speed\Application\Home\Controller\EvaluateController.class.php 第 4 行.
NOTIC: [2] include(): Failed opening 'Home\Conf\config.php' for inclusion (include_path='.;C:\php\pear') C:\wamp\www\speed\Application\Home\Controller\EvaluateController.class.php 第 4 行.
SQL: SHOW COLUMNS FROM `think_evaluation` [ RunTime:0.0149s ]
SQL: UPDATE `think_evaluation` SET `evaluation_content`='非常好',`delivery_speed`='5',`service_attitude`='5',`goods_state`='5' WHERE `evaluation_id` = 2 [ RunTime:0.1233s ]
INFO: [ app_end ] --START--
INFO: Run Behavior\ShowPageTraceBehavior [ RunTime:0.002267s ]
INFO: [ app_end ] --END-- [ RunTime:0.002526s ]

[ 2017-05-25T19:13:46+08:00 ] ::1 /speed/Home/evaluate
INFO: [ app_init ] --START--
INFO: Run Behavior\BuildLiteBehavior [ RunTime:0.000061s ]
INFO: [ app_init ] --END-- [ RunTime:0.001630s ]
INFO: [ app_begin ] --START--
INFO: Run Behavior\ReadHtmlCacheBehavior [ RunTime:0.001789s ]
INFO: [ app_begin ] --END-- [ RunTime:0.002062s ]
NOTIC: [2] include(Home\Conf\config.php): failed to open stream: No such file or directory C:\wamp\www\speed\Application\Home\Controller\EvaluateController.class.php 第 4 行.
NOTIC: [2] include(): Failed opening 'Home\Conf\config.php' for inclusion (include_path='.;C:\php\pear') C:\wamp\www\speed\Application\Home\Controller\EvaluateController.class.php 第 4 行.
SQL: SHOW COLUMNS FROM `think_evaluation` [ RunTime:0.0085s ]
SQL: SELECT * FROM `think_evaluation`  [ RunTime:0.0007s ]
INFO: [ view_parse ] --START--
INFO: [ template_filter ] --START--
INFO: Run Behavior\ContentReplaceBehavior [ RunTime:0.000442s ]
INFO: [ template_filter ] --END-- [ RunTime:0.000775s ]
INFO: Run Behavior\ParseTemplateBehavior [ RunTime:0.043913s ]
INFO: [ view_parse ] --END-- [ RunTime:0.044196s ]
INFO: [ view_filter ] --START--
INFO: Run Behavior\WriteHtmlCacheBehavior [ RunTime:0.001126s ]
INFO: [ view_filter ] --END-- [ RunTime:0.001352s ]
INFO: [ app_end ] --START--
INFO: Run Behavior\ShowPageTraceBehavior [ RunTime:0.001997s ]
INFO: [ app_end ] --END-- [ RunTime:0.002318s ]

[ 2017-05-25T19:13:46+08:00 ] ::1 /speed/Home/images/img.jpg
INFO: [ app_init ] --START--
INFO: Run Behavior\BuildLiteBehavior [ RunTime:0.000054s ]
INFO: [ app_init ] --END-- [ RunTime:0.001343s ]

[ 2017-05-25T19:27:48+08:00 ] ::1 /speed/Home/evaluate
INFO: [ app_init ] --START--
INFO: Run Behavior\BuildLiteBehavior [ RunTime:0.000059s ]
INFO: [ app_init ] --END-- [ RunTime:0.001415s ]
INFO: [ app_begin ] --START--
INFO: Run Behavior\ReadHtmlCacheBehavior [ RunTime:0.002534s ]
INFO: [ app_begin ] --END-- [ RunTime:0.002818s ]
NOTIC: [2] include(Home\Conf\config.php): failed to open stream: No such file or directory C:\wamp\www\speed\Application\Home\Controller\EvaluateController.class.php 第 4 行.
NOTIC: [2] include(): Failed opening 'Home\Conf\config.php' for inclusion (include_path='.;C:\php\pear') C:\wamp\www\speed\Application\Home\Controller\EvaluateController.class.php 第 4 行.
SQL: SHOW COLUMNS FROM `think_evaluation` [ RunTime:0.0096s ]
SQL: SELECT * FROM `think_evaluation`  [ RunTime:0.0008s ]
INFO: [ view_parse ] --START--
INFO: [ template_filter ] --START--
INFO: Run Behavior\ContentReplaceBehavior [ RunTime:0.000511s ]
INFO: [ template_filter ] --END-- [ RunTime:0.000822s ]
INFO: Run Behavior\ParseTemplateBehavior [ RunTime:0.051630s ]
INFO: [ view_parse ] --END-- [ RunTime:0.051972s ]
INFO: [ view_filter ] --START--
INFO: Run Behavior\WriteHtmlCacheBehavior [ RunTime:0.001483s ]
INFO: [ view_filter ] --END-- [ RunTime:0.001733s ]
INFO: [ app_end ] --START--
INFO: Run Behavior\ShowPageTraceBehavior [ RunTime:0.002229s ]
INFO: [ app_end ] --END-- [ RunTime:0.002457s ]

[ 2017-05-25T19:27:48+08:00 ] ::1 /speed/Home/images/img.jpg
INFO: [ app_init ] --START--
INFO: Run Behavior\BuildLiteBehavior [ RunTime:0.000054s ]
INFO: [ app_init ] --END-- [ RunTime:0.001155s ]

[ 2017-05-25T20:05:58+08:00 ] ::1 /speed/Home/address
INFO: [ app_init ] --START--
INFO: Run Behavior\BuildLiteBehavior [ RunTime:0.000052s ]
INFO: [ app_init ] --END-- [ RunTime:0.001165s ]
INFO: [ app_begin ] --START--
INFO: Run Behavior\ReadHtmlCacheBehavior [ RunTime:0.001684s ]
INFO: [ app_begin ] --END-- [ RunTime:0.001906s ]
NOTIC: [2] include(Home\Conf\config.php): failed to open stream: No such file or directory C:\wamp\www\speed\Application\Home\Controller\AddressController.class.php 第 4 行.
NOTIC: [2] include(): Failed opening 'Home\Conf\config.php' for inclusion (include_path='.;C:\php\pear') C:\wamp\www\speed\Application\Home\Controller\AddressController.class.php 第 4 行.
SQL: SHOW COLUMNS FROM `think_deliveryaddressinfo` [ RunTime:0.0056s ]
SQL: SELECT * FROM `think_deliveryaddressinfo`  [ RunTime:0.0004s ]
INFO: [ view_parse ] --START--
INFO: [ template_filter ] --START--
INFO: Run Behavior\ContentReplaceBehavior [ RunTime:0.000286s ]
INFO: [ template_filter ] --END-- [ RunTime:0.000491s ]
INFO: Run Behavior\ParseTemplateBehavior [ RunTime:0.028127s ]
INFO: [ view_parse ] --END-- [ RunTime:0.028326s ]
INFO: [ view_filter ] --START--
INFO: Run Behavior\WriteHtmlCacheBehavior [ RunTime:0.000714s ]
INFO: [ view_filter ] --END-- [ RunTime:0.000876s ]
INFO: [ app_end ] --START--
INFO: Run Behavior\ShowPageTraceBehavior [ RunTime:0.001304s ]
INFO: [ app_end ] --END-- [ RunTime:0.001472s ]

[ 2017-05-25T20:05:58+08:00 ] ::1 /speed/Home/images/img.jpg
INFO: [ app_init ] --START--
INFO: Run Behavior\BuildLiteBehavior [ RunTime:0.000044s ]
INFO: [ app_init ] --END-- [ RunTime:0.000778s ]

[ 2017-05-25T20:09:24+08:00 ] ::1 /speed/Home/address
INFO: [ app_init ] --START--
INFO: Run Behavior\BuildLiteBehavior [ RunTime:0.000056s ]
INFO: [ app_init ] --END-- [ RunTime:0.001263s ]
INFO: [ app_begin ] --START--
INFO: Run Behavior\ReadHtmlCacheBehavior [ RunTime:0.002352s ]
INFO: [ app_begin ] --END-- [ RunTime:0.002590s ]
NOTIC: [2] include(Home\Conf\config.php): failed to open stream: No such file or directory C:\wamp\www\speed\Application\Home\Controller\AddressController.class.php 第 4 行.
NOTIC: [2] include(): Failed opening 'Home\Conf\config.php' for inclusion (include_path='.;C:\php\pear') C:\wamp\www\speed\Application\Home\Controller\AddressController.class.php 第 4 行.
SQL: SHOW COLUMNS FROM `think_deliveryaddressinfo` [ RunTime:0.0084s ]
SQL: SELECT * FROM `think_deliveryaddressinfo`  [ RunTime:0.0006s ]
INFO: [ view_parse ] --START--
INFO: [ template_filter ] --START--
INFO: Run Behavior\ContentReplaceBehavior [ RunTime:0.000435s ]
INFO: [ template_filter ] --END-- [ RunTime:0.000742s ]
INFO: Run Behavior\ParseTemplateBehavior [ RunTime:0.049441s ]
INFO: [ view_parse ] --END-- [ RunTime:0.049733s ]
INFO: [ view_filter ] --START--
INFO: Run Behavior\WriteHtmlCacheBehavior [ RunTime:0.005288s ]
INFO: [ view_filter ] --END-- [ RunTime:0.005555s ]
INFO: [ app_end ] --START--
INFO: Run Behavior\ShowPageTraceBehavior [ RunTime:0.002083s ]
INFO: [ app_end ] --END-- [ RunTime:0.002338s ]

[ 2017-05-25T20:09:24+08:00 ] ::1 /speed/Home/images/img.jpg
INFO: [ app_init ] --START--
INFO: Run Behavior\BuildLiteBehavior [ RunTime:0.000056s ]
INFO: [ app_init ] --END-- [ RunTime:0.001201s ]

[ 2017-05-25T20:15:06+08:00 ] ::1 /speed/Home/index
INFO: [ app_init ] --START--
INFO: Run Behavior\BuildLiteBehavior [ RunTime:0.000061s ]
INFO: [ app_init ] --END-- [ RunTime:0.001347s ]
INFO: [ app_begin ] --START--
INFO: Run Behavior\ReadHtmlCacheBehavior [ RunTime:0.002115s ]
INFO: [ app_begin ] --END-- [ RunTime:0.002391s ]
SQL: SHOW COLUMNS FROM `think_userinfo` [ RunTime:0.0100s ]
SQL: SELECT * FROM `think_userinfo`  [ RunTime:0.0008s ]
INFO: [ view_parse ] --START--
INFO: [ template_filter ] --START--
INFO: Run Behavior\ContentReplaceBehavior [ RunTime:0.000479s ]
INFO: [ template_filter ] --END-- [ RunTime:0.000763s ]
INFO: Run Behavior\ParseTemplateBehavior [ RunTime:0.046286s ]
INFO: [ view_parse ] --END-- [ RunTime:0.046554s ]
INFO: [ view_filter ] --START--
INFO: Run Behavior\WriteHtmlCacheBehavior [ RunTime:0.001097s ]
INFO: [ view_filter ] --END-- [ RunTime:0.001311s ]
INFO: [ app_end ] --START--
INFO: Run Behavior\ShowPageTraceBehavior [ RunTime:0.001973s ]
INFO: [ app_end ] --END-- [ RunTime:0.002201s ]

[ 2017-05-25T20:15:06+08:00 ] ::1 /speed/Home/images/img.jpg
INFO: [ app_init ] --START--
INFO: Run Behavior\BuildLiteBehavior [ RunTime:0.000053s ]
INFO: [ app_init ] --END-- [ RunTime:0.001067s ]

[ 2017-05-25T20:15:11+08:00 ] ::1 /speed/Home/address
INFO: [ app_init ] --START--
INFO: Run Behavior\BuildLiteBehavior [ RunTime:0.000061s ]
INFO: [ app_init ] --END-- [ RunTime:0.001228s ]
INFO: [ app_begin ] --START--
INFO: Run Behavior\ReadHtmlCacheBehavior [ RunTime:0.001767s ]
INFO: [ app_begin ] --END-- [ RunTime:0.002031s ]
NOTIC: [2] include(Home\Conf\config.php): failed to open stream: No such file or directory C:\wamp\www\speed\Application\Home\Controller\AddressController.class.php 第 4 行.
NOTIC: [2] include(): Failed opening 'Home\Conf\config.php' for inclusion (include_path='.;C:\php\pear') C:\wamp\www\speed\Application\Home\Controller\AddressController.class.php 第 4 行.
SQL: SHOW COLUMNS FROM `think_deliveryaddressinfo` [ RunTime:0.0079s ]
SQL: SELECT * FROM `think_deliveryaddressinfo`  [ RunTime:0.0006s ]
INFO: [ view_parse ] --START--
INFO: [ template_filter ] --START--
INFO: Run Behavior\ContentReplaceBehavior [ RunTime:0.000425s ]
INFO: [ template_filter ] --END-- [ RunTime:0.000701s ]
INFO: Run Behavior\ParseTemplateBehavior [ RunTime:0.040768s ]
INFO: [ view_parse ] --END-- [ RunTime:0.041038s ]
INFO: [ view_filter ] --START--
INFO: Run Behavior\WriteHtmlCacheBehavior [ RunTime:0.000844s ]
INFO: [ view_filter ] --END-- [ RunTime:0.001065s ]
INFO: [ app_end ] --START--
INFO: Run Behavior\ShowPageTraceBehavior [ RunTime:0.001744s ]
INFO: [ app_end ] --END-- [ RunTime:0.001975s ]

[ 2017-05-25T20:15:11+08:00 ] ::1 /speed/Home/images/img.jpg
INFO: [ app_init ] --START--
INFO: Run Behavior\BuildLiteBehavior [ RunTime:0.000053s ]
INFO: [ app_init ] --END-- [ RunTime:0.001052s ]

[ 2017-05-25T20:16:01+08:00 ] ::1 /speed/Home/goods
INFO: [ app_init ] --START--
INFO: Run Behavior\BuildLiteBehavior [ RunTime:0.000062s ]
INFO: [ app_init ] --END-- [ RunTime:0.001825s ]
INFO: [ app_begin ] --START--
INFO: Run Behavior\ReadHtmlCacheBehavior [ RunTime:0.006917s ]
INFO: [ app_begin ] --END-- [ RunTime:0.007198s ]
NOTIC: [2] include(Home\Conf\config.php): failed to open stream: No such file or directory C:\wamp\www\speed\Application\Home\Controller\GoodsController.class.php 第 4 行.
NOTIC: [2] include(): Failed opening 'Home\Conf\config.php' for inclusion (include_path='.;C:\php\pear') C:\wamp\www\speed\Application\Home\Controller\GoodsController.class.php 第 4 行.
SQL: SHOW COLUMNS FROM `think_goodsdescribe` [ RunTime:0.0084s ]
SQL: SELECT * FROM `think_goodsdescribe`  [ RunTime:0.0030s ]
INFO: [ view_parse ] --START--
INFO: [ template_filter ] --START--
INFO: Run Behavior\ContentReplaceBehavior [ RunTime:0.000403s ]
INFO: [ template_filter ] --END-- [ RunTime:0.000680s ]
INFO: Run Behavior\ParseTemplateBehavior [ RunTime:0.054792s ]
INFO: [ view_parse ] --END-- [ RunTime:0.055096s ]
INFO: [ view_filter ] --START--
INFO: Run Behavior\WriteHtmlCacheBehavior [ RunTime:0.003100s ]
INFO: [ view_filter ] --END-- [ RunTime:0.003352s ]
INFO: [ app_end ] --START--
INFO: Run Behavior\ShowPageTraceBehavior [ RunTime:0.003941s ]
INFO: [ app_end ] --END-- [ RunTime:0.004193s ]

[ 2017-05-25T20:16:01+08:00 ] ::1 /speed/Home/images/img.jpg
INFO: [ app_init ] --START--
INFO: Run Behavior\BuildLiteBehavior [ RunTime:0.000051s ]
INFO: [ app_init ] --END-- [ RunTime:0.001494s ]

[ 2017-05-25T20:17:34+08:00 ] ::1 /speed/Home/address
INFO: [ app_init ] --START--
INFO: Run Behavior\BuildLiteBehavior [ RunTime:0.000063s ]
INFO: [ app_init ] --END-- [ RunTime:0.001584s ]
INFO: [ app_begin ] --START--
INFO: Run Behavior\ReadHtmlCacheBehavior [ RunTime:0.003819s ]
INFO: [ app_begin ] --END-- [ RunTime:0.004133s ]
NOTIC: [2] include(Home\Conf\config.php): failed to open stream: No such file or directory C:\wamp\www\speed\Application\Home\Controller\AddressController.class.php 第 4 行.
NOTIC: [2] include(): Failed opening 'Home\Conf\config.php' for inclusion (include_path='.;C:\php\pear') C:\wamp\www\speed\Application\Home\Controller\AddressController.class.php 第 4 行.
SQL: SHOW COLUMNS FROM `think_deliveryaddressinfo` [ RunTime:0.0079s ]
SQL: SELECT * FROM `think_deliveryaddressinfo`  [ RunTime:0.0009s ]
INFO: [ view_parse ] --START--
INFO: [ template_filter ] --START--
INFO: Run Behavior\ContentReplaceBehavior [ RunTime:0.000420s ]
INFO: [ template_filter ] --END-- [ RunTime:0.000675s ]
NOTIC: [8] Undefined index: delivery_streetNO C:\wamp\www\speed\Application\Runtime\Cache\Home\929ce7e01bdc2735067bc2761c003306.php 第 370 行.
INFO: Run Behavior\ParseTemplateBehavior [ RunTime:0.051576s ]
INFO: [ view_parse ] --END-- [ RunTime:0.051835s ]
INFO: [ view_filter ] --START--
INFO: Run Behavior\WriteHtmlCacheBehavior [ RunTime:0.001711s ]
INFO: [ view_filter ] --END-- [ RunTime:0.001933s ]
INFO: [ app_end ] --START--
INFO: Run Behavior\ShowPageTraceBehavior [ RunTime:0.002556s ]
INFO: [ app_end ] --END-- [ RunTime:0.002792s ]

[ 2017-05-25T20:17:34+08:00 ] ::1 /speed/Home/images/img.jpg
INFO: [ app_init ] --START--
INFO: Run Behavior\BuildLiteBehavior [ RunTime:0.000061s ]
INFO: [ app_init ] --END-- [ RunTime:0.001340s ]

[ 2017-05-25T20:19:16+08:00 ] ::1 /speed/Home/address
INFO: [ app_init ] --START--
INFO: Run Behavior\BuildLiteBehavior [ RunTime:0.000061s ]
INFO: [ app_init ] --END-- [ RunTime:0.001353s ]
INFO: [ app_begin ] --START--
INFO: Run Behavior\ReadHtmlCacheBehavior [ RunTime:0.002665s ]
INFO: [ app_begin ] --END-- [ RunTime:0.002968s ]
NOTIC: [2] include(Home\Conf\config.php): failed to open stream: No such file or directory C:\wamp\www\speed\Application\Home\Controller\AddressController.class.php 第 4 行.
NOTIC: [2] include(): Failed opening 'Home\Conf\config.php' for inclusion (include_path='.;C:\php\pear') C:\wamp\www\speed\Application\Home\Controller\AddressController.class.php 第 4 行.
SQL: SHOW COLUMNS FROM `think_deliveryaddressinfo` [ RunTime:0.0084s ]
SQL: SELECT * FROM `think_deliveryaddressinfo`  [ RunTime:0.0007s ]
INFO: [ view_parse ] --START--
INFO: [ template_filter ] --START--
INFO: Run Behavior\ContentReplaceBehavior [ RunTime:0.000413s ]
INFO: [ template_filter ] --END-- [ RunTime:0.000667s ]
INFO: Run Behavior\ParseTemplateBehavior [ RunTime:0.041783s ]
INFO: [ view_parse ] --END-- [ RunTime:0.042037s ]
INFO: [ view_filter ] --START--
INFO: Run Behavior\WriteHtmlCacheBehavior [ RunTime:0.001731s ]
INFO: [ view_filter ] --END-- [ RunTime:0.001954s ]
INFO: [ app_end ] --START--
INFO: Run Behavior\ShowPageTraceBehavior [ RunTime:0.002745s ]
INFO: [ app_end ] --END-- [ RunTime:0.002989s ]

[ 2017-05-25T20:19:17+08:00 ] ::1 /speed/Home/images/img.jpg
INFO: [ app_init ] --START--
INFO: Run Behavior\BuildLiteBehavior [ RunTime:0.000099s ]
INFO: [ app_init ] --END-- [ RunTime:0.007687s ]

[ 2017-05-25T20:33:01+08:00 ] ::1 /speed/Home/address
INFO: [ app_init ] --START--
INFO: Run Behavior\BuildLiteBehavior [ RunTime:0.000061s ]
INFO: [ app_init ] --END-- [ RunTime:0.001491s ]
INFO: [ app_begin ] --START--
INFO: Run Behavior\ReadHtmlCacheBehavior [ RunTime:0.002666s ]
INFO: [ app_begin ] --END-- [ RunTime:0.002945s ]
NOTIC: [2] include(Home\Conf\config.php): failed to open stream: No such file or directory C:\wamp\www\speed\Application\Home\Controller\AddressController.class.php 第 4 行.
NOTIC: [2] include(): Failed opening 'Home\Conf\config.php' for inclusion (include_path='.;C:\php\pear') C:\wamp\www\speed\Application\Home\Controller\AddressController.class.php 第 4 行.
SQL: SHOW COLUMNS FROM `think_deliveryaddressinfo` [ RunTime:0.0087s ]
SQL: SELECT * FROM `think_deliveryaddressinfo`  [ RunTime:0.0007s ]
INFO: [ view_parse ] --START--
INFO: [ template_filter ] --START--
INFO: Run Behavior\ContentReplaceBehavior [ RunTime:0.000820s ]
INFO: [ template_filter ] --END-- [ RunTime:0.001096s ]
INFO: Run Behavior\ParseTemplateBehavior [ RunTime:0.043403s ]
INFO: [ view_parse ] --END-- [ RunTime:0.043670s ]
INFO: [ view_filter ] --START--
INFO: Run Behavior\WriteHtmlCacheBehavior [ RunTime:0.001651s ]
INFO: [ view_filter ] --END-- [ RunTime:0.001873s ]
INFO: [ app_end ] --START--
INFO: Run Behavior\ShowPageTraceBehavior [ RunTime:0.003321s ]
INFO: [ app_end ] --END-- [ RunTime:0.003580s ]

[ 2017-05-25T20:33:02+08:00 ] ::1 /speed/Home/images/img.jpg
INFO: [ app_init ] --START--
INFO: Run Behavior\BuildLiteBehavior [ RunTime:0.000060s ]
INFO: [ app_init ] --END-- [ RunTime:0.003883s ]

[ 2017-05-25T20:33:18+08:00 ] ::1 /speed/Home/address
INFO: [ app_init ] --START--
INFO: Run Behavior\BuildLiteBehavior [ RunTime:0.000060s ]
INFO: [ app_init ] --END-- [ RunTime:0.001098s ]
INFO: [ app_begin ] --START--
INFO: Run Behavior\ReadHtmlCacheBehavior [ RunTime:0.002031s ]
INFO: [ app_begin ] --END-- [ RunTime:0.002248s ]
NOTIC: [2] include(Home\Conf\config.php): failed to open stream: No such file or directory C:\wamp\www\speed\Application\Home\Controller\AddressController.class.php 第 4 行.
NOTIC: [2] include(): Failed opening 'Home\Conf\config.php' for inclusion (include_path='.;C:\php\pear') C:\wamp\www\speed\Application\Home\Controller\AddressController.class.php 第 4 行.
SQL: SHOW COLUMNS FROM `think_deliveryaddressinfo` [ RunTime:0.0081s ]
SQL: SELECT * FROM `think_deliveryaddressinfo`  [ RunTime:0.0007s ]
INFO: [ view_parse ] --START--
INFO: [ template_filter ] --START--
INFO: Run Behavior\ContentReplaceBehavior [ RunTime:0.000904s ]
INFO: [ template_filter ] --END-- [ RunTime:0.001197s ]
INFO: Run Behavior\ParseTemplateBehavior [ RunTime:0.043667s ]
INFO: [ view_parse ] --END-- [ RunTime:0.043950s ]
INFO: [ view_filter ] --START--
INFO: Run Behavior\WriteHtmlCacheBehavior [ RunTime:0.001604s ]
INFO: [ view_filter ] --END-- [ RunTime:0.001845s ]
INFO: [ app_end ] --START--
INFO: Run Behavior\ShowPageTraceBehavior [ RunTime:0.004679s ]
INFO: [ app_end ] --END-- [ RunTime:0.004955s ]

[ 2017-05-25T20:33:18+08:00 ] ::1 /speed/Home/images/img.jpg
INFO: [ app_init ] --START--
INFO: Run Behavior\BuildLiteBehavior [ RunTime:0.000058s ]
INFO: [ app_init ] --END-- [ RunTime:0.004100s ]

[ 2017-05-25T20:35:53+08:00 ] ::1 /speed/Home/address
INFO: [ app_init ] --START--
INFO: Run Behavior\BuildLiteBehavior [ RunTime:0.000053s ]
INFO: [ app_init ] --END-- [ RunTime:0.001269s ]
INFO: [ app_begin ] --START--
INFO: Run Behavior\ReadHtmlCacheBehavior [ RunTime:0.002259s ]
INFO: [ app_begin ] --END-- [ RunTime:0.002487s ]
NOTIC: [2] include(Home\Conf\config.php): failed to open stream: No such file or directory C:\wamp\www\speed\Application\Home\Controller\AddressController.class.php 第 4 行.
NOTIC: [2] include(): Failed opening 'Home\Conf\config.php' for inclusion (include_path='.;C:\php\pear') C:\wamp\www\speed\Application\Home\Controller\AddressController.class.php 第 4 行.
SQL: SHOW COLUMNS FROM `think_deliveryaddressinfo` [ RunTime:0.0093s ]
SQL: SELECT * FROM `think_deliveryaddressinfo`  [ RunTime:0.0009s ]
INFO: [ view_parse ] --START--
INFO: [ template_filter ] --START--
INFO: Run Behavior\ContentReplaceBehavior [ RunTime:0.000408s ]
INFO: [ template_filter ] --END-- [ RunTime:0.000694s ]
INFO: Run Behavior\ParseTemplateBehavior [ RunTime:0.043662s ]
INFO: [ view_parse ] --END-- [ RunTime:0.043934s ]
INFO: [ view_filter ] --START--
INFO: Run Behavior\WriteHtmlCacheBehavior [ RunTime:0.002368s ]
INFO: [ view_filter ] --END-- [ RunTime:0.002611s ]
INFO: [ app_end ] --START--
INFO: Run Behavior\ShowPageTraceBehavior [ RunTime:0.002639s ]
INFO: [ app_end ] --END-- [ RunTime:0.002878s ]

[ 2017-05-25T20:35:53+08:00 ] ::1 /speed/Home/images/img.jpg
INFO: [ app_init ] --START--
INFO: Run Behavior\BuildLiteBehavior [ RunTime:0.000049s ]
INFO: [ app_init ] --END-- [ RunTime:0.001193s ]

[ 2017-05-25T20:36:03+08:00 ] ::1 /speed/Home/address
INFO: [ app_init ] --START--
INFO: Run Behavior\BuildLiteBehavior [ RunTime:0.000055s ]
INFO: [ app_init ] --END-- [ RunTime:0.001293s ]
INFO: [ app_begin ] --START--
INFO: Run Behavior\ReadHtmlCacheBehavior [ RunTime:0.006126s ]
INFO: [ app_begin ] --END-- [ RunTime:0.006367s ]
NOTIC: [2] include(Home\Conf\config.php): failed to open stream: No such file or directory C:\wamp\www\speed\Application\Home\Controller\AddressController.class.php 第 4 行.
NOTIC: [2] include(): Failed opening 'Home\Conf\config.php' for inclusion (include_path='.;C:\php\pear') C:\wamp\www\speed\Application\Home\Controller\AddressController.class.php 第 4 行.
SQL: SHOW COLUMNS FROM `think_deliveryaddressinfo` [ RunTime:0.0073s ]
SQL: SELECT * FROM `think_deliveryaddressinfo`  [ RunTime:0.0006s ]
INFO: [ view_parse ] --START--
INFO: [ template_filter ] --START--
INFO: Run Behavior\ContentReplaceBehavior [ RunTime:0.000345s ]
INFO: [ template_filter ] --END-- [ RunTime:0.000568s ]
INFO: Run Behavior\ParseTemplateBehavior [ RunTime:0.038984s ]
INFO: [ view_parse ] --END-- [ RunTime:0.039230s ]
INFO: [ view_filter ] --START--
INFO: Run Behavior\WriteHtmlCacheBehavior [ RunTime:0.001599s ]
INFO: [ view_filter ] --END-- [ RunTime:0.001805s ]
INFO: [ app_end ] --START--
INFO: Run Behavior\ShowPageTraceBehavior [ RunTime:0.002303s ]
INFO: [ app_end ] --END-- [ RunTime:0.002507s ]

[ 2017-05-25T20:36:04+08:00 ] ::1 /speed/Home/images/img.jpg
INFO: [ app_init ] --START--
INFO: Run Behavior\BuildLiteBehavior [ RunTime:0.000052s ]
INFO: [ app_init ] --END-- [ RunTime:0.001235s ]

[ 2017-05-25T20:38:09+08:00 ] ::1 /speed/Home/address
INFO: [ app_init ] --START--
INFO: Run Behavior\BuildLiteBehavior [ RunTime:0.000049s ]
INFO: [ app_init ] --END-- [ RunTime:0.001108s ]
INFO: [ app_begin ] --START--
INFO: Run Behavior\ReadHtmlCacheBehavior [ RunTime:0.002468s ]
INFO: [ app_begin ] --END-- [ RunTime:0.002694s ]
NOTIC: [2] include(Home\Conf\config.php): failed to open stream: No such file or directory C:\wamp\www\speed\Application\Home\Controller\AddressController.class.php 第 4 行.
NOTIC: [2] include(): Failed opening 'Home\Conf\config.php' for inclusion (include_path='.;C:\php\pear') C:\wamp\www\speed\Application\Home\Controller\AddressController.class.php 第 4 行.
SQL: SHOW COLUMNS FROM `think_deliveryaddressinfo` [ RunTime:0.0084s ]
SQL: SELECT * FROM `think_deliveryaddressinfo`  [ RunTime:0.0011s ]
INFO: [ view_parse ] --START--
INFO: [ template_filter ] --START--
INFO: Run Behavior\ContentReplaceBehavior [ RunTime:0.000417s ]
INFO: [ template_filter ] --END-- [ RunTime:0.000715s ]
INFO: Run Behavior\ParseTemplateBehavior [ RunTime:0.044183s ]
INFO: [ view_parse ] --END-- [ RunTime:0.044477s ]
INFO: [ view_filter ] --START--
INFO: Run Behavior\WriteHtmlCacheBehavior [ RunTime:0.001688s ]
INFO: [ view_filter ] --END-- [ RunTime:0.002056s ]
INFO: [ app_end ] --START--
INFO: Run Behavior\ShowPageTraceBehavior [ RunTime:0.002647s ]
INFO: [ app_end ] --END-- [ RunTime:0.002900s ]

[ 2017-05-25T20:38:10+08:00 ] ::1 /speed/Home/images/img.jpg
INFO: [ app_init ] --START--
INFO: Run Behavior\BuildLiteBehavior [ RunTime:0.000078s ]
INFO: [ app_init ] --END-- [ RunTime:0.002353s ]

[ 2017-05-25T20:39:17+08:00 ] ::1 /speed/Home/goods
INFO: [ app_init ] --START--
INFO: Run Behavior\BuildLiteBehavior [ RunTime:0.000060s ]
INFO: [ app_init ] --END-- [ RunTime:0.001459s ]
INFO: [ app_begin ] --START--
INFO: Run Behavior\ReadHtmlCacheBehavior [ RunTime:0.002418s ]
INFO: [ app_begin ] --END-- [ RunTime:0.002702s ]
NOTIC: [2] include(Home\Conf\config.php): failed to open stream: No such file or directory C:\wamp\www\speed\Application\Home\Controller\GoodsController.class.php 第 4 行.
NOTIC: [2] include(): Failed opening 'Home\Conf\config.php' for inclusion (include_path='.;C:\php\pear') C:\wamp\www\speed\Application\Home\Controller\GoodsController.class.php 第 4 行.
SQL: SHOW COLUMNS FROM `think_goodsdescribe` [ RunTime:0.0098s ]
SQL: SELECT * FROM `think_goodsdescribe`  [ RunTime:0.0009s ]
INFO: [ view_parse ] --START--
INFO: [ template_filter ] --START--
INFO: Run Behavior\ContentReplaceBehavior [ RunTime:0.000386s ]
INFO: [ template_filter ] --END-- [ RunTime:0.000650s ]
INFO: Run Behavior\ParseTemplateBehavior [ RunTime:0.043555s ]
INFO: [ view_parse ] --END-- [ RunTime:0.043841s ]
INFO: [ view_filter ] --START--
INFO: Run Behavior\WriteHtmlCacheBehavior [ RunTime:0.001258s ]
INFO: [ view_filter ] --END-- [ RunTime:0.001459s ]
INFO: [ app_end ] --START--
INFO: Run Behavior\ShowPageTraceBehavior [ RunTime:0.003656s ]
INFO: [ app_end ] --END-- [ RunTime:0.003888s ]

[ 2017-05-25T20:39:18+08:00 ] ::1 /speed/Home/images/img.jpg
INFO: [ app_init ] --START--
INFO: Run Behavior\BuildLiteBehavior [ RunTime:0.000097s ]
INFO: [ app_init ] --END-- [ RunTime:0.001637s ]

[ 2017-05-25T20:39:20+08:00 ] ::1 /speed/Home/address
INFO: [ app_init ] --START--
INFO: Run Behavior\BuildLiteBehavior [ RunTime:0.000062s ]
INFO: [ app_init ] --END-- [ RunTime:0.001384s ]
INFO: [ app_begin ] --START--
INFO: Run Behavior\ReadHtmlCacheBehavior [ RunTime:0.004299s ]
INFO: [ app_begin ] --END-- [ RunTime:0.004602s ]
NOTIC: [2] include(Home\Conf\config.php): failed to open stream: No such file or directory C:\wamp\www\speed\Application\Home\Controller\AddressController.class.php 第 4 行.
NOTIC: [2] include(): Failed opening 'Home\Conf\config.php' for inclusion (include_path='.;C:\php\pear') C:\wamp\www\speed\Application\Home\Controller\AddressController.class.php 第 4 行.
SQL: SHOW COLUMNS FROM `think_deliveryaddressinfo` [ RunTime:0.0084s ]
SQL: SELECT * FROM `think_deliveryaddressinfo`  [ RunTime:0.0006s ]
INFO: [ view_parse ] --START--
INFO: [ template_filter ] --START--
INFO: Run Behavior\ContentReplaceBehavior [ RunTime:0.000412s ]
INFO: [ template_filter ] --END-- [ RunTime:0.000841s ]
INFO: Run Behavior\ParseTemplateBehavior [ RunTime:0.042338s ]
INFO: [ view_parse ] --END-- [ RunTime:0.042595s ]
INFO: [ view_filter ] --START--
INFO: Run Behavior\WriteHtmlCacheBehavior [ RunTime:0.001198s ]
INFO: [ view_filter ] --END-- [ RunTime:0.001497s ]
INFO: [ app_end ] --START--
INFO: Run Behavior\ShowPageTraceBehavior [ RunTime:0.007458s ]
INFO: [ app_end ] --END-- [ RunTime:0.007720s ]

[ 2017-05-25T20:39:20+08:00 ] ::1 /speed/Home/images/img.jpg
INFO: [ app_init ] --START--
INFO: Run Behavior\BuildLiteBehavior [ RunTime:0.000053s ]
INFO: [ app_init ] --END-- [ RunTime:0.001210s ]

[ 2017-05-25T20:39:31+08:00 ] ::1 /speed/Home/address
INFO: [ app_init ] --START--
INFO: Run Behavior\BuildLiteBehavior [ RunTime:0.000055s ]
INFO: [ app_init ] --END-- [ RunTime:0.001268s ]
INFO: [ app_begin ] --START--
INFO: Run Behavior\ReadHtmlCacheBehavior [ RunTime:0.002064s ]
INFO: [ app_begin ] --END-- [ RunTime:0.002316s ]
NOTIC: [2] include(Home\Conf\config.php): failed to open stream: No such file or directory C:\wamp\www\speed\Application\Home\Controller\AddressController.class.php 第 4 行.
NOTIC: [2] include(): Failed opening 'Home\Conf\config.php' for inclusion (include_path='.;C:\php\pear') C:\wamp\www\speed\Application\Home\Controller\AddressController.class.php 第 4 行.
SQL: SHOW COLUMNS FROM `think_deliveryaddressinfo` [ RunTime:0.0080s ]
SQL: SELECT * FROM `think_deliveryaddressinfo`  [ RunTime:0.0007s ]
INFO: [ view_parse ] --START--
INFO: [ template_filter ] --START--
INFO: Run Behavior\ContentReplaceBehavior [ RunTime:0.000424s ]
INFO: [ template_filter ] --END-- [ RunTime:0.000747s ]
INFO: Run Behavior\ParseTemplateBehavior [ RunTime:0.047351s ]
INFO: [ view_parse ] --END-- [ RunTime:0.047640s ]
INFO: [ view_filter ] --START--
INFO: Run Behavior\WriteHtmlCacheBehavior [ RunTime:0.001689s ]
INFO: [ view_filter ] --END-- [ RunTime:0.001953s ]
INFO: [ app_end ] --START--
INFO: Run Behavior\ShowPageTraceBehavior [ RunTime:0.002267s ]
INFO: [ app_end ] --END-- [ RunTime:0.002530s ]

[ 2017-05-25T20:39:31+08:00 ] ::1 /speed/Home/images/img.jpg
INFO: [ app_init ] --START--
INFO: Run Behavior\BuildLiteBehavior [ RunTime:0.000078s ]
INFO: [ app_init ] --END-- [ RunTime:0.001710s ]

[ 2017-05-25T20:40:42+08:00 ] ::1 /speed/Home/address
INFO: [ app_init ] --START--
INFO: Run Behavior\BuildLiteBehavior [ RunTime:0.000058s ]
INFO: [ app_init ] --END-- [ RunTime:0.001342s ]
INFO: [ app_begin ] --START--
INFO: Run Behavior\ReadHtmlCacheBehavior [ RunTime:0.002468s ]
INFO: [ app_begin ] --END-- [ RunTime:0.002795s ]
NOTIC: [2] include(Home\Conf\config.php): failed to open stream: No such file or directory C:\wamp\www\speed\Application\Home\Controller\AddressController.class.php 第 4 行.
NOTIC: [2] include(): Failed opening 'Home\Conf\config.php' for inclusion (include_path='.;C:\php\pear') C:\wamp\www\speed\Application\Home\Controller\AddressController.class.php 第 4 行.
SQL: SHOW COLUMNS FROM `think_deliveryaddressinfo` [ RunTime:0.0074s ]
SQL: SELECT * FROM `think_deliveryaddressinfo`  [ RunTime:0.0006s ]
INFO: [ view_parse ] --START--
INFO: [ template_filter ] --START--
INFO: Run Behavior\ContentReplaceBehavior [ RunTime:0.000399s ]
INFO: [ template_filter ] --END-- [ RunTime:0.000659s ]
INFO: Run Behavior\ParseTemplateBehavior [ RunTime:0.040116s ]
INFO: [ view_parse ] --END-- [ RunTime:0.040382s ]
INFO: [ view_filter ] --START--
INFO: Run Behavior\WriteHtmlCacheBehavior [ RunTime:0.001774s ]
INFO: [ view_filter ] --END-- [ RunTime:0.002022s ]
INFO: [ app_end ] --START--
INFO: Run Behavior\ShowPageTraceBehavior [ RunTime:0.002347s ]
INFO: [ app_end ] --END-- [ RunTime:0.002591s ]

[ 2017-05-25T20:40:42+08:00 ] ::1 /speed/Home/images/img.jpg
INFO: [ app_init ] --START--
INFO: Run Behavior\BuildLiteBehavior [ RunTime:0.000410s ]
INFO: [ app_init ] --END-- [ RunTime:0.002007s ]

[ 2017-05-25T20:49:25+08:00 ] ::1 /speed/Home/address
INFO: [ app_init ] --START--
INFO: Run Behavior\BuildLiteBehavior [ RunTime:0.000064s ]
INFO: [ app_init ] --END-- [ RunTime:0.001896s ]
INFO: [ app_begin ] --START--
INFO: Run Behavior\ReadHtmlCacheBehavior [ RunTime:0.002573s ]
INFO: [ app_begin ] --END-- [ RunTime:0.002851s ]
NOTIC: [2] include(Home\Conf\config.php): failed to open stream: No such file or directory C:\wamp\www\speed\Application\Home\Controller\AddressController.class.php 第 4 行.
NOTIC: [2] include(): Failed opening 'Home\Conf\config.php' for inclusion (include_path='.;C:\php\pear') C:\wamp\www\speed\Application\Home\Controller\AddressController.class.php 第 4 行.
SQL: SHOW COLUMNS FROM `think_deliveryaddressinfo` [ RunTime:0.0083s ]
SQL: SELECT * FROM `think_deliveryaddressinfo`  [ RunTime:0.0017s ]
INFO: [ view_parse ] --START--
INFO: [ template_filter ] --START--
INFO: Run Behavior\ContentReplaceBehavior [ RunTime:0.000418s ]
INFO: [ template_filter ] --END-- [ RunTime:0.000685s ]
INFO: Run Behavior\ParseTemplateBehavior [ RunTime:0.043105s ]
INFO: [ view_parse ] --END-- [ RunTime:0.043388s ]
INFO: [ view_filter ] --START--
INFO: Run Behavior\WriteHtmlCacheBehavior [ RunTime:0.001655s ]
INFO: [ view_filter ] --END-- [ RunTime:0.001882s ]
INFO: [ app_end ] --START--
INFO: Run Behavior\ShowPageTraceBehavior [ RunTime:0.002889s ]
INFO: [ app_end ] --END-- [ RunTime:0.003133s ]

[ 2017-05-25T20:49:26+08:00 ] ::1 /speed/Home/images/img.jpg
INFO: [ app_init ] --START--
INFO: Run Behavior\BuildLiteBehavior [ RunTime:0.000053s ]
INFO: [ app_init ] --END-- [ RunTime:0.001438s ]

[ 2017-05-25T20:49:26+08:00 ] ::1 /speed/Home/images/img.jpg
INFO: [ app_init ] --START--
INFO: Run Behavior\BuildLiteBehavior [ RunTime:0.000072s ]
INFO: [ app_init ] --END-- [ RunTime:0.001983s ]

[ 2017-05-25T20:49:26+08:00 ] ::1 /speed/Home/images/img.jpg
INFO: [ app_init ] --START--
INFO: Run Behavior\BuildLiteBehavior [ RunTime:0.000065s ]
INFO: [ app_init ] --END-- [ RunTime:0.001436s ]

[ 2017-05-25T20:49:26+08:00 ] ::1 /speed/Home/images/img.jpg
INFO: [ app_init ] --START--
INFO: Run Behavior\BuildLiteBehavior [ RunTime:0.000073s ]
INFO: [ app_init ] --END-- [ RunTime:0.001773s ]

[ 2017-05-25T20:49:26+08:00 ] ::1 /speed/Home/images/img.jpg
INFO: [ app_init ] --START--
INFO: Run Behavior\BuildLiteBehavior [ RunTime:0.000076s ]
INFO: [ app_init ] --END-- [ RunTime:0.001874s ]

[ 2017-05-25T20:49:26+08:00 ] ::1 /speed/Home/images/img.jpg
INFO: [ app_init ] --START--
INFO: Run Behavior\BuildLiteBehavior [ RunTime:0.000070s ]
INFO: [ app_init ] --END-- [ RunTime:0.001729s ]

[ 2017-05-25T20:49:26+08:00 ] ::1 /speed/Home/images/img.jpg
INFO: [ app_init ] --START--
INFO: Run Behavior\BuildLiteBehavior [ RunTime:0.000041s ]
INFO: [ app_init ] --END-- [ RunTime:0.000936s ]

[ 2017-05-25T20:51:44+08:00 ] ::1 /speed/Home/address
INFO: [ app_init ] --START--
INFO: Run Behavior\BuildLiteBehavior [ RunTime:0.000061s ]
INFO: [ app_init ] --END-- [ RunTime:0.001502s ]
INFO: [ app_begin ] --START--
INFO: Run Behavior\ReadHtmlCacheBehavior [ RunTime:0.002530s ]
INFO: [ app_begin ] --END-- [ RunTime:0.002795s ]
NOTIC: [2] include(Home\Conf\config.php): failed to open stream: No such file or directory C:\wamp\www\speed\Application\Home\Controller\AddressController.class.php 第 4 行.
NOTIC: [2] include(): Failed opening 'Home\Conf\config.php' for inclusion (include_path='.;C:\php\pear') C:\wamp\www\speed\Application\Home\Controller\AddressController.class.php 第 4 行.
SQL: SHOW COLUMNS FROM `think_deliveryaddressinfo` [ RunTime:0.0088s ]
SQL: SELECT * FROM `think_deliveryaddressinfo`  [ RunTime:0.0008s ]
INFO: [ view_parse ] --START--
INFO: [ template_filter ] --START--
INFO: Run Behavior\ContentReplaceBehavior [ RunTime:0.000411s ]
INFO: [ template_filter ] --END-- [ RunTime:0.000679s ]
INFO: Run Behavior\ParseTemplateBehavior [ RunTime:0.043142s ]
INFO: [ view_parse ] --END-- [ RunTime:0.043429s ]
INFO: [ view_filter ] --START--
INFO: Run Behavior\WriteHtmlCacheBehavior [ RunTime:0.002626s ]
INFO: [ view_filter ] --END-- [ RunTime:0.002874s ]
INFO: [ app_end ] --START--
INFO: Run Behavior\ShowPageTraceBehavior [ RunTime:0.002644s ]
INFO: [ app_end ] --END-- [ RunTime:0.002881s ]

[ 2017-05-25T20:51:45+08:00 ] ::1 /speed/Home/images/img.jpg
INFO: [ app_init ] --START--
INFO: Run Behavior\BuildLiteBehavior [ RunTime:0.000061s ]
INFO: [ app_init ] --END-- [ RunTime:0.001336s ]

[ 2017-05-25T20:51:59+08:00 ] ::1 /speed/Home/address
INFO: [ app_init ] --START--
INFO: Run Behavior\BuildLiteBehavior [ RunTime:0.000061s ]
INFO: [ app_init ] --END-- [ RunTime:0.001335s ]
INFO: [ app_begin ] --START--
INFO: Run Behavior\ReadHtmlCacheBehavior [ RunTime:0.002835s ]
INFO: [ app_begin ] --END-- [ RunTime:0.003163s ]
NOTIC: [2] include(Home\Conf\config.php): failed to open stream: No such file or directory C:\wamp\www\speed\Application\Home\Controller\AddressController.class.php 第 4 行.
NOTIC: [2] include(): Failed opening 'Home\Conf\config.php' for inclusion (include_path='.;C:\php\pear') C:\wamp\www\speed\Application\Home\Controller\AddressController.class.php 第 4 行.
SQL: SHOW COLUMNS FROM `think_deliveryaddressinfo` [ RunTime:0.0083s ]
SQL: SELECT * FROM `think_deliveryaddressinfo`  [ RunTime:0.0006s ]
INFO: [ view_parse ] --START--
INFO: [ template_filter ] --START--
INFO: Run Behavior\ContentReplaceBehavior [ RunTime:0.000419s ]
INFO: [ template_filter ] --END-- [ RunTime:0.000685s ]
INFO: Run Behavior\ParseTemplateBehavior [ RunTime:0.046364s ]
INFO: [ view_parse ] --END-- [ RunTime:0.047202s ]
INFO: [ view_filter ] --START--
INFO: Run Behavior\WriteHtmlCacheBehavior [ RunTime:0.001847s ]
INFO: [ view_filter ] --END-- [ RunTime:0.002081s ]
INFO: [ app_end ] --START--
INFO: Run Behavior\ShowPageTraceBehavior [ RunTime:0.002685s ]
INFO: [ app_end ] --END-- [ RunTime:0.002970s ]

[ 2017-05-25T20:52:00+08:00 ] ::1 /speed/Home/images/img.jpg
INFO: [ app_init ] --START--
INFO: Run Behavior\BuildLiteBehavior [ RunTime:0.000057s ]
INFO: [ app_init ] --END-- [ RunTime:0.001176s ]

[ 2017-05-25T20:52:08+08:00 ] ::1 /speed/Home/address
INFO: [ app_init ] --START--
INFO: Run Behavior\BuildLiteBehavior [ RunTime:0.000053s ]
INFO: [ app_init ] --END-- [ RunTime:0.001184s ]
INFO: [ app_begin ] --START--
INFO: Run Behavior\ReadHtmlCacheBehavior [ RunTime:0.002438s ]
INFO: [ app_begin ] --END-- [ RunTime:0.002712s ]
NOTIC: [2] include(Home\Conf\config.php): failed to open stream: No such file or directory C:\wamp\www\speed\Application\Home\Controller\AddressController.class.php 第 4 行.
NOTIC: [2] include(): Failed opening 'Home\Conf\config.php' for inclusion (include_path='.;C:\php\pear') C:\wamp\www\speed\Application\Home\Controller\AddressController.class.php 第 4 行.
SQL: SHOW COLUMNS FROM `think_deliveryaddressinfo` [ RunTime:0.0100s ]
SQL: SELECT * FROM `think_deliveryaddressinfo`  [ RunTime:0.0007s ]
INFO: [ view_parse ] --START--
INFO: [ template_filter ] --START--
INFO: Run Behavior\ContentReplaceBehavior [ RunTime:0.000413s ]
INFO: [ template_filter ] --END-- [ RunTime:0.000681s ]
INFO: Run Behavior\ParseTemplateBehavior [ RunTime:0.044811s ]
INFO: [ view_parse ] --END-- [ RunTime:0.045085s ]
INFO: [ view_filter ] --START--
INFO: Run Behavior\WriteHtmlCacheBehavior [ RunTime:0.001891s ]
INFO: [ view_filter ] --END-- [ RunTime:0.002153s ]
INFO: [ app_end ] --START--
INFO: Run Behavior\ShowPageTraceBehavior [ RunTime:0.003705s ]
INFO: [ app_end ] --END-- [ RunTime:0.003970s ]

[ 2017-05-25T20:52:09+08:00 ] ::1 /speed/Home/images/img.jpg
INFO: [ app_init ] --START--
INFO: Run Behavior\BuildLiteBehavior [ RunTime:0.000062s ]
INFO: [ app_init ] --END-- [ RunTime:0.001350s ]

[ 2017-05-25T20:58:15+08:00 ] ::1 /speed/Home/address
INFO: [ app_init ] --START--
INFO: Run Behavior\BuildLiteBehavior [ RunTime:0.000061s ]
INFO: [ app_init ] --END-- [ RunTime:0.001387s ]
INFO: [ app_begin ] --START--
INFO: Run Behavior\ReadHtmlCacheBehavior [ RunTime:0.002607s ]
INFO: [ app_begin ] --END-- [ RunTime:0.002900s ]
NOTIC: [2] include(Home\Conf\config.php): failed to open stream: No such file or directory C:\wamp\www\speed\Application\Home\Controller\AddressController.class.php 第 4 行.
NOTIC: [2] include(): Failed opening 'Home\Conf\config.php' for inclusion (include_path='.;C:\php\pear') C:\wamp\www\speed\Application\Home\Controller\AddressController.class.php 第 4 行.
SQL: SHOW COLUMNS FROM `think_deliveryaddressinfo` [ RunTime:0.0092s ]
SQL: SELECT * FROM `think_deliveryaddressinfo`  [ RunTime:0.0007s ]
INFO: [ view_parse ] --START--
INFO: [ template_filter ] --START--
INFO: Run Behavior\ContentReplaceBehavior [ RunTime:0.000844s ]
INFO: [ template_filter ] --END-- [ RunTime:0.001364s ]
INFO: Run Behavior\ParseTemplateBehavior [ RunTime:0.043501s ]
INFO: [ view_parse ] --END-- [ RunTime:0.043775s ]
INFO: [ view_filter ] --START--
INFO: Run Behavior\WriteHtmlCacheBehavior [ RunTime:0.001653s ]
INFO: [ view_filter ] --END-- [ RunTime:0.001882s ]
INFO: [ app_end ] --START--
INFO: Run Behavior\ShowPageTraceBehavior [ RunTime:0.002975s ]
INFO: [ app_end ] --END-- [ RunTime:0.003232s ]

[ 2017-05-25T20:58:15+08:00 ] ::1 /speed/Home/images/img.jpg
INFO: [ app_init ] --START--
INFO: Run Behavior\BuildLiteBehavior [ RunTime:0.000056s ]
INFO: [ app_init ] --END-- [ RunTime:0.001228s ]

[ 2017-05-25T20:58:27+08:00 ] ::1 /speed/index.php/Home/Address/addressUpdatado
INFO: [ app_init ] --START--
INFO: Run Behavior\BuildLiteBehavior [ RunTime:0.000064s ]
INFO: [ app_init ] --END-- [ RunTime:0.001423s ]
INFO: [ app_begin ] --START--
INFO: Run Behavior\ReadHtmlCacheBehavior [ RunTime:0.002353s ]
INFO: [ app_begin ] --END-- [ RunTime:0.002652s ]
NOTIC: [2] include(Home\Conf\config.php): failed to open stream: No such file or directory C:\wamp\www\speed\Application\Home\Controller\AddressController.class.php 第 4 行.
NOTIC: [2] include(): Failed opening 'Home\Conf\config.php' for inclusion (include_path='.;C:\php\pear') C:\wamp\www\speed\Application\Home\Controller\AddressController.class.php 第 4 行.
SQL: SHOW COLUMNS FROM `think_deliveryaddressinfo` [ RunTime:0.0086s ]
SQL: UPDATE `think_deliveryaddressinfo` SET `address_id`='510000',`delivery_province`='广东',`delivery_city`='广州',`delivery_area`='海珠',`delivery_street`='钟落潭',`delivery_streetNO`='1111' WHERE `goods_id` = '001' [ RunTime:0.1431s ]
INFO: [ app_end ] --START--
INFO: Run Behavior\ShowPageTraceBehavior [ RunTime:0.002535s ]
INFO: [ app_end ] --END-- [ RunTime:0.002793s ]

[ 2017-05-25T20:58:30+08:00 ] ::1 /speed/Home/address
INFO: [ app_init ] --START--
INFO: Run Behavior\BuildLiteBehavior [ RunTime:0.000060s ]
INFO: [ app_init ] --END-- [ RunTime:0.001336s ]
INFO: [ app_begin ] --START--
INFO: Run Behavior\ReadHtmlCacheBehavior [ RunTime:0.002387s ]
INFO: [ app_begin ] --END-- [ RunTime:0.002689s ]
NOTIC: [2] include(Home\Conf\config.php): failed to open stream: No such file or directory C:\wamp\www\speed\Application\Home\Controller\AddressController.class.php 第 4 行.
NOTIC: [2] include(): Failed opening 'Home\Conf\config.php' for inclusion (include_path='.;C:\php\pear') C:\wamp\www\speed\Application\Home\Controller\AddressController.class.php 第 4 行.
SQL: SHOW COLUMNS FROM `think_deliveryaddressinfo` [ RunTime:0.0082s ]
SQL: SELECT * FROM `think_deliveryaddressinfo`  [ RunTime:0.0008s ]
INFO: [ view_parse ] --START--
INFO: [ template_filter ] --START--
INFO: Run Behavior\ContentReplaceBehavior [ RunTime:0.000415s ]
INFO: [ template_filter ] --END-- [ RunTime:0.000741s ]
INFO: Run Behavior\ParseTemplateBehavior [ RunTime:0.043077s ]
INFO: [ view_parse ] --END-- [ RunTime:0.043342s ]
INFO: [ view_filter ] --START--
INFO: Run Behavior\WriteHtmlCacheBehavior [ RunTime:0.001379s ]
INFO: [ view_filter ] --END-- [ RunTime:0.001641s ]
INFO: [ app_end ] --START--
INFO: Run Behavior\ShowPageTraceBehavior [ RunTime:0.003588s ]
INFO: [ app_end ] --END-- [ RunTime:0.003832s ]

[ 2017-05-25T20:58:30+08:00 ] ::1 /speed/Home/images/img.jpg
INFO: [ app_init ] --START--
INFO: Run Behavior\BuildLiteBehavior [ RunTime:0.000061s ]
INFO: [ app_init ] --END-- [ RunTime:0.001346s ]

[ 2017-05-25T22:42:06+08:00 ] ::1 /speed/Home/index
INFO: [ app_init ] --START--
INFO: Run Behavior\BuildLiteBehavior [ RunTime:0.000058s ]
INFO: [ app_init ] --END-- [ RunTime:0.001674s ]
INFO: [ app_begin ] --START--
INFO: Run Behavior\ReadHtmlCacheBehavior [ RunTime:0.002734s ]
INFO: [ app_begin ] --END-- [ RunTime:0.003147s ]
SQL: SHOW COLUMNS FROM `think_userinfo` [ RunTime:0.0123s ]
SQL: SELECT * FROM `think_userinfo`  [ RunTime:0.0008s ]
INFO: [ view_parse ] --START--
INFO: [ template_filter ] --START--
INFO: Run Behavior\ContentReplaceBehavior [ RunTime:0.000439s ]
INFO: [ template_filter ] --END-- [ RunTime:0.000703s ]
INFO: Run Behavior\ParseTemplateBehavior [ RunTime:0.058215s ]
INFO: [ view_parse ] --END-- [ RunTime:0.058586s ]
INFO: [ view_filter ] --START--
INFO: Run Behavior\WriteHtmlCacheBehavior [ RunTime:0.002389s ]
INFO: [ view_filter ] --END-- [ RunTime:0.002718s ]
INFO: [ app_end ] --START--
INFO: Run Behavior\ShowPageTraceBehavior [ RunTime:0.003756s ]
INFO: [ app_end ] --END-- [ RunTime:0.004293s ]

[ 2017-05-25T22:42:07+08:00 ] ::1 /speed/Home/images/img.jpg
INFO: [ app_init ] --START--
INFO: Run Behavior\BuildLiteBehavior [ RunTime:0.000079s ]
INFO: [ app_init ] --END-- [ RunTime:0.001860s ]

[ 2017-05-25T22:42:11+08:00 ] ::1 /speed/Home/lodin
INFO: [ app_init ] --START--
INFO: Run Behavior\BuildLiteBehavior [ RunTime:0.000063s ]
INFO: [ app_init ] --END-- [ RunTime:0.001554s ]
INFO: [ app_begin ] --START--
INFO: Run Behavior\ReadHtmlCacheBehavior [ RunTime:0.002371s ]
INFO: [ app_begin ] --END-- [ RunTime:0.002654s ]
ERR: 无法加载控制器:Lodin

[ 2017-05-25T22:42:16+08:00 ] ::1 /speed/Home/login
INFO: [ app_init ] --START--
INFO: Run Behavior\BuildLiteBehavior [ RunTime:0.000035s ]
INFO: [ app_init ] --END-- [ RunTime:0.000846s ]
INFO: [ app_begin ] --START--
INFO: Run Behavior\ReadHtmlCacheBehavior [ RunTime:0.001925s ]
INFO: [ app_begin ] --END-- [ RunTime:0.002264s ]
INFO: [ view_parse ] --START--
INFO: [ template_filter ] --START--
INFO: Run Behavior\ContentReplaceBehavior [ RunTime:0.000141s ]
INFO: [ template_filter ] --END-- [ RunTime:0.000295s ]
INFO: Run Behavior\ParseTemplateBehavior [ RunTime:0.057968s ]
INFO: [ view_parse ] --END-- [ RunTime:0.058125s ]
INFO: [ view_filter ] --START--
INFO: Run Behavior\WriteHtmlCacheBehavior [ RunTime:0.000691s ]
INFO: [ view_filter ] --END-- [ RunTime:0.000808s ]
INFO: [ app_end ] --START--
INFO: Run Behavior\ShowPageTraceBehavior [ RunTime:0.001382s ]
INFO: [ app_end ] --END-- [ RunTime:0.001517s ]

[ 2017-05-25T22:42:26+08:00 ] ::1 /speed/index.php/Home/Login/Logindo
INFO: [ app_init ] --START--
INFO: Run Behavior\BuildLiteBehavior [ RunTime:0.000111s ]
INFO: [ app_init ] --END-- [ RunTime:0.001438s ]
INFO: [ app_begin ] --START--
INFO: Run Behavior\ReadHtmlCacheBehavior [ RunTime:0.008728s ]
INFO: [ app_begin ] --END-- [ RunTime:0.009024s ]
SQL: SHOW COLUMNS FROM `think_administratorsregister` [ RunTime:0.0085s ]
SQL: SELECT * FROM `think_administratorsregister` WHERE `administrators_name` = 'fucking' AND `administrators_password` = '123456789' LIMIT 1   [ RunTime:0.0009s ]
NOTIC: [8] A session had already been started - ignoring session_start() C:\wamp\www\speed\Application\Home\Controller\LoginController.class.php 第 15 行.
NOTIC: [8] Undefined variable: admininfo C:\wamp\www\speed\Application\Home\Controller\LoginController.class.php 第 16 行.
INFO: [ app_end ] --START--
INFO: Run Behavior\ShowPageTraceBehavior [ RunTime:0.003449s ]
INFO: [ app_end ] --END-- [ RunTime:0.003792s ]

[ 2017-05-25T22:42:30+08:00 ] ::1 /speed/Home/index
INFO: [ app_init ] --START--
INFO: Run Behavior\BuildLiteBehavior [ RunTime:0.000063s ]
INFO: [ app_init ] --END-- [ RunTime:0.001549s ]
INFO: [ app_begin ] --START--
INFO: Run Behavior\ReadHtmlCacheBehavior [ RunTime:0.003794s ]
INFO: [ app_begin ] --END-- [ RunTime:0.004099s ]
SQL: SHOW COLUMNS FROM `think_userinfo` [ RunTime:0.0243s ]
SQL: SELECT * FROM `think_userinfo`  [ RunTime:0.0008s ]
INFO: [ view_parse ] --START--
INFO: [ template_filter ] --START--
INFO: Run Behavior\ContentReplaceBehavior [ RunTime:0.000462s ]
INFO: [ template_filter ] --END-- [ RunTime:0.000721s ]
INFO: Run Behavior\ParseTemplateBehavior [ RunTime:0.049734s ]
INFO: [ view_parse ] --END-- [ RunTime:0.050104s ]
INFO: [ view_filter ] --START--
INFO: Run Behavior\WriteHtmlCacheBehavior [ RunTime:0.001824s ]
INFO: [ view_filter ] --END-- [ RunTime:0.002136s ]
INFO: [ app_end ] --START--
INFO: Run Behavior\ShowPageTraceBehavior [ RunTime:0.002667s ]
INFO: [ app_end ] --END-- [ RunTime:0.002930s ]

[ 2017-05-25T22:42:30+08:00 ] ::1 /speed/Home/images/img.jpg
INFO: [ app_init ] --START--
INFO: Run Behavior\BuildLiteBehavior [ RunTime:0.000096s ]
INFO: [ app_init ] --END-- [ RunTime:0.002726s ]

[ 2017-05-25T22:43:25+08:00 ] ::1 /speed/Home/login
INFO: [ app_init ] --START--
INFO: Run Behavior\BuildLiteBehavior [ RunTime:0.000092s ]
INFO: [ app_init ] --END-- [ RunTime:0.002321s ]
INFO: [ app_begin ] --START--
INFO: Run Behavior\ReadHtmlCacheBehavior [ RunTime:0.003698s ]
INFO: [ app_begin ] --END-- [ RunTime:0.004145s ]
INFO: [ view_parse ] --START--
INFO: [ template_filter ] --START--
INFO: Run Behavior\ContentReplaceBehavior [ RunTime:0.000329s ]
INFO: [ template_filter ] --END-- [ RunTime:0.000712s ]
INFO: Run Behavior\ParseTemplateBehavior [ RunTime:0.037989s ]
INFO: [ view_parse ] --END-- [ RunTime:0.038398s ]
INFO: [ view_filter ] --START--
INFO: Run Behavior\WriteHtmlCacheBehavior [ RunTime:0.002583s ]
INFO: [ view_filter ] --END-- [ RunTime:0.002938s ]
INFO: [ app_end ] --START--
INFO: Run Behavior\ShowPageTraceBehavior [ RunTime:0.003607s ]
INFO: [ app_end ] --END-- [ RunTime:0.003962s ]

[ 2017-05-25T22:43:27+08:00 ] ::1 /speed/Home/login
INFO: [ app_init ] --START--
INFO: Run Behavior\BuildLiteBehavior [ RunTime:0.000078s ]
INFO: [ app_init ] --END-- [ RunTime:0.001742s ]
INFO: [ app_begin ] --START--
INFO: Run Behavior\ReadHtmlCacheBehavior [ RunTime:0.003355s ]
INFO: [ app_begin ] --END-- [ RunTime:0.003739s ]
INFO: [ view_parse ] --START--
INFO: [ template_filter ] --START--
INFO: Run Behavior\ContentReplaceBehavior [ RunTime:0.000275s ]
INFO: [ template_filter ] --END-- [ RunTime:0.000649s ]
INFO: Run Behavior\ParseTemplateBehavior [ RunTime:0.033742s ]
INFO: [ view_parse ] --END-- [ RunTime:0.034975s ]
INFO: [ view_filter ] --START--
INFO: Run Behavior\WriteHtmlCacheBehavior [ RunTime:0.002155s ]
INFO: [ view_filter ] --END-- [ RunTime:0.005344s ]
INFO: [ app_end ] --START--
INFO: Run Behavior\ShowPageTraceBehavior [ RunTime:0.003184s ]
INFO: [ app_end ] --END-- [ RunTime:0.003526s ]

[ 2017-05-25T22:43:38+08:00 ] ::1 /speed/index.php/Home/Login/Logindo
INFO: [ app_init ] --START--
INFO: Run Behavior\BuildLiteBehavior [ RunTime:0.000056s ]
INFO: [ app_init ] --END-- [ RunTime:0.001440s ]
INFO: [ app_begin ] --START--
INFO: Run Behavior\ReadHtmlCacheBehavior [ RunTime:0.002062s ]
INFO: [ app_begin ] --END-- [ RunTime:0.002313s ]
SQL: SHOW COLUMNS FROM `think_administratorsregister` [ RunTime:0.0122s ]
SQL: SELECT * FROM `think_administratorsregister` WHERE `administrators_name` = 'fucking' AND `administrators_password` = '123456789' LIMIT 1   [ RunTime:0.0017s ]
NOTIC: [8] A session had already been started - ignoring session_start() C:\wamp\www\speed\Application\Home\Controller\LoginController.class.php 第 15 行.
NOTIC: [8] Undefined variable: admininfo C:\wamp\www\speed\Application\Home\Controller\LoginController.class.php 第 16 行.
INFO: [ app_end ] --START--
INFO: Run Behavior\ShowPageTraceBehavior [ RunTime:0.002806s ]
INFO: [ app_end ] --END-- [ RunTime:0.003124s ]

[ 2017-05-25T22:43:41+08:00 ] ::1 /speed/Home/index
INFO: [ app_init ] --START--
INFO: Run Behavior\BuildLiteBehavior [ RunTime:0.000060s ]
INFO: [ app_init ] --END-- [ RunTime:0.001458s ]
INFO: [ app_begin ] --START--
INFO: Run Behavior\ReadHtmlCacheBehavior [ RunTime:0.002428s ]
INFO: [ app_begin ] --END-- [ RunTime:0.002737s ]
SQL: SHOW COLUMNS FROM `think_userinfo` [ RunTime:0.0093s ]
SQL: SELECT * FROM `think_userinfo`  [ RunTime:0.0009s ]
INFO: [ view_parse ] --START--
INFO: [ template_filter ] --START--
INFO: Run Behavior\ContentReplaceBehavior [ RunTime:0.000463s ]
INFO: [ template_filter ] --END-- [ RunTime:0.000733s ]
NOTIC: [8] Undefined variable: session C:\wamp\www\speed\Application\Runtime\Cache\Home\2a94b8bda04ff446dcedd42276fc99ee.php 第 125 行.
INFO: Run Behavior\ParseTemplateBehavior [ RunTime:0.051708s ]
INFO: [ view_parse ] --END-- [ RunTime:0.051956s ]
INFO: [ view_filter ] --START--
INFO: Run Behavior\WriteHtmlCacheBehavior [ RunTime:0.001253s ]
INFO: [ view_filter ] --END-- [ RunTime:0.001472s ]
INFO: [ app_end ] --START--
INFO: Run Behavior\ShowPageTraceBehavior [ RunTime:0.002290s ]
INFO: [ app_end ] --END-- [ RunTime:0.002545s ]

[ 2017-05-25T22:43:41+08:00 ] ::1 /speed/Home/images/img.jpg
INFO: [ app_init ] --START--
INFO: Run Behavior\BuildLiteBehavior [ RunTime:0.000079s ]
INFO: [ app_init ] --END-- [ RunTime:0.001885s ]

[ 2017-05-25T22:47:53+08:00 ] ::1 /speed/Home/login
INFO: [ app_init ] --START--
INFO: Run Behavior\BuildLiteBehavior [ RunTime:0.000078s ]
INFO: [ app_init ] --END-- [ RunTime:0.001494s ]
INFO: [ app_begin ] --START--
INFO: Run Behavior\ReadHtmlCacheBehavior [ RunTime:0.002382s ]
INFO: [ app_begin ] --END-- [ RunTime:0.002649s ]
INFO: [ view_parse ] --START--
INFO: [ template_filter ] --START--
INFO: Run Behavior\ContentReplaceBehavior [ RunTime:0.000316s ]
INFO: [ template_filter ] --END-- [ RunTime:0.000701s ]
INFO: Run Behavior\ParseTemplateBehavior [ RunTime:0.031333s ]
INFO: [ view_parse ] --END-- [ RunTime:0.031687s ]
INFO: [ view_filter ] --START--
INFO: Run Behavior\WriteHtmlCacheBehavior [ RunTime:0.001325s ]
INFO: [ view_filter ] --END-- [ RunTime:0.001528s ]
INFO: [ app_end ] --START--
INFO: Run Behavior\ShowPageTraceBehavior [ RunTime:0.002832s ]
INFO: [ app_end ] --END-- [ RunTime:0.003139s ]

[ 2017-05-25T22:47:54+08:00 ] ::1 /speed/Home/login
INFO: [ app_init ] --START--
INFO: Run Behavior\BuildLiteBehavior [ RunTime:0.000073s ]
INFO: [ app_init ] --END-- [ RunTime:0.001229s ]
INFO: [ app_begin ] --START--
INFO: Run Behavior\ReadHtmlCacheBehavior [ RunTime:0.002958s ]
INFO: [ app_begin ] --END-- [ RunTime:0.003205s ]
INFO: [ view_parse ] --START--
INFO: [ template_filter ] --START--
INFO: Run Behavior\ContentReplaceBehavior [ RunTime:0.000319s ]
INFO: [ template_filter ] --END-- [ RunTime:0.000709s ]
INFO: Run Behavior\ParseTemplateBehavior [ RunTime:0.040632s ]
INFO: [ view_parse ] --END-- [ RunTime:0.040956s ]
INFO: [ view_filter ] --START--
INFO: Run Behavior\WriteHtmlCacheBehavior [ RunTime:0.001682s ]
INFO: [ view_filter ] --END-- [ RunTime:0.002004s ]
INFO: [ app_end ] --START--
INFO: Run Behavior\ShowPageTraceBehavior [ RunTime:0.003551s ]
INFO: [ app_end ] --END-- [ RunTime:0.003900s ]

[ 2017-05-25T22:48:05+08:00 ] ::1 /speed/index.php/Home/Login/Logindo
INFO: [ app_init ] --START--
INFO: Run Behavior\BuildLiteBehavior [ RunTime:0.000063s ]
INFO: [ app_init ] --END-- [ RunTime:0.002322s ]
INFO: [ app_begin ] --START--
INFO: Run Behavior\ReadHtmlCacheBehavior [ RunTime:0.002702s ]
INFO: [ app_begin ] --END-- [ RunTime:0.002992s ]
SQL: SHOW COLUMNS FROM `think_administratorsregister` [ RunTime:0.0090s ]
SQL: SELECT * FROM `think_administratorsregister` WHERE `administrators_name` = 'fucking' AND `administrators_password` = '123456789' LIMIT 1   [ RunTime:0.0011s ]
NOTIC: [8] A session had already been started - ignoring session_start() C:\wamp\www\speed\Application\Home\Controller\LoginController.class.php 第 15 行.
NOTIC: [8] Use of undefined constant ‘zhangsan’ - assumed '‘zhangsan’' C:\wamp\www\speed\Application\Home\Controller\LoginController.class.php 第 16 行.
INFO: [ app_end ] --START--
INFO: Run Behavior\ShowPageTraceBehavior [ RunTime:0.003062s ]
INFO: [ app_end ] --END-- [ RunTime:0.003352s ]

[ 2017-05-25T22:48:07+08:00 ] ::1 /speed/Home/index
INFO: [ app_init ] --START--
INFO: Run Behavior\BuildLiteBehavior [ RunTime:0.000060s ]
INFO: [ app_init ] --END-- [ RunTime:0.001386s ]
INFO: [ app_begin ] --START--
INFO: Run Behavior\ReadHtmlCacheBehavior [ RunTime:0.002765s ]
INFO: [ app_begin ] --END-- [ RunTime:0.003030s ]
SQL: SHOW COLUMNS FROM `think_userinfo` [ RunTime:0.0089s ]
SQL: SELECT * FROM `think_userinfo`  [ RunTime:0.0008s ]
INFO: [ view_parse ] --START--
INFO: [ template_filter ] --START--
INFO: Run Behavior\ContentReplaceBehavior [ RunTime:0.000481s ]
INFO: [ template_filter ] --END-- [ RunTime:0.000781s ]
NOTIC: [8] Undefined variable: session C:\wamp\www\speed\Application\Runtime\Cache\Home\2a94b8bda04ff446dcedd42276fc99ee.php 第 125 行.
INFO: Run Behavior\ParseTemplateBehavior [ RunTime:0.048222s ]
INFO: [ view_parse ] --END-- [ RunTime:0.048525s ]
INFO: [ view_filter ] --START--
INFO: Run Behavior\WriteHtmlCacheBehavior [ RunTime:0.001845s ]
INFO: [ view_filter ] --END-- [ RunTime:0.002103s ]
INFO: [ app_end ] --START--
INFO: Run Behavior\ShowPageTraceBehavior [ RunTime:0.004572s ]
INFO: [ app_end ] --END-- [ RunTime:0.004872s ]

[ 2017-05-25T22:48:08+08:00 ] ::1 /speed/Home/images/img.jpg
INFO: [ app_init ] --START--
INFO: Run Behavior\BuildLiteBehavior [ RunTime:0.000082s ]
INFO: [ app_init ] --END-- [ RunTime:0.001738s ]

